<?xml version="1.0" encoding="UTF-8"?>
<testsuite xmlns:xsi="http://www.w3.org/2001/XMLSchema-instance" xsi:noNamespaceSchemaLocation="https://maven.apache.org/surefire/maven-surefire-plugin/xsd/surefire-test-report-3.0.xsd" version="3.0" name="TestSuite" time="203.259" tests="3" errors="0" skipped="0" failures="2">
  <properties>
    <property name="sun.desktop" value="windows"/>
    <property name="awt.toolkit" value="sun.awt.windows.WToolkit"/>
    <property name="file.encoding.pkg" value="sun.io"/>
    <property name="java.specification.version" value="1.8"/>
    <property name="sun.cpu.isalist" value="amd64"/>
    <property name="sun.jnu.encoding" value="GBK"/>
    <property name="java.class.path" value="C:\Users\shuhang\.jenkins\DemoAppiumAndroid\target\test-classes;C:\Users\shuhang\.jenkins\DemoAppiumAndroid\target\classes;C:\Users\shuhang\.m2\repository\junit\junit\3.8.1\junit-3.8.1.jar;C:\Users\shuhang\.m2\repository\org\seleniumhq\selenium\selenium-java\3.141.59\selenium-java-3.141.59.jar;C:\Users\shuhang\.m2\repository\org\seleniumhq\selenium\selenium-api\3.141.59\selenium-api-3.141.59.jar;C:\Users\shuhang\.m2\repository\org\seleniumhq\selenium\selenium-chrome-driver\3.141.59\selenium-chrome-driver-3.141.59.jar;C:\Users\shuhang\.m2\repository\org\seleniumhq\selenium\selenium-edge-driver\3.141.59\selenium-edge-driver-3.141.59.jar;C:\Users\shuhang\.m2\repository\org\seleniumhq\selenium\selenium-firefox-driver\3.141.59\selenium-firefox-driver-3.141.59.jar;C:\Users\shuhang\.m2\repository\org\seleniumhq\selenium\selenium-ie-driver\3.141.59\selenium-ie-driver-3.141.59.jar;C:\Users\shuhang\.m2\repository\org\seleniumhq\selenium\selenium-opera-driver\3.141.59\selenium-opera-driver-3.141.59.jar;C:\Users\shuhang\.m2\repository\org\seleniumhq\selenium\selenium-remote-driver\3.141.59\selenium-remote-driver-3.141.59.jar;C:\Users\shuhang\.m2\repository\org\seleniumhq\selenium\selenium-safari-driver\3.141.59\selenium-safari-driver-3.141.59.jar;C:\Users\shuhang\.m2\repository\org\seleniumhq\selenium\selenium-support\3.141.59\selenium-support-3.141.59.jar;C:\Users\shuhang\.m2\repository\net\bytebuddy\byte-buddy\1.8.15\byte-buddy-1.8.15.jar;C:\Users\shuhang\.m2\repository\org\apache\commons\commons-exec\1.3\commons-exec-1.3.jar;C:\Users\shuhang\.m2\repository\com\google\guava\guava\25.0-jre\guava-25.0-jre.jar;C:\Users\shuhang\.m2\repository\com\google\code\findbugs\jsr305\1.3.9\jsr305-1.3.9.jar;C:\Users\shuhang\.m2\repository\org\checkerframework\checker-compat-qual\2.0.0\checker-compat-qual-2.0.0.jar;C:\Users\shuhang\.m2\repository\com\google\errorprone\error_prone_annotations\2.1.3\error_prone_annotations-2.1.3.jar;C:\Users\shuhang\.m2\repository\com\google\j2objc\j2objc-annotations\1.1\j2objc-annotations-1.1.jar;C:\Users\shuhang\.m2\repository\org\codehaus\mojo\animal-sniffer-annotations\1.14\animal-sniffer-annotations-1.14.jar;C:\Users\shuhang\.m2\repository\com\squareup\okhttp3\okhttp\3.11.0\okhttp-3.11.0.jar;C:\Users\shuhang\.m2\repository\com\squareup\okio\okio\1.14.0\okio-1.14.0.jar;C:\Users\shuhang\.m2\repository\log4j\log4j\1.2.17\log4j-1.2.17.jar;C:\Users\shuhang\.m2\repository\org\testng\testng\7.1.0\testng-7.1.0.jar;C:\Users\shuhang\.m2\repository\com\beust\jcommander\1.72\jcommander-1.72.jar;C:\Users\shuhang\.m2\repository\com\google\inject\guice\4.1.0\guice-4.1.0-no_aop.jar;C:\Users\shuhang\.m2\repository\javax\inject\javax.inject\1\javax.inject-1.jar;C:\Users\shuhang\.m2\repository\aopalliance\aopalliance\1.0\aopalliance-1.0.jar;C:\Users\shuhang\.m2\repository\org\yaml\snakeyaml\1.21\snakeyaml-1.21.jar;C:\Users\shuhang\.m2\repository\org\apache\poi\poi\3.17\poi-3.17.jar;C:\Users\shuhang\.m2\repository\commons-codec\commons-codec\1.10\commons-codec-1.10.jar;C:\Users\shuhang\.m2\repository\org\apache\commons\commons-collections4\4.1\commons-collections4-4.1.jar;C:\Users\shuhang\.m2\repository\org\apache\poi\poi-ooxml\3.17\poi-ooxml-3.17.jar;C:\Users\shuhang\.m2\repository\org\apache\poi\poi-ooxml-schemas\3.17\poi-ooxml-schemas-3.17.jar;C:\Users\shuhang\.m2\repository\org\apache\xmlbeans\xmlbeans\2.6.0\xmlbeans-2.6.0.jar;C:\Users\shuhang\.m2\repository\stax\stax-api\1.0.1\stax-api-1.0.1.jar;C:\Users\shuhang\.m2\repository\com\github\virtuald\curvesapi\1.04\curvesapi-1.04.jar;C:\Users\shuhang\.m2\repository\com\relevantcodes\extentreports\2.41.2\extentreports-2.41.2.jar;C:\Users\shuhang\.m2\repository\org\jsoup\jsoup\1.8.3\jsoup-1.8.3.jar;C:\Users\shuhang\.m2\repository\org\xerial\sqlite-jdbc\3.8.11.1\sqlite-jdbc-3.8.11.1.jar;C:\Users\shuhang\.m2\repository\org\freemarker\freemarker\2.3.23\freemarker-2.3.23.jar;C:\Users\shuhang\.m2\repository\org\mongodb\mongodb-driver\3.0.4\mongodb-driver-3.0.4.jar;C:\Users\shuhang\.m2\repository\org\mongodb\mongodb-driver-core\3.0.4\mongodb-driver-core-3.0.4.jar;C:\Users\shuhang\.m2\repository\com\aventstack\extentreports\4.0.9\extentreports-4.0.9.jar;C:\Users\shuhang\.m2\repository\org\mongodb\bson\3.3.0\bson-3.3.0.jar;C:\Users\shuhang\.m2\repository\org\apache\httpcomponents\httpclient\4.5.2\httpclient-4.5.2.jar;C:\Users\shuhang\.m2\repository\org\apache\httpcomponents\httpcore\4.4.4\httpcore-4.4.4.jar;C:\Users\shuhang\.m2\repository\org\apache\httpcomponents\httpmime\4.5.2\httpmime-4.5.2.jar;C:\Users\shuhang\.m2\repository\com\google\code\gson\gson\2.8.5\gson-2.8.5.jar;C:\Users\shuhang\.m2\repository\org\apache\commons\commons-lang3\3.9\commons-lang3-3.9.jar;C:\Users\shuhang\.m2\repository\commons-validator\commons-validator\1.6\commons-validator-1.6.jar;C:\Users\shuhang\.m2\repository\commons-beanutils\commons-beanutils\1.9.2\commons-beanutils-1.9.2.jar;C:\Users\shuhang\.m2\repository\commons-digester\commons-digester\1.8.1\commons-digester-1.8.1.jar;C:\Users\shuhang\.m2\repository\commons-logging\commons-logging\1.2\commons-logging-1.2.jar;C:\Users\shuhang\.m2\repository\commons-collections\commons-collections\3.2.2\commons-collections-3.2.2.jar;C:\Users\shuhang\.m2\repository\org\slf4j\slf4j-simple\1.7.26\slf4j-simple-1.7.26.jar;C:\Users\shuhang\.m2\repository\org\slf4j\slf4j-api\1.7.26\slf4j-api-1.7.26.jar;C:\Users\shuhang\.m2\repository\commons-io\commons-io\2.6\commons-io-2.6.jar;C:\Users\shuhang\.m2\repository\io\appium\java-client\7.3.0\java-client-7.3.0.jar;C:\Users\shuhang\.m2\repository\cglib\cglib\3.2.12\cglib-3.2.12.jar;C:\Users\shuhang\.m2\repository\org\ow2\asm\asm\7.1\asm-7.1.jar;C:\Users\shuhang\.m2\repository\org\springframework\spring-context\5.1.8.RELEASE\spring-context-5.1.8.RELEASE.jar;C:\Users\shuhang\.m2\repository\org\springframework\spring-aop\5.1.8.RELEASE\spring-aop-5.1.8.RELEASE.jar;C:\Users\shuhang\.m2\repository\org\springframework\spring-beans\5.1.8.RELEASE\spring-beans-5.1.8.RELEASE.jar;C:\Users\shuhang\.m2\repository\org\springframework\spring-core\5.1.8.RELEASE\spring-core-5.1.8.RELEASE.jar;C:\Users\shuhang\.m2\repository\org\springframework\spring-jcl\5.1.8.RELEASE\spring-jcl-5.1.8.RELEASE.jar;C:\Users\shuhang\.m2\repository\org\springframework\spring-expression\5.1.8.RELEASE\spring-expression-5.1.8.RELEASE.jar;C:\Users\shuhang\.m2\repository\org\aspectj\aspectjweaver\1.9.4\aspectjweaver-1.9.4.jar;"/>
    <property name="java.vm.vendor" value="Oracle Corporation"/>
    <property name="sun.arch.data.model" value="64"/>
    <property name="user.variant" value=""/>
    <property name="java.vendor.url" value="http://java.oracle.com/"/>
    <property name="user.timezone" value="America/New_York"/>
    <property name="java.vm.specification.version" value="1.8"/>
    <property name="os.name" value="Windows 10"/>
    <property name="user.country" value="US"/>
    <property name="sun.java.launcher" value="SUN_STANDARD"/>
    <property name="sun.boot.library.path" value="C:\Program Files\Java\jdk1.8.0_241\jre\bin"/>
    <property name="sun.java.command" value="C:\Users\shuhang\AppData\Local\Temp\surefire5305905825966499147\surefirebooter335208417318256766.jar C:\Users\shuhang\AppData\Local\Temp\surefire5305905825966499147 2020-08-14T17-33-01_555-jvmRun1 surefire7406531902267255936tmp surefire_06229986445981216607tmp"/>
    <property name="surefire.test.class.path" value="C:\Users\shuhang\.jenkins\DemoAppiumAndroid\target\test-classes;C:\Users\shuhang\.jenkins\DemoAppiumAndroid\target\classes;C:\Users\shuhang\.m2\repository\junit\junit\3.8.1\junit-3.8.1.jar;C:\Users\shuhang\.m2\repository\org\seleniumhq\selenium\selenium-java\3.141.59\selenium-java-3.141.59.jar;C:\Users\shuhang\.m2\repository\org\seleniumhq\selenium\selenium-api\3.141.59\selenium-api-3.141.59.jar;C:\Users\shuhang\.m2\repository\org\seleniumhq\selenium\selenium-chrome-driver\3.141.59\selenium-chrome-driver-3.141.59.jar;C:\Users\shuhang\.m2\repository\org\seleniumhq\selenium\selenium-edge-driver\3.141.59\selenium-edge-driver-3.141.59.jar;C:\Users\shuhang\.m2\repository\org\seleniumhq\selenium\selenium-firefox-driver\3.141.59\selenium-firefox-driver-3.141.59.jar;C:\Users\shuhang\.m2\repository\org\seleniumhq\selenium\selenium-ie-driver\3.141.59\selenium-ie-driver-3.141.59.jar;C:\Users\shuhang\.m2\repository\org\seleniumhq\selenium\selenium-opera-driver\3.141.59\selenium-opera-driver-3.141.59.jar;C:\Users\shuhang\.m2\repository\org\seleniumhq\selenium\selenium-remote-driver\3.141.59\selenium-remote-driver-3.141.59.jar;C:\Users\shuhang\.m2\repository\org\seleniumhq\selenium\selenium-safari-driver\3.141.59\selenium-safari-driver-3.141.59.jar;C:\Users\shuhang\.m2\repository\org\seleniumhq\selenium\selenium-support\3.141.59\selenium-support-3.141.59.jar;C:\Users\shuhang\.m2\repository\net\bytebuddy\byte-buddy\1.8.15\byte-buddy-1.8.15.jar;C:\Users\shuhang\.m2\repository\org\apache\commons\commons-exec\1.3\commons-exec-1.3.jar;C:\Users\shuhang\.m2\repository\com\google\guava\guava\25.0-jre\guava-25.0-jre.jar;C:\Users\shuhang\.m2\repository\com\google\code\findbugs\jsr305\1.3.9\jsr305-1.3.9.jar;C:\Users\shuhang\.m2\repository\org\checkerframework\checker-compat-qual\2.0.0\checker-compat-qual-2.0.0.jar;C:\Users\shuhang\.m2\repository\com\google\errorprone\error_prone_annotations\2.1.3\error_prone_annotations-2.1.3.jar;C:\Users\shuhang\.m2\repository\com\google\j2objc\j2objc-annotations\1.1\j2objc-annotations-1.1.jar;C:\Users\shuhang\.m2\repository\org\codehaus\mojo\animal-sniffer-annotations\1.14\animal-sniffer-annotations-1.14.jar;C:\Users\shuhang\.m2\repository\com\squareup\okhttp3\okhttp\3.11.0\okhttp-3.11.0.jar;C:\Users\shuhang\.m2\repository\com\squareup\okio\okio\1.14.0\okio-1.14.0.jar;C:\Users\shuhang\.m2\repository\log4j\log4j\1.2.17\log4j-1.2.17.jar;C:\Users\shuhang\.m2\repository\org\testng\testng\7.1.0\testng-7.1.0.jar;C:\Users\shuhang\.m2\repository\com\beust\jcommander\1.72\jcommander-1.72.jar;C:\Users\shuhang\.m2\repository\com\google\inject\guice\4.1.0\guice-4.1.0-no_aop.jar;C:\Users\shuhang\.m2\repository\javax\inject\javax.inject\1\javax.inject-1.jar;C:\Users\shuhang\.m2\repository\aopalliance\aopalliance\1.0\aopalliance-1.0.jar;C:\Users\shuhang\.m2\repository\org\yaml\snakeyaml\1.21\snakeyaml-1.21.jar;C:\Users\shuhang\.m2\repository\org\apache\poi\poi\3.17\poi-3.17.jar;C:\Users\shuhang\.m2\repository\commons-codec\commons-codec\1.10\commons-codec-1.10.jar;C:\Users\shuhang\.m2\repository\org\apache\commons\commons-collections4\4.1\commons-collections4-4.1.jar;C:\Users\shuhang\.m2\repository\org\apache\poi\poi-ooxml\3.17\poi-ooxml-3.17.jar;C:\Users\shuhang\.m2\repository\org\apache\poi\poi-ooxml-schemas\3.17\poi-ooxml-schemas-3.17.jar;C:\Users\shuhang\.m2\repository\org\apache\xmlbeans\xmlbeans\2.6.0\xmlbeans-2.6.0.jar;C:\Users\shuhang\.m2\repository\stax\stax-api\1.0.1\stax-api-1.0.1.jar;C:\Users\shuhang\.m2\repository\com\github\virtuald\curvesapi\1.04\curvesapi-1.04.jar;C:\Users\shuhang\.m2\repository\com\relevantcodes\extentreports\2.41.2\extentreports-2.41.2.jar;C:\Users\shuhang\.m2\repository\org\jsoup\jsoup\1.8.3\jsoup-1.8.3.jar;C:\Users\shuhang\.m2\repository\org\xerial\sqlite-jdbc\3.8.11.1\sqlite-jdbc-3.8.11.1.jar;C:\Users\shuhang\.m2\repository\org\freemarker\freemarker\2.3.23\freemarker-2.3.23.jar;C:\Users\shuhang\.m2\repository\org\mongodb\mongodb-driver\3.0.4\mongodb-driver-3.0.4.jar;C:\Users\shuhang\.m2\repository\org\mongodb\mongodb-driver-core\3.0.4\mongodb-driver-core-3.0.4.jar;C:\Users\shuhang\.m2\repository\com\aventstack\extentreports\4.0.9\extentreports-4.0.9.jar;C:\Users\shuhang\.m2\repository\org\mongodb\bson\3.3.0\bson-3.3.0.jar;C:\Users\shuhang\.m2\repository\org\apache\httpcomponents\httpclient\4.5.2\httpclient-4.5.2.jar;C:\Users\shuhang\.m2\repository\org\apache\httpcomponents\httpcore\4.4.4\httpcore-4.4.4.jar;C:\Users\shuhang\.m2\repository\org\apache\httpcomponents\httpmime\4.5.2\httpmime-4.5.2.jar;C:\Users\shuhang\.m2\repository\com\google\code\gson\gson\2.8.5\gson-2.8.5.jar;C:\Users\shuhang\.m2\repository\org\apache\commons\commons-lang3\3.9\commons-lang3-3.9.jar;C:\Users\shuhang\.m2\repository\commons-validator\commons-validator\1.6\commons-validator-1.6.jar;C:\Users\shuhang\.m2\repository\commons-beanutils\commons-beanutils\1.9.2\commons-beanutils-1.9.2.jar;C:\Users\shuhang\.m2\repository\commons-digester\commons-digester\1.8.1\commons-digester-1.8.1.jar;C:\Users\shuhang\.m2\repository\commons-logging\commons-logging\1.2\commons-logging-1.2.jar;C:\Users\shuhang\.m2\repository\commons-collections\commons-collections\3.2.2\commons-collections-3.2.2.jar;C:\Users\shuhang\.m2\repository\org\slf4j\slf4j-simple\1.7.26\slf4j-simple-1.7.26.jar;C:\Users\shuhang\.m2\repository\org\slf4j\slf4j-api\1.7.26\slf4j-api-1.7.26.jar;C:\Users\shuhang\.m2\repository\commons-io\commons-io\2.6\commons-io-2.6.jar;C:\Users\shuhang\.m2\repository\io\appium\java-client\7.3.0\java-client-7.3.0.jar;C:\Users\shuhang\.m2\repository\cglib\cglib\3.2.12\cglib-3.2.12.jar;C:\Users\shuhang\.m2\repository\org\ow2\asm\asm\7.1\asm-7.1.jar;C:\Users\shuhang\.m2\repository\org\springframework\spring-context\5.1.8.RELEASE\spring-context-5.1.8.RELEASE.jar;C:\Users\shuhang\.m2\repository\org\springframework\spring-aop\5.1.8.RELEASE\spring-aop-5.1.8.RELEASE.jar;C:\Users\shuhang\.m2\repository\org\springframework\spring-beans\5.1.8.RELEASE\spring-beans-5.1.8.RELEASE.jar;C:\Users\shuhang\.m2\repository\org\springframework\spring-core\5.1.8.RELEASE\spring-core-5.1.8.RELEASE.jar;C:\Users\shuhang\.m2\repository\org\springframework\spring-jcl\5.1.8.RELEASE\spring-jcl-5.1.8.RELEASE.jar;C:\Users\shuhang\.m2\repository\org\springframework\spring-expression\5.1.8.RELEASE\spring-expression-5.1.8.RELEASE.jar;C:\Users\shuhang\.m2\repository\org\aspectj\aspectjweaver\1.9.4\aspectjweaver-1.9.4.jar;"/>
    <property name="sun.cpu.endian" value="little"/>
    <property name="user.home" value="C:\Users\shuhang"/>
    <property name="user.language" value="en"/>
    <property name="java.specification.vendor" value="Oracle Corporation"/>
    <property name="java.home" value="C:\Program Files\Java\jdk1.8.0_241\jre"/>
    <property name="basedir" value="C:\Users\shuhang\.jenkins\DemoAppiumAndroid"/>
    <property name="file.separator" value="\"/>
    <property name="line.separator" value="&#10;"/>
    <property name="java.vm.specification.vendor" value="Oracle Corporation"/>
    <property name="java.specification.name" value="Java Platform API Specification"/>
    <property name="java.awt.graphicsenv" value="sun.awt.Win32GraphicsEnvironment"/>
    <property name="surefire.real.class.path" value="C:\Users\shuhang\AppData\Local\Temp\surefire5305905825966499147\surefirebooter335208417318256766.jar"/>
    <property name="sun.boot.class.path" value="C:\Program Files\Java\jdk1.8.0_241\jre\lib\resources.jar;C:\Program Files\Java\jdk1.8.0_241\jre\lib\rt.jar;C:\Program Files\Java\jdk1.8.0_241\jre\lib\sunrsasign.jar;C:\Program Files\Java\jdk1.8.0_241\jre\lib\jsse.jar;C:\Program Files\Java\jdk1.8.0_241\jre\lib\jce.jar;C:\Program Files\Java\jdk1.8.0_241\jre\lib\charsets.jar;C:\Program Files\Java\jdk1.8.0_241\jre\lib\jfr.jar;C:\Program Files\Java\jdk1.8.0_241\jre\classes"/>
    <property name="user.script" value=""/>
    <property name="sun.management.compiler" value="HotSpot 64-Bit Tiered Compilers"/>
    <property name="java.runtime.version" value="1.8.0_241-b07"/>
    <property name="user.name" value="shuhang"/>
    <property name="path.separator" value=";"/>
    <property name="os.version" value="10.0"/>
    <property name="java.endorsed.dirs" value="C:\Program Files\Java\jdk1.8.0_241\jre\lib\endorsed"/>
    <property name="java.runtime.name" value="Java(TM) SE Runtime Environment"/>
    <property name="file.encoding" value="GBK"/>
    <property name="java.vm.name" value="Java HotSpot(TM) 64-Bit Server VM"/>
    <property name="localRepository" value="C:\Users\shuhang\.m2\repository"/>
    <property name="java.vendor.url.bug" value="http://bugreport.sun.com/bugreport/"/>
    <property name="java.io.tmpdir" value="C:\Users\shuhang\AppData\Local\Temp\"/>
    <property name="java.version" value="1.8.0_241"/>
    <property name="user.dir" value="C:\Users\shuhang\.jenkins\DemoAppiumAndroid"/>
    <property name="os.arch" value="amd64"/>
    <property name="java.vm.specification.name" value="Java Virtual Machine Specification"/>
    <property name="java.awt.printerjob" value="sun.awt.windows.WPrinterJob"/>
    <property name="sun.os.patch.level" value=""/>
    <property name="java.library.path" value="C:\Program Files\Java\jdk1.8.0_241\jre\bin;C:\WINDOWS\Sun\Java\bin;C:\WINDOWS\system32;C:\WINDOWS;C:\Program Files\Java\jdk1.8.0_241/bin;C:\Program Files\Java\jdk1.8.0_241/bin;C:\Users\shuhang\AppData\Local\Android\Sdk\tools;C:\Users\shuhang\AppData\Local\Android\Sdk\tools\bin;C:\Users\shuhang\AppData\Local\Android\Sdk\platform-tools;C:\Program Files (x86)\Common Files\Oracle\Java\javapath;C:\Program Files\Java\jdk1.8.0_241\bin;C:\Jar Files\apache-maven-3.6.3-bin\apache-maven-3.6.3\bin;C:\Program Files\TortoiseSVN\bin;C:\Program Files\nodejs\;C:\Program Files\nodejs\node_modules\npm\bin;C:\Windows\System32;C:\Program Files\Git\cmd;C:\WINDOWS\system32;C:\WINDOWS;C:\WINDOWS\System32\Wbem;C:\WINDOWS\System32\WindowsPowerShell\v1.0\;C:\WINDOWS\System32\OpenSSH\;C:\strawberry\c\bin;C:\strawberry\perl\bin;C:\Jar Files\cmake-3.18.0-win64-x64\cmake-3.18.0-win64-x64\bin;C:\Program Files (x86)\Microsoft Visual Studio\2017\BuildTools\MSBuild\15.0\Bin;C:\Users\shuhang\.windows-build-tools\python27\;C:\Program Files\MySQL\MySQL Shell 8.0\bin\;C:\Users\shuhang\AppData\Local\Programs\Python\Python37\Scripts\;C:\Users\shuhang\AppData\Local\Programs\Python\Python37\;C:\Users\shuhang\AppData\Local\Microsoft\WindowsApps;C:\Users\shuhang\AppData\Roaming\npm;;C:\Users\shuhang\AppData\Local\Programs\Microsoft VS Code\bin;."/>
    <property name="java.vm.info" value="mixed mode"/>
    <property name="java.vendor" value="Oracle Corporation"/>
    <property name="java.vm.version" value="25.241-b07"/>
    <property name="java.ext.dirs" value="C:\Program Files\Java\jdk1.8.0_241\jre\lib\ext;C:\WINDOWS\Sun\Java\lib\ext"/>
    <property name="sun.io.unicode.encoding" value="UnicodeLittle"/>
    <property name="java.class.version" value="52.0"/>
  </properties>
  <testcase name="SignUpTest" classname="com.testCases.TC_Android_001" time="24.525"/>
  <testcase name="SignUpTest" classname="com.testCases.TC_Android_001" time="18.602">
    <failure message="expected [please enter a valid email] but found [Purposely fail:please enter a valid email]" type="java.lang.AssertionError"><![CDATA[java.lang.AssertionError: expected [please enter a valid email] but found [Purposely fail:please enter a valid email]
	at com.testCases.TC_Android_001.SignUpTest(TC_Android_001.java:74)
]]></failure>
    <system-out><![CDATA[&amp#27;[35m[Appium]&amp#27;[39m Welcome to Appium v1.18.0
&amp#27;[35m[Appium]&amp#27;[39m Appium REST http interface listener started on 0.0.0.0:4723
&amp#27;[35m[HTTP]&amp#27;[39m &amp#27;[37m-->&amp#27;[39m &amp#27;[37mGET&amp#27;[39m &amp#27;[37m/wd/hub/status&amp#27;[39m
&amp#27;[35m[HTTP]&amp#27;[39m &amp#27;[90m{}&amp#27;[39m
[debug] &amp#27;[35m[GENERIC]&amp#27;[39m Calling AppiumDriver.getStatus() with args: []
[debug] &amp#27;[35m[GENERIC]&amp#27;[39m Responding to client with driver.getStatus() result: {"build":{"version":"1.18.0"}}
&amp#27;[35m[HTTP]&amp#27;[39m &amp#27;[37m<-- GET /wd/hub/status &amp#27;[39m&amp#27;[32m200&amp#27;[39m &amp#27;[90m10 ms - 68&amp#27;[39m
&amp#27;[35m[HTTP]&amp#27;[39m &amp#27;[90m&amp#27;[39m
DEBUG [main] (BaseClass.java:106)- Debug logging has started 
&amp#27;[35m[HTTP]&amp#27;[39m &amp#27;[37m-->&amp#27;[39m &amp#27;[37mPOST&amp#27;[39m &amp#27;[37m/wd/hub/session&amp#27;[39m
&amp#27;[35m[HTTP]&amp#27;[39m &amp#27;[90m{"desiredCapabilities":{"app":"Freshii_v2.0.23_apkpure.com.apk","automationName":"uiautomator2","platformName":"Android"},"capabilities":{"firstMatch":[{"appium:app":"Freshii_v2.0.23_apkpure.com.apk","appium:automationName":"uiautomator2","platformName":"android"}]}}&amp#27;[39m
[debug] &amp#27;[35m[W3C]&amp#27;[39m Calling AppiumDriver.createSession() with args: [{"app":"Freshii_v2.0.23_apkpure.com.apk","automationName":"uiautomator2","platformName":"Android"},null,{"firstMatch":[{"appium:app":"Freshii_v2.0.23_apkpure.com.apk","appium:automationName":"uiautomator2","platformName":"android"}]}]
[debug] &amp#27;[35m[BaseDriver]&amp#27;[39m Event 'newSessionRequested' logged at 1597440877860 (17:34:37 GMT-0400 (Eastern Daylight Time))
&amp#27;[35m[Appium]&amp#27;[39m Appium v1.18.0 creating new AndroidUiautomator2Driver (v1.56.1) session
[debug] &amp#27;[35m[BaseDriver]&amp#27;[39m W3C capabilities and MJSONWP desired capabilities were provided
[debug] &amp#27;[35m[BaseDriver]&amp#27;[39m Creating session with W3C capabilities: {
[debug] &amp#27;[35m[BaseDriver]&amp#27;[39m   "alwaysMatch": {
[debug] &amp#27;[35m[BaseDriver]&amp#27;[39m     "platformName": "android",
[debug] &amp#27;[35m[BaseDriver]&amp#27;[39m     "appium:app": "Freshii_v2.0.23_apkpure.com.apk",
[debug] &amp#27;[35m[BaseDriver]&amp#27;[39m     "appium:automationName": "uiautomator2"
[debug] &amp#27;[35m[BaseDriver]&amp#27;[39m   },
[debug] &amp#27;[35m[BaseDriver]&amp#27;[39m   "firstMatch": [
[debug] &amp#27;[35m[BaseDriver]&amp#27;[39m     {}
[debug] &amp#27;[35m[BaseDriver]&amp#27;[39m   ]
[debug] &amp#27;[35m[BaseDriver]&amp#27;[39m }
&amp#27;[35m[BaseDriver]&amp#27;[39m Session created with session id: a9b87e17-c8ab-4a29-92fe-4d73cbbccd90
&amp#27;[35m[BaseDriver]&amp#27;[39m Using local app 'Freshii_v2.0.23_apkpure.com.apk'
&amp#27;[35m[BaseDriver]&amp#27;[39m The current application path 'Freshii_v2.0.23_apkpure.com.apk' is not absolute and has been rewritten to 'C:\Users\shuhang\.jenkins\DemoAppiumAndroid\Freshii_v2.0.23_apkpure.com.apk'. Consider using absolute paths rather than relative
[debug] &amp#27;[35m[UiAutomator2]&amp#27;[39m Checking whether app is actually present
&amp#27;[35m[ADB]&amp#27;[39m Found 3 'build-tools' folders under 'C:\Users\shuhang\AppData\Local\Android\Sdk' (newest first):
&amp#27;[35m[ADB]&amp#27;[39m     C:/Users/shuhang/AppData/Local/Android/Sdk/build-tools/30.0.0-rc3
&amp#27;[35m[ADB]&amp#27;[39m     C:/Users/shuhang/AppData/Local/Android/Sdk/build-tools/30.0.0-rc2
&amp#27;[35m[ADB]&amp#27;[39m     C:/Users/shuhang/AppData/Local/Android/Sdk/build-tools/29.0.3
&amp#27;[35m[ADB]&amp#27;[39m Using 'adb.exe' from 'C:\Users\shuhang\AppData\Local\Android\Sdk\platform-tools\adb.exe'
[debug] &amp#27;[35m[ADB]&amp#27;[39m Running 'C:\Users\shuhang\AppData\Local\Android\Sdk\platform-tools\adb.exe -P 5037 start-server'
&amp#27;[35m[AndroidDriver]&amp#27;[39m Retrieving device list
[debug] &amp#27;[35m[ADB]&amp#27;[39m Trying to find a connected android device
[debug] &amp#27;[35m[ADB]&amp#27;[39m Getting connected devices
[debug] &amp#27;[35m[ADB]&amp#27;[39m Connected devices: [{"udid":"emulator-5554","state":"device"}]
&amp#27;[35m[AndroidDriver]&amp#27;[39m Using device: emulator-5554
&amp#27;[35m[ADB]&amp#27;[39m Using 'adb.exe' from 'C:\Users\shuhang\AppData\Local\Android\Sdk\platform-tools\adb.exe'
[debug] &amp#27;[35m[ADB]&amp#27;[39m Running 'C:\Users\shuhang\AppData\Local\Android\Sdk\platform-tools\adb.exe -P 5037 start-server'
[debug] &amp#27;[35m[ADB]&amp#27;[39m Setting device id to emulator-5554
[debug] &amp#27;[35m[ADB]&amp#27;[39m Running 'C:\Users\shuhang\AppData\Local\Android\Sdk\platform-tools\adb.exe -P 5037 -s emulator-5554 shell getprop ro.build.version.sdk'
[debug] &amp#27;[35m[ADB]&amp#27;[39m Current device property 'ro.build.version.sdk': 29
&amp#27;[35m[ADB]&amp#27;[39m Getting device platform version
[debug] &amp#27;[35m[ADB]&amp#27;[39m Running 'C:\Users\shuhang\AppData\Local\Android\Sdk\platform-tools\adb.exe -P 5037 -s emulator-5554 shell getprop ro.build.version.release'
[debug] &amp#27;[35m[ADB]&amp#27;[39m Current device property 'ro.build.version.release': 10
[debug] &amp#27;[35m[ADB]&amp#27;[39m Device API level: 29
&amp#27;[35m[UiAutomator2]&amp#27;[39m Relaxing hidden api policy
[debug] &amp#27;[35m[ADB]&amp#27;[39m Running 'C:\Users\shuhang\AppData\Local\Android\Sdk\platform-tools\adb.exe -P 5037 -s emulator-5554 shell 'settings put global hidden_api_policy_pre_p_apps 1;settings put global hidden_api_policy_p_apps 1;settings put global hidden_api_policy 1''
[debug] &amp#27;[35m[AndroidDriver]&amp#27;[39m Parsing package and activity from app manifest
&amp#27;[35m[ADB]&amp#27;[39m Package name: 'com.freshii.freshii'
&amp#27;[35m[ADB]&amp#27;[39m Main activity name: 'com.unoapp.freshii.ui.activity.Splash'
[debug] &amp#27;[35m[AndroidDriver]&amp#27;[39m Parsed package and activity are: com.freshii.freshii/com.unoapp.freshii.ui.activity.Splash
[debug] &amp#27;[35m[ADB]&amp#27;[39m Running 'C:\Users\shuhang\AppData\Local\Android\Sdk\platform-tools\adb.exe -P 5037 -s emulator-5554 wait-for-device'
[debug] &amp#27;[35m[ADB]&amp#27;[39m Running 'C:\Users\shuhang\AppData\Local\Android\Sdk\platform-tools\adb.exe -P 5037 -s emulator-5554 shell echo ping'
[debug] &amp#27;[35m[AndroidDriver]&amp#27;[39m Pushing settings apk to device...
[debug] &amp#27;[35m[ADB]&amp#27;[39m Getting install status for io.appium.settings
[debug] &amp#27;[35m[ADB]&amp#27;[39m Running 'C:\Users\shuhang\AppData\Local\Android\Sdk\platform-tools\adb.exe -P 5037 -s emulator-5554 shell dumpsys package io.appium.settings'
[debug] &amp#27;[35m[ADB]&amp#27;[39m 'io.appium.settings' is installed
[debug] &amp#27;[35m[ADB]&amp#27;[39m Getting package info for 'io.appium.settings'
[debug] &amp#27;[35m[ADB]&amp#27;[39m Running 'C:\Users\shuhang\AppData\Local\Android\Sdk\platform-tools\adb.exe -P 5037 -s emulator-5554 shell dumpsys package io.appium.settings'
[debug] &amp#27;[35m[ADB]&amp#27;[39m The version name of the installed 'io.appium.settings' is greater or equal to the application version name ('3.2.0' >= '3.2.0')
[debug] &amp#27;[35m[ADB]&amp#27;[39m There is no need to install/upgrade 'C:\Users\shuhang\AppData\Roaming\npm\node_modules\appium\node_modules\io.appium.settings\apks\settings_apk-debug.apk'
[debug] &amp#27;[35m[ADB]&amp#27;[39m Getting IDs of all 'io.appium.settings' processes
[debug] &amp#27;[35m[ADB]&amp#27;[39m Running 'C:\Users\shuhang\AppData\Local\Android\Sdk\platform-tools\adb.exe -P 5037 -s emulator-5554 shell 'pgrep --help; echo $?''
[debug] &amp#27;[35m[ADB]&amp#27;[39m Running 'C:\Users\shuhang\AppData\Local\Android\Sdk\platform-tools\adb.exe -P 5037 -s emulator-5554 shell pgrep -f io\\.appium\\.settings'
[debug] &amp#27;[35m[AndroidDriver]&amp#27;[39m io.appium.settings is already running. There is no need to reset its permissions.
[debug] &amp#27;[35m[Logcat]&amp#27;[39m Starting logs capture with command: C:\\Users\\shuhang\\AppData\\Local\\Android\\Sdk\\platform-tools\\adb.exe -P 5037 -s emulator-5554 logcat -v threadtime
[debug] &amp#27;[35m[UiAutomator2]&amp#27;[39m Forwarding UiAutomator2 Server port 6790 to 8225
[debug] &amp#27;[35m[ADB]&amp#27;[39m Forwarding system: 8225 to device: 6790
[debug] &amp#27;[35m[ADB]&amp#27;[39m Running 'C:\Users\shuhang\AppData\Local\Android\Sdk\platform-tools\adb.exe -P 5037 -s emulator-5554 forward tcp\:8225 tcp\:6790'
[debug] &amp#27;[35m[ADB]&amp#27;[39m Getting install status for io.appium.uiautomator2.server
[debug] &amp#27;[35m[ADB]&amp#27;[39m Running 'C:\Users\shuhang\AppData\Local\Android\Sdk\platform-tools\adb.exe -P 5037 -s emulator-5554 shell dumpsys package io.appium.uiautomator2.server'
[debug] &amp#27;[35m[ADB]&amp#27;[39m 'io.appium.uiautomator2.server' is installed
[debug] &amp#27;[35m[ADB]&amp#27;[39m Getting package info for 'io.appium.uiautomator2.server'
[debug] &amp#27;[35m[ADB]&amp#27;[39m Running 'C:\Users\shuhang\AppData\Local\Android\Sdk\platform-tools\adb.exe -P 5037 -s emulator-5554 shell dumpsys package io.appium.uiautomator2.server'
[debug] &amp#27;[35m[ADB]&amp#27;[39m The version name of the installed 'io.appium.uiautomator2.server' is greater or equal to the application version name ('4.11.0' >= '4.11.0')
[debug] &amp#27;[35m[UiAutomator2]&amp#27;[39m io.appium.uiautomator2.server installation state: sameVersionInstalled
[debug] &amp#27;[35m[ADB]&amp#27;[39m Checking app cert for C:\Users\shuhang\AppData\Roaming\npm\node_modules\appium\node_modules\appium-uiautomator2-server\apks\appium-uiautomator2-server-v4.11.0.apk
&amp#27;[35m[ADB]&amp#27;[39m Using 'apksigner.jar' from 'C:\Users\shuhang\AppData\Local\Android\Sdk\build-tools\30.0.0-rc3\lib\apksigner.jar'
[debug] &amp#27;[35m[ADB]&amp#27;[39m Starting apksigner: 'C:\\Program Files\\Java\\jdk1.8.0_241\\bin\\java.exe' -Xmx1024M -Xss1m -jar C:\\Users\\shuhang\\AppData\\Local\\Android\\Sdk\\build-tools\\30.0.0-rc3\\lib\\apksigner.jar verify --print-certs C:\\Users\\shuhang\\AppData\\Roaming\\npm\\node_modules\\appium\\node_modules\\appium-uiautomator2-server\\apks\\appium-uiautomator2-server-v4.11.0.apk
&amp#27;[35m[ADB]&amp#27;[39m Cannot use apksigner tool for signature verification. Original error: Command ''C:\\Program Files\\Java\\jdk1.8.0_241\\bin\\java.exe' -Xmx1024M -Xss1m -jar C:\\Users\\shuhang\\AppData\\Local\\Android\\Sdk\\build-tools\\30.0.0-rc3\\lib\\apksigner.jar verify --print-certs C:\\Users\\shuhang\\AppData\\Roaming\\npm\\node_modules\\appium\\node_modules\\appium-uiautomator2-server\\apks\\appium-uiautomator2-server-v4.11.0.apk' exited with code 1
[debug] &amp#27;[35m[ADB]&amp#27;[39m Defaulting to verify.jar
[debug] &amp#27;[35m[ADB]&amp#27;[39m 'C:\Users\shuhang\AppData\Roaming\npm\node_modules\appium\node_modules\appium-uiautomator2-server\apks\appium-uiautomator2-server-v4.11.0.apk' is signed with the default certificate
[debug] &amp#27;[35m[ADB]&amp#27;[39m Getting install status for io.appium.uiautomator2.server.test
[debug] &amp#27;[35m[ADB]&amp#27;[39m Running 'C:\Users\shuhang\AppData\Local\Android\Sdk\platform-tools\adb.exe -P 5037 -s emulator-5554 shell dumpsys package io.appium.uiautomator2.server.test'
[debug] &amp#27;[35m[ADB]&amp#27;[39m 'io.appium.uiautomator2.server.test' is installed
[debug] &amp#27;[35m[ADB]&amp#27;[39m Checking app cert for C:\Users\shuhang\AppData\Roaming\npm\node_modules\appium\node_modules\appium-uiautomator2-server\apks\appium-uiautomator2-server-debug-androidTest.apk
[debug] &amp#27;[35m[ADB]&amp#27;[39m Starting apksigner: 'C:\\Program Files\\Java\\jdk1.8.0_241\\bin\\java.exe' -Xmx1024M -Xss1m -jar C:\\Users\\shuhang\\AppData\\Local\\Android\\Sdk\\build-tools\\30.0.0-rc3\\lib\\apksigner.jar verify --print-certs C:\\Users\\shuhang\\AppData\\Roaming\\npm\\node_modules\\appium\\node_modules\\appium-uiautomator2-server\\apks\\appium-uiautomator2-server-debug-androidTest.apk
&amp#27;[35m[ADB]&amp#27;[39m Cannot use apksigner tool for signature verification. Original error: Command ''C:\\Program Files\\Java\\jdk1.8.0_241\\bin\\java.exe' -Xmx1024M -Xss1m -jar C:\\Users\\shuhang\\AppData\\Local\\Android\\Sdk\\build-tools\\30.0.0-rc3\\lib\\apksigner.jar verify --print-certs C:\\Users\\shuhang\\AppData\\Roaming\\npm\\node_modules\\appium\\node_modules\\appium-uiautomator2-server\\apks\\appium-uiautomator2-server-debug-androidTest.apk' exited with code 1
[debug] &amp#27;[35m[ADB]&amp#27;[39m Defaulting to verify.jar
[debug] &amp#27;[35m[ADB]&amp#27;[39m 'C:\Users\shuhang\AppData\Roaming\npm\node_modules\appium\node_modules\appium-uiautomator2-server\apks\appium-uiautomator2-server-debug-androidTest.apk' is signed with the default certificate
&amp#27;[35m[UiAutomator2]&amp#27;[39m Server packages are not going to be (re)installed
[debug] &amp#27;[35m[UiAutomator2]&amp#27;[39m Waiting up to 30000ms for services to be available
[debug] &amp#27;[35m[ADB]&amp#27;[39m Running 'C:\Users\shuhang\AppData\Local\Android\Sdk\platform-tools\adb.exe -P 5037 -s emulator-5554 shell pm list instrumentation'
[debug] &amp#27;[35m[UiAutomator2]&amp#27;[39m Instrumentation target 'io.appium.uiautomator2.server.test/androidx.test.runner.AndroidJUnitRunner' is available
[debug] &amp#27;[35m[ADB]&amp#27;[39m Checking app cert for C:\Users\shuhang\.jenkins\DemoAppiumAndroid\Freshii_v2.0.23_apkpure.com.apk
[debug] &amp#27;[35m[ADB]&amp#27;[39m Starting apksigner: 'C:\\Program Files\\Java\\jdk1.8.0_241\\bin\\java.exe' -Xmx1024M -Xss1m -jar C:\\Users\\shuhang\\AppData\\Local\\Android\\Sdk\\build-tools\\30.0.0-rc3\\lib\\apksigner.jar verify --print-certs C:\\Users\\shuhang\\.jenkins\\DemoAppiumAndroid\\Freshii_v2.0.23_apkpure.com.apk
&amp#27;[35m[ADB]&amp#27;[39m Cannot use apksigner tool for signature verification. Original error: Command ''C:\\Program Files\\Java\\jdk1.8.0_241\\bin\\java.exe' -Xmx1024M -Xss1m -jar C:\\Users\\shuhang\\AppData\\Local\\Android\\Sdk\\build-tools\\30.0.0-rc3\\lib\\apksigner.jar verify --print-certs C:\\Users\\shuhang\\.jenkins\\DemoAppiumAndroid\\Freshii_v2.0.23_apkpure.com.apk' exited with code 1
[debug] &amp#27;[35m[ADB]&amp#27;[39m Defaulting to verify.jar
[debug] &amp#27;[35m[ADB]&amp#27;[39m 'C:\Users\shuhang\.jenkins\DemoAppiumAndroid\Freshii_v2.0.23_apkpure.com.apk' is signed with a non-default certificate
[debug] &amp#27;[35m[ADB]&amp#27;[39m Getting install status for com.freshii.freshii
[debug] &amp#27;[35m[ADB]&amp#27;[39m Running 'C:\Users\shuhang\AppData\Local\Android\Sdk\platform-tools\adb.exe -P 5037 -s emulator-5554 shell dumpsys package com.freshii.freshii'
[debug] &amp#27;[35m[ADB]&amp#27;[39m 'com.freshii.freshii' is installed
[debug] &amp#27;[35m[ADB]&amp#27;[39m Getting package info for 'com.freshii.freshii'
[debug] &amp#27;[35m[ADB]&amp#27;[39m Running 'C:\Users\shuhang\AppData\Local\Android\Sdk\platform-tools\adb.exe -P 5037 -s emulator-5554 shell dumpsys package com.freshii.freshii'
[debug] &amp#27;[35m[ADB]&amp#27;[39m The version name of the installed 'com.freshii.freshii' is greater or equal to the application version name ('2.0.23' >= '2.0.23')
[debug] &amp#27;[35m[ADB]&amp#27;[39m There is no need to install/upgrade 'C:\Users\shuhang\.jenkins\DemoAppiumAndroid\Freshii_v2.0.23_apkpure.com.apk'
&amp#27;[35m[AndroidDriver]&amp#27;[39m Performing fast reset on 'com.freshii.freshii'
[debug] &amp#27;[35m[ADB]&amp#27;[39m Getting install status for com.freshii.freshii
[debug] &amp#27;[35m[ADB]&amp#27;[39m Running 'C:\Users\shuhang\AppData\Local\Android\Sdk\platform-tools\adb.exe -P 5037 -s emulator-5554 shell dumpsys package com.freshii.freshii'
[debug] &amp#27;[35m[ADB]&amp#27;[39m 'com.freshii.freshii' is installed
[debug] &amp#27;[35m[ADB]&amp#27;[39m Running 'C:\Users\shuhang\AppData\Local\Android\Sdk\platform-tools\adb.exe -P 5037 -s emulator-5554 shell am force-stop com.freshii.freshii'
[debug] &amp#27;[35m[ADB]&amp#27;[39m Running 'C:\Users\shuhang\AppData\Local\Android\Sdk\platform-tools\adb.exe -P 5037 -s emulator-5554 shell pm clear com.freshii.freshii'
[debug] &amp#27;[35m[AndroidDriver]&amp#27;[39m Performed fast reset on the installed 'com.freshii.freshii' application (stop and clear)
[debug] &amp#27;[35m[UiAutomator2]&amp#27;[39m Performing shallow cleanup of automation leftovers
[debug] &amp#27;[35m[UiAutomator2]&amp#27;[39m The following obsolete sessions are still running: [null]
[debug] &amp#27;[35m[UiAutomator2]&amp#27;[39m Cleaning up the obsolete sessions
[debug] &amp#27;[35m[ADB]&amp#27;[39m Running 'C:\Users\shuhang\AppData\Local\Android\Sdk\platform-tools\adb.exe -P 5037 -s emulator-5554 shell am force-stop io.appium.uiautomator2.server.test'
&amp#27;[35m[UiAutomator2]&amp#27;[39m Starting UIAutomator2 server 4.11.0
&amp#27;[35m[UiAutomator2]&amp#27;[39m Using UIAutomator2 server from 'C:\Users\shuhang\AppData\Roaming\npm\node_modules\appium\node_modules\appium-uiautomator2-server\apks\appium-uiautomator2-server-v4.11.0.apk' and test from 'C:\Users\shuhang\AppData\Roaming\npm\node_modules\appium\node_modules\appium-uiautomator2-server\apks\appium-uiautomator2-server-debug-androidTest.apk'
&amp#27;[35m[UiAutomator2]&amp#27;[39m Waiting up to 30000ms for UiAutomator2 to be online...
[debug] &amp#27;[35m[ADB]&amp#27;[39m Creating ADB subprocess with args: ["-P",5037,"-s","emulator-5554","shell","am","instrument","-w","io.appium.uiautomator2.server.test/androidx.test.runner.AndroidJUnitRunner"]
[debug] &amp#27;[35m[Instrumentation]&amp#27;[39m io.appium.uiautomator2.server.test.AppiumUiAutomator2Server:
[debug] &amp#27;[35m[WD Proxy]&amp#27;[39m Matched '/status' to command name 'getStatus'
[debug] &amp#27;[35m[WD Proxy]&amp#27;[39m Proxying [GET /status] to [GET http://127.0.0.1:8225/wd/hub/status] with no body
&amp#27;[35m[WD Proxy]&amp#27;[39m socket hang up
[debug] &amp#27;[35m[WD Proxy]&amp#27;[39m Matched '/status' to command name 'getStatus'
[debug] &amp#27;[35m[WD Proxy]&amp#27;[39m Proxying [GET /status] to [GET http://127.0.0.1:8225/wd/hub/status] with no body
&amp#27;[35m[WD Proxy]&amp#27;[39m socket hang up
[debug] &amp#27;[35m[WD Proxy]&amp#27;[39m Matched '/status' to command name 'getStatus'
[debug] &amp#27;[35m[WD Proxy]&amp#27;[39m Proxying [GET /status] to [GET http://127.0.0.1:8225/wd/hub/status] with no body
[debug] &amp#27;[35m[WD Proxy]&amp#27;[39m Got response with status 200: {"sessionId":"None","value":{"message":"UiAutomator2 Server is ready to accept commands","ready":true}}
[debug] &amp#27;[35m[UiAutomator2]&amp#27;[39m The initialization of the instrumentation process took 3200ms
[debug] &amp#27;[35m[WD Proxy]&amp#27;[39m Matched '/session' to command name 'createSession'
[debug] &amp#27;[35m[WD Proxy]&amp#27;[39m Proxying [POST /session] to [POST http://127.0.0.1:8225/wd/hub/session] with body: {"capabilities":{"firstMatch":[{"platform":"LINUX","webStorageEnabled":false,"takesScreenshot":true,"javascriptEnabled":true,"databaseEnabled":false,"networkConnectionEnabled":true,"locationContextEnabled":false,"warnings":{},"desired":{"platformName":"android","app":"Freshii_v2.0.23_apkpure.com.apk","automationName":"uiautomator2"},"platformName":"android","app":"Freshii_v2.0.23_apkpure.com.apk","automationName":"uiautomator2","deviceName":"emulator-5554","deviceUDID":"emulator-5554","appPackage":"com.freshii.freshii"}],"alwaysMatch":{}}}
[debug] &amp#27;[35m[WD Proxy]&amp#27;[39m Got response with status 200: {"sessionId":"8ae78652-781d-4ad6-a11a-93d01f0b48f0","value":{"capabilities":{"firstMatch":[{"platform":"LINUX","webStorageEnabled":false,"takesScreenshot":true,"javascriptEnabled":true,"databaseEnabled":false,"networkConnectionEnabled":true,"locationContextEnabled":false,"warnings":{},"desired":{"platformName":"android","app":"Freshii_v2.0.23_apkpure.com.apk","automationName":"uiautomator2"},"platformName":"android","app":"Freshii_v2.0.23_apkpure.com.apk","automationName":"uiautomator2","deviceName":"emulator-5554","deviceUDID":"emulator-5554","appPackage":"com.freshii.freshii"}],"alwaysMatch":{}},"sessionId":"8ae78652-781d-4ad6-a11a-93d01f0b48f0"}}
&amp#27;[35m[WD Proxy]&amp#27;[39m Determined the downstream protocol as 'W3C'
[debug] &amp#27;[35m[WD Proxy]&amp#27;[39m Proxying [GET /appium/device/info] to [GET http://127.0.0.1:8225/wd/hub/session/8ae78652-781d-4ad6-a11a-93d01f0b48f0/appium/device/info] with no body
[debug] &amp#27;[35m[WD Proxy]&amp#27;[39m Got response with status 200: {"sessionId":"8ae78652-781d-4ad6-a11a-93d01f0b48f0","value":{"androidId":"65bc9d32e35f324a","apiVersion":"29","bluetooth":null,"brand":"google","carrierName":"Android","displayDensity":440,"locale":"en_US","manufacturer":"Google","model":"Android SDK built for x86","networks":[{"capabilities":{"SSID":null,"linkDownBandwidthKbps":1048576,"linkUpstreamBandwidthKbps":1048576,"networkCapabilities":"NET_CAPABILITY_NOT_METERED,NET_CAPABILITY_INTERNET,NET_CAPABILITY_NOT_RESTRICTED,NET_CAPABILITY_TRUSTED,NET_CAPABILITY_NOT_VPN,NET_CAPABILITY_VALIDATED,NET_CAPABILITY_NOT_ROAMING,NET_CAPABILITY_FOREGROUND,NET_CAPABILITY_NOT_CONGESTED,NET_CAPABILITY_NOT_SUSPENDED","signalStrength":-30,"transportTypes":"TRANSPORT_WIFI"},"detailedState":"CONNECTED","extraInfo":null,"isAvailable":true,"isConnected":true,"isFailover":false,"isRoaming":false,"state":"CONNECTED","subtype":0,"subtypeName":"","type":1,"typeName":"WIFI"},{"capabilities":{"SSID":null,"linkDownBandwidthKbps":102400,"linkUpstreamBandwidthKbps":51200,"networkCapa...
[debug] &amp#27;[35m[ADB]&amp#27;[39m Running 'C:\Users\shuhang\AppData\Local\Android\Sdk\platform-tools\adb.exe -P 5037 -s emulator-5554 shell dumpsys window'
&amp#27;[35m[AndroidDriver]&amp#27;[39m Screen already unlocked, doing nothing
&amp#27;[35m[UiAutomator2]&amp#27;[39m Starting 'com.freshii.freshii/com.unoapp.freshii.ui.activity.Splash and waiting for 'com.freshii.freshii/com.unoapp.freshii.ui.activity.Splash'
[debug] &amp#27;[35m[ADB]&amp#27;[39m Running 'C:\Users\shuhang\AppData\Local\Android\Sdk\platform-tools\adb.exe -P 5037 -s emulator-5554 shell am start -W -n com.freshii.freshii/com.unoapp.freshii.ui.activity.Splash -S -a android.intent.action.MAIN -c android.intent.category.LAUNCHER -f 0x10200000'
[debug] &amp#27;[35m[ADB]&amp#27;[39m Waiting up to 20000ms for activity matching pkg: 'com.freshii.freshii' and activity: 'com.unoapp.freshii.ui.activity.Splash' to be focused
[debug] &amp#27;[35m[ADB]&amp#27;[39m Possible activities, to be checked: 'com.unoapp.freshii.ui.activity.Splash', 'com.freshii.freshii.com.unoapp.freshii.ui.activity.Splash'
[debug] &amp#27;[35m[ADB]&amp#27;[39m Getting focused package and activity
[debug] &amp#27;[35m[ADB]&amp#27;[39m Running 'C:\Users\shuhang\AppData\Local\Android\Sdk\platform-tools\adb.exe -P 5037 -s emulator-5554 shell dumpsys window displays'
[debug] &amp#27;[35m[ADB]&amp#27;[39m Found package: 'com.freshii.freshii' and fully qualified activity name : 'com.unoapp.freshii.ui.activity.Splash'
[debug] &amp#27;[35m[WD Proxy]&amp#27;[39m Proxying [GET /appium/device/pixel_ratio] to [GET http://127.0.0.1:8225/wd/hub/session/8ae78652-781d-4ad6-a11a-93d01f0b48f0/appium/device/pixel_ratio] with no body
[debug] &amp#27;[35m[WD Proxy]&amp#27;[39m Got response with status 200: {"sessionId":"8ae78652-781d-4ad6-a11a-93d01f0b48f0","value":2.75}
[debug] &amp#27;[35m[WD Proxy]&amp#27;[39m Matched '/appium/device/system_bars' to command name 'getSystemBars'
[debug] &amp#27;[35m[WD Proxy]&amp#27;[39m Proxying [GET /appium/device/system_bars] to [GET http://127.0.0.1:8225/wd/hub/session/8ae78652-781d-4ad6-a11a-93d01f0b48f0/appium/device/system_bars] with no body
[debug] &amp#27;[35m[WD Proxy]&amp#27;[39m Got response with status 200: {"sessionId":"8ae78652-781d-4ad6-a11a-93d01f0b48f0","value":{"statusBar":66}}
[debug] &amp#27;[35m[WD Proxy]&amp#27;[39m Matched '/window/current/size' to command name 'getWindowSize'
[debug] &amp#27;[35m[WD Proxy]&amp#27;[39m Proxying [GET /window/current/size] to [GET http://127.0.0.1:8225/wd/hub/session/8ae78652-781d-4ad6-a11a-93d01f0b48f0/window/current/size] with no body
[debug] &amp#27;[35m[WD Proxy]&amp#27;[39m Got response with status 200: {"sessionId":"8ae78652-781d-4ad6-a11a-93d01f0b48f0","value":{"height":2088,"width":1080}}
&amp#27;[35m[Appium]&amp#27;[39m New AndroidUiautomator2Driver session created successfully, session a9b87e17-c8ab-4a29-92fe-4d73cbbccd90 added to master session list
[debug] &amp#27;[35m[BaseDriver]&amp#27;[39m Event 'newSessionStarted' logged at 1597440894122 (17:34:54 GMT-0400 (Eastern Daylight  INFO [main] (TC_Android_001.java:21)- Start Sign Up test
 INFO [main] (TC_Android_001.java:25)- Navigating to landing page 
Time))
[debug] &amp#27;[35m[W3C (a9b87e17)]&amp#27;[39m Cached the protocol value 'W3C' for the new session a9b87e17-c8ab-4a29-92fe-4d73cbbccd90
[debug] &amp#27;[35m[W3C (a9b87e17)]&amp#27;[39m Responding to client with driver.createSession() result: {"capabilities":{"platform":"LINUX","webStorageEnabled":false,"takesScreenshot":true,"javascriptEnabled":true,"databaseEnabled":false,"networkConnectionEnabled":true,"locationContextEnabled":false,"warnings":{},"desired":{"platformName":"android","app":"Freshii_v2.0.23_apkpure.com.apk","automationName":"uiautomator2"},"platformName":"android","app":"Freshii_v2.0.23_apkpure.com.apk","automationName":"uiautomator2","deviceName":"emulator-5554","deviceUDID":"emulator-5554","appPackage":"com.freshii.freshii","deviceApiLevel":29,"platformVersion":"10","deviceScreenSize":"1080x2220","deviceScreenDensity":440,"deviceModel":"Android SDK built for x86","deviceManufacturer":"Google","pixelRatio":2.75,"statBarHeight":66,"viewportRect":{"left":0,"top":66,"width":1080,"height":2022}}}
&amp#27;[35m[HTTP]&amp#27;[39m &amp#27;[37m<-- POST /wd/hub/session &amp#27;[39m&amp#27;[32m200&amp#27;[39m &amp#27;[90m16274 ms - 843&amp#27;[39m
&amp#27;[35m[HTTP]&amp#27;[39m &amp#27;[90m&amp#27;[39m
&amp#27;[35m[HTTP]&amp#27;[39m &amp#27;[37m-->&amp#27;[39m &amp#27;[37mPOST&amp#27;[39m &amp#27;[37m/wd/hub/session/a9b87e17-c8ab-4a29-92fe-4d73cbbccd90/timeouts&amp#27;[39m
&amp#27;[35m[HTTP]&amp#27;[39m &amp#27;[90m{"implicit":30000}&amp#27;[39m
[debug] &amp#27;[35m[W3C (a9b87e17)]&amp#27;[39m Calling AppiumDriver.timeouts() with args: [null,null,null,null,30000,"a9b87e17-c8ab-4a29-92fe-4d73cbbccd90"]
[debug] &amp#27;[35m[BaseDriver]&amp#27;[39m W3C timeout argument: {"implicit":30000}}
[debug] &amp#27;[35m[BaseDriver]&amp#27;[39m Set implicit wait to 30000ms
[debug] &amp#27;[35m[W3C (a9b87e17)]&amp#27;[39m Responding to client with driver.timeouts() result: null
&amp#27;[35m[HTTP]&amp#27;[39m &amp#27;[37m<-- POST /wd/hub/session/a9b87e17-c8ab-4a29-92fe-4d73cbbccd90/timeouts &amp#27;[39m&amp#27;[32m200&amp#27;[39m &amp#27;[90m12 ms - 14&amp#27;[39m
&amp#27;[35m[HTTP]&amp#27;[39m &amp#27;[90m&amp#27;[39m
&amp#27;[35m[HTTP]&amp#27;[39m &amp#27;[37m-->&amp#27;[39m &amp#27;[37mGET&amp#27;[39m &amp#27;[37m/wd/hub/session/a9b87e17-c8ab-4a29-92fe-4d73cbbccd90/context&amp#27;[39m
&amp#27;[35m[HTTP]&amp#27;[39m &amp#27;[90m{}&amp#27;[39m
[debug] &amp#27;[35m[W3C (a9b87e17)]&amp#27;[39m Calling AppiumDriver.getCurrentContext() with args: ["a9b87e17-c8ab-4a29-92fe-4d73cbbccd90"]
[debug] &amp#27;[35m[W3C (a9b87e17)]&amp#27;[39m Responding to client with driver.getCurrentContext() result: "NATIVE_APP"
&amp#27;[35m[HTTP]&amp#27;[39m &amp#27;[37m<-- GET /wd/hub/session/a9b87e17-c8ab-4a29-92fe-4d73cbbccd90/context &amp#27;[39m&amp#27;[32m200&amp#27;[39m &amp#27;[90m44 ms - 22&amp#27;[39m
&amp#27;[35m[HTTP]&amp#27;[39m &amp#27;[90m&amp#27;[39m
&amp#27;[35m[HTTP]&amp#27;[39m &amp#27;[37m-->&amp#27;[39m &amp#27;[37mPOST&amp#27;[39m &amp#27;[37m/wd/hub/session/a9b87e17-c8ab-4a29-92fe-4d73cbbccd90/element&amp#27;[39m
&amp#27;[35m[HTTP]&amp#27;[39m &amp#27;[90m{"using":"id","value":"com.android.permissioncontroller:id/permission_allow_foreground_only_button"}&amp#27;[39m
[debug] &amp#27;[35m[W3C (a9b87e17)]&amp#27;[39m Calling AppiumDriver.findElement() with args: ["id","com.android.permissioncontroller:id/permission_allow_foreground_only_button","a9b87e17-c8ab-4a29-92fe-4d73cbbccd90"]
[debug] &amp#27;[35m[BaseDriver]&amp#27;[39m Valid locator strategies for this request: xpath, id, class name, accessibility id, -android uiautomator
[debug] &amp#27;[35m[BaseDriver]&amp#27;[39m Waiting up to 30000 ms for condition
[debug] &amp#27;[35m[WD Proxy]&amp#27;[39m Matched '/element' to command name 'findElement'
[debug] &amp#27;[35m[WD Proxy]&amp#27;[39m Proxying [POST /element] to [POST http://127.0.0.1:8225/wd/hub/session/8ae78652-781d-4ad6-a11a-93d01f0b48f0/element] with body: {"strategy":"id","selector":"com.android.permissioncontroller:id/permission_allow_foreground_only_button","context":"","multiple":false}
&amp#27;[35m[WD Proxy]&amp#27;[39m Got response with status 404: {"sessionId":"8ae78652-781d-4ad6-a11a-93d01f0b48f0","value":{"error":"no such element","message":"An element could not be located on the page using the given search parameters","stacktrace":"io.appium.uiautomator2.common.exceptions.ElementNotFoundException: An element could not be located on the page using the given search parameters\n\tat io.appium.uiautomator2.handler.FindElement.safeHandle(FindElement.java:73)\n\tat io.appium.uiautomator2.handler.request.SafeRequestHandler.handle(SafeRequestHandler.java:41)\n\tat io.appium.uiautomator2.server.AppiumServlet.handleRequest(AppiumServlet.java:257)\n\tat io.appium.uiautomator2.server.AppiumServlet.handleHttpRequest(AppiumServlet.java:247)\n\tat io.appium.uiautomator2.http.ServerHandler.channelRead(ServerHandler.java:50)\n\tat io.netty.channel.AbstractChannelHandlerContext.invokeChannelRead(AbstractChannelHandlerContext.java:366)\n\tat io.netty.channel.AbstractChannelHandlerContext.invokeChannelRead(AbstractChannelHandlerContext.java:352)\n\tat io.netty.chann...
[debug] &amp#27;[35m[W3C]&amp#27;[39m Matched W3C error code 'no such element' to NoSuchElementError
[debug] &amp#27;[35m[BaseDriver]&amp#27;[39m Waited for 128 ms so far
[debug] &amp#27;[35m[WD Proxy]&amp#27;[39m Matched '/element' to command name 'findElement'
[debug] &amp#27;[35m[WD Proxy]&amp#27;[39m Proxying [POST /element] to [POST http://127.0.0.1:8225/wd/hub/session/8ae78652-781d-4ad6-a11a-93d01f0b48f0/element] with body: {"strategy":"id","selector":"com.android.permissioncontroller:id/permission_allow_foreground_only_button","context":"","multiple":false}
&amp#27;[35m[WD Proxy]&amp#27;[39m Got response with status 404: {"sessionId":"8ae78652-781d-4ad6-a11a-93d01f0b48f0","value":{"error":"no such element","message":"An element could not be located on the page using the given search parameters","stacktrace":"io.appium.uiautomator2.common.exceptions.ElementNotFoundException: An element could not be located on the page using the given search parameters\n\tat io.appium.uiautomator2.handler.FindElement.safeHandle(FindElement.java:73)\n\tat io.appium.uiautomator2.handler.request.SafeRequestHandler.handle(SafeRequestHandler.java:41)\n\tat io.appium.uiautomator2.server.AppiumServlet.handleRequest(AppiumServlet.java:257)\n\tat io.appium.uiautomator2.server.AppiumServlet.handleHttpRequest(AppiumServlet.java:247)\n\tat io.appium.uiautomator2.http.ServerHandler.channelRead(ServerHandler.java:50)\n\tat io.netty.channel.AbstractChannelHandlerContext.invokeChannelRead(AbstractChannelHandlerContext.java:366)\n\tat io.netty.channel.AbstractChannelHandlerContext.invokeChannelRead(AbstractChannelHandlerContext.java:352)\n\tat io.netty.chann...
[debug] &amp#27;[35m[W3C]&amp#27;[39m Matched W3C error code 'no such element' to NoSuchElementError
[debug] &amp#27;[35m[BaseDriver]&amp#27;[39m Waited for 787 ms so far
[debug] &amp#27;[35m[WD Proxy]&amp#27;[39m Matched '/element' to command name 'findElement'
[debug] &amp#27;[35m[WD Proxy]&amp#27;[39m Proxying [POST /element] to [POST http://127.0.0.1:8225/wd/hub/session/8ae78652-781d-4ad6-a11a-93d01f0b48f0/element] with body: {"strategy":"id","selector":"com.android.permissioncontroller:id/permission_allow_foreground_only_button","context":"","multiple":false}
&amp#27;[35m[WD Proxy]&amp#27;[39m Got response with status 404: {"sessionId":"8ae78652-781d-4ad6-a11a-93d01f0b48f0","value":{"error":"no such element","message":"An element could not be located on the page using the given search parameters","stacktrace":"io.appium.uiautomator2.common.exceptions.ElementNotFoundException: An element could not be located on the page using the given search parameters\n\tat io.appium.uiautomator2.handler.FindElement.safeHandle(FindElement.java:73)\n\tat io.appium.uiautomator2.handler.request.SafeRequestHandler.handle(SafeRequestHandler.java:41)\n\tat io.appium.uiautomator2.server.AppiumServlet.handleRequest(AppiumServlet.java:257)\n\tat io.appium.uiautomator2.server.AppiumServlet.handleHttpRequest(AppiumServlet.java:247)\n\tat io.appium.uiautomator2.http.ServerHandler.channelRead(ServerHandler.java:50)\n\tat io.netty.channel.AbstractChannelHandlerContext.invokeChannelRead(AbstractChannelHandlerContext.java:366)\n\tat io.netty.channel.AbstractChannelHandlerContext.invokeChannelRead(AbstractChannelHandlerContext.java:352)\n\tat io.netty.chann...
[debug] &amp#27;[35m[W3C]&amp#27;[39m Matched W3C error code 'no such element' to NoSuchElementError
[debug] &amp#27;[35m[BaseDriver]&amp#27;[39m Waited for 1355 ms so far
[debug] &amp#27;[35m[WD Proxy]&amp#27;[39m Matched '/element' to command name 'findElement'
[debug] &amp#27;[35m[WD Proxy]&amp#27;[39m Proxying [POST /element] to [POST http://127.0.0.1:8225/wd/hub/session/8ae78652-781d-4ad6-a11a-93d01f0b48f0/element] with body: {"strategy":"id","selector":"com.android.permissioncontroller:id/permission_allow_foreground_only_button","context":"","multiple":false}
[debug] &amp#27;[35m[WD Proxy]&amp#27;[39m Got response with status 200: {"sessionId":"8ae78652-781d-4ad6-a11a-93d01f0b48f0","value":{"ELEMENT":"84c6e7cf-2c09-413f-8618-19b293011ce3","element-6066-11e4-a52e-4f735466cecf":"84c6e7cf-2c09-413f-8618-19b293011ce3"}}
[debug] &amp#27;[35m[W3C (a9b87e17)]&amp#27;[39m Responding to client with driver.findElement() result: {"element-6066-11e4-a52e-4f735466cecf":"84c6e7cf-2c09-413f-8618-19b293011ce3","ELEMENT":"84c6e7cf-2c09-413f-8618-19b293011ce3"}
&amp#27;[35m[HTTP]&amp#27;[39m &amp#27;[37m<-- POST /wd/hub/session/a9b87e17-c8ab-4a29-92fe-4d73cbbccd90/element &amp#27;[39m&amp#27;[32m200&amp#27;[39m &amp#27;[90m2355 ms - 137&amp#27;[39m
&amp#27;[35m[HTTP]&amp#27;[39m &amp#27;[90m&amp#27;[39m
&amp#27;[35m[HTTP]&amp#27;[39m &amp#27;[37m-->&amp#27;[39m &amp#27;[37mGET&amp#27;[39m &amp#27;[37m/wd/hub/session/a9b87e17-c8ab-4a29-92fe-4d73cbbccd90/element/84c6e7cf-2c09-413f-8618-19b293011ce3/displayed&amp#27;[39m
&amp#27;[35m[HTTP]&amp#27;[39m &amp#27;[90m{}&amp#27;[39m
[debug] &amp#27;[35m[W3C (a9b87e17)]&amp#27;[39m Calling AppiumDriver.elementDisplayed() with args: ["84c6e7cf-2c09-413f-8618-19b293011ce3","a9b87e17-c8ab-4a29-92fe-4d73cbbccd90"]
[debug] &amp#27;[35m[WD Proxy]&amp#27;[39m Matched '/element/84c6e7cf-2c09-413f-8618-19b293011ce3/attribute/displayed' to command name 'getAttribute'
[debug] &amp#27;[35m[WD Proxy]&amp#27;[39m Proxying [GET /element/84c6e7cf-2c09-413f-8618-19b293011ce3/attribute/displayed] to [GET http://127.0.0.1:8225/wd/hub/session/8ae78652-781d-4ad6-a11a-93d01f0b48f0/element/84c6e7cf-2c09-413f-8618-19b293011ce3/attribute/displayed] with no body
[debug] &amp#27;[35m[WD Proxy]&amp#27;[39m Got response with status 200: {"sessionId":"8ae78652-781d-4ad6-a11a-93d01f0b48f0","value":"true"}
[debug] &amp#27;[35m[W3C (a9b87e17)]&amp#27;[39m Responding to client with driver.elementDisplayed() result: true
&amp#27;[35m[HTTP]&amp#27;[39m &amp#27;[37m<-- GET /wd/hub/session/a9b87e17-c8ab-4a29-92fe-4d73cbbccd90/element/84c6e7cf-2c09-413f-8618-19b293011ce3/displayed &amp#27;[39m&amp#27;[32m200&amp#27;[39m &amp#27;[90m736 ms - 14&amp#27;[39m
&amp#27;[35m[HTTP]&amp#27;[39m &amp#27;[90m&amp#27;[39m
&amp#27;[35m[HTTP]&amp#27;[39m &amp#27;[37m-->&amp#27;[39m &amp#27;[37mGET&amp#27;[39m &amp#27;[37m/wd/hub/session/a9b87e17-c8ab-4a29-92fe-4d73cbbccd90/context&amp#27;[39m
&amp#27;[35m[HTTP]&amp#27;[39m &amp#27;[90m{}&amp#27;[39m
[debug] &amp#27;[35m[W3C (a9b87e17)]&amp#27;[39m Calling AppiumDriver.getCurrentContext() with args: ["a9b87e17-c8ab-4a29-92fe-4d73cbbccd90"]
[debug] &amp#27;[35m[W3C (a9b87e17)]&amp#27;[39m Responding to client with driver.getCurrentContext() result: "NATIVE_APP"
&amp#27;[35m[HTTP]&amp#27;[39m &amp#27;[37m<-- GET /wd/hub/session/a9b87e17-c8ab-4a29-92fe-4d73cbbccd90/context &amp#27;[39m&amp#27;[32m200&amp#27;[39m &amp#27;[90m2 ms - 22&amp#27;[39m
&amp#27;[35m[HTTP]&amp#27;[39m &amp#27;[90m&amp#27;[39m
&amp#27;[35m[HTTP]&amp#27;[39m &amp#27;[37m-->&amp#27;[39m &amp#27;[37mPOST&amp#27;[39m &amp#27;[37m/wd/hub/session/a9b87e17-c8ab-4a29-92fe-4d73cbbccd90/element&amp#27;[39m
&amp#27;[35m[HTTP]&amp#27;[39m &amp#27;[90m{"using":"id","value":"com.android.permissioncontroller:id/permission_allow_foreground_only_button"}&amp#27;[39m
[debug] &amp#27;[35m[W3C (a9b87e17)]&amp#27;[39m Calling AppiumDriver.findElement() with args: ["id","com.android.permissioncontroller:id/permission_allow_foreground_only_button","a9b87e17-c8ab-4a29-92fe-4d73cbbccd90"]
[debug] &amp#27;[35m[BaseDriver]&amp#27;[39m Valid locator strategies for this request: xpath, id, class name, accessibility id, -android uiautomator
[debug] &amp#27;[35m[BaseDriver]&amp#27;[39m Waiting up to 30000 ms for condition
[debug] &amp#27;[35m[WD Proxy]&amp#27;[39m Matched '/element' to command name 'findElement'
[debug] &amp#27;[35m[WD Proxy]&amp#27;[39m Proxying [POST /element] to [POST http://127.0.0.1:8225/wd/hub/session/8ae78652-781d-4ad6-a11a-93d01f0b48f0/element] with body: {"strategy":"id","selector":"com.android.permissioncontroller:id/permission_allow_foreground_only_button","context":"","multiple":false}
[debug] &amp#27;[35m[WD Proxy]&amp#27;[39m Got response with status 200: {"sessionId":"8ae78652-781d-4ad6-a11a-93d01f0b48f0","value":{"ELEMENT":"63bce2c1-f114-47fb-86d8-37fcdaf490c3","element-6066-11e4-a52e-4f735466cecf":"63bce2c1-f114-47fb-86d8-37fcdaf490c3"}}
[debug] &amp#27;[35m[W3C (a9b87e17)]&amp#27;[39m Responding to client with driver.findElement() result: {"element-6066-11e4-a52e-4f735466cecf":"63bce2c1-f114-47fb-86d8-37fcdaf490c3","ELEMENT":"63bce2c1-f114-47fb-86d8-37fcdaf490c3"}
&amp#27;[35m[HTTP]&amp#27;[39m &amp#27;[37m<-- POST /wd/hub/session/a9b87e17-c8ab-4a29-92fe-4d73cbbccd90/element &amp#27;[39m&amp#27;[32m200&amp#27;[39m &amp#27;[90m36 ms - 137&amp#27;[39m
&amp#27;[35m[HTTP]&amp#27;[39m &amp#27;[90m&amp#27;[39m
&amp#27;[35m[HTTP]&amp#27;[39m &amp#27;[37m-->&amp#27;[39m &amp#27;[37mGET&amp#27;[39m &amp#27;[37m/wd/hub/session/a9b87e17-c8ab-4a29-92fe-4d73cbbccd90/element/63bce2c1-f114-47fb-86d8-37fcdaf490c3/enabled&amp#27;[39m
&amp#27;[35m[HTTP]&amp#27;[39m &amp#27;[90m{}&amp#27;[39m
[debug] &amp#27;[35m[W3C (a9b87e17)]&amp#27;[39m Calling AppiumDriver.elementEnabled() with args: ["63bce2c1-f114-47fb-86d8-37fcdaf490c3","a9b87e17-c8ab-4a29-92fe-4d73cbbccd90"]
[debug] &amp#27;[35m[WD Proxy]&amp#27;[39m Matched '/element/63bce2c1-f114-47fb-86d8-37fcdaf490c3/attribute/enabled' to command name 'getAttribute'
[debug] &amp#27;[35m[WD Proxy]&amp#27;[39m Proxying [GET /element/63bce2c1-f114-47fb-86d8-37fcdaf490c3/attribute/enabled] to [GET http://127.0.0.1:8225/wd/hub/session/8ae78652-781d-4ad6-a11a-93d01f0b48f0/element/63bce2c1-f114-47fb-86d8-37fcdaf490c3/attribute/enabled] with no body
[debug] &amp#27;[35m[WD Proxy]&amp#27;[39m Got response with status 200: {"sessionId":"8ae78652-781d-4ad6-a11a-93d01f0b48f0","value":"true"}
[debug] &amp#27;[35m[W3C (a9b87e17)]&amp#27;[39m Responding to client with driver.elementEnabled() result: true
&amp#27;[35m[HTTP]&amp#27;[39m &amp#27;[37m<-- GET /wd/hub/session/a9b87e17-c8ab-4a29-92fe-4d73cbbccd90/element/63bce2c1-f114-47fb-86d8-37fcdaf490c3/enabled &amp#27;[39m&amp#27;[32m200&amp#27;[39m &amp#27;[90m27 ms - 14&amp#27;[39m
&amp#27;[35m[HTTP]&amp#27;[39m &amp#27;[90m&amp#27;[39m
&amp#27;[35m[HTTP]&amp#27;[39m &amp#27;[37m-->&amp#27;[39m &amp#27;[37mGET&amp#27;[39m &amp#27;[37m/wd/hub/session/a9b87e17-c8ab-4a29-92fe-4d73cbbccd90/context&amp#27;[39m
&amp#27;[35m[HTTP]&amp#27;[39m &amp#27;[90m{}&amp#27;[39m
[debug] &amp#27;[35m[W3C (a9b87e17)]&amp#27;[39m Calling AppiumDriver.getCurrentContext() with args: ["a9b87e17-c8ab-4a29-92fe-4d73cbbccd90"]
[debug] &amp#27;[35m[W3C (a9b87e17)]&amp#27;[39m Responding to client with driver.getCurrentContext() result: "NATIVE_APP"
&amp#27;[35m[HTTP]&amp#27;[39m &amp#27;[37m<-- GET /wd/hub/session/a9b87e17-c8ab-4a29-92fe-4d73cbbccd90/context &amp#27;[39m&amp#27;[32m200&amp#27;[39m &amp#27;[90m2 ms - 22&amp#27;[39m
&amp#27;[35m[HTTP]&amp#27;[39m &amp#27;[90m&amp#27;[39m
&amp#27;[35m[HTTP]&amp#27;[39m &amp#27;[37m-->&amp#27;[39m &amp#27;[37mPOST&amp#27;[39m &amp#27;[37m/wd/hub/session/a9b87e17-c8ab-4a29-92fe-4d73cbbccd90/element&amp#27;[39m
&amp#27;[35m[HTTP]&amp#27;[39m &amp#27;[90m{"using":"id","value":"com.android.permissioncontroller:id/permission_allow_foreground_only_button"}&amp#27;[39m
[debug] &amp#27;[35m[W3C (a9b87e17)]&amp#27;[39m Calling AppiumDriver.findElement() with args: ["id","com.android.permissioncontroller:id/permission_allow_foreground_only_button","a9b87e17-c8ab-4a29-92fe-4d73cbbccd90"]
[debug] &amp#27;[35m[BaseDriver]&amp#27;[39m Valid locator strategies for this request: xpath, id, class name, accessibility id, -android uiautomator
[debug] &amp#27;[35m[BaseDriver]&amp#27;[39m Waiting up to 30000 ms for condition
[debug] &amp#27;[35m[WD Proxy]&amp#27;[39m Matched '/element' to command name 'findElement'
[debug] &amp#27;[35m[WD Proxy]&amp#27;[39m Proxying [POST /element] to [POST http://127.0.0.1:8225/wd/hub/session/8ae78652-781d-4ad6-a11a-93d01f0b48f0/element] with body: {"strategy":"id","selector":"com.android.permissioncontroller:id/permission_allow_foreground_only_button","context":"","multiple":false}
[debug] &amp#27;[35m[WD Proxy]&amp#27;[39m Got response with status 200: {"sessionId":"8ae78652-781d-4ad6-a11a-93d01f0b48f0","value":{"ELEMENT":"bad863a2-bb66-4fbb-8e4a-075c9eaa6daa","element-6066-11e4-a52e-4f735466cecf":"bad863a2-bb66-4fbb-8e4a-075c9eaa6daa"}}
[debug] &amp#27;[35m[W3C (a9b87e17)]&amp#27;[39m Responding to client with driver.findElement() result: {"element-6066-11e4-a52e-4f735466cecf":"bad863a2-bb66-4fbb-8e4a-075c9eaa6daa","ELEMENT":"bad863a2-bb66-4fbb-8e4a-075c9eaa6daa"}
&amp#27;[35m[HTTP]&amp#27;[39m &amp#27;[37m<-- POST /wd/hub/session/a9b87e17-c8ab-4a29-92fe-4d73cbbccd90/element &amp#27;[39m&amp#27;[32m200&amp#27;[39m &amp#27;[90m37 ms - 137&amp#27;[39m
&amp#27;[35m[HTTP]&amp#27;[39m &amp#27;[90m&amp#27;[39m
&amp#27;[35m[HTTP]&amp#27;[39m &amp#27;[37m-->&amp#27;[39m &amp#27;[37mPOST&amp#27;[39m &amp#27;[37m/wd/hub/session/a9b87e17-c8ab-4a29-92fe-4d73cbbccd90/element/bad863a2-bb66-4fbb-8e4a-075c9eaa6daa/click&amp#27;[39m
&amp#27;[35m[HTTP]&amp#27;[39m &amp#27;[90m{"id":"bad863a2-bb66-4fbb-8e4a-075c9eaa6daa"}&amp#27;[39m
[debug] &amp#27;[35m[W3C (a9b87e17)]&amp#27;[39m Calling AppiumDriver.click() with args: ["bad863a2-bb66-4fbb-8e4a-075c9eaa6daa","a9b87e17-c8ab-4a29-92fe-4d73cbbccd90"]
[debug] &amp#27;[35m[WD Proxy]&amp#27;[39m Matched '/element/bad863a2-bb66-4fbb-8e4a-075c9eaa6daa/click' to command name 'click'
[debug] &amp#27;[35m[WD Proxy]&amp#27;[39m Proxying [POST /element/bad863a2-bb66-4fbb-8e4a-075c9eaa6daa/click] to [POST http://127.0.0.1:8225/wd/hub/session/8ae78652-781d-4ad6-a11a-93d01f0b48f0/element/bad863a2-bb66-4fbb-8e4a-075c9eaa6daa/click] with body: {"element":"bad863a2-bb66-4fbb-8e4a-075c9eaa6daa"}
[debug] &amp#27;[35m[WD Proxy]&amp#27;[39m Got response with status 200: {"sessionId":"8ae78652-781d-4ad6-a11a-93d01f0b48f0","value":null}
[debug] &amp#27;[35m[W3C (a9b87e17)]&amp#27;[39m Responding to client with driver.click() result: null
&amp#27;[35m[HTTP]&amp#27;[39m &amp#27;[37m<-- POST /wd/hub/session/a9b87e17-c8ab-4a29-92f INFO [main] (TC_Android_001.java:29)- Click allow access button
e-4d73cbbccd90/element/bad863a2-bb66-4fbb-8e4a-075c9eaa6daa/click &amp#27;[39m&amp#27;[32m200&amp#27;[39m &amp#27;[90m76 ms - 14&amp#27;[39m
&amp#27;[35m[HTTP]&amp#27;[39m &amp#27;[90m&amp#27;[39m
&amp#27;[35m[HTTP]&amp#27;[39m &amp#27;[37m-->&amp#27;[39m &amp#27;[37mPOST&amp#27;[39m &amp#27;[37m/wd/hub/session/a9b87e17-c8ab-4a29-92fe-4d73cbbccd90/element&amp#27;[39m
&amp#27;[35m[HTTP]&amp#27;[39m &amp#27;[90m{"using":"id","value":"com.freshii.freshii:id/imgHome"}&amp#27;[39m
[debug] &amp#27;[35m[W3C (a9b87e17)]&amp#27;[39m Calling AppiumDriver.findElement() with args: ["id","com.freshii.freshii:id/imgHome","a9b87e17-c8ab-4a29-92fe-4d73cbbccd90"]
[debug] &amp#27;[35m[BaseDriver]&amp#27;[39m Valid locator strategies for this request: xpath, id, class name, accessibility id, -android uiautomator
[debug] &amp#27;[35m[BaseDriver]&amp#27;[39m Waiting up to 30000 ms for condition
[debug] &amp#27;[35m[WD Proxy]&amp#27;[39m Matched '/element' to command name 'findElement'
[debug] &amp#27;[35m[WD Proxy]&amp#27;[39m Proxying [POST /element] to [POST http://127.0.0.1:8225/wd/hub/session/8ae78652-781d-4ad6-a11a-93d01f0b48f0/element] with body: {"strategy":"id","selector":"com.freshii.freshii:id/imgHome","context":"","multiple":false}
[debug] &amp#27;[35m[WD Proxy]&amp#27;[39m Got response with status 200: {"sessionId":"8ae78652-781d-4ad6-a11a-93d01f0b48f0","value":{"ELEMENT":"c061d05f-a27f-4626-ae30-941815fe16d9","element-6066-11e4-a52e-4f735466cecf":"c061d05f-a27f-4626-ae30-941815fe16d9"}}
[debug] &amp#27;[35m[W3C (a9b87e17)]&amp#27;[39m Responding to client with driver.findElement() result: {"element-6066-11e4-a52e-4f735466cecf":"c061d05f-a27f-4626-ae30-941815fe16d9","ELEMENT":"c061d05f-a27f-4626-ae30-941815fe16d9"}
&amp#27;[35m[HTTP]&amp#27;[39m &amp#27;[37m<-- POST /wd/hub/session/a9b87e17-c8ab-4a29-92fe-4d73cbbccd90/element &amp#27;[39m&amp#27;[32m200&amp#27;[39m &amp#27;[90m517 ms - 137&amp#27;[39m
&amp#27;[35m[HTTP]&amp#27;[39m &amp#27;[90m&amp#27;[39m
&amp#27;[35m[HTTP]&amp#27;[39m &amp#27;[37m-->&amp#27;[39m &amp#27;[37mPOST&amp#27;[39m &amp#27;[37m/wd/hub/session/a9b87e17-c8ab-4a29-92fe-4d73cbbccd90/element/c061d05f-a27f-4626-ae30-941815fe16d9/click&amp#27;[39m
&amp#27;[35m[HTTP]&amp#27;[39m &amp#27;[90m{"id":"c061d05f-a27f-4626-ae30-941815fe16d9"}&amp#27;[39m
[debug] &amp#27;[35m[W3C (a9b87e17)]&amp#27;[39m Calling AppiumDriver.click() with args: ["c061d05f-a27f-4626-ae30-941815fe16d9","a9b87e17-c8ab-4a29-92fe-4d73cbbccd90"]
[debug] &amp#27;[35m[WD Proxy]&amp#27;[39m Matched '/element/c061d05f-a27f-4626-ae30-941815fe16d9/click' to command name 'click'
[debug] &amp#27;[35m[WD Proxy]&amp#27;[39m Proxying [POST /element/c061d05f-a27f-4626-ae30-941815fe16d9/click] to [POST http://127.0.0.1:8225/wd/hub/session/8ae78652-781d-4ad6-a11a-93d01f0b48f0/element/c061d05f-a27f-4626-ae30-941815fe16d9/click] with body: {"element":"c061d05f-a27f-4626-ae30-941815fe16d9"}
&amp#27;[35m[WD Proxy]&amp#27;[39m Got response with status 404: {"sessionId":"8ae78652-781d-4ad6-a11a-93d01f0b48f0","value":{"error":"stale element reference","message":"The element 'By.id: com.freshii.freshii:id/imgHome' does not exist in DOM anymore","stacktrace":"io.appium.uiautomator2.common.exceptions.StaleElementReferenceException: The element 'By.id: com.freshii.freshii:id/imgHome' does not exist in DOM anymore\n\tat io.appium.uiautomator2.model.KnownElements.restoreCachedElement(KnownElements.java:104)\n\tat io.appium.uiautomator2.model.KnownElements.getElementFromCache(KnownElements.java:123)\n\tat io.appium.uiautomator2.handler.Click.safeHandle(Click.java:41)\n\tat io.appium.uiautomator2.handler.request.SafeRequestHandler.handle(SafeRequestHandler.java:41)\n\tat io.appium.uiautomator2.server.AppiumServlet.handleRequest(AppiumServlet.java:257)\n\tat io.appium.uiautomator2.server.AppiumServlet.handleHttpRequest(AppiumServlet.java:247)\n\tat io.appium.uiautomator2.http.ServerHandler.channelRead(ServerHandler.java:50)\n\tat io.netty.channel.AbstractChannelHandler...
[debug] &amp#27;[35m[W3C]&amp#27;[39m Matched W3C error code 'stale element reference' to StaleElementReferenceError
[debug] &amp#27;[35m[W3C (a9b87e17)]&amp#27;[39m Encountered internal error running command: io.appium.uiautomator2.common.exceptions.StaleElementReferenceException: The element 'By.id: com.freshii.freshii:id/imgHome' does not exist in DOM anymore
[debug] &amp#27;[35m[W3C (a9b87e17)]&amp#27;[39m 	at io.appium.uiautomator2.model.KnownElements.restoreCachedElement(KnownElements.java:104)
[debug] &amp#27;[35m[W3C (a9b87e17)]&amp#27;[39m 	at io.appium.uiautomator2.model.KnownElements.getElementFromCache(KnownElements.java:123)
[debug] &amp#27;[35m[W3C (a9b87e17)]&amp#27;[39m 	at io.appium.uiautomator2.handler.Click.safeHandle(Click.java:41)
[debug] &amp#27;[35m[W3C (a9b87e17)]&amp#27;[39m 	at io.appium.uiautomator2.handler.request.SafeRequestHandler.handle(SafeRequestHandler.java:41)
[debug] &amp#27;[35m[W3C (a9b87e17)]&amp#27;[39m 	at io.appium.uiautomator2.server.AppiumServlet.handleRequest(AppiumServlet.java:257)
[debug] &amp#27;[35m[W3C (a9b87e17)]&amp#27;[39m 	at io.appium.uiautomator2.server.AppiumServlet.handleHttpRequest(AppiumServlet.java:247)
[debug] &amp#27;[35m[W3C (a9b87e17)]&amp#27;[39m 	at io.appium.uiautomator2.http.ServerHandler.channelRead(ServerHandler.java:50)
[debug] &amp#27;[35m[W3C (a9b87e17)]&amp#27;[39m 	at io.netty.channel.AbstractChannelHandlerContext.invokeChannelRead(AbstractChannelHandlerContext.java:366)
[debug] &amp#27;[35m[W3C (a9b87e17)]&amp#27;[39m 	at io.netty.channel.AbstractChannelHandlerContext.invokeChannelRead(AbstractChannelHandlerContext.java:352)
[debug] &amp#27;[35m[W3C (a9b87e17)]&amp#27;[39m 	at io.netty.channel.AbstractChannelHandlerContext.fireChannelRead(AbstractChannelHandlerContext.java:345)
[debug] &amp#27;[35m[W3C (a9b87e17)]&amp#27;[39m 	at io.netty.handler.codec.MessageToMessageDecoder.channelRead(MessageToMessageDecoder.java:102)
[debug] &amp#27;[35m[W3C (a9b87e17)]&amp#27;[39m 	at io.netty.channel.AbstractChannelHandlerContext.invokeChannelRead(AbstractChannelHandlerContext.java:366)
[debug] &amp#27;[35m[W3C (a9b87e17)]&amp#27;[39m 	at io.netty.channel.AbstractChannelHandlerContext.invokeChannelRead(AbstractChannelHandlerContext.java:352)
[debug] &amp#27;[35m[W3C (a9b87e17)]&amp#27;[39m 	at io.netty.channel.AbstractChannelHandlerContext.fireChannelRead(AbstractChannelHandlerContext.java:345)
[debug] &amp#27;[35m[W3C (a9b87e17)]&amp#27;[39m 	at io.netty.channel.CombinedChannelDuplexHandler$DelegatingChannelHandlerContext.fireChannelRead(CombinedChannelDuplexHandler.java:435)
[debug] &amp#27;[35m[W3C (a9b87e17)]&amp#27;[39m 	at io.netty.handler.codec.ByteToMessageDecoder.fireChannelRead(ByteToMessageDecoder.java:293)
[debug] &amp#27;[35m[W3C (a9b87e17)]&amp#27;[39m 	at io.netty.handler.codec.ByteToMessageDecoder.channelRead(ByteToMessageDecoder.java:267)
[debug] &amp#27;[35m[W3C (a9b87e17)]&amp#27;[39m 	at io.netty.channel.CombinedChannelDuplexHandler.channelRead(CombinedChannelDuplexHandler.java:250)
[debug] &amp#27;[35m[W3C (a9b87e17)]&amp#27;[39m 	at io.netty.channel.AbstractChannelHandlerContext.invokeChannelRead(AbstractChannelHandlerContext.java:366)
[debug] &amp#27;[35m[W3C (a9b87e17)]&amp#27;[39m 	at io.netty.channel.AbstractChannelHandlerContext.invokeChannelRead(AbstractChannelHandlerContext.java:352)
[debug] &amp#27;[35m[W3C (a9b87e17)]&amp#27;[39m 	at io.netty.channel.AbstractChannelHandlerContext.fireChannelRead(AbstractChannelHandlerContext.java:345)
[debug] &amp#27;[35m[W3C (a9b87e17)]&amp#27;[39m 	at io.netty.handler.timeout.IdleStateHandler.channelRead(IdleStateHandler.java:266)
[debug] &amp#27;[35m[W3C (a9b87e17)]&amp#27;[39m 	at io.netty.channel.AbstractChannelHandlerContext.invokeChannelRead(AbstractChannelHandlerContext.java:366)
[debug] &amp#27;[35m[W3C (a9b87e17)]&amp#27;[39m 	at io.netty.channel.AbstractChannelHandlerContext.invokeChannelRead(AbstractChannelHandlerContext.java:352)
[debug] &amp#27;[35m[W3C (a9b87e17)]&amp#27;[39m 	at io.netty.channel.AbstractChannelHandlerContext.fireChannelRead(AbstractChannelHandlerContext.java:345)
[debug] &amp#27;[35m[W3C (a9b87e17)]&amp#27;[39m 	at io.netty.channel.DefaultChannelPipeline$HeadContext.channelRead(DefaultChannelPipeline.java:1294)
[debug] &amp#27;[35m[W3C (a9b87e17)]&amp#27;[39m 	at io.netty.channel.AbstractChannelHandlerContext.invokeChannelRead(AbstractChannelHandlerContext.java:366)
[debug] &amp#27;[35m[W3C (a9b87e17)]&amp#27;[39m 	at io.netty.channel.AbstractChannelHandlerContext.invokeChannelRead(AbstractChannelHandlerContext.java:352)
[debug] &amp#27;[35m[W3C (a9b87e17)]&amp#27;[39m 	at io.netty.channel.DefaultChannelPipeline.fireChannelRead(DefaultChannelPipeline.java:911)
[debug] &amp#27;[35m[W3C (a9b87e17)]&amp#27;[39m 	at io.netty.channel.nio.AbstractNioByteChannel$NioByteUnsafe.read(AbstractNioByteChannel.java:131)
[debug] &amp#27;[35m[W3C (a9b87e17)]&amp#27;[39m 	at io.netty.channel.nio.NioEventLoop.processSelectedKey(NioEventLoop.java:611)
[debug] &amp#27;[35m[W3C (a9b87e17)]&amp#27;[39m 	at io.netty.channel.nio.NioEventLoop.processSelectedKeysOptimized(NioEventLoop.java:552)
[debug] &amp#27;[35m[W3C (a9b87e17)]&amp#27;[39m 	at io.netty.channel.nio.NioEventLoop.processSelectedKeys(NioEventLoop.java:466)
[debug] &amp#27;[35m[W3C (a9b87e17)]&amp#27;[39m 	at io.netty.channel.nio.NioEventLoop.run(NioEventLoop.java:438)
[debug] &amp#27;[35m[W3C (a9b87e17)]&amp#27;[39m 	at io.netty.util.concurrent.SingleThreadEventExecutor$2.run(SingleThreadEventExecutor.java:140)
[debug] &amp#27;[35m[W3C (a9b87e17)]&amp#27;[39m 	at io.netty.util.concurrent.DefaultThreadFactory$DefaultRunnableDecorator.run(DefaultThreadFactory.java:144)
[debug] &amp#27;[35m[W3C (a9b87e17)]&amp#27;[39m 	at java.lang.Thread.run(Thread.java:919)
[debug] &amp#27;[35m[W3C (a9b87e17)]&amp#27;[39m 
&amp#27;[35m[HTTP]&amp#27;[39m &amp#27;[37m<-- POST /wd/hub/session/a9b87e17-c8ab-4a29-92fe-4d73cbbccd90/element/c061d05f-a27f-4626-ae30-941815fe16d9/click &amp#27;[39m&amp#27;[33m404&amp#27;[39m &amp#27;[90m862 ms - 3973&amp#27;[39m
&amp#27;[35m[HTTP]&amp#27;[39m &amp#27;[90m&amp#27;[39m
&amp#27;[35m[HTTP]&amp#27;[39m &amp#27;[37m-->&amp#27;[39m &amp#27;[37mPOST&amp#27;[39m &amp#27;[37m/wd/hub/session/a9b87e17-c8ab-4a29-92fe-4d73cbbccd90/element&amp#27;[39m
&amp#27;[35m[HTTP]&amp#27;[39m &amp#27;[90m{"using":"id","value":"com.freshii.freshii:id/imgHome"}&amp#27;[39m
[debug] &amp#27;[35m[W3C (a9b87e17)]&amp#27;[39m Calling AppiumDriver.findElement() with args: ["id","com.freshii.freshii:id/imgHome","a9b87e17-c8ab-4a29-92fe-4d73cbbccd90"]
[debug] &amp#27;[35m[BaseDriver]&amp#27;[39m Valid locator strategies for this request: xpath, id, class name, accessibility id, -android uiautomator
[debug] &amp#27;[35m[BaseDriver]&amp#27;[39m Waiting up to 30000 ms for condition
[debug] &amp#27;[35m[WD Proxy]&amp#27;[39m Matched '/element' to command name 'findElement'
[debug] &amp#27;[35m[WD Proxy]&amp#27;[39m Proxying [POST /element] to [POST http://127.0.0.1:8225/wd/hub/session/8ae78652-781d-4ad6-a11a-93d01f0b48f0/element] with body: {"strategy":"id","selector":"com.freshii.freshii:id/imgHome","context":"","multiple":false}
[debug] &amp#27;[35m[WD Proxy]&amp#27;[39m Got response with status 200: {"sessionId":"8ae78652-781d-4ad6-a11a-93d01f0b48f0","value":{"ELEMENT":"69d63380-b677-42c0-a224-766779861bb7","element-6066-11e4-a52e-4f735466cecf":"69d63380-b677-42c0-a224-766779861bb7"}}
[debug] &amp#27;[35m[W3C (a9b87e17)]&amp#27;[39m Responding to client with driver.findElement() result: {"element-6066-11e4-a52e-4f735466cecf":"69d63380-b677-42c0-a224-766779861bb7","ELEMENT":"69d63380-b677-42c0-a224-766779861bb7"}
&amp#27;[35m[HTTP]&amp#27;[39m &amp#27;[37m<-- POST /wd/hub/session/a9b87e17-c8ab-4a29-92fe-4d73cbbccd90/element &amp#27;[39m&amp#27;[32m200&amp#27;[39m &amp#27;[90m44 ms - 137&amp#27;[39m
&amp#27;[35m[HTTP]&amp#27;[39m &amp#27;[90m&amp#27;[39m
&amp#27;[35m[HTTP]&amp#27;[39m &amp#27;[37m-->&amp#27;[39m &amp#27;[37mPOST&amp#27;[39m &amp#27;[37m/wd/hub/session/a9b87e17-c8ab-4a29-92fe-4d73cbbccd90/element/69d63380-b677-42c0-a224-766779861bb7/click&amp#27;[39m
&amp#27;[35m[HTTP]&amp#27;[39m &amp#27;[90m{"id":"69d63380-b677-42c0-a224-766779861bb7"}&amp#27;[39m
[debug] &amp#27;[35m[W3C (a9b87e17)]&amp#27;[39m Calling AppiumDriver.click() with args: ["69d63380-b677-42c0-a224-766779861bb7","a9b87e17-c8ab-4a29-92fe-4d73cbbccd90"]
[debug] &amp#27;[35m[WD Proxy]&amp#27;[39m Matched '/element/69d63380-b677-42c0-a224-766779861bb7/click' to command name 'click'
[debug] &amp#27;[35m[WD Proxy]&amp#27;[39m Proxying [POST /element/69d63380-b677-42c0-a224-766779861bb7/click] to [POST http://127.0.0.1:8225/wd/hub/session/8ae78652-781d-4ad6-a11a-93d01f0b48f0/element/69d63380-b677-42c0-a224-766779861bb7/click] with body: {"element":"69d63380-b677-42c0-a224-766779861bb7"}
[debug] &amp#27;[35m[WD Proxy]&amp#27;[39m Got response with status 200: {"sessionId":"8ae78652-781d-4ad6-a11a-93d01f0b48f0","value":null}
[debug] &amp#27;[35m[W3C (a9b87e17)]&amp#27;[39m Responding to client with driver.click() result: null
&amp#27;[35m[HTTP]&amp#27;[39m &amp#27;[37m<-- POST /wd/hub/session/a9b87e17-c8ab-4a29-92fe-4d73cbbccd90/element/69d63380-b677-42c0-a224-766779861bb7/click &amp#27;[39m&amp#27;[32m200&amp#27;[39m &amp#27;[90m66 ms - 14&amp#27;[39m
&amp#27;[35m[HTTP]&amp#27; INFO [main] (TC_Android_001.java:33)- Click home icon
[39m &amp#27;[90m&amp#27;[39m
&amp#27;[35m[HTTP]&amp#27;[39m &amp#27;[37m-->&amp#27;[39m &amp#27;[37mGET&amp#27;[39m &amp#27;[37m/wd/hub/session/a9b87e17-c8ab-4a29-92fe-4d73cbbccd90/context&amp#27;[39m
&amp#27;[35m[HTTP]&amp#27;[39m &amp#27;[90m{}&amp#27;[39m
[debug] &amp#27;[35m[W3C (a9b87e17)]&amp#27;[39m Calling AppiumDriver.getCurrentContext() with args: ["a9b87e17-c8ab-4a29-92fe-4d73cbbccd90"]
[debug] &amp#27;[35m[W3C (a9b87e17)]&amp#27;[39m Responding to client with driver.getCurrentContext() result: "NATIVE_APP"
&amp#27;[35m[HTTP]&amp#27;[39m &amp#27;[37m<-- GET /wd/hub/session/a9b87e17-c8ab-4a29-92fe-4d73cbbccd90/context &amp#27;[39m&amp#27;[32m200&amp#27;[39m &amp#27;[90m3 ms - 22&amp#27;[39m
&amp#27;[35m[HTTP]&amp#27;[39m &amp#27;[90m&amp#27;[39m
&amp#27;[35m[HTTP]&amp#27;[39m &amp#27;[37m-->&amp#27;[39m &amp#27;[37mPOST&amp#27;[39m &amp#27;[37m/wd/hub/session/a9b87e17-c8ab-4a29-92fe-4d73cbbccd90/element&amp#27;[39m
&amp#27;[35m[HTTP]&amp#27;[39m &amp#27;[90m{"using":"xpath","value":"//*[@text='register / login']"}&amp#27;[39m
[debug] &amp#27;[35m[W3C (a9b87e17)]&amp#27;[39m Calling AppiumDriver.findElement() with args: ["xpath","//*[@text='register / login']","a9b87e17-c8ab-4a29-92fe-4d73cbbccd90"]
[debug] &amp#27;[35m[BaseDriver]&amp#27;[39m Valid locator strategies for this request: xpath, id, class name, accessibility id, -android uiautomator
[debug] &amp#27;[35m[BaseDriver]&amp#27;[39m Waiting up to 30000 ms for condition
[debug] &amp#27;[35m[WD Proxy]&amp#27;[39m Matched '/element' to command name 'findElement'
[debug] &amp#27;[35m[WD Proxy]&amp#27;[39m Proxying [POST /element] to [POST http://127.0.0.1:8225/wd/hub/session/8ae78652-781d-4ad6-a11a-93d01f0b48f0/element] with body: {"strategy":"xpath","selector":"//*[@text='register / login']","context":"","multiple":false}
[debug] &amp#27;[35m[WD Proxy]&amp#27;[39m Got response with status 200: {"sessionId":"8ae78652-781d-4ad6-a11a-93d01f0b48f0","value":{"ELEMENT":"dff4f79f-4093-4fb9-8d0d-88abdf7fcc3b","element-6066-11e4-a52e-4f735466cecf":"dff4f79f-4093-4fb9-8d0d-88abdf7fcc3b"}}
[debug] &amp#27;[35m[W3C (a9b87e17)]&amp#27;[39m Responding to client with driver.findElement() result: {"element-6066-11e4-a52e-4f735466cecf":"dff4f79f-4093-4fb9-8d0d-88abdf7fcc3b","ELEMENT":"dff4f79f-4093-4fb9-8d0d-88abdf7fcc3b"}
&amp#27;[35m[HTTP]&amp#27;[39m &amp#27;[37m<-- POST /wd/hub/session/a9b87e17-c8ab-4a29-92fe-4d73cbbccd90/element &amp#27;[39m&amp#27;[32m200&amp#27;[39m &amp#27;[90m649 ms - 137&amp#27;[39m
&amp#27;[35m[HTTP]&amp#27;[39m &amp#27;[90m&amp#27;[39m
&amp#27;[35m[HTTP]&amp#27;[39m &amp#27;[37m-->&amp#27;[39m &amp#27;[37mGET&amp#27;[39m &amp#27;[37m/wd/hub/session/a9b87e17-c8ab-4a29-92fe-4d73cbbccd90/element/dff4f79f-4093-4fb9-8d0d-88abdf7fcc3b/displayed&amp#27;[39m
&amp#27;[35m[HTTP]&amp#27;[39m &amp#27;[90m{}&amp#27;[39m
[debug] &amp#27;[35m[W3C (a9b87e17)]&amp#27;[39m Calling AppiumDriver.elementDisplayed() with args: ["dff4f79f-4093-4fb9-8d0d-88abdf7fcc3b","a9b87e17-c8ab-4a29-92fe-4d73cbbccd90"]
[debug] &amp#27;[35m[WD Proxy]&amp#27;[39m Matched '/element/dff4f79f-4093-4fb9-8d0d-88abdf7fcc3b/attribute/displayed' to command name 'getAttribute'
[debug] &amp#27;[35m[WD Proxy]&amp#27;[39m Proxying [GET /element/dff4f79f-4093-4fb9-8d0d-88abdf7fcc3b/attribute/displayed] to [GET http://127.0.0.1:8225/wd/hub/session/8ae78652-781d-4ad6-a11a-93d01f0b48f0/element/dff4f79f-4093-4fb9-8d0d-88abdf7fcc3b/attribute/displayed] with no body
[debug] &amp#27;[35m[WD Proxy]&amp#27;[39m Got response with status 200: {"sessionId":"8ae78652-781d-4ad6-a11a-93d01f0b48f0","value":"true"}
[debug] &amp#27;[35m[W3C (a9b87e17)]&amp#27;[39m Responding to client with driver.elementDisplayed() result: true
&amp#27;[35m[HTTP]&amp#27;[39m &amp#27;[37m<-- GET /wd/hub/session/a9b87e17-c8ab-4a29-92fe-4d73cbbccd90/element/dff4f79f-4093-4fb9-8d0d-88abdf7fcc3b/displayed &amp#27;[39m&amp#27;[32m200&amp#27;[39m &amp#27;[90m238 ms - 14&amp#27;[39m
&amp#27;[35m[HTTP]&amp#27;[39m &amp#27;[90m&amp#27;[39m
&amp#27;[35m[HTTP]&amp#27;[39m &amp#27;[37m-->&amp#27;[39m &amp#27;[37mGET&amp#27;[39m &amp#27;[37m/wd/hub/session/a9b87e17-c8ab-4a29-92fe-4d73cbbccd90/context&amp#27;[39m
&amp#27;[35m[HTTP]&amp#27;[39m &amp#27;[90m{}&amp#27;[39m
[debug] &amp#27;[35m[W3C (a9b87e17)]&amp#27;[39m Calling AppiumDriver.getCurrentContext() with args: ["a9b87e17-c8ab-4a29-92fe-4d73cbbccd90"]
[debug] &amp#27;[35m[W3C (a9b87e17)]&amp#27;[39m Responding to client with driver.getCurrentContext() result: "NATIVE_APP"
&amp#27;[35m[HTTP]&amp#27;[39m &amp#27;[37m<-- GET /wd/hub/session/a9b87e17-c8ab-4a29-92fe-4d73cbbccd90/context &amp#27;[39m&amp#27;[32m200&amp#27;[39m &amp#27;[90m2 ms - 22&amp#27;[39m
&amp#27;[35m[HTTP]&amp#27;[39m &amp#27;[90m&amp#27;[39m
&amp#27;[35m[HTTP]&amp#27;[39m &amp#27;[37m-->&amp#27;[39m &amp#27;[37mPOST&amp#27;[39m &amp#27;[37m/wd/hub/session/a9b87e17-c8ab-4a29-92fe-4d73cbbccd90/element&amp#27;[39m
&amp#27;[35m[HTTP]&amp#27;[39m &amp#27;[90m{"using":"xpath","value":"//*[@text='register / login']"}&amp#27;[39m
[debug] &amp#27;[35m[W3C (a9b87e17)]&amp#27;[39m Calling AppiumDriver.findElement() with args: ["xpath","//*[@text='register / login']","a9b87e17-c8ab-4a29-92fe-4d73cbbccd90"]
[debug] &amp#27;[35m[BaseDriver]&amp#27;[39m Valid locator strategies for this request: xpath, id, class name, accessibility id, -android uiautomator
[debug] &amp#27;[35m[BaseDriver]&amp#27;[39m Waiting up to 30000 ms for condition
[debug] &amp#27;[35m[WD Proxy]&amp#27;[39m Matched '/element' to command name 'findElement'
[debug] &amp#27;[35m[WD Proxy]&amp#27;[39m Proxying [POST /element] to [POST http://127.0.0.1:8225/wd/hub/session/8ae78652-781d-4ad6-a11a-93d01f0b48f0/element] with body: {"strategy":"xpath","selector":"//*[@text='register / login']","context":"","multiple":false}
[debug] &amp#27;[35m[WD Proxy]&amp#27;[39m Got response with status 200: {"sessionId":"8ae78652-781d-4ad6-a11a-93d01f0b48f0","value":{"ELEMENT":"ca7d4400-e2b0-4466-bfa6-14056ab74041","element-6066-11e4-a52e-4f735466cecf":"ca7d4400-e2b0-4466-bfa6-14056ab74041"}}
[debug] &amp#27;[35m[W3C (a9b87e17)]&amp#27;[39m Responding to client with driver.findElement() result: {"element-6066-11e4-a52e-4f735466cecf":"ca7d4400-e2b0-4466-bfa6-14056ab74041","ELEMENT":"ca7d4400-e2b0-4466-bfa6-14056ab74041"}
&amp#27;[35m[HTTP]&amp#27;[39m &amp#27;[37m<-- POST /wd/hub/session/a9b87e17-c8ab-4a29-92fe-4d73cbbccd90/element &amp#27;[39m&amp#27;[32m200&amp#27;[39m &amp#27;[90m214 ms - 137&amp#27;[39m
&amp#27;[35m[HTTP]&amp#27;[39m &amp#27;[90m&amp#27;[39m
&amp#27;[35m[HTTP]&amp#27;[39m &amp#27;[37m-->&amp#27;[39m &amp#27;[37mGET&amp#27;[39m &amp#27;[37m/wd/hub/session/a9b87e17-c8ab-4a29-92fe-4d73cbbccd90/element/ca7d4400-e2b0-4466-bfa6-14056ab74041/enabled&amp#27;[39m
&amp#27;[35m[HTTP]&amp#27;[39m &amp#27;[90m{}&amp#27;[39m
[debug] &amp#27;[35m[W3C (a9b87e17)]&amp#27;[39m Calling AppiumDriver.elementEnabled() with args: ["ca7d4400-e2b0-4466-bfa6-14056ab74041","a9b87e17-c8ab-4a29-92fe-4d73cbbccd90"]
[debug] &amp#27;[35m[WD Proxy]&amp#27;[39m Matched '/element/ca7d4400-e2b0-4466-bfa6-14056ab74041/attribute/enabled' to command name 'getAttribute'
[debug] &amp#27;[35m[WD Proxy]&amp#27;[39m Proxying [GET /element/ca7d4400-e2b0-4466-bfa6-14056ab74041/attribute/enabled] to [GET http://127.0.0.1:8225/wd/hub/session/8ae78652-781d-4ad6-a11a-93d01f0b48f0/element/ca7d4400-e2b0-4466-bfa6-14056ab74041/attribute/enabled] with no body
[debug] &amp#27;[35m[WD Proxy]&amp#27;[39m Got response with status 200: {"sessionId":"8ae78652-781d-4ad6-a11a-93d01f0b48f0","value":"true"}
[debug] &amp#27;[35m[W3C (a9b87e17)]&amp#27;[39m Responding to client with driver.elementEnabled() result: true
&amp#27;[35m[HTTP]&amp#27;[39m &amp#27;[37m<-- GET /wd/hub/session/a9b87e17-c8ab-4a29-92fe-4d73cbbccd90/element/ca7d4400-e2b0-4466-bfa6-14056ab74041/enabled &amp#27;[39m&amp#27;[32m200&amp#27;[39m &amp#27;[90m22 ms - 14&amp#27;[39m
&amp#27;[35m[HTTP]&amp#27;[39m &amp#27;[90m&amp#27;[39m
&amp#27;[35m[HTTP]&amp#27;[39m &amp#27;[37m-->&amp#27;[39m &amp#27;[37mGET&amp#27;[39m &amp#27;[37m/wd/hub/session/a9b87e17-c8ab-4a29-92fe-4d73cbbccd90/context&amp#27;[39m
&amp#27;[35m[HTTP]&amp#27;[39m &amp#27;[90m{}&amp#27;[39m
[debug] &amp#27;[35m[W3C (a9b87e17)]&amp#27;[39m Calling AppiumDriver.getCurrentContext() with args: ["a9b87e17-c8ab-4a29-92fe-4d73cbbccd90"]
[debug] &amp#27;[35m[W3C (a9b87e17)]&amp#27;[39m Responding to client with driver.getCurrentContext() result: "NATIVE_APP"
&amp#27;[35m[HTTP]&amp#27;[39m &amp#27;[37m<-- GET /wd/hub/session/a9b87e17-c8ab-4a29-92fe-4d73cbbccd90/context &amp#27;[39m&amp#27;[32m200&amp#27;[39m &amp#27;[90m2 ms - 22&amp#27;[39m
&amp#27;[35m[HTTP]&amp#27;[39m &amp#27;[90m&amp#27;[39m
&amp#27;[35m[HTTP]&amp#27;[39m &amp#27;[37m-->&amp#27;[39m &amp#27;[37mPOST&amp#27;[39m &amp#27;[37m/wd/hub/session/a9b87e17-c8ab-4a29-92fe-4d73cbbccd90/element&amp#27;[39m
&amp#27;[35m[HTTP]&amp#27;[39m &amp#27;[90m{"using":"xpath","value":"//*[@text='register / login']"}&amp#27;[39m
[debug] &amp#27;[35m[W3C (a9b87e17)]&amp#27;[39m Calling AppiumDriver.findElement() with args: ["xpath","//*[@text='register / login']","a9b87e17-c8ab-4a29-92fe-4d73cbbccd90"]
[debug] &amp#27;[35m[BaseDriver]&amp#27;[39m Valid locator strategies for this request: xpath, id, class name, accessibility id, -android uiautomator
[debug] &amp#27;[35m[BaseDriver]&amp#27;[39m Waiting up to 30000 ms for condition
[debug] &amp#27;[35m[WD Proxy]&amp#27;[39m Matched '/element' to command name 'findElement'
[debug] &amp#27;[35m[WD Proxy]&amp#27;[39m Proxying [POST /element] to [POST http://127.0.0.1:8225/wd/hub/session/8ae78652-781d-4ad6-a11a-93d01f0b48f0/element] with body: {"strategy":"xpath","selector":"//*[@text='register / login']","context":"","multiple":false}
[debug] &amp#27;[35m[WD Proxy]&amp#27;[39m Got response with status 200: {"sessionId":"8ae78652-781d-4ad6-a11a-93d01f0b48f0","value":{"ELEMENT":"42b8ba6e-2934-4dc5-b9e4-86f5c0de82fe","element-6066-11e4-a52e-4f735466cecf":"42b8ba6e-2934-4dc5-b9e4-86f5c0de82fe"}}
[debug] &amp#27;[35m[W3C (a9b87e17)]&amp#27;[39m Responding to client with driver.findElement() result: {"element-6066-11e4-a52e-4f735466cecf":"42b8ba6e-2934-4dc5-b9e4-86f5c0de82fe","ELEMENT":"42b8ba6e-2934-4dc5-b9e4-86f5c0de82fe"}
&amp#27;[35m[HTTP]&amp#27;[39m &amp#27;[37m<-- POST /wd/hub/session/a9b87e17-c8ab-4a29-92fe-4d73cbbccd90/element &amp#27;[39m&amp#27;[32m200&amp#27;[39m &amp#27;[90m214 ms - 137&amp#27;[39m
&amp#27;[35m[HTTP]&amp#27;[39m &amp#27;[90m&amp#27;[39m
&amp#27;[35m[HTTP]&amp#27;[39m &amp#27;[37m-->&amp#27;[39m &amp#27;[37mPOST&amp#27;[39m &amp#27;[37m/wd/hub/session/a9b87e17-c8ab-4a29-92fe-4d73cbbccd90/element/42b8ba6e-2934-4dc5-b9e4-86f5c0de82fe/click&amp#27;[39m
&amp#27;[35m[HTTP]&amp#27;[39m &amp#27;[90m{"id":"42b8ba6e-2934-4dc5-b9e4-86f5c0de82fe"}&amp#27;[39m
[debug] &amp#27;[35m[W3C (a9b87e17)]&amp#27;[39m Calling AppiumDriver.click() with args: ["42b8ba6e-2934-4dc5-b9e4-86f5c0de82fe","a9b87e17-c8ab-4a29-92fe-4d73cbbccd90"]
[debug] &amp#27;[35m[WD Proxy]&amp#27;[39m Matched '/element/42b8ba6e-2934-4dc5-b9e4-86f5c0de82fe/click' to command name 'click'
[debug] &amp#27;[35m[WD Proxy]&amp#27;[39m Proxying [POST /element/42b8ba6e-2934-4dc5-b9e4-86f5c0de82fe/click] to [POST http://127.0.0.1:8225/wd/hub/session/8ae78652-781d-4ad6-a11a-93d01f0b48f0/element/42b8ba6e-2934-4dc5-b9e4-86f5c0de82fe/click] with body: {"element":"42b8ba6e-2934-4dc5-b9e4-86f5c0de82fe"}
[debug] &amp#27;[35m[WD Proxy]&amp#27;[39m Got response with status 200: {"sessionId":"8ae78652-781d-4ad6-a11a-93d01f0b48f0","value":null}
[debug] &amp#27;[35m[W3C (a9b87e17)]&amp#27;[39m Responding to client with dri INFO [main] (TC_Android_001.java:37)- Click register buton
ver.click() result: null
&amp#27;[35m[HTTP]&amp#27;[39m &amp#27;[37m<-- POST /wd/hub/session/a9b87e17-c8ab-4a29-92fe-4d73cbbccd90/element/42b8ba6e-2934-4dc5-b9e4-86f5c0de82fe/click &amp#27;[39m&amp#27;[32m200&amp#27;[39m &amp#27;[90m73 ms - 14&amp#27;[39m
&amp#27;[35m[HTTP]&amp#27;[39m &amp#27;[90m&amp#27;[39m
&amp#27;[35m[HTTP]&amp#27;[39m &amp#27;[37m-->&amp#27;[39m &amp#27;[37mGET&amp#27;[39m &amp#27;[37m/wd/hub/session/a9b87e17-c8ab-4a29-92fe-4d73cbbccd90/context&amp#27;[39m
&amp#27;[35m[HTTP]&amp#27;[39m &amp#27;[90m{}&amp#27;[39m
[debug] &amp#27;[35m[W3C (a9b87e17)]&amp#27;[39m Calling AppiumDriver.getCurrentContext() with args: ["a9b87e17-c8ab-4a29-92fe-4d73cbbccd90"]
[debug] &amp#27;[35m[W3C (a9b87e17)]&amp#27;[39m Responding to client with driver.getCurrentContext() result: "NATIVE_APP"
&amp#27;[35m[HTTP]&amp#27;[39m &amp#27;[37m<-- GET /wd/hub/session/a9b87e17-c8ab-4a29-92fe-4d73cbbccd90/context &amp#27;[39m&amp#27;[32m200&amp#27;[39m &amp#27;[90m2 ms - 22&amp#27;[39m
&amp#27;[35m[HTTP]&amp#27;[39m &amp#27;[90m&amp#27;[39m
&amp#27;[35m[HTTP]&amp#27;[39m &amp#27;[37m-->&amp#27;[39m &amp#27;[37mPOST&amp#27;[39m &amp#27;[37m/wd/hub/session/a9b87e17-c8ab-4a29-92fe-4d73cbbccd90/element&amp#27;[39m
&amp#27;[35m[HTTP]&amp#27;[39m &amp#27;[90m{"using":"id","value":"com.freshii.freshii:id/txtRegisterWithEmail"}&amp#27;[39m
[debug] &amp#27;[35m[W3C (a9b87e17)]&amp#27;[39m Calling AppiumDriver.findElement() with args: ["id","com.freshii.freshii:id/txtRegisterWithEmail","a9b87e17-c8ab-4a29-92fe-4d73cbbccd90"]
[debug] &amp#27;[35m[BaseDriver]&amp#27;[39m Valid locator strategies for this request: xpath, id, class name, accessibility id, -android uiautomator
[debug] &amp#27;[35m[BaseDriver]&amp#27;[39m Waiting up to 30000 ms for condition
[debug] &amp#27;[35m[WD Proxy]&amp#27;[39m Matched '/element' to command name 'findElement'
[debug] &amp#27;[35m[WD Proxy]&amp#27;[39m Proxying [POST /element] to [POST http://127.0.0.1:8225/wd/hub/session/8ae78652-781d-4ad6-a11a-93d01f0b48f0/element] with body: {"strategy":"id","selector":"com.freshii.freshii:id/txtRegisterWithEmail","context":"","multiple":false}
[debug] &amp#27;[35m[WD Proxy]&amp#27;[39m Got response with status 200: {"sessionId":"8ae78652-781d-4ad6-a11a-93d01f0b48f0","value":{"ELEMENT":"cc36703c-1f49-44cc-bacb-0943b7ba0f72","element-6066-11e4-a52e-4f735466cecf":"cc36703c-1f49-44cc-bacb-0943b7ba0f72"}}
[debug] &amp#27;[35m[W3C (a9b87e17)]&amp#27;[39m Responding to client with driver.findElement() result: {"element-6066-11e4-a52e-4f735466cecf":"cc36703c-1f49-44cc-bacb-0943b7ba0f72","ELEMENT":"cc36703c-1f49-44cc-bacb-0943b7ba0f72"}
&amp#27;[35m[HTTP]&amp#27;[39m &amp#27;[37m<-- POST /wd/hub/session/a9b87e17-c8ab-4a29-92fe-4d73cbbccd90/element &amp#27;[39m&amp#27;[32m200&amp#27;[39m &amp#27;[90m116 ms - 137&amp#27;[39m
&amp#27;[35m[HTTP]&amp#27;[39m &amp#27;[90m&amp#27;[39m
&amp#27;[35m[HTTP]&amp#27;[39m &amp#27;[37m-->&amp#27;[39m &amp#27;[37mGET&amp#27;[39m &amp#27;[37m/wd/hub/session/a9b87e17-c8ab-4a29-92fe-4d73cbbccd90/element/cc36703c-1f49-44cc-bacb-0943b7ba0f72/displayed&amp#27;[39m
&amp#27;[35m[HTTP]&amp#27;[39m &amp#27;[90m{}&amp#27;[39m
[debug] &amp#27;[35m[W3C (a9b87e17)]&amp#27;[39m Calling AppiumDriver.elementDisplayed() with args: ["cc36703c-1f49-44cc-bacb-0943b7ba0f72","a9b87e17-c8ab-4a29-92fe-4d73cbbccd90"]
[debug] &amp#27;[35m[WD Proxy]&amp#27;[39m Matched '/element/cc36703c-1f49-44cc-bacb-0943b7ba0f72/attribute/displayed' to command name 'getAttribute'
[debug] &amp#27;[35m[WD Proxy]&amp#27;[39m Proxying [GET /element/cc36703c-1f49-44cc-bacb-0943b7ba0f72/attribute/displayed] to [GET http://127.0.0.1:8225/wd/hub/session/8ae78652-781d-4ad6-a11a-93d01f0b48f0/element/cc36703c-1f49-44cc-bacb-0943b7ba0f72/attribute/displayed] with no body
[debug] &amp#27;[35m[WD Proxy]&amp#27;[39m Got response with status 200: {"sessionId":"8ae78652-781d-4ad6-a11a-93d01f0b48f0","value":"true"}
[debug] &amp#27;[35m[W3C (a9b87e17)]&amp#27;[39m Responding to client with driver.elementDisplayed() result: true
&amp#27;[35m[HTTP]&amp#27;[39m &amp#27;[37m<-- GET /wd/hub/session/a9b87e17-c8ab-4a29-92fe-4d73cbbccd90/element/cc36703c-1f49-44cc-bacb-0943b7ba0f72/displayed &amp#27;[39m&amp#27;[32m200&amp#27;[39m &amp#27;[90m485 ms - 14&amp#27;[39m
&amp#27;[35m[HTTP]&amp#27;[39m &amp#27;[90m&amp#27;[39m
&amp#27;[35m[HTTP]&amp#27;[39m &amp#27;[37m-->&amp#27;[39m &amp#27;[37mGET&amp#27;[39m &amp#27;[37m/wd/hub/session/a9b87e17-c8ab-4a29-92fe-4d73cbbccd90/context&amp#27;[39m
&amp#27;[35m[HTTP]&amp#27;[39m &amp#27;[90m{}&amp#27;[39m
[debug] &amp#27;[35m[W3C (a9b87e17)]&amp#27;[39m Calling AppiumDriver.getCurrentContext() with args: ["a9b87e17-c8ab-4a29-92fe-4d73cbbccd90"]
[debug] &amp#27;[35m[W3C (a9b87e17)]&amp#27;[39m Responding to client with driver.getCurrentContext() result: "NATIVE_APP"
&amp#27;[35m[HTTP]&amp#27;[39m &amp#27;[37m<-- GET /wd/hub/session/a9b87e17-c8ab-4a29-92fe-4d73cbbccd90/context &amp#27;[39m&amp#27;[32m200&amp#27;[39m &amp#27;[90m5 ms - 22&amp#27;[39m
&amp#27;[35m[HTTP]&amp#27;[39m &amp#27;[90m&amp#27;[39m
&amp#27;[35m[HTTP]&amp#27;[39m &amp#27;[37m-->&amp#27;[39m &amp#27;[37mPOST&amp#27;[39m &amp#27;[37m/wd/hub/session/a9b87e17-c8ab-4a29-92fe-4d73cbbccd90/element&amp#27;[39m
&amp#27;[35m[HTTP]&amp#27;[39m &amp#27;[90m{"using":"id","value":"com.freshii.freshii:id/txtRegisterWithEmail"}&amp#27;[39m
[debug] &amp#27;[35m[W3C (a9b87e17)]&amp#27;[39m Calling AppiumDriver.findElement() with args: ["id","com.freshii.freshii:id/txtRegisterWithEmail","a9b87e17-c8ab-4a29-92fe-4d73cbbccd90"]
[debug] &amp#27;[35m[BaseDriver]&amp#27;[39m Valid locator strategies for this request: xpath, id, class name, accessibility id, -android uiautomator
[debug] &amp#27;[35m[BaseDriver]&amp#27;[39m Waiting up to 30000 ms for condition
[debug] &amp#27;[35m[WD Proxy]&amp#27;[39m Matched '/element' to command name 'findElement'
[debug] &amp#27;[35m[WD Proxy]&amp#27;[39m Proxying [POST /element] to [POST http://127.0.0.1:8225/wd/hub/session/8ae78652-781d-4ad6-a11a-93d01f0b48f0/element] with body: {"strategy":"id","selector":"com.freshii.freshii:id/txtRegisterWithEmail","context":"","multiple":false}
[debug] &amp#27;[35m[WD Proxy]&amp#27;[39m Got response with status 200: {"sessionId":"8ae78652-781d-4ad6-a11a-93d01f0b48f0","value":{"ELEMENT":"c6ff7164-5f9d-494f-8ee8-1bfca00381c9","element-6066-11e4-a52e-4f735466cecf":"c6ff7164-5f9d-494f-8ee8-1bfca00381c9"}}
[debug] &amp#27;[35m[W3C (a9b87e17)]&amp#27;[39m Responding to client with driver.findElement() result: {"element-6066-11e4-a52e-4f735466cecf":"c6ff7164-5f9d-494f-8ee8-1bfca00381c9","ELEMENT":"c6ff7164-5f9d-494f-8ee8-1bfca00381c9"}
&amp#27;[35m[HTTP]&amp#27;[39m &amp#27;[37m<-- POST /wd/hub/session/a9b87e17-c8ab-4a29-92fe-4d73cbbccd90/element &amp#27;[39m&amp#27;[32m200&amp#27;[39m &amp#27;[90m38 ms - 137&amp#27;[39m
&amp#27;[35m[HTTP]&amp#27;[39m &amp#27;[90m&amp#27;[39m
&amp#27;[35m[HTTP]&amp#27;[39m &amp#27;[37m-->&amp#27;[39m &amp#27;[37mGET&amp#27;[39m &amp#27;[37m/wd/hub/session/a9b87e17-c8ab-4a29-92fe-4d73cbbccd90/element/c6ff7164-5f9d-494f-8ee8-1bfca00381c9/enabled&amp#27;[39m
&amp#27;[35m[HTTP]&amp#27;[39m &amp#27;[90m{}&amp#27;[39m
[debug] &amp#27;[35m[W3C (a9b87e17)]&amp#27;[39m Calling AppiumDriver.elementEnabled() with args: ["c6ff7164-5f9d-494f-8ee8-1bfca00381c9","a9b87e17-c8ab-4a29-92fe-4d73cbbccd90"]
[debug] &amp#27;[35m[WD Proxy]&amp#27;[39m Matched '/element/c6ff7164-5f9d-494f-8ee8-1bfca00381c9/attribute/enabled' to command name 'getAttribute'
[debug] &amp#27;[35m[WD Proxy]&amp#27;[39m Proxying [GET /element/c6ff7164-5f9d-494f-8ee8-1bfca00381c9/attribute/enabled] to [GET http://127.0.0.1:8225/wd/hub/session/8ae78652-781d-4ad6-a11a-93d01f0b48f0/element/c6ff7164-5f9d-494f-8ee8-1bfca00381c9/attribute/enabled] with no body
[debug] &amp#27;[35m[WD Proxy]&amp#27;[39m Got response with status 200: {"sessionId":"8ae78652-781d-4ad6-a11a-93d01f0b48f0","value":"true"}
[debug] &amp#27;[35m[W3C (a9b87e17)]&amp#27;[39m Responding to client with driver.elementEnabled() result: true
&amp#27;[35m[HTTP]&amp#27;[39m &amp#27;[37m<-- GET /wd/hub/session/a9b87e17-c8ab-4a29-92fe-4d73cbbccd90/element/c6ff7164-5f9d-494f-8ee8-1bfca00381c9/enabled &amp#27;[39m&amp#27;[32m200&amp#27;[39m &amp#27;[90m27 ms - 14&amp#27;[39m
&amp#27;[35m[HTTP]&amp#27;[39m &amp#27;[90m&amp#27;[39m
&amp#27;[35m[HTTP]&amp#27;[39m &amp#27;[37m-->&amp#27;[39m &amp#27;[37mGET&amp#27;[39m &amp#27;[37m/wd/hub/session/a9b87e17-c8ab-4a29-92fe-4d73cbbccd90/context&amp#27;[39m
&amp#27;[35m[HTTP]&amp#27;[39m &amp#27;[90m{}&amp#27;[39m
[debug] &amp#27;[35m[W3C (a9b87e17)]&amp#27;[39m Calling AppiumDriver.getCurrentContext() with args: ["a9b87e17-c8ab-4a29-92fe-4d73cbbccd90"]
[debug] &amp#27;[35m[W3C (a9b87e17)]&amp#27;[39m Responding to client with driver.getCurrentContext() result: "NATIVE_APP"
&amp#27;[35m[HTTP]&amp#27;[39m &amp#27;[37m<-- GET /wd/hub/session/a9b87e17-c8ab-4a29-92fe-4d73cbbccd90/context &amp#27;[39m&amp#27;[32m200&amp#27;[39m &amp#27;[90m2 ms - 22&amp#27;[39m
&amp#27;[35m[HTTP]&amp#27;[39m &amp#27;[90m&amp#27;[39m
&amp#27;[35m[HTTP]&amp#27;[39m &amp#27;[37m-->&amp#27;[39m &amp#27;[37mPOST&amp#27;[39m &amp#27;[37m/wd/hub/session/a9b87e17-c8ab-4a29-92fe-4d73cbbccd90/element&amp#27;[39m
&amp#27;[35m[HTTP]&amp#27;[39m &amp#27;[90m{"using":"id","value":"com.freshii.freshii:id/txtRegisterWithEmail"}&amp#27;[39m
[debug] &amp#27;[35m[W3C (a9b87e17)]&amp#27;[39m Calling AppiumDriver.findElement() with args: ["id","com.freshii.freshii:id/txtRegisterWithEmail","a9b87e17-c8ab-4a29-92fe-4d73cbbccd90"]
[debug] &amp#27;[35m[BaseDriver]&amp#27;[39m Valid locator strategies for this request: xpath, id, class name, accessibility id, -android uiautomator
[debug] &amp#27;[35m[BaseDriver]&amp#27;[39m Waiting up to 30000 ms for condition
[debug] &amp#27;[35m[WD Proxy]&amp#27;[39m Matched '/element' to command name 'findElement'
[debug] &amp#27;[35m[WD Proxy]&amp#27;[39m Proxying [POST /element] to [POST http://127.0.0.1:8225/wd/hub/session/8ae78652-781d-4ad6-a11a-93d01f0b48f0/element] with body: {"strategy":"id","selector":"com.freshii.freshii:id/txtRegisterWithEmail","context":"","multiple":false}
[debug] &amp#27;[35m[WD Proxy]&amp#27;[39m Got response with status 200: {"sessionId":"8ae78652-781d-4ad6-a11a-93d01f0b48f0","value":{"ELEMENT":"56d5a5d1-63a7-4f8d-8924-f06f3fad6b95","element-6066-11e4-a52e-4f735466cecf":"56d5a5d1-63a7-4f8d-8924-f06f3fad6b95"}}
[debug] &amp#27;[35m[W3C (a9b87e17)]&amp#27;[39m Responding to client with driver.findElement() result: {"element-6066-11e4-a52e-4f735466cecf":"56d5a5d1-63a7-4f8d-8924-f06f3fad6b95","ELEMENT":"56d5a5d1-63a7-4f8d-8924-f06f3fad6b95"}
&amp#27;[35m[HTTP]&amp#27;[39m &amp#27;[37m<-- POST /wd/hub/session/a9b87e17-c8ab-4a29-92fe-4d73cbbccd90/element &amp#27;[39m&amp#27;[32m200&amp#27;[39m &amp#27;[90m26 ms - 137&amp#27;[39m
&amp#27;[35m[HTTP]&amp#27;[39m &amp#27;[90m&amp#27;[39m
&amp#27;[35m[HTTP]&amp#27;[39m &amp#27;[37m-->&amp#27;[39m &amp#27;[37mPOST&amp#27;[39m &amp#27;[37m/wd/hub/session/a9b87e17-c8ab-4a29-92fe-4d73cbbccd90/element/56d5a5d1-63a7-4f8d-8924-f06f3fad6b95/click&amp#27;[39m
&amp#27;[35m[HTTP]&amp#27;[39m &amp#27;[90m{"id":"56d5a5d1-63a7-4f8d-8924-f06f3fad6b95"}&amp#27;[39m
[debug] &amp#27;[35m[W3C (a9b87e17)]&amp#27;[39m Calling AppiumDriver.click() with args: ["56d5a5d1-63a7-4f8d-8924-f06f3fad6b95","a9b87e17-c8ab-4a29-92fe-4d73cbbccd90"]
[debug] &amp#27;[35m[WD Proxy]&amp#27;[39m Matched '/element/56d5a5d1-63a7-4f8d-8924-f06f3fad6b95/click' to command name 'click'
[debug] &amp#27;[35m[WD Proxy]&amp#27;[39m Proxying [POST /element/56d5a5d1-63a7-4f8d-8924-f06f3fad6b95/click] to [POST http://127.0.0.1:8225/wd/hub/session/8ae78652-781d-4ad6-a11a-93d01f0b48f0/element/56d5a5d1-63a7-4f8d-8924-f06f3fad6b95/click] with body: {"element":"56d5a5d1-63a7-4f8d-8924-f06f3fad6b95"}
[debug] &amp#27;[35m[WD Proxy]&amp#27;[39m Got response with status 200: {"sessionId":"8ae78652-781d-4ad6-a11a-93d01f0b48f0","value":null}
[debug] &amp#27;[35m[W3C (a9b87e17)]&amp#27;[39m Responding to client with driver.click() result: null
&amp#27;[35m[HTT INFO [main] (TC_Android_001.java:44)- Select register with email 
P]&amp#27;[39m &amp#27;[37m<-- POST /wd/hub/session/a9b87e17-c8ab-4a29-92fe-4d73cbbccd90/element/56d5a5d1-63a7-4f8d-8924-f06f3fad6b95/click &amp#27;[39m&amp#27;[32m200&amp#27;[39m &amp#27;[90m71 ms - 14&amp#27;[39m
&amp#27;[35m[HTTP]&amp#27;[39m &amp#27;[90m&amp#27;[39m
&amp#27;[35m[HTTP]&amp#27;[39m &amp#27;[37m-->&amp#27;[39m &amp#27;[37mGET&amp#27;[39m &amp#27;[37m/wd/hub/session/a9b87e17-c8ab-4a29-92fe-4d73cbbccd90/context&amp#27;[39m
&amp#27;[35m[HTTP]&amp#27;[39m &amp#27;[90m{}&amp#27;[39m
[debug] &amp#27;[35m[W3C (a9b87e17)]&amp#27;[39m Calling AppiumDriver.getCurrentContext() with args: ["a9b87e17-c8ab-4a29-92fe-4d73cbbccd90"]
[debug] &amp#27;[35m[W3C (a9b87e17)]&amp#27;[39m Responding to client with driver.getCurrentContext() result: "NATIVE_APP"
&amp#27;[35m[HTTP]&amp#27;[39m &amp#27;[37m<-- GET /wd/hub/session/a9b87e17-c8ab-4a29-92fe-4d73cbbccd90/context &amp#27;[39m&amp#27;[32m200&amp#27;[39m &amp#27;[90m2 ms - 22&amp#27;[39m
&amp#27;[35m[HTTP]&amp#27;[39m &amp#27;[90m&amp#27;[39m
&amp#27;[35m[HTTP]&amp#27;[39m &amp#27;[37m-->&amp#27;[39m &amp#27;[37mPOST&amp#27;[39m &amp#27;[37m/wd/hub/session/a9b87e17-c8ab-4a29-92fe-4d73cbbccd90/element&amp#27;[39m
&amp#27;[35m[HTTP]&amp#27;[39m &amp#27;[90m{"using":"id","value":"com.freshii.freshii:id/edtFirstName"}&amp#27;[39m
[debug] &amp#27;[35m[W3C (a9b87e17)]&amp#27;[39m Calling AppiumDriver.findElement() with args: ["id","com.freshii.freshii:id/edtFirstName","a9b87e17-c8ab-4a29-92fe-4d73cbbccd90"]
[debug] &amp#27;[35m[BaseDriver]&amp#27;[39m Valid locator strategies for this request: xpath, id, class name, accessibility id, -android uiautomator
[debug] &amp#27;[35m[BaseDriver]&amp#27;[39m Waiting up to 30000 ms for condition
[debug] &amp#27;[35m[WD Proxy]&amp#27;[39m Matched '/element' to command name 'findElement'
[debug] &amp#27;[35m[WD Proxy]&amp#27;[39m Proxying [POST /element] to [POST http://127.0.0.1:8225/wd/hub/session/8ae78652-781d-4ad6-a11a-93d01f0b48f0/element] with body: {"strategy":"id","selector":"com.freshii.freshii:id/edtFirstName","context":"","multiple":false}
&amp#27;[35m[WD Proxy]&amp#27;[39m Got response with status 404: {"sessionId":"8ae78652-781d-4ad6-a11a-93d01f0b48f0","value":{"error":"no such element","message":"An element could not be located on the page using the given search parameters","stacktrace":"io.appium.uiautomator2.common.exceptions.ElementNotFoundException: An element could not be located on the page using the given search parameters\n\tat io.appium.uiautomator2.handler.FindElement.safeHandle(FindElement.java:73)\n\tat io.appium.uiautomator2.handler.request.SafeRequestHandler.handle(SafeRequestHandler.java:41)\n\tat io.appium.uiautomator2.server.AppiumServlet.handleRequest(AppiumServlet.java:257)\n\tat io.appium.uiautomator2.server.AppiumServlet.handleHttpRequest(AppiumServlet.java:247)\n\tat io.appium.uiautomator2.http.ServerHandler.channelRead(ServerHandler.java:50)\n\tat io.netty.channel.AbstractChannelHandlerContext.invokeChannelRead(AbstractChannelHandlerContext.java:366)\n\tat io.netty.channel.AbstractChannelHandlerContext.invokeChannelRead(AbstractChannelHandlerContext.java:352)\n\tat io.netty.chann...
[debug] &amp#27;[35m[W3C]&amp#27;[39m Matched W3C error code 'no such element' to NoSuchElementError
[debug] &amp#27;[35m[BaseDriver]&amp#27;[39m Waited for 203 ms so far
[debug] &amp#27;[35m[WD Proxy]&amp#27;[39m Matched '/element' to command name 'findElement'
[debug] &amp#27;[35m[WD Proxy]&amp#27;[39m Proxying [POST /element] to [POST http://127.0.0.1:8225/wd/hub/session/8ae78652-781d-4ad6-a11a-93d01f0b48f0/element] with body: {"strategy":"id","selector":"com.freshii.freshii:id/edtFirstName","context":"","multiple":false}
[debug] &amp#27;[35m[WD Proxy]&amp#27;[39m Got response with status 200: {"sessionId":"8ae78652-781d-4ad6-a11a-93d01f0b48f0","value":{"ELEMENT":"303995de-48b3-4c22-9a0f-fa53ad38b02e","element-6066-11e4-a52e-4f735466cecf":"303995de-48b3-4c22-9a0f-fa53ad38b02e"}}
[debug] &amp#27;[35m[W3C (a9b87e17)]&amp#27;[39m Responding to client with driver.findElement() result: {"element-6066-11e4-a52e-4f735466cecf":"303995de-48b3-4c22-9a0f-fa53ad38b02e","ELEMENT":"303995de-48b3-4c22-9a0f-fa53ad38b02e"}
&amp#27;[35m[HTTP]&amp#27;[39m &amp#27;[37m<-- POST /wd/hub/session/a9b87e17-c8ab-4a29-92fe-4d73cbbccd90/element &amp#27;[39m&amp#27;[32m200&amp#27;[39m &amp#27;[90m1183 ms - 137&amp#27;[39m
&amp#27;[35m[HTTP]&amp#27;[39m &amp#27;[90m&amp#27;[39m
&amp#27;[35m[HTTP]&amp#27;[39m &amp#27;[37m-->&amp#27;[39m &amp#27;[37mGET&amp#27;[39m &amp#27;[37m/wd/hub/session/a9b87e17-c8ab-4a29-92fe-4d73cbbccd90/element/303995de-48b3-4c22-9a0f-fa53ad38b02e/displayed&amp#27;[39m
&amp#27;[35m[HTTP]&amp#27;[39m &amp#27;[90m{}&amp#27;[39m
[debug] &amp#27;[35m[W3C (a9b87e17)]&amp#27;[39m Calling AppiumDriver.elementDisplayed() with args: ["303995de-48b3-4c22-9a0f-fa53ad38b02e","a9b87e17-c8ab-4a29-92fe-4d73cbbccd90"]
[debug] &amp#27;[35m[WD Proxy]&amp#27;[39m Matched '/element/303995de-48b3-4c22-9a0f-fa53ad38b02e/attribute/displayed' to command name 'getAttribute'
[debug] &amp#27;[35m[WD Proxy]&amp#27;[39m Proxying [GET /element/303995de-48b3-4c22-9a0f-fa53ad38b02e/attribute/displayed] to [GET http://127.0.0.1:8225/wd/hub/session/8ae78652-781d-4ad6-a11a-93d01f0b48f0/element/303995de-48b3-4c22-9a0f-fa53ad38b02e/attribute/displayed] with no body
[debug] &amp#27;[35m[WD Proxy]&amp#27;[39m Got response with status 200: {"sessionId":"8ae78652-781d-4ad6-a11a-93d01f0b48f0","value":"true"}
[debug] &amp#27;[35m[W3C (a9b87e17)]&amp#27;[39m Responding to client with driver.elementDisplayed() result: true
&amp#27;[35m[HTTP]&amp#27;[39m &amp#27;[37m<-- GET /wd/hub/session/a9b87e17-c8ab-4a29-92fe-4d73cbbccd90/element/303995de-48b3-4c22-9a0f-fa53ad38b02e/displayed &amp#27;[39m&amp#27;[32m200&amp#27;[39m &amp#27;[90m19 ms - 14&amp#27;[39m
&amp#27;[35m[HTTP]&amp#27;[39m &amp#27;[90m&amp#27;[39m
&amp#27;[35m[HTTP]&amp#27;[39m &amp#27;[37m-->&amp#27;[39m &amp#27;[37mGET&amp#27;[39m &amp#27;[37m/wd/hub/session/a9b87e17-c8ab-4a29-92fe-4d73cbbccd90/context&amp#27;[39m
&amp#27;[35m[HTTP]&amp#27;[39m &amp#27;[90m{}&amp#27;[39m
[debug] &amp#27;[35m[W3C (a9b87e17)]&amp#27;[39m Calling AppiumDriver.getCurrentContext() with args: ["a9b87e17-c8ab-4a29-92fe-4d73cbbccd90"]
[debug] &amp#27;[35m[W3C (a9b87e17)]&amp#27;[39m Responding to client with driver.getCurrentContext() result: "NATIVE_APP"
&amp#27;[35m[HTTP]&amp#27;[39m &amp#27;[37m<-- GET /wd/hub/session/a9b87e17-c8ab-4a29-92fe-4d73cbbccd90/context &amp#27;[39m&amp#27;[32m200&amp#27;[39m &amp#27;[90m2 ms - 22&amp#27;[39m
&amp#27;[35m[HTTP]&amp#27;[39m &amp#27;[90m&amp#27;[39m
&amp#27;[35m[HTTP]&amp#27;[39m &amp#27;[37m-->&amp#27;[39m &amp#27;[37mPOST&amp#27;[39m &amp#27;[37m/wd/hub/session/a9b87e17-c8ab-4a29-92fe-4d73cbbccd90/element&amp#27;[39m
&amp#27;[35m[HTTP]&amp#27;[39m &amp#27;[90m{"using":"id","value":"com.freshii.freshii:id/edtFirstName"}&amp#27;[39m
[debug] &amp#27;[35m[W3C (a9b87e17)]&amp#27;[39m Calling AppiumDriver.findElement() with args: ["id","com.freshii.freshii:id/edtFirstName","a9b87e17-c8ab-4a29-92fe-4d73cbbccd90"]
[debug] &amp#27;[35m[BaseDriver]&amp#27;[39m Valid locator strategies for this request: xpath, id, class name, accessibility id, -android uiautomator
[debug] &amp#27;[35m[BaseDriver]&amp#27;[39m Waiting up to 30000 ms for condition
[debug] &amp#27;[35m[WD Proxy]&amp#27;[39m Matched '/element' to command name 'findElement'
[debug] &amp#27;[35m[WD Proxy]&amp#27;[39m Proxying [POST /element] to [POST http://127.0.0.1:8225/wd/hub/session/8ae78652-781d-4ad6-a11a-93d01f0b48f0/element] with body: {"strategy":"id","selector":"com.freshii.freshii:id/edtFirstName","context":"","multiple":false}
[debug] &amp#27;[35m[WD Proxy]&amp#27;[39m Got response with status 200: {"sessionId":"8ae78652-781d-4ad6-a11a-93d01f0b48f0","value":{"ELEMENT":"74b07713-5cdd-4dfc-ac80-612554a689d7","element-6066-11e4-a52e-4f735466cecf":"74b07713-5cdd-4dfc-ac80-612554a689d7"}}
[debug] &amp#27;[35m[W3C (a9b87e17)]&amp#27;[39m Responding to client with driver.findElement() result: {"element-6066-11e4-a52e-4f735466cecf":"74b07713-5cdd-4dfc-ac80-612554a689d7","ELEMENT":"74b07713-5cdd-4dfc-ac80-612554a689d7"}
&amp#27;[35m[HTTP]&amp#27;[39m &amp#27;[37m<-- POST /wd/hub/session/a9b87e17-c8ab-4a29-92fe-4d73cbbccd90/element &amp#27;[39m&amp#27;[32m200&amp#27;[39m &amp#27;[90m54 ms - 137&amp#27;[39m
&amp#27;[35m[HTTP]&amp#27;[39m &amp#27;[90m&amp#27;[39m
&amp#27;[35m[HTTP]&amp#27;[39m &amp#27;[37m-->&amp#27;[39m &amp#27;[37mGET&amp#27;[39m &amp#27;[37m/wd/hub/session/a9b87e17-c8ab-4a29-92fe-4d73cbbccd90/element/74b07713-5cdd-4dfc-ac80-612554a689d7/enabled&amp#27;[39m
&amp#27;[35m[HTTP]&amp#27;[39m &amp#27;[90m{}&amp#27;[39m
[debug] &amp#27;[35m[W3C (a9b87e17)]&amp#27;[39m Calling AppiumDriver.elementEnabled() with args: ["74b07713-5cdd-4dfc-ac80-612554a689d7","a9b87e17-c8ab-4a29-92fe-4d73cbbccd90"]
[debug] &amp#27;[35m[WD Proxy]&amp#27;[39m Matched '/element/74b07713-5cdd-4dfc-ac80-612554a689d7/attribute/enabled' to command name 'getAttribute'
[debug] &amp#27;[35m[WD Proxy]&amp#27;[39m Proxying [GET /element/74b07713-5cdd-4dfc-ac80-612554a689d7/attribute/enabled] to [GET http://127.0.0.1:8225/wd/hub/session/8ae78652-781d-4ad6-a11a-93d01f0b48f0/element/74b07713-5cdd-4dfc-ac80-612554a689d7/attribute/enabled] with no body
[debug] &amp#27;[35m[WD Proxy]&amp#27;[39m Got response with status 200: {"sessionId":"8ae78652-781d-4ad6-a11a-93d01f0b48f0","value":"true"}
[debug] &amp#27;[35m[W3C (a9b87e17)]&amp#27;[39m Responding to client with driver.elementEnabled() result: true
&amp#27;[35m[HTTP]&amp#27;[39m &amp#27;[37m<-- GET /wd/hub/session/a9b87e17-c8ab-4a29-92fe-4d73cbbccd90/element/74b07713-5cdd-4dfc-ac80-612554a689d7/enabled &amp#27;[39m&amp#27;[32m200&amp#27;[39m &amp#27;[90m17 ms - 14&amp#27;[39m
&amp#27;[35m[HTTP]&amp#27;[39m &amp#27;[90m&amp#27;[39m
&amp#27;[35m[HTTP]&amp#27;[39m &amp#27;[37m-->&amp#27;[39m &amp#27;[37mGET&amp#27;[39m &amp#27;[37m/wd/hub/session/a9b87e17-c8ab-4a29-92fe-4d73cbbccd90/context&amp#27;[39m
&amp#27;[35m[HTTP]&amp#27;[39m &amp#27;[90m{}&amp#27;[39m
[debug] &amp#27;[35m[W3C (a9b87e17)]&amp#27;[39m Calling AppiumDriver.getCurrentContext() with args: ["a9b87e17-c8ab-4a29-92fe-4d73cbbccd90"]
[debug] &amp#27;[35m[W3C (a9b87e17)]&amp#27;[39m Responding to client with driver.getCurrentContext() result: "NATIVE_APP"
&amp#27;[35m[HTTP]&amp#27;[39m &amp#27;[37m<-- GET /wd/hub/session/a9b87e17-c8ab-4a29-92fe-4d73cbbccd90/context &amp#27;[39m&amp#27;[32m200&amp#27;[39m &amp#27;[90m2 ms - 22&amp#27;[39m
&amp#27;[35m[HTTP]&amp#27;[39m &amp#27;[90m&amp#27;[39m
&amp#27;[35m[HTTP]&amp#27;[39m &amp#27;[37m-->&amp#27;[39m &amp#27;[37mPOST&amp#27;[39m &amp#27;[37m/wd/hub/session/a9b87e17-c8ab-4a29-92fe-4d73cbbccd90/element&amp#27;[39m
&amp#27;[35m[HTTP]&amp#27;[39m &amp#27;[90m{"using":"id","value":"com.freshii.freshii:id/edtFirstName"}&amp#27;[39m
[debug] &amp#27;[35m[W3C (a9b87e17)]&amp#27;[39m Calling AppiumDriver.findElement() with args: ["id","com.freshii.freshii:id/edtFirstName","a9b87e17-c8ab-4a29-92fe-4d73cbbccd90"]
[debug] &amp#27;[35m[BaseDriver]&amp#27;[39m Valid locator strategies for this request: xpath, id, class name, accessibility id, -android uiautomator
[debug] &amp#27;[35m[BaseDriver]&amp#27;[39m Waiting up to 30000 ms for condition
[debug] &amp#27;[35m[WD Proxy]&amp#27;[39m Matched '/element' to command name 'findElement'
[debug] &amp#27;[35m[WD Proxy]&amp#27;[39m Proxying [POST /element] to [POST http://127.0.0.1:8225/wd/hub/session/8ae78652-781d-4ad6-a11a-93d01f0b48f0/element] with body: {"strategy":"id","selector":"com.freshii.freshii:id/edtFirstName","context":"","multiple":false}
[debug] &amp#27;[35m[WD Proxy]&amp#27;[39m Got response with status 200: {"sessionId":"8ae78652-781d-4ad6-a11a-93d01f0b48f0","value":{"ELEMENT":"a5d12037-a60a-42e6-9bf2-653d888e736a","element-6066-11e4-a52e-4f735466cecf":"a5d12037-a60a-42e6-9bf2-653d888e736a"}}
[debug] &amp#27;[35m[W3C (a9b87e17)]&amp#27;[39m Responding to client with driver.findElement() result: {"element-6066-11e4-a52e-4f735466cecf":"a5d12037-a60a-42e6-9bf2-653d888e736a","ELEMENT":"a5d12037-a60a-42e6-9bf2-653d888e736a"}
&amp#27;[35m[HTTP]&amp#27;[39m &amp#27;[37m<-- POST /wd/hub/session/a9b87e17-c8ab-4a29-92fe-4d73cbbccd90/element &amp#27;[39m&amp#27;[32m200&amp#27;[39m &amp#27;[90m34 ms - 137&amp#27;[39m
&amp#27;[35m[HTTP]&amp#27;[39m &amp#27;[90m&amp#27;[39m
&amp#27;[35m[HTTP]&amp#27;[39m &amp#27;[37m-->&amp#27;[39m &amp#27;[37mPOST&amp#27;[39m &amp#27;[37m/wd/hub/session/a9b87e17-c8ab-4a29-92fe-4d73cbbccd90/element/a5d12037-a60a-42e6-9bf2-653d888e736a/value&amp#27;[39m
&amp#27;[35m[HTTP]&amp#27;[39m &amp#27;[90m{"id":"a5d12037-a60a-42e6-9bf2-653d888e736a","text":"Freshii","value":["F","r","e","s","h","i","i"]}&amp#27;[39m
[debug] &amp#27;[35m[W3C (a9b87e17)]&amp#27;[39m Calling AppiumDriver.setValue() with args: [["F","r","e","s","h","i","i"],"a5d12037-a60a-42e6-9bf2-653d888e736a","a9b87e17-c8ab-4a29-92fe-4d73cbbccd90"]
[debug] &amp#27;[35m[WD Proxy]&amp#27;[39m Matched '/element/a5d12037-a60a-42e6-9bf2-653d888e736a/value' to command name 'setValue'
[debug] &amp#27;[35m[Protocol Converter]&amp#27;[39m Added 'value' property ["F","r","e","s","h","i","i"] to 'setValue' request body
[debug] &amp#27;[35m[WD Proxy]&amp#27;[39m Proxying [POST /element/a5d12037-a60a-42e6-9bf2-653d888e736a/value] to [POST http://127.0.0.1:8225/wd/hub/session/8ae78652-781d-4ad6-a11a-93d01f0b48f0/element/a5d12037-a60a-42e6-9bf2-653d888e736a/value] with body: {"elementId":"a5d12037-a60a-42e6-9bf2-653d888e736a","text":"Freshii","replace":false,"value":["F","r","e","s","h","i","i"]}
[debug] &amp#27;[35m[WD Proxy]&amp#27;[39m Got response with status 200: {"sessionId":"8ae78652-781d-4ad6-a11a-93d01f0b48f0","value":null}
[debug] &amp#27;[35m[W3C (a9b87e17)]&amp#27;[39m Responding to client with driver.setValue() result: null
&amp#27;[35m[HTTP]&amp#27;[39m &amp#27;[37m<-- POST /wd/hub/session/a9b87e17-c8ab-4a29-92fe-4d73cbbccd90/element/a INFO [main] (TC_Android_001.java:48)- Enter first name: Freshii
5d12037-a60a-42e6-9bf2-653d888e736a/value &amp#27;[39m&amp#27;[32m200&amp#27;[39m &amp#27;[90m684 ms - 14&amp#27;[39m
&amp#27;[35m[HTTP]&amp#27;[39m &amp#27;[90m&amp#27;[39m
&amp#27;[35m[HTTP]&amp#27;[39m &amp#27;[37m-->&amp#27;[39m &amp#27;[37mGET&amp#27;[39m &amp#27;[37m/wd/hub/session/a9b87e17-c8ab-4a29-92fe-4d73cbbccd90/context&amp#27;[39m
&amp#27;[35m[HTTP]&amp#27;[39m &amp#27;[90m{}&amp#27;[39m
[debug] &amp#27;[35m[W3C (a9b87e17)]&amp#27;[39m Calling AppiumDriver.getCurrentContext() with args: ["a9b87e17-c8ab-4a29-92fe-4d73cbbccd90"]
[debug] &amp#27;[35m[W3C (a9b87e17)]&amp#27;[39m Responding to client with driver.getCurrentContext() result: "NATIVE_APP"
&amp#27;[35m[HTTP]&amp#27;[39m &amp#27;[37m<-- GET /wd/hub/session/a9b87e17-c8ab-4a29-92fe-4d73cbbccd90/context &amp#27;[39m&amp#27;[32m200&amp#27;[39m &amp#27;[90m2 ms - 22&amp#27;[39m
&amp#27;[35m[HTTP]&amp#27;[39m &amp#27;[90m&amp#27;[39m
&amp#27;[35m[HTTP]&amp#27;[39m &amp#27;[37m-->&amp#27;[39m &amp#27;[37mPOST&amp#27;[39m &amp#27;[37m/wd/hub/session/a9b87e17-c8ab-4a29-92fe-4d73cbbccd90/element&amp#27;[39m
&amp#27;[35m[HTTP]&amp#27;[39m &amp#27;[90m{"using":"id","value":"com.freshii.freshii:id/edtLastName"}&amp#27;[39m
[debug] &amp#27;[35m[W3C (a9b87e17)]&amp#27;[39m Calling AppiumDriver.findElement() with args: ["id","com.freshii.freshii:id/edtLastName","a9b87e17-c8ab-4a29-92fe-4d73cbbccd90"]
[debug] &amp#27;[35m[BaseDriver]&amp#27;[39m Valid locator strategies for this request: xpath, id, class name, accessibility id, -android uiautomator
[debug] &amp#27;[35m[BaseDriver]&amp#27;[39m Waiting up to 30000 ms for condition
[debug] &amp#27;[35m[WD Proxy]&amp#27;[39m Matched '/element' to command name 'findElement'
[debug] &amp#27;[35m[WD Proxy]&amp#27;[39m Proxying [POST /element] to [POST http://127.0.0.1:8225/wd/hub/session/8ae78652-781d-4ad6-a11a-93d01f0b48f0/element] with body: {"strategy":"id","selector":"com.freshii.freshii:id/edtLastName","context":"","multiple":false}
[debug] &amp#27;[35m[WD Proxy]&amp#27;[39m Got response with status 200: {"sessionId":"8ae78652-781d-4ad6-a11a-93d01f0b48f0","value":{"ELEMENT":"3fe2624e-49f0-41ad-8dc0-25e81a180dde","element-6066-11e4-a52e-4f735466cecf":"3fe2624e-49f0-41ad-8dc0-25e81a180dde"}}
[debug] &amp#27;[35m[W3C (a9b87e17)]&amp#27;[39m Responding to client with driver.findElement() result: {"element-6066-11e4-a52e-4f735466cecf":"3fe2624e-49f0-41ad-8dc0-25e81a180dde","ELEMENT":"3fe2624e-49f0-41ad-8dc0-25e81a180dde"}
&amp#27;[35m[HTTP]&amp#27;[39m &amp#27;[37m<-- POST /wd/hub/session/a9b87e17-c8ab-4a29-92fe-4d73cbbccd90/element &amp#27;[39m&amp#27;[32m200&amp#27;[39m &amp#27;[90m516 ms - 137&amp#27;[39m
&amp#27;[35m[HTTP]&amp#27;[39m &amp#27;[90m&amp#27;[39m
&amp#27;[35m[HTTP]&amp#27;[39m &amp#27;[37m-->&amp#27;[39m &amp#27;[37mGET&amp#27;[39m &amp#27;[37m/wd/hub/session/a9b87e17-c8ab-4a29-92fe-4d73cbbccd90/element/3fe2624e-49f0-41ad-8dc0-25e81a180dde/displayed&amp#27;[39m
&amp#27;[35m[HTTP]&amp#27;[39m &amp#27;[90m{}&amp#27;[39m
[debug] &amp#27;[35m[W3C (a9b87e17)]&amp#27;[39m Calling AppiumDriver.elementDisplayed() with args: ["3fe2624e-49f0-41ad-8dc0-25e81a180dde","a9b87e17-c8ab-4a29-92fe-4d73cbbccd90"]
[debug] &amp#27;[35m[WD Proxy]&amp#27;[39m Matched '/element/3fe2624e-49f0-41ad-8dc0-25e81a180dde/attribute/displayed' to command name 'getAttribute'
[debug] &amp#27;[35m[WD Proxy]&amp#27;[39m Proxying [GET /element/3fe2624e-49f0-41ad-8dc0-25e81a180dde/attribute/displayed] to [GET http://127.0.0.1:8225/wd/hub/session/8ae78652-781d-4ad6-a11a-93d01f0b48f0/element/3fe2624e-49f0-41ad-8dc0-25e81a180dde/attribute/displayed] with no body
[debug] &amp#27;[35m[WD Proxy]&amp#27;[39m Got response with status 200: {"sessionId":"8ae78652-781d-4ad6-a11a-93d01f0b48f0","value":"true"}
[debug] &amp#27;[35m[W3C (a9b87e17)]&amp#27;[39m Responding to client with driver.elementDisplayed() result: true
&amp#27;[35m[HTTP]&amp#27;[39m &amp#27;[37m<-- GET /wd/hub/session/a9b87e17-c8ab-4a29-92fe-4d73cbbccd90/element/3fe2624e-49f0-41ad-8dc0-25e81a180dde/displayed &amp#27;[39m&amp#27;[32m200&amp#27;[39m &amp#27;[90m17 ms - 14&amp#27;[39m
&amp#27;[35m[HTTP]&amp#27;[39m &amp#27;[90m&amp#27;[39m
&amp#27;[35m[HTTP]&amp#27;[39m &amp#27;[37m-->&amp#27;[39m &amp#27;[37mGET&amp#27;[39m &amp#27;[37m/wd/hub/session/a9b87e17-c8ab-4a29-92fe-4d73cbbccd90/context&amp#27;[39m
&amp#27;[35m[HTTP]&amp#27;[39m &amp#27;[90m{}&amp#27;[39m
[debug] &amp#27;[35m[W3C (a9b87e17)]&amp#27;[39m Calling AppiumDriver.getCurrentContext() with args: ["a9b87e17-c8ab-4a29-92fe-4d73cbbccd90"]
[debug] &amp#27;[35m[W3C (a9b87e17)]&amp#27;[39m Responding to client with driver.getCurrentContext() result: "NATIVE_APP"
&amp#27;[35m[HTTP]&amp#27;[39m &amp#27;[37m<-- GET /wd/hub/session/a9b87e17-c8ab-4a29-92fe-4d73cbbccd90/context &amp#27;[39m&amp#27;[32m200&amp#27;[39m &amp#27;[90m2 ms - 22&amp#27;[39m
&amp#27;[35m[HTTP]&amp#27;[39m &amp#27;[90m&amp#27;[39m
&amp#27;[35m[HTTP]&amp#27;[39m &amp#27;[37m-->&amp#27;[39m &amp#27;[37mPOST&amp#27;[39m &amp#27;[37m/wd/hub/session/a9b87e17-c8ab-4a29-92fe-4d73cbbccd90/element&amp#27;[39m
&amp#27;[35m[HTTP]&amp#27;[39m &amp#27;[90m{"using":"id","value":"com.freshii.freshii:id/edtLastName"}&amp#27;[39m
[debug] &amp#27;[35m[W3C (a9b87e17)]&amp#27;[39m Calling AppiumDriver.findElement() with args: ["id","com.freshii.freshii:id/edtLastName","a9b87e17-c8ab-4a29-92fe-4d73cbbccd90"]
[debug] &amp#27;[35m[BaseDriver]&amp#27;[39m Valid locator strategies for this request: xpath, id, class name, accessibility id, -android uiautomator
[debug] &amp#27;[35m[BaseDriver]&amp#27;[39m Waiting up to 30000 ms for condition
[debug] &amp#27;[35m[WD Proxy]&amp#27;[39m Matched '/element' to command name 'findElement'
[debug] &amp#27;[35m[WD Proxy]&amp#27;[39m Proxying [POST /element] to [POST http://127.0.0.1:8225/wd/hub/session/8ae78652-781d-4ad6-a11a-93d01f0b48f0/element] with body: {"strategy":"id","selector":"com.freshii.freshii:id/edtLastName","context":"","multiple":false}
[debug] &amp#27;[35m[WD Proxy]&amp#27;[39m Got response with status 200: {"sessionId":"8ae78652-781d-4ad6-a11a-93d01f0b48f0","value":{"ELEMENT":"cab6c07e-8695-4684-b728-7f0fc32fb3a4","element-6066-11e4-a52e-4f735466cecf":"cab6c07e-8695-4684-b728-7f0fc32fb3a4"}}
[debug] &amp#27;[35m[W3C (a9b87e17)]&amp#27;[39m Responding to client with driver.findElement() result: {"element-6066-11e4-a52e-4f735466cecf":"cab6c07e-8695-4684-b728-7f0fc32fb3a4","ELEMENT":"cab6c07e-8695-4684-b728-7f0fc32fb3a4"}
&amp#27;[35m[HTTP]&amp#27;[39m &amp#27;[37m<-- POST /wd/hub/session/a9b87e17-c8ab-4a29-92fe-4d73cbbccd90/element &amp#27;[39m&amp#27;[32m200&amp#27;[39m &amp#27;[90m27 ms - 137&amp#27;[39m
&amp#27;[35m[HTTP]&amp#27;[39m &amp#27;[90m&amp#27;[39m
&amp#27;[35m[HTTP]&amp#27;[39m &amp#27;[37m-->&amp#27;[39m &amp#27;[37mGET&amp#27;[39m &amp#27;[37m/wd/hub/session/a9b87e17-c8ab-4a29-92fe-4d73cbbccd90/element/cab6c07e-8695-4684-b728-7f0fc32fb3a4/enabled&amp#27;[39m
&amp#27;[35m[HTTP]&amp#27;[39m &amp#27;[90m{}&amp#27;[39m
[debug] &amp#27;[35m[W3C (a9b87e17)]&amp#27;[39m Calling AppiumDriver.elementEnabled() with args: ["cab6c07e-8695-4684-b728-7f0fc32fb3a4","a9b87e17-c8ab-4a29-92fe-4d73cbbccd90"]
[debug] &amp#27;[35m[WD Proxy]&amp#27;[39m Matched '/element/cab6c07e-8695-4684-b728-7f0fc32fb3a4/attribute/enabled' to command name 'getAttribute'
[debug] &amp#27;[35m[WD Proxy]&amp#27;[39m Proxying [GET /element/cab6c07e-8695-4684-b728-7f0fc32fb3a4/attribute/enabled] to [GET http://127.0.0.1:8225/wd/hub/session/8ae78652-781d-4ad6-a11a-93d01f0b48f0/element/cab6c07e-8695-4684-b728-7f0fc32fb3a4/attribute/enabled] with no body
[debug] &amp#27;[35m[WD Proxy]&amp#27;[39m Got response with status 200: {"sessionId":"8ae78652-781d-4ad6-a11a-93d01f0b48f0","value":"true"}
[debug] &amp#27;[35m[W3C (a9b87e17)]&amp#27;[39m Responding to client with driver.elementEnabled() result: true
&amp#27;[35m[HTTP]&amp#27;[39m &amp#27;[37m<-- GET /wd/hub/session/a9b87e17-c8ab-4a29-92fe-4d73cbbccd90/element/cab6c07e-8695-4684-b728-7f0fc32fb3a4/enabled &amp#27;[39m&amp#27;[32m200&amp#27;[39m &amp#27;[90m16 ms - 14&amp#27;[39m
&amp#27;[35m[HTTP]&amp#27;[39m &amp#27;[90m&amp#27;[39m
&amp#27;[35m[HTTP]&amp#27;[39m &amp#27;[37m-->&amp#27;[39m &amp#27;[37mGET&amp#27;[39m &amp#27;[37m/wd/hub/session/a9b87e17-c8ab-4a29-92fe-4d73cbbccd90/context&amp#27;[39m
&amp#27;[35m[HTTP]&amp#27;[39m &amp#27;[90m{}&amp#27;[39m
[debug] &amp#27;[35m[W3C (a9b87e17)]&amp#27;[39m Calling AppiumDriver.getCurrentContext() with args: ["a9b87e17-c8ab-4a29-92fe-4d73cbbccd90"]
[debug] &amp#27;[35m[W3C (a9b87e17)]&amp#27;[39m Responding to client with driver.getCurrentContext() result: "NATIVE_APP"
&amp#27;[35m[HTTP]&amp#27;[39m &amp#27;[37m<-- GET /wd/hub/session/a9b87e17-c8ab-4a29-92fe-4d73cbbccd90/context &amp#27;[39m&amp#27;[32m200&amp#27;[39m &amp#27;[90m5 ms - 22&amp#27;[39m
&amp#27;[35m[HTTP]&amp#27;[39m &amp#27;[90m&amp#27;[39m
&amp#27;[35m[HTTP]&amp#27;[39m &amp#27;[37m-->&amp#27;[39m &amp#27;[37mPOST&amp#27;[39m &amp#27;[37m/wd/hub/session/a9b87e17-c8ab-4a29-92fe-4d73cbbccd90/element&amp#27;[39m
&amp#27;[35m[HTTP]&amp#27;[39m &amp#27;[90m{"using":"id","value":"com.freshii.freshii:id/edtLastName"}&amp#27;[39m
[debug] &amp#27;[35m[W3C (a9b87e17)]&amp#27;[39m Calling AppiumDriver.findElement() with args: ["id","com.freshii.freshii:id/edtLastName","a9b87e17-c8ab-4a29-92fe-4d73cbbccd90"]
[debug] &amp#27;[35m[BaseDriver]&amp#27;[39m Valid locator strategies for this request: xpath, id, class name, accessibility id, -android uiautomator
[debug] &amp#27;[35m[BaseDriver]&amp#27;[39m Waiting up to 30000 ms for condition
[debug] &amp#27;[35m[WD Proxy]&amp#27;[39m Matched '/element' to command name 'findElement'
[debug] &amp#27;[35m[WD Proxy]&amp#27;[39m Proxying [POST /element] to [POST http://127.0.0.1:8225/wd/hub/session/8ae78652-781d-4ad6-a11a-93d01f0b48f0/element] with body: {"strategy":"id","selector":"com.freshii.freshii:id/edtLastName","context":"","multiple":false}
[debug] &amp#27;[35m[WD Proxy]&amp#27;[39m Got response with status 200: {"sessionId":"8ae78652-781d-4ad6-a11a-93d01f0b48f0","value":{"ELEMENT":"92a3f79c-fc07-4168-aa8c-777db593ff86","element-6066-11e4-a52e-4f735466cecf":"92a3f79c-fc07-4168-aa8c-777db593ff86"}}
[debug] &amp#27;[35m[W3C (a9b87e17)]&amp#27;[39m Responding to client with driver.findElement() result: {"element-6066-11e4-a52e-4f735466cecf":"92a3f79c-fc07-4168-aa8c-777db593ff86","ELEMENT":"92a3f79c-fc07-4168-aa8c-777db593ff86"}
&amp#27;[35m[HTTP]&amp#27;[39m &amp#27;[37m<-- POST /wd/hub/session/a9b87e17-c8ab-4a29-92fe-4d73cbbccd90/element &amp#27;[39m&amp#27;[32m200&amp#27;[39m &amp#27;[90m28 ms - 137&amp#27;[39m
&amp#27;[35m[HTTP]&amp#27;[39m &amp#27;[90m&amp#27;[39m
&amp#27;[35m[HTTP]&amp#27;[39m &amp#27;[37m-->&amp#27;[39m &amp#27;[37mPOST&amp#27;[39m &amp#27;[37m/wd/hub/session/a9b87e17-c8ab-4a29-92fe-4d73cbbccd90/element/92a3f79c-fc07-4168-aa8c-777db593ff86/value&amp#27;[39m
&amp#27;[35m[HTTP]&amp#27;[39m &amp#27;[90m{"id":"92a3f79c-fc07-4168-aa8c-777db593ff86","text":"Lover","value":["L","o","v","e","r"]}&amp#27;[39m
[debug] &amp#27;[35m[W3C (a9b87e17)]&amp#27;[39m Calling AppiumDriver.setValue() with args: [["L","o","v","e","r"],"92a3f79c-fc07-4168-aa8c-777db593ff86","a9b87e17-c8ab-4a29-92fe-4d73cbbccd90"]
[debug] &amp#27;[35m[WD Proxy]&amp#27;[39m Matched '/element/92a3f79c-fc07-4168-aa8c-777db593ff86/value' to command name 'setValue'
[debug] &amp#27;[35m[Protocol Converter]&amp#27;[39m Added 'value' property ["L","o","v","e","r"] to 'setValue' request body
[debug] &amp#27;[35m[WD Proxy]&amp#27;[39m Proxying [POST /element/92a3f79c-fc07-4168-aa8c-777db593ff86/value] to [POST http://127.0.0.1:8225/wd/hub/session/8ae78652-781d-4ad6-a11a-93d01f0b48f0/element/92a3f79c-fc07-4168-aa8c-777db593ff86/value] with body: {"elementId":"92a3f79c-fc07-4168-aa8c-777db593ff86","text":"Lover","replace":false,"value":["L","o","v","e","r"]}
[debug] &amp#27;[35m[WD Proxy]&amp#27;[39m Got response with status 200: {"sessionId":"8ae78652-781d-4ad6-a11a-93d01f0b48f0","value":null}
[debug] &amp#27;[35m[W3C (a9b87e17)]&amp#27;[39m Responding to client with driver.setValue() result: null
&amp#27;[35m[HTTP]&amp#27;[39m &amp#27;[37m<-- POST /wd/hub/session/a9b87e17-c8ab-4a29-92fe-4d73cbbccd90/element/92a3f79c-fc07-4168-aa8c-777db593ff86/value &amp#27;[39m&amp#27;[32m200&amp#27;[39m &amp#27;[90m704 ms - 14 INFO [main] (TC_Android_001.java:52)- Enter last name: Lover
&amp#27;[39m
&amp#27;[35m[HTTP]&amp#27;[39m &amp#27;[90m&amp#27;[39m
&amp#27;[35m[HTTP]&amp#27;[39m &amp#27;[37m-->&amp#27;[39m &amp#27;[37mGET&amp#27;[39m &amp#27;[37m/wd/hub/session/a9b87e17-c8ab-4a29-92fe-4d73cbbccd90/context&amp#27;[39m
&amp#27;[35m[HTTP]&amp#27;[39m &amp#27;[90m{}&amp#27;[39m
[debug] &amp#27;[35m[W3C (a9b87e17)]&amp#27;[39m Calling AppiumDriver.getCurrentContext() with args: ["a9b87e17-c8ab-4a29-92fe-4d73cbbccd90"]
[debug] &amp#27;[35m[W3C (a9b87e17)]&amp#27;[39m Responding to client with driver.getCurrentContext() result: "NATIVE_APP"
&amp#27;[35m[HTTP]&amp#27;[39m &amp#27;[37m<-- GET /wd/hub/session/a9b87e17-c8ab-4a29-92fe-4d73cbbccd90/context &amp#27;[39m&amp#27;[32m200&amp#27;[39m &amp#27;[90m4 ms - 22&amp#27;[39m
&amp#27;[35m[HTTP]&amp#27;[39m &amp#27;[90m&amp#27;[39m
&amp#27;[35m[HTTP]&amp#27;[39m &amp#27;[37m-->&amp#27;[39m &amp#27;[37mPOST&amp#27;[39m &amp#27;[37m/wd/hub/session/a9b87e17-c8ab-4a29-92fe-4d73cbbccd90/element&amp#27;[39m
&amp#27;[35m[HTTP]&amp#27;[39m &amp#27;[90m{"using":"id","value":"com.freshii.freshii:id/edtEmail"}&amp#27;[39m
[debug] &amp#27;[35m[W3C (a9b87e17)]&amp#27;[39m Calling AppiumDriver.findElement() with args: ["id","com.freshii.freshii:id/edtEmail","a9b87e17-c8ab-4a29-92fe-4d73cbbccd90"]
[debug] &amp#27;[35m[BaseDriver]&amp#27;[39m Valid locator strategies for this request: xpath, id, class name, accessibility id, -android uiautomator
[debug] &amp#27;[35m[BaseDriver]&amp#27;[39m Waiting up to 30000 ms for condition
[debug] &amp#27;[35m[WD Proxy]&amp#27;[39m Matched '/element' to command name 'findElement'
[debug] &amp#27;[35m[WD Proxy]&amp#27;[39m Proxying [POST /element] to [POST http://127.0.0.1:8225/wd/hub/session/8ae78652-781d-4ad6-a11a-93d01f0b48f0/element] with body: {"strategy":"id","selector":"com.freshii.freshii:id/edtEmail","context":"","multiple":false}
[debug] &amp#27;[35m[WD Proxy]&amp#27;[39m Got response with status 200: {"sessionId":"8ae78652-781d-4ad6-a11a-93d01f0b48f0","value":{"ELEMENT":"2b0d69f2-deb5-4361-a7ee-11f6df567f45","element-6066-11e4-a52e-4f735466cecf":"2b0d69f2-deb5-4361-a7ee-11f6df567f45"}}
[debug] &amp#27;[35m[W3C (a9b87e17)]&amp#27;[39m Responding to client with driver.findElement() result: {"element-6066-11e4-a52e-4f735466cecf":"2b0d69f2-deb5-4361-a7ee-11f6df567f45","ELEMENT":"2b0d69f2-deb5-4361-a7ee-11f6df567f45"}
&amp#27;[35m[HTTP]&amp#27;[39m &amp#27;[37m<-- POST /wd/hub/session/a9b87e17-c8ab-4a29-92fe-4d73cbbccd90/element &amp#27;[39m&amp#27;[32m200&amp#27;[39m &amp#27;[90m492 ms - 137&amp#27;[39m
&amp#27;[35m[HTTP]&amp#27;[39m &amp#27;[90m&amp#27;[39m
&amp#27;[35m[HTTP]&amp#27;[39m &amp#27;[37m-->&amp#27;[39m &amp#27;[37mGET&amp#27;[39m &amp#27;[37m/wd/hub/session/a9b87e17-c8ab-4a29-92fe-4d73cbbccd90/element/2b0d69f2-deb5-4361-a7ee-11f6df567f45/displayed&amp#27;[39m
&amp#27;[35m[HTTP]&amp#27;[39m &amp#27;[90m{}&amp#27;[39m
[debug] &amp#27;[35m[W3C (a9b87e17)]&amp#27;[39m Calling AppiumDriver.elementDisplayed() with args: ["2b0d69f2-deb5-4361-a7ee-11f6df567f45","a9b87e17-c8ab-4a29-92fe-4d73cbbccd90"]
[debug] &amp#27;[35m[WD Proxy]&amp#27;[39m Matched '/element/2b0d69f2-deb5-4361-a7ee-11f6df567f45/attribute/displayed' to command name 'getAttribute'
[debug] &amp#27;[35m[WD Proxy]&amp#27;[39m Proxying [GET /element/2b0d69f2-deb5-4361-a7ee-11f6df567f45/attribute/displayed] to [GET http://127.0.0.1:8225/wd/hub/session/8ae78652-781d-4ad6-a11a-93d01f0b48f0/element/2b0d69f2-deb5-4361-a7ee-11f6df567f45/attribute/displayed] with no body
[debug] &amp#27;[35m[WD Proxy]&amp#27;[39m Got response with status 200: {"sessionId":"8ae78652-781d-4ad6-a11a-93d01f0b48f0","value":"true"}
[debug] &amp#27;[35m[W3C (a9b87e17)]&amp#27;[39m Responding to client with driver.elementDisplayed() result: true
&amp#27;[35m[HTTP]&amp#27;[39m &amp#27;[37m<-- GET /wd/hub/session/a9b87e17-c8ab-4a29-92fe-4d73cbbccd90/element/2b0d69f2-deb5-4361-a7ee-11f6df567f45/displayed &amp#27;[39m&amp#27;[32m200&amp#27;[39m &amp#27;[90m20 ms - 14&amp#27;[39m
&amp#27;[35m[HTTP]&amp#27;[39m &amp#27;[90m&amp#27;[39m
&amp#27;[35m[HTTP]&amp#27;[39m &amp#27;[37m-->&amp#27;[39m &amp#27;[37mGET&amp#27;[39m &amp#27;[37m/wd/hub/session/a9b87e17-c8ab-4a29-92fe-4d73cbbccd90/context&amp#27;[39m
&amp#27;[35m[HTTP]&amp#27;[39m &amp#27;[90m{}&amp#27;[39m
[debug] &amp#27;[35m[W3C (a9b87e17)]&amp#27;[39m Calling AppiumDriver.getCurrentContext() with args: ["a9b87e17-c8ab-4a29-92fe-4d73cbbccd90"]
[debug] &amp#27;[35m[W3C (a9b87e17)]&amp#27;[39m Responding to client with driver.getCurrentContext() result: "NATIVE_APP"
&amp#27;[35m[HTTP]&amp#27;[39m &amp#27;[37m<-- GET /wd/hub/session/a9b87e17-c8ab-4a29-92fe-4d73cbbccd90/context &amp#27;[39m&amp#27;[32m200&amp#27;[39m &amp#27;[90m2 ms - 22&amp#27;[39m
&amp#27;[35m[HTTP]&amp#27;[39m &amp#27;[90m&amp#27;[39m
&amp#27;[35m[HTTP]&amp#27;[39m &amp#27;[37m-->&amp#27;[39m &amp#27;[37mPOST&amp#27;[39m &amp#27;[37m/wd/hub/session/a9b87e17-c8ab-4a29-92fe-4d73cbbccd90/element&amp#27;[39m
&amp#27;[35m[HTTP]&amp#27;[39m &amp#27;[90m{"using":"id","value":"com.freshii.freshii:id/edtEmail"}&amp#27;[39m
[debug] &amp#27;[35m[W3C (a9b87e17)]&amp#27;[39m Calling AppiumDriver.findElement() with args: ["id","com.freshii.freshii:id/edtEmail","a9b87e17-c8ab-4a29-92fe-4d73cbbccd90"]
[debug] &amp#27;[35m[BaseDriver]&amp#27;[39m Valid locator strategies for this request: xpath, id, class name, accessibility id, -android uiautomator
[debug] &amp#27;[35m[BaseDriver]&amp#27;[39m Waiting up to 30000 ms for condition
[debug] &amp#27;[35m[WD Proxy]&amp#27;[39m Matched '/element' to command name 'findElement'
[debug] &amp#27;[35m[WD Proxy]&amp#27;[39m Proxying [POST /element] to [POST http://127.0.0.1:8225/wd/hub/session/8ae78652-781d-4ad6-a11a-93d01f0b48f0/element] with body: {"strategy":"id","selector":"com.freshii.freshii:id/edtEmail","context":"","multiple":false}
[debug] &amp#27;[35m[WD Proxy]&amp#27;[39m Got response with status 200: {"sessionId":"8ae78652-781d-4ad6-a11a-93d01f0b48f0","value":{"ELEMENT":"bb261204-e314-40b3-b3fe-b82ce16f542a","element-6066-11e4-a52e-4f735466cecf":"bb261204-e314-40b3-b3fe-b82ce16f542a"}}
[debug] &amp#27;[35m[W3C (a9b87e17)]&amp#27;[39m Responding to client with driver.findElement() result: {"element-6066-11e4-a52e-4f735466cecf":"bb261204-e314-40b3-b3fe-b82ce16f542a","ELEMENT":"bb261204-e314-40b3-b3fe-b82ce16f542a"}
&amp#27;[35m[HTTP]&amp#27;[39m &amp#27;[37m<-- POST /wd/hub/session/a9b87e17-c8ab-4a29-92fe-4d73cbbccd90/element &amp#27;[39m&amp#27;[32m200&amp#27;[39m &amp#27;[90m31 ms - 137&amp#27;[39m
&amp#27;[35m[HTTP]&amp#27;[39m &amp#27;[90m&amp#27;[39m
&amp#27;[35m[HTTP]&amp#27;[39m &amp#27;[37m-->&amp#27;[39m &amp#27;[37mGET&amp#27;[39m &amp#27;[37m/wd/hub/session/a9b87e17-c8ab-4a29-92fe-4d73cbbccd90/element/bb261204-e314-40b3-b3fe-b82ce16f542a/enabled&amp#27;[39m
&amp#27;[35m[HTTP]&amp#27;[39m &amp#27;[90m{}&amp#27;[39m
[debug] &amp#27;[35m[W3C (a9b87e17)]&amp#27;[39m Calling AppiumDriver.elementEnabled() with args: ["bb261204-e314-40b3-b3fe-b82ce16f542a","a9b87e17-c8ab-4a29-92fe-4d73cbbccd90"]
[debug] &amp#27;[35m[WD Proxy]&amp#27;[39m Matched '/element/bb261204-e314-40b3-b3fe-b82ce16f542a/attribute/enabled' to command name 'getAttribute'
[debug] &amp#27;[35m[WD Proxy]&amp#27;[39m Proxying [GET /element/bb261204-e314-40b3-b3fe-b82ce16f542a/attribute/enabled] to [GET http://127.0.0.1:8225/wd/hub/session/8ae78652-781d-4ad6-a11a-93d01f0b48f0/element/bb261204-e314-40b3-b3fe-b82ce16f542a/attribute/enabled] with no body
[debug] &amp#27;[35m[WD Proxy]&amp#27;[39m Got response with status 200: {"sessionId":"8ae78652-781d-4ad6-a11a-93d01f0b48f0","value":"true"}
[debug] &amp#27;[35m[W3C (a9b87e17)]&amp#27;[39m Responding to client with driver.elementEnabled() result: true
&amp#27;[35m[HTTP]&amp#27;[39m &amp#27;[37m<-- GET /wd/hub/session/a9b87e17-c8ab-4a29-92fe-4d73cbbccd90/element/bb261204-e314-40b3-b3fe-b82ce16f542a/enabled &amp#27;[39m&amp#27;[32m200&amp#27;[39m &amp#27;[90m19 ms - 14&amp#27;[39m
&amp#27;[35m[HTTP]&amp#27;[39m &amp#27;[90m&amp#27;[39m
&amp#27;[35m[HTTP]&amp#27;[39m &amp#27;[37m-->&amp#27;[39m &amp#27;[37mGET&amp#27;[39m &amp#27;[37m/wd/hub/session/a9b87e17-c8ab-4a29-92fe-4d73cbbccd90/context&amp#27;[39m
&amp#27;[35m[HTTP]&amp#27;[39m &amp#27;[90m{}&amp#27;[39m
[debug] &amp#27;[35m[W3C (a9b87e17)]&amp#27;[39m Calling AppiumDriver.getCurrentContext() with args: ["a9b87e17-c8ab-4a29-92fe-4d73cbbccd90"]
[debug] &amp#27;[35m[W3C (a9b87e17)]&amp#27;[39m Responding to client with driver.getCurrentContext() result: "NATIVE_APP"
&amp#27;[35m[HTTP]&amp#27;[39m &amp#27;[37m<-- GET /wd/hub/session/a9b87e17-c8ab-4a29-92fe-4d73cbbccd90/context &amp#27;[39m&amp#27;[32m200&amp#27;[39m &amp#27;[90m2 ms - 22&amp#27;[39m
&amp#27;[35m[HTTP]&amp#27;[39m &amp#27;[90m&amp#27;[39m
&amp#27;[35m[HTTP]&amp#27;[39m &amp#27;[37m-->&amp#27;[39m &amp#27;[37mPOST&amp#27;[39m &amp#27;[37m/wd/hub/session/a9b87e17-c8ab-4a29-92fe-4d73cbbccd90/element&amp#27;[39m
&amp#27;[35m[HTTP]&amp#27;[39m &amp#27;[90m{"using":"id","value":"com.freshii.freshii:id/edtEmail"}&amp#27;[39m
[debug] &amp#27;[35m[W3C (a9b87e17)]&amp#27;[39m Calling AppiumDriver.findElement() with args: ["id","com.freshii.freshii:id/edtEmail","a9b87e17-c8ab-4a29-92fe-4d73cbbccd90"]
[debug] &amp#27;[35m[BaseDriver]&amp#27;[39m Valid locator strategies for this request: xpath, id, class name, accessibility id, -android uiautomator
[debug] &amp#27;[35m[BaseDriver]&amp#27;[39m Waiting up to 30000 ms for condition
[debug] &amp#27;[35m[WD Proxy]&amp#27;[39m Matched '/element' to command name 'findElement'
[debug] &amp#27;[35m[WD Proxy]&amp#27;[39m Proxying [POST /element] to [POST http://127.0.0.1:8225/wd/hub/session/8ae78652-781d-4ad6-a11a-93d01f0b48f0/element] with body: {"strategy":"id","selector":"com.freshii.freshii:id/edtEmail","context":"","multiple":false}
[debug] &amp#27;[35m[WD Proxy]&amp#27;[39m Got response with status 200: {"sessionId":"8ae78652-781d-4ad6-a11a-93d01f0b48f0","value":{"ELEMENT":"c8825f98-2c08-45d8-9466-a8e7a4992354","element-6066-11e4-a52e-4f735466cecf":"c8825f98-2c08-45d8-9466-a8e7a4992354"}}
[debug] &amp#27;[35m[W3C (a9b87e17)]&amp#27;[39m Responding to client with driver.findElement() result: {"element-6066-11e4-a52e-4f735466cecf":"c8825f98-2c08-45d8-9466-a8e7a4992354","ELEMENT":"c8825f98-2c08-45d8-9466-a8e7a4992354"}
&amp#27;[35m[HTTP]&amp#27;[39m &amp#27;[37m<-- POST /wd/hub/session/a9b87e17-c8ab-4a29-92fe-4d73cbbccd90/element &amp#27;[39m&amp#27;[32m200&amp#27;[39m &amp#27;[90m37 ms - 137&amp#27;[39m
&amp#27;[35m[HTTP]&amp#27;[39m &amp#27;[90m&amp#27;[39m
&amp#27;[35m[HTTP]&amp#27;[39m &amp#27;[37m-->&amp#27;[39m &amp#27;[37mPOST&amp#27;[39m &amp#27;[37m/wd/hub/session/a9b87e17-c8ab-4a29-92fe-4d73cbbccd90/element/c8825f98-2c08-45d8-9466-a8e7a4992354/value&amp#27;[39m
&amp#27;[35m[HTTP]&amp#27;[39m &amp#27;[90m{"id":"c8825f98-2c08-45d8-9466-a8e7a4992354","text":"prfreshiilover","value":["p","r","f","r","e","s","h","i","i","l","o","v","e","r"]}&amp#27;[39m
[debug] &amp#27;[35m[W3C (a9b87e17)]&amp#27;[39m Calling AppiumDriver.setValue() with args: [["p","r","f","r","e","s","h","i","i","l","o","v","e","r"],"c8825f98-2c08-45d8-9466-a8e7a4992354","a9b87e17-c8ab-4a29-92fe-4d73cbbccd90"]
[debug] &amp#27;[35m[WD Proxy]&amp#27;[39m Matched '/element/c8825f98-2c08-45d8-9466-a8e7a4992354/value' to command name 'setValue'
[debug] &amp#27;[35m[Protocol Converter]&amp#27;[39m Added 'value' property ["p","r","f","r","e","s","h","i","i","l","o","v","e","r"] to 'setValue' request body
[debug] &amp#27;[35m[WD Proxy]&amp#27;[39m Proxying [POST /element/c8825f98-2c08-45d8-9466-a8e7a4992354/value] to [POST http://127.0.0.1:8225/wd/hub/session/8ae78652-781d-4ad6-a11a-93d01f0b48f0/element/c8825f98-2c08-45d8-9466-a8e7a4992354/value] with body: {"elementId":"c8825f98-2c08-45d8-9466-a8e7a4992354","text":"prfreshiilover","replace":false,"value":["p","r","f","r","e","s","h","i","i","l","o","v","e","r"]}
[debug] &amp#27;[35m[WD Proxy]&amp#27;[39m Got response with status 200: {"sessionId":"8ae78652-781d-4ad6-a11a-93d01f0b48f0","value":null}
[debug] &amp#27;[35m[W3C (a9b87e17)]&amp#27;[39m Responding to client with driver.setValue() result: null
&amp#27;[35m[HTTP]&amp#27;[39m &amp#27;[37m<-- POST /wd/hub/session/a9b87e17-c8ab-4a29-92fe-4d73cbbccd90/element/c8825f98-2c08-45d8-9466-a8e7a4992354/v INFO [main] (TC_Android_001.java:56)- Enter email:iEfreshiilover
alue &amp#27;[39m&amp#27;[32m200&amp#27;[39m &amp#27;[90m659 ms - 14&amp#27;[39m
&amp#27;[35m[HTTP]&amp#27;[39m &amp#27;[90m&amp#27;[39m
&amp#27;[35m[HTTP]&amp#27;[39m &amp#27;[37m-->&amp#27;[39m &amp#27;[37mGET&amp#27;[39m &amp#27;[37m/wd/hub/session/a9b87e17-c8ab-4a29-92fe-4d73cbbccd90/context&amp#27;[39m
&amp#27;[35m[HTTP]&amp#27;[39m &amp#27;[90m{}&amp#27;[39m
[debug] &amp#27;[35m[W3C (a9b87e17)]&amp#27;[39m Calling AppiumDriver.getCurrentContext() with args: ["a9b87e17-c8ab-4a29-92fe-4d73cbbccd90"]
[debug] &amp#27;[35m[W3C (a9b87e17)]&amp#27;[39m Responding to client with driver.getCurrentContext() result: "NATIVE_APP"
&amp#27;[35m[HTTP]&amp#27;[39m &amp#27;[37m<-- GET /wd/hub/session/a9b87e17-c8ab-4a29-92fe-4d73cbbccd90/context &amp#27;[39m&amp#27;[32m200&amp#27;[39m &amp#27;[90m2 ms - 22&amp#27;[39m
&amp#27;[35m[HTTP]&amp#27;[39m &amp#27;[90m&amp#27;[39m
&amp#27;[35m[HTTP]&amp#27;[39m &amp#27;[37m-->&amp#27;[39m &amp#27;[37mPOST&amp#27;[39m &amp#27;[37m/wd/hub/session/a9b87e17-c8ab-4a29-92fe-4d73cbbccd90/element&amp#27;[39m
&amp#27;[35m[HTTP]&amp#27;[39m &amp#27;[90m{"using":"id","value":"com.freshii.freshii:id/edtPassword"}&amp#27;[39m
[debug] &amp#27;[35m[W3C (a9b87e17)]&amp#27;[39m Calling AppiumDriver.findElement() with args: ["id","com.freshii.freshii:id/edtPassword","a9b87e17-c8ab-4a29-92fe-4d73cbbccd90"]
[debug] &amp#27;[35m[BaseDriver]&amp#27;[39m Valid locator strategies for this request: xpath, id, class name, accessibility id, -android uiautomator
[debug] &amp#27;[35m[BaseDriver]&amp#27;[39m Waiting up to 30000 ms for condition
[debug] &amp#27;[35m[WD Proxy]&amp#27;[39m Matched '/element' to command name 'findElement'
[debug] &amp#27;[35m[WD Proxy]&amp#27;[39m Proxying [POST /element] to [POST http://127.0.0.1:8225/wd/hub/session/8ae78652-781d-4ad6-a11a-93d01f0b48f0/element] with body: {"strategy":"id","selector":"com.freshii.freshii:id/edtPassword","context":"","multiple":false}
[debug] &amp#27;[35m[WD Proxy]&amp#27;[39m Got response with status 200: {"sessionId":"8ae78652-781d-4ad6-a11a-93d01f0b48f0","value":{"ELEMENT":"058ab951-e201-40c6-8c57-095b1fa6b3b9","element-6066-11e4-a52e-4f735466cecf":"058ab951-e201-40c6-8c57-095b1fa6b3b9"}}
[debug] &amp#27;[35m[W3C (a9b87e17)]&amp#27;[39m Responding to client with driver.findElement() result: {"element-6066-11e4-a52e-4f735466cecf":"058ab951-e201-40c6-8c57-095b1fa6b3b9","ELEMENT":"058ab951-e201-40c6-8c57-095b1fa6b3b9"}
&amp#27;[35m[HTTP]&amp#27;[39m &amp#27;[37m<-- POST /wd/hub/session/a9b87e17-c8ab-4a29-92fe-4d73cbbccd90/element &amp#27;[39m&amp#27;[32m200&amp#27;[39m &amp#27;[90m512 ms - 137&amp#27;[39m
&amp#27;[35m[HTTP]&amp#27;[39m &amp#27;[90m&amp#27;[39m
&amp#27;[35m[HTTP]&amp#27;[39m &amp#27;[37m-->&amp#27;[39m &amp#27;[37mGET&amp#27;[39m &amp#27;[37m/wd/hub/session/a9b87e17-c8ab-4a29-92fe-4d73cbbccd90/element/058ab951-e201-40c6-8c57-095b1fa6b3b9/displayed&amp#27;[39m
&amp#27;[35m[HTTP]&amp#27;[39m &amp#27;[90m{}&amp#27;[39m
[debug] &amp#27;[35m[W3C (a9b87e17)]&amp#27;[39m Calling AppiumDriver.elementDisplayed() with args: ["058ab951-e201-40c6-8c57-095b1fa6b3b9","a9b87e17-c8ab-4a29-92fe-4d73cbbccd90"]
[debug] &amp#27;[35m[WD Proxy]&amp#27;[39m Matched '/element/058ab951-e201-40c6-8c57-095b1fa6b3b9/attribute/displayed' to command name 'getAttribute'
[debug] &amp#27;[35m[WD Proxy]&amp#27;[39m Proxying [GET /element/058ab951-e201-40c6-8c57-095b1fa6b3b9/attribute/displayed] to [GET http://127.0.0.1:8225/wd/hub/session/8ae78652-781d-4ad6-a11a-93d01f0b48f0/element/058ab951-e201-40c6-8c57-095b1fa6b3b9/attribute/displayed] with no body
[debug] &amp#27;[35m[WD Proxy]&amp#27;[39m Got response with status 200: {"sessionId":"8ae78652-781d-4ad6-a11a-93d01f0b48f0","value":"true"}
[debug] &amp#27;[35m[W3C (a9b87e17)]&amp#27;[39m Responding to client with driver.elementDisplayed() result: true
&amp#27;[35m[HTTP]&amp#27;[39m &amp#27;[37m<-- GET /wd/hub/session/a9b87e17-c8ab-4a29-92fe-4d73cbbccd90/element/058ab951-e201-40c6-8c57-095b1fa6b3b9/displayed &amp#27;[39m&amp#27;[32m200&amp#27;[39m &amp#27;[90m22 ms - 14&amp#27;[39m
&amp#27;[35m[HTTP]&amp#27;[39m &amp#27;[90m&amp#27;[39m
&amp#27;[35m[HTTP]&amp#27;[39m &amp#27;[37m-->&amp#27;[39m &amp#27;[37mGET&amp#27;[39m &amp#27;[37m/wd/hub/session/a9b87e17-c8ab-4a29-92fe-4d73cbbccd90/context&amp#27;[39m
&amp#27;[35m[HTTP]&amp#27;[39m &amp#27;[90m{}&amp#27;[39m
[debug] &amp#27;[35m[W3C (a9b87e17)]&amp#27;[39m Calling AppiumDriver.getCurrentContext() with args: ["a9b87e17-c8ab-4a29-92fe-4d73cbbccd90"]
[debug] &amp#27;[35m[W3C (a9b87e17)]&amp#27;[39m Responding to client with driver.getCurrentContext() result: "NATIVE_APP"
&amp#27;[35m[HTTP]&amp#27;[39m &amp#27;[37m<-- GET /wd/hub/session/a9b87e17-c8ab-4a29-92fe-4d73cbbccd90/context &amp#27;[39m&amp#27;[32m200&amp#27;[39m &amp#27;[90m2 ms - 22&amp#27;[39m
&amp#27;[35m[HTTP]&amp#27;[39m &amp#27;[90m&amp#27;[39m
&amp#27;[35m[HTTP]&amp#27;[39m &amp#27;[37m-->&amp#27;[39m &amp#27;[37mPOST&amp#27;[39m &amp#27;[37m/wd/hub/session/a9b87e17-c8ab-4a29-92fe-4d73cbbccd90/element&amp#27;[39m
&amp#27;[35m[HTTP]&amp#27;[39m &amp#27;[90m{"using":"id","value":"com.freshii.freshii:id/edtPassword"}&amp#27;[39m
[debug] &amp#27;[35m[W3C (a9b87e17)]&amp#27;[39m Calling AppiumDriver.findElement() with args: ["id","com.freshii.freshii:id/edtPassword","a9b87e17-c8ab-4a29-92fe-4d73cbbccd90"]
[debug] &amp#27;[35m[BaseDriver]&amp#27;[39m Valid locator strategies for this request: xpath, id, class name, accessibility id, -android uiautomator
[debug] &amp#27;[35m[BaseDriver]&amp#27;[39m Waiting up to 30000 ms for condition
[debug] &amp#27;[35m[WD Proxy]&amp#27;[39m Matched '/element' to command name 'findElement'
[debug] &amp#27;[35m[WD Proxy]&amp#27;[39m Proxying [POST /element] to [POST http://127.0.0.1:8225/wd/hub/session/8ae78652-781d-4ad6-a11a-93d01f0b48f0/element] with body: {"strategy":"id","selector":"com.freshii.freshii:id/edtPassword","context":"","multiple":false}
[debug] &amp#27;[35m[WD Proxy]&amp#27;[39m Got response with status 200: {"sessionId":"8ae78652-781d-4ad6-a11a-93d01f0b48f0","value":{"ELEMENT":"df1856fe-eacb-4bb6-bf09-9dba1ae7c61c","element-6066-11e4-a52e-4f735466cecf":"df1856fe-eacb-4bb6-bf09-9dba1ae7c61c"}}
[debug] &amp#27;[35m[W3C (a9b87e17)]&amp#27;[39m Responding to client with driver.findElement() result: {"element-6066-11e4-a52e-4f735466cecf":"df1856fe-eacb-4bb6-bf09-9dba1ae7c61c","ELEMENT":"df1856fe-eacb-4bb6-bf09-9dba1ae7c61c"}
&amp#27;[35m[HTTP]&amp#27;[39m &amp#27;[37m<-- POST /wd/hub/session/a9b87e17-c8ab-4a29-92fe-4d73cbbccd90/element &amp#27;[39m&amp#27;[32m200&amp#27;[39m &amp#27;[90m37 ms - 137&amp#27;[39m
&amp#27;[35m[HTTP]&amp#27;[39m &amp#27;[90m&amp#27;[39m
&amp#27;[35m[HTTP]&amp#27;[39m &amp#27;[37m-->&amp#27;[39m &amp#27;[37mGET&amp#27;[39m &amp#27;[37m/wd/hub/session/a9b87e17-c8ab-4a29-92fe-4d73cbbccd90/element/df1856fe-eacb-4bb6-bf09-9dba1ae7c61c/enabled&amp#27;[39m
&amp#27;[35m[HTTP]&amp#27;[39m &amp#27;[90m{}&amp#27;[39m
[debug] &amp#27;[35m[W3C (a9b87e17)]&amp#27;[39m Calling AppiumDriver.elementEnabled() with args: ["df1856fe-eacb-4bb6-bf09-9dba1ae7c61c","a9b87e17-c8ab-4a29-92fe-4d73cbbccd90"]
[debug] &amp#27;[35m[WD Proxy]&amp#27;[39m Matched '/element/df1856fe-eacb-4bb6-bf09-9dba1ae7c61c/attribute/enabled' to command name 'getAttribute'
[debug] &amp#27;[35m[WD Proxy]&amp#27;[39m Proxying [GET /element/df1856fe-eacb-4bb6-bf09-9dba1ae7c61c/attribute/enabled] to [GET http://127.0.0.1:8225/wd/hub/session/8ae78652-781d-4ad6-a11a-93d01f0b48f0/element/df1856fe-eacb-4bb6-bf09-9dba1ae7c61c/attribute/enabled] with no body
[debug] &amp#27;[35m[WD Proxy]&amp#27;[39m Got response with status 200: {"sessionId":"8ae78652-781d-4ad6-a11a-93d01f0b48f0","value":"true"}
[debug] &amp#27;[35m[W3C (a9b87e17)]&amp#27;[39m Responding to client with driver.elementEnabled() result: true
&amp#27;[35m[HTTP]&amp#27;[39m &amp#27;[37m<-- GET /wd/hub/session/a9b87e17-c8ab-4a29-92fe-4d73cbbccd90/element/df1856fe-eacb-4bb6-bf09-9dba1ae7c61c/enabled &amp#27;[39m&amp#27;[32m200&amp#27;[39m &amp#27;[90m18 ms - 14&amp#27;[39m
&amp#27;[35m[HTTP]&amp#27;[39m &amp#27;[90m&amp#27;[39m
&amp#27;[35m[HTTP]&amp#27;[39m &amp#27;[37m-->&amp#27;[39m &amp#27;[37mGET&amp#27;[39m &amp#27;[37m/wd/hub/session/a9b87e17-c8ab-4a29-92fe-4d73cbbccd90/context&amp#27;[39m
&amp#27;[35m[HTTP]&amp#27;[39m &amp#27;[90m{}&amp#27;[39m
[debug] &amp#27;[35m[W3C (a9b87e17)]&amp#27;[39m Calling AppiumDriver.getCurrentContext() with args: ["a9b87e17-c8ab-4a29-92fe-4d73cbbccd90"]
[debug] &amp#27;[35m[W3C (a9b87e17)]&amp#27;[39m Responding to client with driver.getCurrentContext() result: "NATIVE_APP"
&amp#27;[35m[HTTP]&amp#27;[39m &amp#27;[37m<-- GET /wd/hub/session/a9b87e17-c8ab-4a29-92fe-4d73cbbccd90/context &amp#27;[39m&amp#27;[32m200&amp#27;[39m &amp#27;[90m2 ms - 22&amp#27;[39m
&amp#27;[35m[HTTP]&amp#27;[39m &amp#27;[90m&amp#27;[39m
&amp#27;[35m[HTTP]&amp#27;[39m &amp#27;[37m-->&amp#27;[39m &amp#27;[37mPOST&amp#27;[39m &amp#27;[37m/wd/hub/session/a9b87e17-c8ab-4a29-92fe-4d73cbbccd90/element&amp#27;[39m
&amp#27;[35m[HTTP]&amp#27;[39m &amp#27;[90m{"using":"id","value":"com.freshii.freshii:id/edtPassword"}&amp#27;[39m
[debug] &amp#27;[35m[W3C (a9b87e17)]&amp#27;[39m Calling AppiumDriver.findElement() with args: ["id","com.freshii.freshii:id/edtPassword","a9b87e17-c8ab-4a29-92fe-4d73cbbccd90"]
[debug] &amp#27;[35m[BaseDriver]&amp#27;[39m Valid locator strategies for this request: xpath, id, class name, accessibility id, -android uiautomator
[debug] &amp#27;[35m[BaseDriver]&amp#27;[39m Waiting up to 30000 ms for condition
[debug] &amp#27;[35m[WD Proxy]&amp#27;[39m Matched '/element' to command name 'findElement'
[debug] &amp#27;[35m[WD Proxy]&amp#27;[39m Proxying [POST /element] to [POST http://127.0.0.1:8225/wd/hub/session/8ae78652-781d-4ad6-a11a-93d01f0b48f0/element] with body: {"strategy":"id","selector":"com.freshii.freshii:id/edtPassword","context":"","multiple":false}
[debug] &amp#27;[35m[WD Proxy]&amp#27;[39m Got response with status 200: {"sessionId":"8ae78652-781d-4ad6-a11a-93d01f0b48f0","value":{"ELEMENT":"cc9937dc-4110-4faf-ae14-e99f42ffab67","element-6066-11e4-a52e-4f735466cecf":"cc9937dc-4110-4faf-ae14-e99f42ffab67"}}
[debug] &amp#27;[35m[W3C (a9b87e17)]&amp#27;[39m Responding to client with driver.findElement() result: {"element-6066-11e4-a52e-4f735466cecf":"cc9937dc-4110-4faf-ae14-e99f42ffab67","ELEMENT":"cc9937dc-4110-4faf-ae14-e99f42ffab67"}
&amp#27;[35m[HTTP]&amp#27;[39m &amp#27;[37m<-- POST /wd/hub/session/a9b87e17-c8ab-4a29-92fe-4d73cbbccd90/element &amp#27;[39m&amp#27;[32m200&amp#27;[39m &amp#27;[90m27 ms - 137&amp#27;[39m
&amp#27;[35m[HTTP]&amp#27;[39m &amp#27;[90m&amp#27;[39m
&amp#27;[35m[HTTP]&amp#27;[39m &amp#27;[37m-->&amp#27;[39m &amp#27;[37mPOST&amp#27;[39m &amp#27;[37m/wd/hub/session/a9b87e17-c8ab-4a29-92fe-4d73cbbccd90/element/cc9937dc-4110-4faf-ae14-e99f42ffab67/value&amp#27;[39m
&amp#27;[35m[HTTP]&amp#27;[39m &amp#27;[90m{"id":"cc9937dc-4110-4faf-ae14-e99f42ffab67","text":"Test1234","value":["T","e","s","t","1","2","3","4"]}&amp#27;[39m
[debug] &amp#27;[35m[W3C (a9b87e17)]&amp#27;[39m Calling AppiumDriver.setValue() with args: [["T","e","s","t","1","2","3","4"],"cc9937dc-4110-4faf-ae14-e99f42ffab67","a9b87e17-c8ab-4a29-92fe-4d73cbbccd90"]
[debug] &amp#27;[35m[WD Proxy]&amp#27;[39m Matched '/element/cc9937dc-4110-4faf-ae14-e99f42ffab67/value' to command name 'setValue'
[debug] &amp#27;[35m[Protocol Converter]&amp#27;[39m Added 'value' property ["T","e","s","t","1","2","3","4"] to 'setValue' request body
[debug] &amp#27;[35m[WD Proxy]&amp#27;[39m Proxying [POST /element/cc9937dc-4110-4faf-ae14-e99f42ffab67/value] to [POST http://127.0.0.1:8225/wd/hub/session/8ae78652-781d-4ad6-a11a-93d01f0b48f0/element/cc9937dc-4110-4faf-ae14-e99f42ffab67/value] with body: {"elementId":"cc9937dc-4110-4faf-ae14-e99f42ffab67","text":"Test1234","replace":false,"value":["T","e","s","t","1","2","3","4"]}
[debug] &amp#27;[35m[WD Proxy]&amp#27;[39m Got response with status 200: {"sessionId":"8ae78652-781d-4ad6-a11a-93d01f0b48f0","value":null}
[debug] &amp#27;[35m[W3C (a9b87e17)]&amp#27;[39m Responding to client with driver.setValue() result: null
 INFO [main] (TC_Android_001.java:60)- Enter password: Test1234
&amp#27;[35m[HTTP]&amp#27;[39m &amp#27;[37m<-- POST /wd/hub/session/a9b87e17-c8ab-4a29-92fe-4d73cbbccd90/element/cc9937dc-4110-4faf-ae14-e99f42ffab67/value &amp#27;[39m&amp#27;[32m200&amp#27;[39m &amp#27;[90m59 ms - 14&amp#27;[39m
&amp#27;[35m[HTTP]&amp#27;[39m &amp#27;[90m&amp#27;[39m
&amp#27;[35m[HTTP]&amp#27;[39m &amp#27;[37m-->&amp#27;[39m &amp#27;[37mGET&amp#27;[39m &amp#27;[37m/wd/hub/session/a9b87e17-c8ab-4a29-92fe-4d73cbbccd90/context&amp#27;[39m
&amp#27;[35m[HTTP]&amp#27;[39m &amp#27;[90m{}&amp#27;[39m
[debug] &amp#27;[35m[W3C (a9b87e17)]&amp#27;[39m Calling AppiumDriver.getCurrentContext() with args: ["a9b87e17-c8ab-4a29-92fe-4d73cbbccd90"]
[debug] &amp#27;[35m[W3C (a9b87e17)]&amp#27;[39m Responding to client with driver.getCurrentContext() result: "NATIVE_APP"
&amp#27;[35m[HTTP]&amp#27;[39m &amp#27;[37m<-- GET /wd/hub/session/a9b87e17-c8ab-4a29-92fe-4d73cbbccd90/context &amp#27;[39m&amp#27;[32m200&amp#27;[39m &amp#27;[90m2 ms - 22&amp#27;[39m
&amp#27;[35m[HTTP]&amp#27;[39m &amp#27;[90m&amp#27;[39m
&amp#27;[35m[HTTP]&amp#27;[39m &amp#27;[37m-->&amp#27;[39m &amp#27;[37mPOST&amp#27;[39m &amp#27;[37m/wd/hub/session/a9b87e17-c8ab-4a29-92fe-4d73cbbccd90/element&amp#27;[39m
&amp#27;[35m[HTTP]&amp#27;[39m &amp#27;[90m{"using":"id","value":"com.freshii.freshii:id/btnRegister"}&amp#27;[39m
[debug] &amp#27;[35m[W3C (a9b87e17)]&amp#27;[39m Calling AppiumDriver.findElement() with args: ["id","com.freshii.freshii:id/btnRegister","a9b87e17-c8ab-4a29-92fe-4d73cbbccd90"]
[debug] &amp#27;[35m[BaseDriver]&amp#27;[39m Valid locator strategies for this request: xpath, id, class name, accessibility id, -android uiautomator
[debug] &amp#27;[35m[BaseDriver]&amp#27;[39m Waiting up to 30000 ms for condition
[debug] &amp#27;[35m[WD Proxy]&amp#27;[39m Matched '/element' to command name 'findElement'
[debug] &amp#27;[35m[WD Proxy]&amp#27;[39m Proxying [POST /element] to [POST http://127.0.0.1:8225/wd/hub/session/8ae78652-781d-4ad6-a11a-93d01f0b48f0/element] with body: {"strategy":"id","selector":"com.freshii.freshii:id/btnRegister","context":"","multiple":false}
[debug] &amp#27;[35m[WD Proxy]&amp#27;[39m Got response with status 200: {"sessionId":"8ae78652-781d-4ad6-a11a-93d01f0b48f0","value":{"ELEMENT":"2beecd27-6b93-4086-b347-f3ab237351b1","element-6066-11e4-a52e-4f735466cecf":"2beecd27-6b93-4086-b347-f3ab237351b1"}}
[debug] &amp#27;[35m[W3C (a9b87e17)]&amp#27;[39m Responding to client with driver.findElement() result: {"element-6066-11e4-a52e-4f735466cecf":"2beecd27-6b93-4086-b347-f3ab237351b1","ELEMENT":"2beecd27-6b93-4086-b347-f3ab237351b1"}
&amp#27;[35m[HTTP]&amp#27;[39m &amp#27;[37m<-- POST /wd/hub/session/a9b87e17-c8ab-4a29-92fe-4d73cbbccd90/element &amp#27;[39m&amp#27;[32m200&amp#27;[39m &amp#27;[90m499 ms - 137&amp#27;[39m
&amp#27;[35m[HTTP]&amp#27;[39m &amp#27;[90m&amp#27;[39m
&amp#27;[35m[HTTP]&amp#27;[39m &amp#27;[37m-->&amp#27;[39m &amp#27;[37mGET&amp#27;[39m &amp#27;[37m/wd/hub/session/a9b87e17-c8ab-4a29-92fe-4d73cbbccd90/element/2beecd27-6b93-4086-b347-f3ab237351b1/displayed&amp#27;[39m
&amp#27;[35m[HTTP]&amp#27;[39m &amp#27;[90m{}&amp#27;[39m
[debug] &amp#27;[35m[W3C (a9b87e17)]&amp#27;[39m Calling AppiumDriver.elementDisplayed() with args: ["2beecd27-6b93-4086-b347-f3ab237351b1","a9b87e17-c8ab-4a29-92fe-4d73cbbccd90"]
[debug] &amp#27;[35m[WD Proxy]&amp#27;[39m Matched '/element/2beecd27-6b93-4086-b347-f3ab237351b1/attribute/displayed' to command name 'getAttribute'
[debug] &amp#27;[35m[WD Proxy]&amp#27;[39m Proxying [GET /element/2beecd27-6b93-4086-b347-f3ab237351b1/attribute/displayed] to [GET http://127.0.0.1:8225/wd/hub/session/8ae78652-781d-4ad6-a11a-93d01f0b48f0/element/2beecd27-6b93-4086-b347-f3ab237351b1/attribute/displayed] with no body
[debug] &amp#27;[35m[WD Proxy]&amp#27;[39m Got response with status 200: {"sessionId":"8ae78652-781d-4ad6-a11a-93d01f0b48f0","value":"true"}
[debug] &amp#27;[35m[W3C (a9b87e17)]&amp#27;[39m Responding to client with driver.elementDisplayed() result: true
&amp#27;[35m[HTTP]&amp#27;[39m &amp#27;[37m<-- GET /wd/hub/session/a9b87e17-c8ab-4a29-92fe-4d73cbbccd90/element/2beecd27-6b93-4086-b347-f3ab237351b1/displayed &amp#27;[39m&amp#27;[32m200&amp#27;[39m &amp#27;[90m21 ms - 14&amp#27;[39m
&amp#27;[35m[HTTP]&amp#27;[39m &amp#27;[90m&amp#27;[39m
&amp#27;[35m[HTTP]&amp#27;[39m &amp#27;[37m-->&amp#27;[39m &amp#27;[37mGET&amp#27;[39m &amp#27;[37m/wd/hub/session/a9b87e17-c8ab-4a29-92fe-4d73cbbccd90/context&amp#27;[39m
&amp#27;[35m[HTTP]&amp#27;[39m &amp#27;[90m{}&amp#27;[39m
[debug] &amp#27;[35m[W3C (a9b87e17)]&amp#27;[39m Calling AppiumDriver.getCurrentContext() with args: ["a9b87e17-c8ab-4a29-92fe-4d73cbbccd90"]
[debug] &amp#27;[35m[W3C (a9b87e17)]&amp#27;[39m Responding to client with driver.getCurrentContext() result: "NATIVE_APP"
&amp#27;[35m[HTTP]&amp#27;[39m &amp#27;[37m<-- GET /wd/hub/session/a9b87e17-c8ab-4a29-92fe-4d73cbbccd90/context &amp#27;[39m&amp#27;[32m200&amp#27;[39m &amp#27;[90m2 ms - 22&amp#27;[39m
&amp#27;[35m[HTTP]&amp#27;[39m &amp#27;[90m&amp#27;[39m
&amp#27;[35m[HTTP]&amp#27;[39m &amp#27;[37m-->&amp#27;[39m &amp#27;[37mPOST&amp#27;[39m &amp#27;[37m/wd/hub/session/a9b87e17-c8ab-4a29-92fe-4d73cbbccd90/element&amp#27;[39m
&amp#27;[35m[HTTP]&amp#27;[39m &amp#27;[90m{"using":"id","value":"com.freshii.freshii:id/btnRegister"}&amp#27;[39m
[debug] &amp#27;[35m[W3C (a9b87e17)]&amp#27;[39m Calling AppiumDriver.findElement() with args: ["id","com.freshii.freshii:id/btnRegister","a9b87e17-c8ab-4a29-92fe-4d73cbbccd90"]
[debug] &amp#27;[35m[BaseDriver]&amp#27;[39m Valid locator strategies for this request: xpath, id, class name, accessibility id, -android uiautomator
[debug] &amp#27;[35m[BaseDriver]&amp#27;[39m Waiting up to 30000 ms for condition
[debug] &amp#27;[35m[WD Proxy]&amp#27;[39m Matched '/element' to command name 'findElement'
[debug] &amp#27;[35m[WD Proxy]&amp#27;[39m Proxying [POST /element] to [POST http://127.0.0.1:8225/wd/hub/session/8ae78652-781d-4ad6-a11a-93d01f0b48f0/element] with body: {"strategy":"id","selector":"com.freshii.freshii:id/btnRegister","context":"","multiple":false}
[debug] &amp#27;[35m[WD Proxy]&amp#27;[39m Got response with status 200: {"sessionId":"8ae78652-781d-4ad6-a11a-93d01f0b48f0","value":{"ELEMENT":"8aedbcc4-c3c3-4fde-9e4a-7b2d7ce50551","element-6066-11e4-a52e-4f735466cecf":"8aedbcc4-c3c3-4fde-9e4a-7b2d7ce50551"}}
[debug] &amp#27;[35m[W3C (a9b87e17)]&amp#27;[39m Responding to client with driver.findElement() result: {"element-6066-11e4-a52e-4f735466cecf":"8aedbcc4-c3c3-4fde-9e4a-7b2d7ce50551","ELEMENT":"8aedbcc4-c3c3-4fde-9e4a-7b2d7ce50551"}
&amp#27;[35m[HTTP]&amp#27;[39m &amp#27;[37m<-- POST /wd/hub/session/a9b87e17-c8ab-4a29-92fe-4d73cbbccd90/element &amp#27;[39m&amp#27;[32m200&amp#27;[39m &amp#27;[90m25 ms - 137&amp#27;[39m
&amp#27;[35m[HTTP]&amp#27;[39m &amp#27;[90m&amp#27;[39m
&amp#27;[35m[HTTP]&amp#27;[39m &amp#27;[37m-->&amp#27;[39m &amp#27;[37mGET&amp#27;[39m &amp#27;[37m/wd/hub/session/a9b87e17-c8ab-4a29-92fe-4d73cbbccd90/element/8aedbcc4-c3c3-4fde-9e4a-7b2d7ce50551/enabled&amp#27;[39m
&amp#27;[35m[HTTP]&amp#27;[39m &amp#27;[90m{}&amp#27;[39m
[debug] &amp#27;[35m[W3C (a9b87e17)]&amp#27;[39m Calling AppiumDriver.elementEnabled() with args: ["8aedbcc4-c3c3-4fde-9e4a-7b2d7ce50551","a9b87e17-c8ab-4a29-92fe-4d73cbbccd90"]
[debug] &amp#27;[35m[WD Proxy]&amp#27;[39m Matched '/element/8aedbcc4-c3c3-4fde-9e4a-7b2d7ce50551/attribute/enabled' to command name 'getAttribute'
[debug] &amp#27;[35m[WD Proxy]&amp#27;[39m Proxying [GET /element/8aedbcc4-c3c3-4fde-9e4a-7b2d7ce50551/attribute/enabled] to [GET http://127.0.0.1:8225/wd/hub/session/8ae78652-781d-4ad6-a11a-93d01f0b48f0/element/8aedbcc4-c3c3-4fde-9e4a-7b2d7ce50551/attribute/enabled] with no body
[debug] &amp#27;[35m[WD Proxy]&amp#27;[39m Got response with status 200: {"sessionId":"8ae78652-781d-4ad6-a11a-93d01f0b48f0","value":"true"}
[debug] &amp#27;[35m[W3C (a9b87e17)]&amp#27;[39m Responding to client with driver.elementEnabled() result: true
&amp#27;[35m[HTTP]&amp#27;[39m &amp#27;[37m<-- GET /wd/hub/session/a9b87e17-c8ab-4a29-92fe-4d73cbbccd90/element/8aedbcc4-c3c3-4fde-9e4a-7b2d7ce50551/enabled &amp#27;[39m&amp#27;[32m200&amp#27;[39m &amp#27;[90m19 ms - 14&amp#27;[39m
&amp#27;[35m[HTTP]&amp#27;[39m &amp#27;[90m&amp#27;[39m
&amp#27;[35m[HTTP]&amp#27;[39m &amp#27;[37m-->&amp#27;[39m &amp#27;[37mGET&amp#27;[39m &amp#27;[37m/wd/hub/session/a9b87e17-c8ab-4a29-92fe-4d73cbbccd90/context&amp#27;[39m
&amp#27;[35m[HTTP]&amp#27;[39m &amp#27;[90m{}&amp#27;[39m
[debug] &amp#27;[35m[W3C (a9b87e17)]&amp#27;[39m Calling AppiumDriver.getCurrentContext() with args: ["a9b87e17-c8ab-4a29-92fe-4d73cbbccd90"]
[debug] &amp#27;[35m[W3C (a9b87e17)]&amp#27;[39m Responding to client with driver.getCurrentContext() result: "NATIVE_APP"
&amp#27;[35m[HTTP]&amp#27;[39m &amp#27;[37m<-- GET /wd/hub/session/a9b87e17-c8ab-4a29-92fe-4d73cbbccd90/context &amp#27;[39m&amp#27;[32m200&amp#27;[39m &amp#27;[90m2 ms - 22&amp#27;[39m
&amp#27;[35m[HTTP]&amp#27;[39m &amp#27;[90m&amp#27;[39m
&amp#27;[35m[HTTP]&amp#27;[39m &amp#27;[37m-->&amp#27;[39m &amp#27;[37mPOST&amp#27;[39m &amp#27;[37m/wd/hub/session/a9b87e17-c8ab-4a29-92fe-4d73cbbccd90/element&amp#27;[39m
&amp#27;[35m[HTTP]&amp#27;[39m &amp#27;[90m{"using":"id","value":"com.freshii.freshii:id/btnRegister"}&amp#27;[39m
[debug] &amp#27;[35m[W3C (a9b87e17)]&amp#27;[39m Calling AppiumDriver.findElement() with args: ["id","com.freshii.freshii:id/btnRegister","a9b87e17-c8ab-4a29-92fe-4d73cbbccd90"]
[debug] &amp#27;[35m[BaseDriver]&amp#27;[39m Valid locator strategies for this request: xpath, id, class name, accessibility id, -android uiautomator
[debug] &amp#27;[35m[BaseDriver]&amp#27;[39m Waiting up to 30000 ms for condition
[debug] &amp#27;[35m[WD Proxy]&amp#27;[39m Matched '/element' to command name 'findElement'
[debug] &amp#27;[35m[WD Proxy]&amp#27;[39m Proxying [POST /element] to [POST http://127.0.0.1:8225/wd/hub/session/8ae78652-781d-4ad6-a11a-93d01f0b48f0/element] with body: {"strategy":"id","selector":"com.freshii.freshii:id/btnRegister","context":"","multiple":false}
[debug] &amp#27;[35m[WD Proxy]&amp#27;[39m Got response with status 200: {"sessionId":"8ae78652-781d-4ad6-a11a-93d01f0b48f0","value":{"ELEMENT":"0289a21c-545f-4062-a062-78b90329edb3","element-6066-11e4-a52e-4f735466cecf":"0289a21c-545f-4062-a062-78b90329edb3"}}
[debug] &amp#27;[35m[W3C (a9b87e17)]&amp#27;[39m Responding to client with driver.findElement() result: {"element-6066-11e4-a52e-4f735466cecf":"0289a21c-545f-4062-a062-78b90329edb3","ELEMENT":"0289a21c-545f-4062-a062-78b90329edb3"}
&amp#27;[35m[HTTP]&amp#27;[39m &amp#27;[37m<-- POST /wd/hub/session/a9b87e17-c8ab-4a29-92fe-4d73cbbccd90/element &amp#27;[39m&amp#27;[32m200&amp#27;[39m &amp#27;[90m20 ms - 137&amp#27;[39m
&amp#27;[35m[HTTP]&amp#27;[39m &amp#27;[90m&amp#27;[39m
&amp#27;[35m[HTTP]&amp#27;[39m &amp#27;[37m-->&amp#27;[39m &amp#27;[37mPOST&amp#27;[39m &amp#27;[37m/wd/hub/session/a9b87e17-c8ab-4a29-92fe-4d73cbbccd90/element/0289a21c-545f-4062-a062-78b90329edb3/click&amp#27;[39m
&amp#27;[35m[HTTP]&amp#27;[39m &amp#27;[90m{"id":"0289a21c-545f-4062-a062-78b90329edb3"}&amp#27;[39m
[debug] &amp#27;[35m[W3C (a9b87e17)]&amp#27;[39m Calling AppiumDriver.click() with args: ["0289a21c-545f-4062-a062-78b90329edb3","a9b87e17-c8ab-4a29-92fe-4d73cbbccd90"]
[debug] &amp#27;[35m[WD Proxy]&amp#27;[39m Matched '/element/0289a21c-545f-4062-a062-78b90329edb3/click' to command name 'click'
[debug] &amp#27;[35m[WD Proxy]&amp#27;[39m Proxying [POST /element/0289a21c-545f-4062-a062-78b90329edb3/click] to [POST http://127.0.0.1:8225/wd/hub/session/8ae78652-781d-4ad6-a11a-93d01f0b48f0/element/0289a21c-545f-4062-a062-78b90329edb3/click] with body: {"element":"0289a21c-545f-4062-a062-78b90329edb3"}
[debug] &amp#27;[35m[WD Proxy]&amp#27;[39m Got response with status 200: {"sessionId":"8ae78652-781d-4ad6-a11a-93d01f0b48f0","value":null}
[debug] &amp#27;[35m[W3C (a9b87e17)]&amp#27;[39m Responding to client with driver.click() result: null
&amp#27;[35m[HTTP]&amp#27;[39m &amp#27;[37m<-- POST /wd/hub/session/a9b87e17-c8ab-4a29-92fe-4d73cbbccd90/element/0289a21c-545f-4062-a06 INFO [main] (TC_Android_001.java:64)- Click submit
2-78b90329edb3/click &amp#27;[39m&amp#27;[32m200&amp#27;[39m &amp#27;[90m106 ms - 14&amp#27;[39m
&amp#27;[35m[HTTP]&amp#27;[39m &amp#27;[90m&amp#27;[39m
&amp#27;[35m[HTTP]&amp#27;[39m &amp#27;[37m-->&amp#27;[39m &amp#27;[37mGET&amp#27;[39m &amp#27;[37m/wd/hub/session/a9b87e17-c8ab-4a29-92fe-4d73cbbccd90/context&amp#27;[39m
&amp#27;[35m[HTTP]&amp#27;[39m &amp#27;[90m{}&amp#27;[39m
[debug] &amp#27;[35m[W3C (a9b87e17)]&amp#27;[39m Calling AppiumDriver.getCurrentContext() with args: ["a9b87e17-c8ab-4a29-92fe-4d73cbbccd90"]
[debug] &amp#27;[35m[W3C (a9b87e17)]&amp#27;[39m Responding to client with driver.getCurrentContext() result: "NATIVE_APP"
&amp#27;[35m[HTTP]&amp#27;[39m &amp#27;[37m<-- GET /wd/hub/session/a9b87e17-c8ab-4a29-92fe-4d73cbbccd90/context &amp#27;[39m&amp#27;[32m200&amp#27;[39m &amp#27;[90m5 ms - 22&amp#27;[39m
&amp#27;[35m[HTTP]&amp#27;[39m &amp#27;[90m&amp#27;[39m
&amp#27;[35m[HTTP]&amp#27;[39m &amp#27;[37m-->&amp#27;[39m &amp#27;[37mPOST&amp#27;[39m &amp#27;[37m/wd/hub/session/a9b87e17-c8ab-4a29-92fe-4d73cbbccd90/element&amp#27;[39m
&amp#27;[35m[HTTP]&amp#27;[39m &amp#27;[90m{"using":"xpath","value":"//*[@text='please enter a valid email']"}&amp#27;[39m
[debug] &amp#27;[35m[W3C (a9b87e17)]&amp#27;[39m Calling AppiumDriver.findElement() with args: ["xpath","//*[@text='please enter a valid email']","a9b87e17-c8ab-4a29-92fe-4d73cbbccd90"]
[debug] &amp#27;[35m[BaseDriver]&amp#27;[39m Valid locator strategies for this request: xpath, id, class name, accessibility id, -android uiautomator
[debug] &amp#27;[35m[BaseDriver]&amp#27;[39m Waiting up to 30000 ms for condition
[debug] &amp#27;[35m[WD Proxy]&amp#27;[39m Matched '/element' to command name 'findElement'
[debug] &amp#27;[35m[WD Proxy]&amp#27;[39m Proxying [POST /element] to [POST http://127.0.0.1:8225/wd/hub/session/8ae78652-781d-4ad6-a11a-93d01f0b48f0/element] with body: {"strategy":"xpath","selector":"//*[@text='please enter a valid email']","context":"","multiple":false}
[debug] &amp#27;[35m[WD Proxy]&amp#27;[39m Got response with status 200: {"sessionId":"8ae78652-781d-4ad6-a11a-93d01f0b48f0","value":{"ELEMENT":"c709a07f-0351-4f70-b908-b703ba1350aa","element-6066-11e4-a52e-4f735466cecf":"c709a07f-0351-4f70-b908-b703ba1350aa"}}
[debug] &amp#27;[35m[W3C (a9b87e17)]&amp#27;[39m Responding to client with driver.findElement() result: {"element-6066-11e4-a52e-4f735466cecf":"c709a07f-0351-4f70-b908-b703ba1350aa","ELEMENT":"c709a07f-0351-4f70-b908-b703ba1350aa"}
&amp#27;[35m[HTTP]&amp#27;[39m &amp#27;[37m<-- POST /wd/hub/session/a9b87e17-c8ab-4a29-92fe-4d73cbbccd90/element &amp#27;[39m&amp#27;[32m200&amp#27;[39m &amp#27;[90m885 ms - 137&amp#27;[39m
&amp#27;[35m[HTTP]&amp#27;[39m &amp#27;[90m&amp#27;[39m
&amp#27;[35m[HTTP]&amp#27;[39m &amp#27;[37m-->&amp#27;[39m &amp#27;[37mGET&amp#27;[39m &amp#27;[37m/wd/hub/session/a9b87e17-c8ab-4a29-92fe-4d73cbbccd90/element/c709a07f-0351-4f70-b908-b703ba1350aa/displayed&amp#27;[39m
&amp#27;[35m[HTTP]&amp#27;[39m &amp#27;[90m{}&amp#27;[39m
[debug] &amp#27;[35m[W3C (a9b87e17)]&amp#27;[39m Calling AppiumDriver.elementDisplayed() with args: ["c709a07f-0351-4f70-b908-b703ba1350aa","a9b87e17-c8ab-4a29-92fe-4d73cbbccd90"]
[debug] &amp#27;[35m[WD Proxy]&amp#27;[39m Matched '/element/c709a07f-0351-4f70-b908-b703ba1350aa/attribute/displayed' to command name 'getAttribute'
[debug] &amp#27;[35m[WD Proxy]&amp#27;[39m Proxying [GET /element/c709a07f-0351-4f70-b908-b703ba1350aa/attribute/displayed] to [GET http://127.0.0.1:8225/wd/hub/session/8ae78652-781d-4ad6-a11a-93d01f0b48f0/element/c709a07f-0351-4f70-b908-b703ba1350aa/attribute/displayed] with no body
[debug] &amp#27;[35m[WD Proxy]&amp#27;[39m Got response with status 200: {"sessionId":"8ae78652-781d-4ad6-a11a-93d01f0b48f0","value":"true"}
[debug] &amp#27;[35m[W3C (a9b87e17)]&amp#27;[39m Responding to client with driver.elementDisplayed() result: true
&amp#27;[35m[HTTP]&amp#27;[39m &amp#27;[37m<-- GET /wd/hub/session/a9b87e17-c8ab-4a29-92fe-4d73cbbccd90/element/c709a07f-0351-4f70-b908-b703ba1350aa/displayed &amp#27;[39m&amp#27;[32m200&amp#27;[39m &amp#27;[90m16 ms - 14&amp#27;[39m
&amp#27;[35m[HTTP]&amp#27;[39m &amp#27;[90m&amp#27;[39m
&amp#27;[35m[HTTP]&amp#27;[39m &amp#27;[37m-->&amp#27;[39m &amp#27;[37mGET&amp#27;[39m &amp#27;[37m/wd/hub/session/a9b87e17-c8ab-4a29-92fe-4d73cbbccd90/context&amp#27;[39m
&amp#27;[35m[HTTP]&amp#27;[39m &amp#27;[90m{}&amp#27;[39m
[debug] &amp#27;[35m[W3C (a9b87e17)]&amp#27;[39m Calling AppiumDriver.getCurrentContext() with args: ["a9b87e17-c8ab-4a29-92fe-4d73cbbccd90"]
[debug] &amp#27;[35m[W3C (a9b87e17)]&amp#27;[39m Responding to client with driver.getCurrentContext() result: "NATIVE_APP"
&amp#27;[35m[HTTP]&amp#27;[39m &amp#27;[37m<-- GET /wd/hub/session/a9b87e17-c8ab-4a29-92fe-4d73cbbccd90/context &amp#27;[39m&amp#27;[32m200&amp#27;[39m &amp#27;[90m2 ms - 22&amp#27;[39m
&amp#27;[35m[HTTP]&amp#27;[39m &amp#27;[90m&amp#27;[39m
&amp#27;[35m[HTTP]&amp#27;[39m &amp#27;[37m-->&amp#27;[39m &amp#27;[37mPOST&amp#27;[39m &amp#27;[37m/wd/hub/session/a9b87e17-c8ab-4a29-92fe-4d73cbbccd90/element&amp#27;[39m
&amp#27;[35m[HTTP]&amp#27;[39m &amp#27;[90m{"using":"xpath","value":"//*[@text='please enter a valid email']"}&amp#27;[39m
[debug] &amp#27;[35m[W3C (a9b87e17)]&amp#27;[39m Calling AppiumDriver.findElement() with args: ["xpath","//*[@text='please enter a valid email']","a9b87e17-c8ab-4a29-92fe-4d73cbbccd90"]
[debug] &amp#27;[35m[BaseDriver]&amp#27;[39m Valid locator strategies for this request: xpath, id, class name, accessibility id, -android uiautomator
[debug] &amp#27;[35m[BaseDriver]&amp#27;[39m Waiting up to 30000 ms for condition
[debug] &amp#27;[35m[WD Proxy]&amp#27;[39m Matched '/element' to command name 'findElement'
[debug] &amp#27;[35m[WD Proxy]&amp#27;[39m Proxying [POST /element] to [POST http://127.0.0.1:8225/wd/hub/session/8ae78652-781d-4ad6-a11a-93d01f0b48f0/element] with body: {"strategy":"xpath","selector":"//*[@text='please enter a valid email']","context":"","multiple":false}
[debug] &amp#27;[35m[WD Proxy]&amp#27;[39m Got response with status 200: {"sessionId":"8ae78652-781d-4ad6-a11a-93d01f0b48f0","value":{"ELEMENT":"b3780fae-5560-4dfb-84bb-6997cede6bce","element-6066-11e4-a52e-4f735466cecf":"b3780fae-5560-4dfb-84bb-6997cede6bce"}}
[debug] &amp#27;[35m[W3C (a9b87e17)]&amp#27;[39m Responding to client with driver.findElement() result: {"element-6066-11e4-a52e-4f735466cecf":"b3780fae-5560-4dfb-84bb-6997cede6bce","ELEMENT":"b3780fae-5560-4dfb-84bb-6997cede6bce"}
&amp#27;[35m[HTTP]&amp#27;[39m &amp#27;[37m<-- POST /wd/hub/session/a9b87e17-c8ab-4a29-92fe-4d73cbbccd90/element &amp#27;[39m&amp#27;[32m200&amp#27;[39m &amp#27;[90m110 ms - 137&amp#27;[39m
&amp#27;[35m[HTTP]&amp#27;[39m &amp#27;[90m&amp#27;[39m
&amp#27;[35m[HTTP]&amp#27;[39m &amp#27;[37m-->&amp#27;[39m &amp#27;[37mGET&amp#27;[39m &amp#27;[37m/wd/hub/session/a9b87e17-c8ab-4a29-92fe-4d73cbbccd90/element/b3780fae-5560-4dfb-84bb-6997cede6bce/enabled&amp#27;[39m
&amp#27;[35m[HTTP]&amp#27;[39m &amp#27;[90m{}&amp#27;[39m
[debug] &amp#27;[35m[W3C (a9b87e17)]&amp#27;[39m Calling AppiumDriver.elementEnabled() with args: ["b3780fae-5560-4dfb-84bb-6997cede6bce","a9b87e17-c8ab-4a29-92fe-4d73cbbccd90"]
[debug] &amp#27;[35m[WD Proxy]&amp#27;[39m Matched '/element/b3780fae-5560-4dfb-84bb-6997cede6bce/attribute/enabled' to command name 'getAttribute'
[debug] &amp#27;[35m[WD Proxy]&amp#27;[39m Proxying [GET /element/b3780fae-5560-4dfb-84bb-6997cede6bce/attribute/enabled] to [GET http://127.0.0.1:8225/wd/hub/session/8ae78652-781d-4ad6-a11a-93d01f0b48f0/element/b3780fae-5560-4dfb-84bb-6997cede6bce/attribute/enabled] with no body
[debug] &amp#27;[35m[WD Proxy]&amp#27;[39m Got response with status 200: {"sessionId":"8ae78652-781d-4ad6-a11a-93d01f0b48f0","value":"true"}
[debug] &amp#27;[35m[W3C (a9b87e17)]&amp#27;[39m Responding to client with driver.elementEnabled() result: true
&amp#27;[35m[HTTP]&amp#27;[39m &amp#27;[37m<-- GET /wd/hub/session/a9b87e17-c8ab-4a29-92fe-4d73cbbccd90/element/b3780fae-5560-4dfb-84bb-6997cede6bce/enabled &amp#27;[39m&amp#27;[32m200&amp#27;[39m &amp#27;[90m519 ms - 14&amp#27;[39m
&amp#27;[35m[HTTP]&amp#27;[39m &amp#27;[90m&amp#27;[39m
&amp#27;[35m[HTTP]&amp#27;[39m &amp#27;[37m-->&amp#27;[39m &amp#27;[37mGET&amp#27;[39m &amp#27;[37m/wd/hub/session/a9b87e17-c8ab-4a29-92fe-4d73cbbccd90/context&amp#27;[39m
&amp#27;[35m[HTTP]&amp#27;[39m &amp#27;[90m{}&amp#27;[39m
[debug] &amp#27;[35m[W3C (a9b87e17)]&amp#27;[39m Calling AppiumDriver.getCurrentContext() with args: ["a9b87e17-c8ab-4a29-92fe-4d73cbbccd90"]
[debug] &amp#27;[35m[W3C (a9b87e17)]&amp#27;[39m Responding to client with driver.getCurrentContext() result: "NATIVE_APP"
&amp#27;[35m[HTTP]&amp#27;[39m &amp#27;[37m<-- GET /wd/hub/session/a9b87e17-c8ab-4a29-92fe-4d73cbbccd90/context &amp#27;[39m&amp#27;[32m200&amp#27;[39m &amp#27;[90m2 ms - 22&amp#27;[39m
&amp#27;[35m[HTTP]&amp#27;[39m &amp#27;[90m&amp#27;[39m
&amp#27;[35m[HTTP]&amp#27;[39m &amp#27;[37m-->&amp#27;[39m &amp#27;[37mPOST&amp#27;[39m &amp#27;[37m/wd/hub/session/a9b87e17-c8ab-4a29-92fe-4d73cbbccd90/element&amp#27;[39m
&amp#27;[35m[HTTP]&amp#27;[39m &amp#27;[90m{"using":"xpath","value":"//*[@text='please enter a valid email']"}&amp#27;[39m
[debug] &amp#27;[35m[W3C (a9b87e17)]&amp#27;[39m Calling AppiumDriver.findElement() with args: ["xpath","//*[@text='please enter a valid email']","a9b87e17-c8ab-4a29-92fe-4d73cbbccd90"]
[debug] &amp#27;[35m[BaseDriver]&amp#27;[39m Valid locator strategies for this request: xpath, id, class name, accessibility id, -android uiautomator
[debug] &amp#27;[35m[BaseDriver]&amp#27;[39m Waiting up to 30000 ms for condition
[debug] &amp#27;[35m[WD Proxy]&amp#27;[39m Matched '/element' to command name 'findElement'
[debug] &amp#27;[35m[WD Proxy]&amp#27;[39m Proxying [POST /element] to [POST http://127.0.0.1:8225/wd/hub/session/8ae78652-781d-4ad6-a11a-93d01f0b48f0/element] with body: {"strategy":"xpath","selector":"//*[@text='please enter a valid email']","context":"","multiple":false}
[debug] &amp#27;[35m[WD Proxy]&amp#27;[39m Got response with status 200: {"sessionId":"8ae78652-781d-4ad6-a11a-93d01f0b48f0","value":{"ELEMENT":"eebbf8e9-21a5-4dd2-a88e-9a2ac9cb55b7","element-6066-11e4-a52e-4f735466cecf":"eebbf8e9-21a5-4dd2-a88e-9a2ac9cb55b7"}}
[debug] &amp#27;[35m[W3C (a9b87e17)]&amp#27;[39m Responding to client with driver.findElement() result: {"element-6066-11e4-a52e-4f735466cecf":"eebbf8e9-21a5-4dd2-a88e-9a2ac9cb55b7","ELEMENT":"eebbf8e9-21a5-4dd2-a88e-9a2ac9cb55b7"}
&amp#27;[35m[HTTP]&amp#27;[39m &amp#27;[37m<-- POST /wd/hub/session/a9b87e17-c8ab-4a29-92fe-4d73cbbccd90/element &amp#27;[39m&amp#27;[32m200&amp#27;[39m &amp#27;[90m151 ms - 137&amp#27;[39m
&amp#27;[35m[HTTP]&amp#27;[39m &amp#27;[90m&amp#27;[39m
&amp#27;[35m[HTTP]&amp#27;[39m &amp#27;[37m-->&amp#27;[39m &amp#27;[37mGET&amp#27;[39m &amp#27;[37m/wd/hub/session/a9b87e17-c8ab-4a29-92fe-4d73cbbccd90/element/eebbf8e9-21a5-4dd2-a88e-9a2ac9cb55b7/text&amp#27;[39m
&amp#27;[35m[HTTP]&amp#27;[39m &amp#27;[90m{}&amp#27;[39m
&amp#27;[35m[W3C (a9b87e17)]&amp#27;[39m Driver proxy active, passing request on via HTTP proxy
[debug] &amp#27;[35m[WD Proxy]&amp#27;[39m Matched '/wd/hub/session/a9b87e17-c8ab-4a29-92fe-4d73cbbccd90/element/eebbf8e9-21a5-4dd2-a88e-9a2ac9cb55b7/text' to command name 'getText'
[debug] &amp#27;[35m[WD Proxy]&amp#27;[39m Proxying [GET /wd/hub/session/a9b87e17-c8ab-4a29-92fe-4d73cbbccd90/element/eebbf8e9-21a5-4dd2-a88e-9a2ac9cb55b7/text] to [GET http://127.0.0.1:8225/wd/hub/session/8ae78652-781d-4ad6-a11a-93d01f0b48f0/element/eebbf8e9-21a5-4dd2-a88e-9a2ac9cb55b7/text] with no body
[debug] &amp#27;[35m[WD Proxy]&amp#27;[39m Got response with status 200: {"sessionId":"8ae78652-781d-4ad6-a11a-93d01f0b48f0","value":"please enter a valid email"}
&amp#27;[35m[WD Proxy]&amp#27;[39m Replacing sessionId 8ae78652-781d-4ad6-a11a-93d01f0b48f0 with a9b87e17-c8ab-4a29-92fe-4d73cbbccd90
&amp#27;[35m[HTTP]&amp#27;[39m &amp#27;[37m<-- GET /wd/hub/session/a9b87e17-c8ab-4a29-92fe-4d73cbbccd90/element/eebbf8e9-21a5-4dd2-a88e-9a2ac9cb55b7/text &amp#27;[39m&amp#27;[32m200&amp#27;[39m &amp#27;[90m18 ms - 89&amp#27;[39m
&amp#27;[35m[HTTP]&amp#27;[39m &amp#27;[90m&amp#27;[39m
Failed Test
&amp#27;[35m[HTTP]&amp#27;[39m &amp#27;[37m-->&amp#27;[39m &amp#27;[37mGET&amp#27;[39m &amp#27;[37m/wd/hub/session/a9b87e17-c8ab-4a29-92fe-4d73cbbccd90/screenshot&amp#27;[39m
&amp#27;[35m[HTTP]&amp#27;[39m &amp#27;[90m{}&amp#27;[39m
[debug] &amp#27;[35m[W3C (a9b87e17)]&amp#27;[39m Calling AppiumDriver.getScreenshot() with args: ["a9b87e17-c8ab-4a29-92fe-4d73cbbccd90"]
[debug] &amp#27;[35m[WD Proxy]&amp#27;[39m Matched '/screenshot' to command name 'getScreenshot'
[debug] &amp#27;[35m[WD Proxy]&amp#27;[39m Proxying [GET /screenshot] to [GET http://127.0.0.1:8225/wd/hub/session/8ae78652-781d-4ad6-a11a-93d01f0b48f0/screenshot] with no body
[debug] &amp#27;[35m[WD Proxy]&amp#27;[39m Got response with status 200: {"sessionId":"8ae78652-781d-4ad6-a11a-93d01f0b48f0","value":"iVBORw0KGgoAAAANSUhEUgAABDgAAAisCAYAAACtR1KuAAAAAXNSR0IArs4c6QAAAARzQklUCAgI\nCHwIZIgAACAASURBVHic7N13fE73+z/w69wZsu9ERGwhUbRBjFoRNUrFKjVqlIaWUlHU6EBpUVSH\n3TZUIyU1i9p8rEgbI1qhBDEisgeRve77+v7hl/zcco9z79y8no/H9XhUzvu8x7nfJ73PlXPOWyAi\nJgAAAAAAAAAACyYxdwcAAAAAAAAAAPSFBAcAAAAAAAAAWDwkOAAAAAAAAADA4iHBAQAAAAAAAAAW\nDwkOAAAAAAAAALB4SHAAAAAAAAAAgMVDggMAAAAAAAAALB4SHAAAAAAAAABg8ZDgAAAAAAAAAACL\nhwQHAAAAAAAAAFg8JDgAAAAAAAAAwOIhwQEAAAAAAAAAFs/a3B0AgKpFEATy9vammTNnUu/evcnL\ny0thGzMTEVFZWRldv36dtm7dSqGhoZSVlVWxzVJJJBJycHAge3t7sra2JmtraxIEgeRyOZWVlVFp\naSkVFBRQYWGhubsKAAAAAADPEIjIsq9IAExIEARycHAgb29v8vLyoitXrlBycjKVlJSYu2t6EQSB\n7OzsaN26dTRy5EiqVq0aCYIgen+5XE45OTm0YMECWrNmjcUkOgRBIBsbG3JxcSFHR0eqXr06dejQ\ngVq0aEE1a9YkNzc3sre3p9zcXMrKyqLk5GS6cOEC/fvvv5STk0PZ2dkW/9kDAAAAADwvkOAAnTg5\nOZGtra3Si2C5XE4FBQVUXFxshp4Zj1QqpY4dO9K4ceOoe/fu5ObmRgkJCbR7927asWMHXb161SIv\ndq2srOjAgQPUu3dvEgRBq8TGs5iZmJlsbW1JJpMZsJeGJ5FIyN3dnfz8/Khfv37UqVMnatmyJdnZ\n2andTyaTUWpqKh06dIh27txJ...
[debug] &amp#27;[35m[W3C (a9b87e17)]&amp#27;[39m Responding to client with driver.getScreenshot() result: "iVBORw0KGgoAAAANSUhEUgAABDgAAAisCAYAAACtR1KuAAAAAXNSR0IArs4c6QAAAARzQklUCAgI\nCHwIZIgAACAASURBVHic7N13fE73+z/w69wZsu9ERGwhUbRBjFoRNUrFKjVqlIaWUlHU6EBpUVSH\n3TZUIyU1i9p8rEgbI1qhBDEisgeRve77+v7hl/zcco9z79y8no/H9XhUzvu8x7nfJ73PlXPOWyAi\nJgAAAAAAAAAACyYxdwcAAAAAAAAAAPSFBAcAAAAAAAAAWDwkOAAAAAAAAADA4iHBAQAAAAAAAAAW\nDwkOAAAAAAAAALB4SHAAAAAAAAAAgMVDggMAAAAAAAAALB4SHAAAAAAAAABg8ZDgAAAAAAAAAACL\nhwQHAAAAAAAAAFg8JDgAAAAAAAAAwOIhwQEAAAAAAAAAFs/a3B0AgKpFEATy9vammTNnUu/evcnL\ny0thGzMTEVFZWRldv36dtm7dSqGhoZSVlVWxzVJJJBJycHAge3t7sra2JmtraxIEgeRyOZWVlVFp\naSkVFBRQYWGhubsKAAAAAADPEIjIsq9IAExIEARycHAgb29v8vLyoitXrlBycjKVlJSYu2t6EQSB\n7OzsaN26dTRy5EiqVq0aCYIgen+5XE45OTm0YMECWrNmjcUkOgRBIBsbG3JxcSFHR0eqXr06dejQ\ngVq0aEE1a9YkNzc3sre3p9zcXMrKyqLk5GS6cOEC/fvvv5STk0PZ2dkW/9kDAAAAADwvkOAAnTg5\nOZGtra3Si2C5XE4FBQVUXFxshp4Zj1QqpY4dO9K4ceOoe/fu5ObmRgkJCbR7927asWMHXb161SIv\ndq2srOjAgQPUu3dvEgRBq8TGs5iZmJlsbW1JJpMZsJeGJ5FIyN3dnfz8/Khfv37UqVMnatmyJdnZ\n2andTyaTUWpqKh06dIh27txJV69epaysLCotLTVRzwEAAABAEzc3N/L19aXatWuTh4cHubm50aNH\njygjI4...
&amp#27;[35m[HTTP]&amp#27;[39m &amp#27;[37m<-- GET /wd/hub/session/a9b87e17-c8ab-4a29-92fe-4d73cbbccd90/screenshot &amp#27;[39m&amp#27;[32m200&amp#27;[39m &amp#27;[90m1301 ms - 144330&amp#27;[39m
&amp#27;[35m[HTTP]&amp#27;[39m &amp#27;[90m&amp#27;[39m
]]></system-out>
    <system-err><![CDATA[Aug 14, 2020 5:34:54 PM io.appium.java_client.remote.AppiumCommandExecutor$1 lambda$0
INFO: Detected dialect: W3C
]]></system-err>
  </testcase>
  <testcase name="SignUpTest" classname="com.testCases.TC_Android_001" time="35.171">
    <failure message="An element could not be located on the page using the given search parameters.&#10;For documentation on this error, please visit: https://www.seleniumhq.org/exceptions/no_such_element.html&#10;Build info: version: &apos;3.141.59&apos;, revision: &apos;e82be7d358&apos;, time: &apos;2018-11-14T08:17:03&apos;&#10;System info: host: &apos;DESKTOP-8UCFDRT&apos;, ip: &apos;192.168.2.19&apos;, os.name: &apos;Windows 10&apos;, os.arch: &apos;amd64&apos;, os.version: &apos;10.0&apos;, java.version: &apos;1.8.0_241&apos;&#10;Driver info: io.appium.java_client.android.AndroidDriver&#10;Capabilities {app: Freshii_v2.0.23_apkpure.com..., appPackage: com.freshii.freshii, automationName: uiautomator2, databaseEnabled: false, desired: {app: Freshii_v2.0.23_apkpure.com..., automationName: uiautomator2, platformName: android}, deviceApiLevel: 29, deviceManufacturer: Google, deviceModel: Android SDK built for x86, deviceName: emulator-5554, deviceScreenDensity: 440, deviceScreenSize: 1080x2220, deviceUDID: emulator-5554, javascriptEnabled: true, locationContextEnabled: false, networkConnectionEnabled: true, pixelRatio: 2.75, platform: LINUX, platformName: Android, platformVersion: 10, statBarHeight: 66, takesScreenshot: true, viewportRect: {height: 2022, left: 0, top: 66, width: 1080}, warnings: {}, webStorageEnabled: false}&#10;Session ID: 017e9dc9-c3a3-4605-bd13-432c775751ca&#10;*** Element info: {Using=id, value=com.freshii.freshii:id/imgHome}" type="org.openqa.selenium.NoSuchElementException"><![CDATA[org.openqa.selenium.NoSuchElementException: 
An element could not be located on the page using the given search parameters.
For documentation on this error, please visit: https://www.seleniumhq.org/exceptions/no_such_element.html
Build info: version: '3.141.59', revision: 'e82be7d358', time: '2018-11-14T08:17:03'
System info: host: 'DESKTOP-8UCFDRT', ip: '192.168.2.19', os.name: 'Windows 10', os.arch: 'amd64', os.version: '10.0', java.version: '1.8.0_241'
Driver info: io.appium.java_client.android.AndroidDriver
Capabilities {app: Freshii_v2.0.23_apkpure.com..., appPackage: com.freshii.freshii, automationName: uiautomator2, databaseEnabled: false, desired: {app: Freshii_v2.0.23_apkpure.com..., automationName: uiautomator2, platformName: android}, deviceApiLevel: 29, deviceManufacturer: Google, deviceModel: Android SDK built for x86, deviceName: emulator-5554, deviceScreenDensity: 440, deviceScreenSize: 1080x2220, deviceUDID: emulator-5554, javascriptEnabled: true, locationContextEnabled: false, networkConnectionEnabled: true, pixelRatio: 2.75, platform: LINUX, platformName: Android, platformVersion: 10, statBarHeight: 66, takesScreenshot: true, viewportRect: {height: 2022, left: 0, top: 66, width: 1080}, warnings: {}, webStorageEnabled: false}
Session ID: 017e9dc9-c3a3-4605-bd13-432c775751ca
*** Element info: {Using=id, value=com.freshii.freshii:id/imgHome}
	at com.testCases.TC_Android_001.SignUpTest(TC_Android_001.java:32)
]]></failure>
    <system-out><![CDATA[&amp#27;[35m[Appium]&amp#27;[39m Welcome to Appium v1.18.0
&amp#27;[35m[Appium]&amp#27;[39m Appium REST http interface listener started on 0.0.0.0:4723
&amp#27;[35m[HTTP]&amp#27;[39m &amp#27;[37m-->&amp#27;[39m &amp#27;[37mGET&amp#27;[39m &amp#27;[37m/wd/hub/status&amp#27;[39m
&amp#27;[35m[HTTP]&amp#27;[39m &amp#27;[90m{}&amp#27;[39m
[debug] &amp#27;[35m[GENERIC]&amp#27;[39m Calling AppiumDriver.getStatus() with args: []
[debug] &amp#27;[35m[GENERIC]&amp#27;[39m Responding to client with driver.getStatus() result: {"build":{"version":"1.18.0"}}
&amp#27;[35m[HTTP]&amp#27;[39m &amp#27;[37m<-- GET /wd/hub/status &amp#27;[39m&amp#27;[32m200&amp#27;[39m &amp#27;[90m7 ms - 68&amp#27;[39m
&amp#27;[35m[HTTP]&amp#27;[39m &amp#27;[90m&amp#27;[39m
DEBUG [main] (BaseClass.java:106)- Debug logging has started 
&amp#27;[35m[HTTP]&amp#27;[39m &amp#27;[37m-->&amp#27;[39m &amp#27;[37mPOST&amp#27;[39m &amp#27;[37m/wd/hub/session&amp#27;[39m
&amp#27;[35m[HTTP]&amp#27;[39m &amp#27;[90m{"desiredCapabilities":{"app":"Freshii_v2.0.23_apkpure.com.apk","automationName":"uiautomator2","platformName":"Android"},"capabilities":{"firstMatch":[{"appium:app":"Freshii_v2.0.23_apkpure.com.apk","appium:automationName":"uiautomator2","platformName":"android"}]}}&amp#27;[39m
[debug] &amp#27;[35m[W3C]&amp#27;[39m Calling AppiumDriver.createSession() with args: [{"app":"Freshii_v2.0.23_apkpure.com.apk","automationName":"uiautomator2","platformName":"Android"},null,{"firstMatch":[{"appium:app":"Freshii_v2.0.23_apkpure.com.apk","appium:automationName":"uiautomator2","platformName":"android"}]}]
[debug] &amp#27;[35m[BaseDriver]&amp#27;[39m Event 'newSessionRequested' logged at 1597440938306 (17:35:38 GMT-0400 (Eastern Daylight Time))
&amp#27;[35m[Appium]&amp#27;[39m Appium v1.18.0 creating new AndroidUiautomator2Driver (v1.56.1) session
[debug] &amp#27;[35m[BaseDriver]&amp#27;[39m W3C capabilities and MJSONWP desired capabilities were provided
[debug] &amp#27;[35m[BaseDriver]&amp#27;[39m Creating session with W3C capabilities: {
[debug] &amp#27;[35m[BaseDriver]&amp#27;[39m   "alwaysMatch": {
[debug] &amp#27;[35m[BaseDriver]&amp#27;[39m     "platformName": "android",
[debug] &amp#27;[35m[BaseDriver]&amp#27;[39m     "appium:app": "Freshii_v2.0.23_apkpure.com.apk",
[debug] &amp#27;[35m[BaseDriver]&amp#27;[39m     "appium:automationName": "uiautomator2"
[debug] &amp#27;[35m[BaseDriver]&amp#27;[39m   },
[debug] &amp#27;[35m[BaseDriver]&amp#27;[39m   "firstMatch": [
[debug] &amp#27;[35m[BaseDriver]&amp#27;[39m     {}
[debug] &amp#27;[35m[BaseDriver]&amp#27;[39m   ]
[debug] &amp#27;[35m[BaseDriver]&amp#27;[39m }
&amp#27;[35m[BaseDriver]&amp#27;[39m Session created with session id: 017e9dc9-c3a3-4605-bd13-432c775751ca
&amp#27;[35m[BaseDriver]&amp#27;[39m Using local app 'Freshii_v2.0.23_apkpure.com.apk'
&amp#27;[35m[BaseDriver]&amp#27;[39m The current application path 'Freshii_v2.0.23_apkpure.com.apk' is not absolute and has been rewritten to 'C:\Users\shuhang\.jenkins\DemoAppiumAndroid\Freshii_v2.0.23_apkpure.com.apk'. Consider using absolute paths rather than relative
[debug] &amp#27;[35m[UiAutomator2]&amp#27;[39m Checking whether app is actually present
&amp#27;[35m[ADB]&amp#27;[39m Found 3 'build-tools' folders under 'C:\Users\shuhang\AppData\Local\Android\Sdk' (newest first):
&amp#27;[35m[ADB]&amp#27;[39m     C:/Users/shuhang/AppData/Local/Android/Sdk/build-tools/30.0.0-rc3
&amp#27;[35m[ADB]&amp#27;[39m     C:/Users/shuhang/AppData/Local/Android/Sdk/build-tools/30.0.0-rc2
&amp#27;[35m[ADB]&amp#27;[39m     C:/Users/shuhang/AppData/Local/Android/Sdk/build-tools/29.0.3
&amp#27;[35m[ADB]&amp#27;[39m Using 'adb.exe' from 'C:\Users\shuhang\AppData\Local\Android\Sdk\platform-tools\adb.exe'
[debug] &amp#27;[35m[ADB]&amp#27;[39m Running 'C:\Users\shuhang\AppData\Local\Android\Sdk\platform-tools\adb.exe -P 5037 start-server'
&amp#27;[35m[AndroidDriver]&amp#27;[39m Retrieving device list
[debug] &amp#27;[35m[ADB]&amp#27;[39m Trying to find a connected android device
[debug] &amp#27;[35m[ADB]&amp#27;[39m Getting connected devices
[debug] &amp#27;[35m[ADB]&amp#27;[39m Connected devices: [{"udid":"emulator-5554","state":"device"}]
&amp#27;[35m[AndroidDriver]&amp#27;[39m Using device: emulator-5554
&amp#27;[35m[ADB]&amp#27;[39m Using 'adb.exe' from 'C:\Users\shuhang\AppData\Local\Android\Sdk\platform-tools\adb.exe'
[debug] &amp#27;[35m[ADB]&amp#27;[39m Running 'C:\Users\shuhang\AppData\Local\Android\Sdk\platform-tools\adb.exe -P 5037 start-server'
[debug] &amp#27;[35m[ADB]&amp#27;[39m Setting device id to emulator-5554
[debug] &amp#27;[35m[ADB]&amp#27;[39m Running 'C:\Users\shuhang\AppData\Local\Android\Sdk\platform-tools\adb.exe -P 5037 -s emulator-5554 shell getprop ro.build.version.sdk'
[debug] &amp#27;[35m[ADB]&amp#27;[39m Current device property 'ro.build.version.sdk': 29
&amp#27;[35m[ADB]&amp#27;[39m Getting device platform version
[debug] &amp#27;[35m[ADB]&amp#27;[39m Running 'C:\Users\shuhang\AppData\Local\Android\Sdk\platform-tools\adb.exe -P 5037 -s emulator-5554 shell getprop ro.build.version.release'
[debug] &amp#27;[35m[ADB]&amp#27;[39m Current device property 'ro.build.version.release': 10
[debug] &amp#27;[35m[ADB]&amp#27;[39m Device API level: 29
&amp#27;[35m[UiAutomator2]&amp#27;[39m Relaxing hidden api policy
[debug] &amp#27;[35m[ADB]&amp#27;[39m Running 'C:\Users\shuhang\AppData\Local\Android\Sdk\platform-tools\adb.exe -P 5037 -s emulator-5554 shell 'settings put global hidden_api_policy_pre_p_apps 1;settings put global hidden_api_policy_p_apps 1;settings put global hidden_api_policy 1''
[debug] &amp#27;[35m[AndroidDriver]&amp#27;[39m Parsing package and activity from app manifest
&amp#27;[35m[ADB]&amp#27;[39m Package name: 'com.freshii.freshii'
&amp#27;[35m[ADB]&amp#27;[39m Main activity name: 'com.unoapp.freshii.ui.activity.Splash'
[debug] &amp#27;[35m[AndroidDriver]&amp#27;[39m Parsed package and activity are: com.freshii.freshii/com.unoapp.freshii.ui.activity.Splash
[debug] &amp#27;[35m[ADB]&amp#27;[39m Running 'C:\Users\shuhang\AppData\Local\Android\Sdk\platform-tools\adb.exe -P 5037 -s emulator-5554 wait-for-device'
[debug] &amp#27;[35m[ADB]&amp#27;[39m Running 'C:\Users\shuhang\AppData\Local\Android\Sdk\platform-tools\adb.exe -P 5037 -s emulator-5554 shell echo ping'
[debug] &amp#27;[35m[AndroidDriver]&amp#27;[39m Pushing settings apk to device...
[debug] &amp#27;[35m[ADB]&amp#27;[39m Getting install status for io.appium.settings
[debug] &amp#27;[35m[ADB]&amp#27;[39m Running 'C:\Users\shuhang\AppData\Local\Android\Sdk\platform-tools\adb.exe -P 5037 -s emulator-5554 shell dumpsys package io.appium.settings'
[debug] &amp#27;[35m[ADB]&amp#27;[39m 'io.appium.settings' is installed
[debug] &amp#27;[35m[ADB]&amp#27;[39m Getting package info for 'io.appium.settings'
[debug] &amp#27;[35m[ADB]&amp#27;[39m Running 'C:\Users\shuhang\AppData\Local\Android\Sdk\platform-tools\adb.exe -P 5037 -s emulator-5554 shell dumpsys package io.appium.settings'
[debug] &amp#27;[35m[ADB]&amp#27;[39m The version name of the installed 'io.appium.settings' is greater or equal to the application version name ('3.2.0' >= '3.2.0')
[debug] &amp#27;[35m[ADB]&amp#27;[39m There is no need to install/upgrade 'C:\Users\shuhang\AppData\Roaming\npm\node_modules\appium\node_modules\io.appium.settings\apks\settings_apk-debug.apk'
[debug] &amp#27;[35m[ADB]&amp#27;[39m Getting IDs of all 'io.appium.settings' processes
[debug] &amp#27;[35m[ADB]&amp#27;[39m Running 'C:\Users\shuhang\AppData\Local\Android\Sdk\platform-tools\adb.exe -P 5037 -s emulator-5554 shell 'pgrep --help; echo $?''
[debug] &amp#27;[35m[ADB]&amp#27;[39m Running 'C:\Users\shuhang\AppData\Local\Android\Sdk\platform-tools\adb.exe -P 5037 -s emulator-5554 shell pgrep -f io\\.appium\\.settings'
[debug] &amp#27;[35m[AndroidDriver]&amp#27;[39m io.appium.settings is already running. There is no need to reset its permissions.
[debug] &amp#27;[35m[Logcat]&amp#27;[39m Starting logs capture with command: C:\\Users\\shuhang\\AppData\\Local\\Android\\Sdk\\platform-tools\\adb.exe -P 5037 -s emulator-5554 logcat -v threadtime
[debug] &amp#27;[35m[UiAutomator2]&amp#27;[39m Forwarding UiAutomator2 Server port 6790 to 8226
[debug] &amp#27;[35m[ADB]&amp#27;[39m Forwarding system: 8226 to device: 6790
[debug] &amp#27;[35m[ADB]&amp#27;[39m Running 'C:\Users\shuhang\AppData\Local\Android\Sdk\platform-tools\adb.exe -P 5037 -s emulator-5554 forward tcp\:8226 tcp\:6790'
[debug] &amp#27;[35m[ADB]&amp#27;[39m Getting install status for io.appium.uiautomator2.server
[debug] &amp#27;[35m[ADB]&amp#27;[39m Running 'C:\Users\shuhang\AppData\Local\Android\Sdk\platform-tools\adb.exe -P 5037 -s emulator-5554 shell dumpsys package io.appium.uiautomator2.server'
[debug] &amp#27;[35m[ADB]&amp#27;[39m 'io.appium.uiautomator2.server' is installed
[debug] &amp#27;[35m[ADB]&amp#27;[39m Getting package info for 'io.appium.uiautomator2.server'
[debug] &amp#27;[35m[ADB]&amp#27;[39m Running 'C:\Users\shuhang\AppData\Local\Android\Sdk\platform-tools\adb.exe -P 5037 -s emulator-5554 shell dumpsys package io.appium.uiautomator2.server'
[debug] &amp#27;[35m[ADB]&amp#27;[39m The version name of the installed 'io.appium.uiautomator2.server' is greater or equal to the application version name ('4.11.0' >= '4.11.0')
[debug] &amp#27;[35m[UiAutomator2]&amp#27;[39m io.appium.uiautomator2.server installation state: sameVersionInstalled
[debug] &amp#27;[35m[ADB]&amp#27;[39m Checking app cert for C:\Users\shuhang\AppData\Roaming\npm\node_modules\appium\node_modules\appium-uiautomator2-server\apks\appium-uiautomator2-server-v4.11.0.apk
&amp#27;[35m[ADB]&amp#27;[39m Using 'apksigner.jar' from 'C:\Users\shuhang\AppData\Local\Android\Sdk\build-tools\30.0.0-rc3\lib\apksigner.jar'
[debug] &amp#27;[35m[ADB]&amp#27;[39m Starting apksigner: 'C:\\Program Files\\Java\\jdk1.8.0_241\\bin\\java.exe' -Xmx1024M -Xss1m -jar C:\\Users\\shuhang\\AppData\\Local\\Android\\Sdk\\build-tools\\30.0.0-rc3\\lib\\apksigner.jar verify --print-certs C:\\Users\\shuhang\\AppData\\Roaming\\npm\\node_modules\\appium\\node_modules\\appium-uiautomator2-server\\apks\\appium-uiautomator2-server-v4.11.0.apk
&amp#27;[35m[ADB]&amp#27;[39m Cannot use apksigner tool for signature verification. Original error: Command ''C:\\Program Files\\Java\\jdk1.8.0_241\\bin\\java.exe' -Xmx1024M -Xss1m -jar C:\\Users\\shuhang\\AppData\\Local\\Android\\Sdk\\build-tools\\30.0.0-rc3\\lib\\apksigner.jar verify --print-certs C:\\Users\\shuhang\\AppData\\Roaming\\npm\\node_modules\\appium\\node_modules\\appium-uiautomator2-server\\apks\\appium-uiautomator2-server-v4.11.0.apk' exited with code 1
[debug] &amp#27;[35m[ADB]&amp#27;[39m Defaulting to verify.jar
[debug] &amp#27;[35m[ADB]&amp#27;[39m 'C:\Users\shuhang\AppData\Roaming\npm\node_modules\appium\node_modules\appium-uiautomator2-server\apks\appium-uiautomator2-server-v4.11.0.apk' is signed with the default certificate
[debug] &amp#27;[35m[ADB]&amp#27;[39m Getting install status for io.appium.uiautomator2.server.test
[debug] &amp#27;[35m[ADB]&amp#27;[39m Running 'C:\Users\shuhang\AppData\Local\Android\Sdk\platform-tools\adb.exe -P 5037 -s emulator-5554 shell dumpsys package io.appium.uiautomator2.server.test'
[debug] &amp#27;[35m[ADB]&amp#27;[39m 'io.appium.uiautomator2.server.test' is installed
[debug] &amp#27;[35m[ADB]&amp#27;[39m Checking app cert for C:\Users\shuhang\AppData\Roaming\npm\node_modules\appium\node_modules\appium-uiautomator2-server\apks\appium-uiautomator2-server-debug-androidTest.apk
[debug] &amp#27;[35m[ADB]&amp#27;[39m Starting apksigner: 'C:\\Program Files\\Java\\jdk1.8.0_241\\bin\\java.exe' -Xmx1024M -Xss1m -jar C:\\Users\\shuhang\\AppData\\Local\\Android\\Sdk\\build-tools\\30.0.0-rc3\\lib\\apksigner.jar verify --print-certs C:\\Users\\shuhang\\AppData\\Roaming\\npm\\node_modules\\appium\\node_modules\\appium-uiautomator2-server\\apks\\appium-uiautomator2-server-debug-androidTest.apk
&amp#27;[35m[ADB]&amp#27;[39m Cannot use apksigner tool for signature verification. Original error: Command ''C:\\Program Files\\Java\\jdk1.8.0_241\\bin\\java.exe' -Xmx1024M -Xss1m -jar C:\\Users\\shuhang\\AppData\\Local\\Android\\Sdk\\build-tools\\30.0.0-rc3\\lib\\apksigner.jar verify --print-certs C:\\Users\\shuhang\\AppData\\Roaming\\npm\\node_modules\\appium\\node_modules\\appium-uiautomator2-server\\apks\\appium-uiautomator2-server-debug-androidTest.apk' exited with code 1
[debug] &amp#27;[35m[ADB]&amp#27;[39m Defaulting to verify.jar
[debug] &amp#27;[35m[ADB]&amp#27;[39m 'C:\Users\shuhang\AppData\Roaming\npm\node_modules\appium\node_modules\appium-uiautomator2-server\apks\appium-uiautomator2-server-debug-androidTest.apk' is signed with the default certificate
&amp#27;[35m[UiAutomator2]&amp#27;[39m Server packages are not going to be (re)installed
[debug] &amp#27;[35m[UiAutomator2]&amp#27;[39m Waiting up to 30000ms for services to be available
[debug] &amp#27;[35m[ADB]&amp#27;[39m Running 'C:\Users\shuhang\AppData\Local\Android\Sdk\platform-tools\adb.exe -P 5037 -s emulator-5554 shell pm list instrumentation'
[debug] &amp#27;[35m[UiAutomator2]&amp#27;[39m Instrumentation target 'io.appium.uiautomator2.server.test/androidx.test.runner.AndroidJUnitRunner' is available
[debug] &amp#27;[35m[ADB]&amp#27;[39m Checking app cert for C:\Users\shuhang\.jenkins\DemoAppiumAndroid\Freshii_v2.0.23_apkpure.com.apk
[debug] &amp#27;[35m[ADB]&amp#27;[39m Starting apksigner: 'C:\\Program Files\\Java\\jdk1.8.0_241\\bin\\java.exe' -Xmx1024M -Xss1m -jar C:\\Users\\shuhang\\AppData\\Local\\Android\\Sdk\\build-tools\\30.0.0-rc3\\lib\\apksigner.jar verify --print-certs C:\\Users\\shuhang\\.jenkins\\DemoAppiumAndroid\\Freshii_v2.0.23_apkpure.com.apk
&amp#27;[35m[ADB]&amp#27;[39m Cannot use apksigner tool for signature verification. Original error: Command ''C:\\Program Files\\Java\\jdk1.8.0_241\\bin\\java.exe' -Xmx1024M -Xss1m -jar C:\\Users\\shuhang\\AppData\\Local\\Android\\Sdk\\build-tools\\30.0.0-rc3\\lib\\apksigner.jar verify --print-certs C:\\Users\\shuhang\\.jenkins\\DemoAppiumAndroid\\Freshii_v2.0.23_apkpure.com.apk' exited with code 1
[debug] &amp#27;[35m[ADB]&amp#27;[39m Defaulting to verify.jar
[debug] &amp#27;[35m[ADB]&amp#27;[39m 'C:\Users\shuhang\.jenkins\DemoAppiumAndroid\Freshii_v2.0.23_apkpure.com.apk' is signed with a non-default certificate
[debug] &amp#27;[35m[ADB]&amp#27;[39m Getting install status for com.freshii.freshii
[debug] &amp#27;[35m[ADB]&amp#27;[39m Running 'C:\Users\shuhang\AppData\Local\Android\Sdk\platform-tools\adb.exe -P 5037 -s emulator-5554 shell dumpsys package com.freshii.freshii'
[debug] &amp#27;[35m[ADB]&amp#27;[39m 'com.freshii.freshii' is installed
[debug] &amp#27;[35m[ADB]&amp#27;[39m Getting package info for 'com.freshii.freshii'
[debug] &amp#27;[35m[ADB]&amp#27;[39m Running 'C:\Users\shuhang\AppData\Local\Android\Sdk\platform-tools\adb.exe -P 5037 -s emulator-5554 shell dumpsys package com.freshii.freshii'
[debug] &amp#27;[35m[ADB]&amp#27;[39m The version name of the installed 'com.freshii.freshii' is greater or equal to the application version name ('2.0.23' >= '2.0.23')
[debug] &amp#27;[35m[ADB]&amp#27;[39m There is no need to install/upgrade 'C:\Users\shuhang\.jenkins\DemoAppiumAndroid\Freshii_v2.0.23_apkpure.com.apk'
&amp#27;[35m[AndroidDriver]&amp#27;[39m Performing fast reset on 'com.freshii.freshii'
[debug] &amp#27;[35m[ADB]&amp#27;[39m Getting install status for com.freshii.freshii
[debug] &amp#27;[35m[ADB]&amp#27;[39m Running 'C:\Users\shuhang\AppData\Local\Android\Sdk\platform-tools\adb.exe -P 5037 -s emulator-5554 shell dumpsys package com.freshii.freshii'
[debug] &amp#27;[35m[ADB]&amp#27;[39m 'com.freshii.freshii' is installed
[debug] &amp#27;[35m[ADB]&amp#27;[39m Running 'C:\Users\shuhang\AppData\Local\Android\Sdk\platform-tools\adb.exe -P 5037 -s emulator-5554 shell am force-stop com.freshii.freshii'
[debug] &amp#27;[35m[ADB]&amp#27;[39m Running 'C:\Users\shuhang\AppData\Local\Android\Sdk\platform-tools\adb.exe -P 5037 -s emulator-5554 shell pm clear com.freshii.freshii'
[debug] &amp#27;[35m[AndroidDriver]&amp#27;[39m Performed fast reset on the installed 'com.freshii.freshii' application (stop and clear)
[debug] &amp#27;[35m[UiAutomator2]&amp#27;[39m Performing shallow cleanup of automation leftovers
[debug] &amp#27;[35m[UiAutomator2]&amp#27;[39m The following obsolete sessions are still running: [null]
[debug] &amp#27;[35m[UiAutomator2]&amp#27;[39m Cleaning up the obsolete sessions
[debug] &amp#27;[35m[ADB]&amp#27;[39m Running 'C:\Users\shuhang\AppData\Local\Android\Sdk\platform-tools\adb.exe -P 5037 -s emulator-5554 shell am force-stop io.appium.uiautomator2.server.test'
&amp#27;[35m[UiAutomator2]&amp#27;[39m Starting UIAutomator2 server 4.11.0
&amp#27;[35m[UiAutomator2]&amp#27;[39m Using UIAutomator2 server from 'C:\Users\shuhang\AppData\Roaming\npm\node_modules\appium\node_modules\appium-uiautomator2-server\apks\appium-uiautomator2-server-v4.11.0.apk' and test from 'C:\Users\shuhang\AppData\Roaming\npm\node_modules\appium\node_modules\appium-uiautomator2-server\apks\appium-uiautomator2-server-debug-androidTest.apk'
&amp#27;[35m[UiAutomator2]&amp#27;[39m Waiting up to 30000ms for UiAutomator2 to be online...
[debug] &amp#27;[35m[ADB]&amp#27;[39m Creating ADB subprocess with args: ["-P",5037,"-s","emulator-5554","shell","am","instrument","-w","io.appium.uiautomator2.server.test/androidx.test.runner.AndroidJUnitRunner"]
[debug] &amp#27;[35m[Instrumentation]&amp#27;[39m io.appium.uiautomator2.server.test.AppiumUiAutomator2Server:
[debug] &amp#27;[35m[WD Proxy]&amp#27;[39m Matched '/status' to command name 'getStatus'
[debug] &amp#27;[35m[WD Proxy]&amp#27;[39m Proxying [GET /status] to [GET http://127.0.0.1:8226/wd/hub/status] with no body
&amp#27;[35m[WD Proxy]&amp#27;[39m socket hang up
[debug] &amp#27;[35m[WD Proxy]&amp#27;[39m Matched '/status' to command name 'getStatus'
[debug] &amp#27;[35m[WD Proxy]&amp#27;[39m Proxying [GET /status] to [GET http://127.0.0.1:8226/wd/hub/status] with no body
&amp#27;[35m[WD Proxy]&amp#27;[39m socket hang up
[debug] &amp#27;[35m[WD Proxy]&amp#27;[39m Matched '/status' to command name 'getStatus'
[debug] &amp#27;[35m[WD Proxy]&amp#27;[39m Proxying [GET /status] to [GET http://127.0.0.1:8226/wd/hub/status] with no body
[debug] &amp#27;[35m[WD Proxy]&amp#27;[39m Got response with status 200: {"sessionId":"None","value":{"message":"UiAutomator2 Server is ready to accept commands","ready":true}}
[debug] &amp#27;[35m[UiAutomator2]&amp#27;[39m The initialization of the instrumentation process took 3189ms
[debug] &amp#27;[35m[WD Proxy]&amp#27;[39m Matched '/session' to command name 'createSession'
[debug] &amp#27;[35m[WD Proxy]&amp#27;[39m Proxying [POST /session] to [POST http://127.0.0.1:8226/wd/hub/session] with body: {"capabilities":{"firstMatch":[{"platform":"LINUX","webStorageEnabled":false,"takesScreenshot":true,"javascriptEnabled":true,"databaseEnabled":false,"networkConnectionEnabled":true,"locationContextEnabled":false,"warnings":{},"desired":{"platformName":"android","app":"Freshii_v2.0.23_apkpure.com.apk","automationName":"uiautomator2"},"platformName":"android","app":"Freshii_v2.0.23_apkpure.com.apk","automationName":"uiautomator2","deviceName":"emulator-5554","deviceUDID":"emulator-5554","appPackage":"com.freshii.freshii"}],"alwaysMatch":{}}}
[debug] &amp#27;[35m[WD Proxy]&amp#27;[39m Got response with status 200: {"sessionId":"5accc398-ac09-4c96-a794-097885321799","value":{"capabilities":{"firstMatch":[{"platform":"LINUX","webStorageEnabled":false,"takesScreenshot":true,"javascriptEnabled":true,"databaseEnabled":false,"networkConnectionEnabled":true,"locationContextEnabled":false,"warnings":{},"desired":{"platformName":"android","app":"Freshii_v2.0.23_apkpure.com.apk","automationName":"uiautomator2"},"platformName":"android","app":"Freshii_v2.0.23_apkpure.com.apk","automationName":"uiautomator2","deviceName":"emulator-5554","deviceUDID":"emulator-5554","appPackage":"com.freshii.freshii"}],"alwaysMatch":{}},"sessionId":"5accc398-ac09-4c96-a794-097885321799"}}
&amp#27;[35m[WD Proxy]&amp#27;[39m Determined the downstream protocol as 'W3C'
[debug] &amp#27;[35m[WD Proxy]&amp#27;[39m Proxying [GET /appium/device/info] to [GET http://127.0.0.1:8226/wd/hub/session/5accc398-ac09-4c96-a794-097885321799/appium/device/info] with no body
[debug] &amp#27;[35m[WD Proxy]&amp#27;[39m Got response with status 200: {"sessionId":"5accc398-ac09-4c96-a794-097885321799","value":{"androidId":"65bc9d32e35f324a","apiVersion":"29","bluetooth":null,"brand":"google","carrierName":"Android","displayDensity":440,"locale":"en_US","manufacturer":"Google","model":"Android SDK built for x86","networks":[{"capabilities":{"SSID":null,"linkDownBandwidthKbps":1048576,"linkUpstreamBandwidthKbps":1048576,"networkCapabilities":"NET_CAPABILITY_NOT_METERED,NET_CAPABILITY_INTERNET,NET_CAPABILITY_NOT_RESTRICTED,NET_CAPABILITY_TRUSTED,NET_CAPABILITY_NOT_VPN,NET_CAPABILITY_VALIDATED,NET_CAPABILITY_NOT_ROAMING,NET_CAPABILITY_FOREGROUND,NET_CAPABILITY_NOT_CONGESTED,NET_CAPABILITY_NOT_SUSPENDED","signalStrength":-30,"transportTypes":"TRANSPORT_WIFI"},"detailedState":"CONNECTED","extraInfo":null,"isAvailable":true,"isConnected":true,"isFailover":false,"isRoaming":false,"state":"CONNECTED","subtype":0,"subtypeName":"","type":1,"typeName":"WIFI"},{"capabilities":{"SSID":null,"linkDownBandwidthKbps":102400,"linkUpstreamBandwidthKbps":51200,"networkCapa...
[debug] &amp#27;[35m[ADB]&amp#27;[39m Running 'C:\Users\shuhang\AppData\Local\Android\Sdk\platform-tools\adb.exe -P 5037 -s emulator-5554 shell dumpsys window'
&amp#27;[35m[AndroidDriver]&amp#27;[39m Screen already unlocked, doing nothing
&amp#27;[35m[UiAutomator2]&amp#27;[39m Starting 'com.freshii.freshii/com.unoapp.freshii.ui.activity.Splash and waiting for 'com.freshii.freshii/com.unoapp.freshii.ui.activity.Splash'
[debug] &amp#27;[35m[ADB]&amp#27;[39m Running 'C:\Users\shuhang\AppData\Local\Android\Sdk\platform-tools\adb.exe -P 5037 -s emulator-5554 shell am start -W -n com.freshii.freshii/com.unoapp.freshii.ui.activity.Splash -S -a android.intent.action.MAIN -c android.intent.category.LAUNCHER -f 0x10200000'
[debug] &amp#27;[35m[ADB]&amp#27;[39m Waiting up to 20000ms for activity matching pkg: 'com.freshii.freshii' and activity: 'com.unoapp.freshii.ui.activity.Splash' to be focused
[debug] &amp#27;[35m[ADB]&amp#27;[39m Possible activities, to be checked: 'com.unoapp.freshii.ui.activity.Splash', 'com.freshii.freshii.com.unoapp.freshii.ui.activity.Splash'
[debug] &amp#27;[35m[ADB]&amp#27;[39m Getting focused package and activity
[debug] &amp#27;[35m[ADB]&amp#27;[39m Running 'C:\Users\shuhang\AppData\Local\Android\Sdk\platform-tools\adb.exe -P 5037 -s emulator-5554 shell dumpsys window displays'
[debug] &amp#27;[35m[ADB]&amp#27;[39m Found package: 'com.freshii.freshii' and fully qualified activity name : 'com.unoapp.freshii.ui.activity.Splash'
[debug] &amp#27;[35m[WD Proxy]&amp#27;[39m Proxying [GET /appium/device/pixel_ratio] to [GET http://127.0.0.1:8226/wd/hub/session/5accc398-ac09-4c96-a794-097885321799/appium/device/pixel_ratio] with no body
[debug] &amp#27;[35m[WD Proxy]&amp#27;[39m Got response with status 200: {"sessionId":"5accc398-ac09-4c96-a794-097885321799","value":2.75}
[debug] &amp#27;[35m[WD Proxy]&amp#27;[39m Matched '/appium/device/system_bars' to command name 'getSystemBars'
[debug] &amp#27;[35m[WD Proxy]&amp#27;[39m Proxying [GET /appium/device/system_bars] to [GET http://127.0.0.1:8226/wd/hub/session/5accc398-ac09-4c96-a794-097885321799/appium/device/system_bars] with no body
[debug] &amp#27;[35m[WD Proxy]&amp#27;[39m Got response with status 200: {"sessionId":"5accc398-ac09-4c96-a794-097885321799","value":{"statusBar":66}}
[debug] &amp#27;[35m[WD Proxy]&amp#27;[39m Matched '/window/current/size' to command name 'getWindowSize'
[debug] &amp#27;[35m[WD Proxy]&amp#27;[39m Proxying [GET /window/current/size] to [GET http://127.0.0.1:8226/wd/hub/session/5accc398-ac09-4c96-a794-097885321799/window/current/size] with no body
[debug] &amp#27;[35m[WD Proxy]&amp#27;[39m Got response with status 200: {"sessionId":"5accc398-ac09-4c96-a794-097885321799","value":{"height":2088,"width":1080}}
&amp#27;[35m[Appium]&amp#27;[39m New AndroidUiautomator2Driver session created successfully, session 017e9dc9-c3a3-4605-bd13-432c775751ca added to master session list
[debug] &amp#27;[35m[BaseDriver]&amp#27;[39m Event 'newSessionStarted' logged at 1597440950033 (17:35:50 GMT-0400 (Eastern Daylight Time))
[debug] &amp#27;[35m[W3C (017e9dc9)]&amp#27;[39m Cached the protocol value 'W3C' for the new session 017e9dc9-c3a3-4605-bd13-432c775751ca
[debug] &amp#27;[35m[W3C (017e9dc9)]&amp#27;[39m Responding to client with driver.createSession() result: {"capabilities":{"platform":"LINUX","webStorageEnabled":false,"takesScreenshot":true,"javascriptEnabled":true,"databaseEnabled":false,"networkConnectionEnabled":true,"locationContextEnabled":false,"warnings":{},"desired":{"platformName":"android","app":"Freshii_v2.0.23_apkpure.com.apk","automationName":"uiautomator2"},"platformName":"android","app":"Freshii_v2.0.23_apkpure.com.apk","automationName":"uiautomator2","deviceName":"emulator-5554","deviceUDID":"emulator-5554","appPackage":"com.freshii.freshii","deviceApiLevel":29,"platformVersion":"10","deviceScreenSize":"1080x2220","deviceScreenDensity":440,"deviceModel":"Android SDK built for x86","deviceManufacturer":"Google","pixelRatio":2.75,"statBarHeight":66,"viewportRect":{"left":0,"top":66,"width":1080,"height":2022}}}
&amp#27;[35m[HTTP]&amp#27;[39m &amp#27;[37m<-- POST /wd/hub/session &amp#27;[39m&amp#27;[32m200&amp#27;[39m &amp#27;[90m11738 ms - 843&amp#27;[39m
&amp#27;[35m[HTTP]&amp#27;[39m &amp#27;[90m&amp#27;[39m
&amp#27;[35m[HTTP]&amp#27;[39m &amp#27;[37m-->&amp#27;[39m &amp#27;[37mPOST&amp#27;[39m &amp#27;[37m/wd/hub/session/017e9dc9-c3a3-4605-bd13-432c775751ca/timeouts&amp#27;[39m
&amp#27;[35m[HTTP]&amp#27;[39m &amp#27;[90m{"implicit":30000}&amp#27;[39m
[debug] &amp#27;[35m[W3C (017e9dc9)]&amp#27;[39m Calling AppiumDriver.timeouts() with args: [null,null,null,null,30000,"017e9dc9-c3a3-4605-bd13-432c775751ca"]
[debug] &amp#27;[35m[BaseDriver]&amp#27;[39m W3C timeout argument: {"implicit":30000}}
[debug] &amp#27;[35m[BaseDriver]&amp#27;[39m Set implicit wait to 30000ms
[debug] &amp#27;[35m[W3C (017e9dc9)]&amp#27;[39m Responding to client with driver.timeouts() result: null
&amp#27;[35m[HTTP]&amp#27;[39m &amp#27;[37m<-- POST /wd/hub/session/017e9dc9-c3a3-4605-bd13-432c775751ca/timeouts INFO [main] (TC_Android_001.java:21)- Start Sign Up test
 &amp#27;[39m&amp#27;[32m200&amp#27;[39m &amp#27;[90m7 ms - 14&amp#27;[39m
&amp#27;[35m[HTTP]&amp#27;[39m &amp#27;[90m&amp#27;[39m
 INFO [main] (TC_Android_001.java:25)- Navigating to landing page 
&amp#27;[35m[HTTP]&amp#27;[39m &amp#27;[37m-->&amp#27;[39m &amp#27;[37mGET&amp#27;[39m &amp#27;[37m/wd/hub/session/017e9dc9-c3a3-4605-bd13-432c775751ca/context&amp#27;[39m
&amp#27;[35m[HTTP]&amp#27;[39m &amp#27;[90m{}&amp#27;[39m
[debug] &amp#27;[35m[W3C (017e9dc9)]&amp#27;[39m Calling AppiumDriver.getCurrentContext() with args: ["017e9dc9-c3a3-4605-bd13-432c775751ca"]
[debug] &amp#27;[35m[W3C (017e9dc9)]&amp#27;[39m Responding to client with driver.getCurrentContext() result: "NATIVE_APP"
&amp#27;[35m[HTTP]&amp#27;[39m &amp#27;[37m<-- GET /wd/hub/session/017e9dc9-c3a3-4605-bd13-432c775751ca/context &amp#27;[39m&amp#27;[32m200&amp#27;[39m &amp#27;[90m12 ms - 22&amp#27;[39m
&amp#27;[35m[HTTP]&amp#27;[39m &amp#27;[90m&amp#27;[39m
&amp#27;[35m[HTTP]&amp#27;[39m &amp#27;[37m-->&amp#27;[39m &amp#27;[37mPOST&amp#27;[39m &amp#27;[37m/wd/hub/session/017e9dc9-c3a3-4605-bd13-432c775751ca/element&amp#27;[39m
&amp#27;[35m[HTTP]&amp#27;[39m &amp#27;[90m{"using":"id","value":"com.android.permissioncontroller:id/permission_allow_foreground_only_button"}&amp#27;[39m
[debug] &amp#27;[35m[W3C (017e9dc9)]&amp#27;[39m Calling AppiumDriver.findElement() with args: ["id","com.android.permissioncontroller:id/permission_allow_foreground_only_button","017e9dc9-c3a3-4605-bd13-432c775751ca"]
[debug] &amp#27;[35m[BaseDriver]&amp#27;[39m Valid locator strategies for this request: xpath, id, class name, accessibility id, -android uiautomator
[debug] &amp#27;[35m[BaseDriver]&amp#27;[39m Waiting up to 30000 ms for condition
[debug] &amp#27;[35m[WD Proxy]&amp#27;[39m Matched '/element' to command name 'findElement'
[debug] &amp#27;[35m[WD Proxy]&amp#27;[39m Proxying [POST /element] to [POST http://127.0.0.1:8226/wd/hub/session/5accc398-ac09-4c96-a794-097885321799/element] with body: {"strategy":"id","selector":"com.android.permissioncontroller:id/permission_allow_foreground_only_button","context":"","multiple":false}
&amp#27;[35m[WD Proxy]&amp#27;[39m Got response with status 404: {"sessionId":"5accc398-ac09-4c96-a794-097885321799","value":{"error":"no such element","message":"An element could not be located on the page using the given search parameters","stacktrace":"io.appium.uiautomator2.common.exceptions.ElementNotFoundException: An element could not be located on the page using the given search parameters\n\tat io.appium.uiautomator2.handler.FindElement.safeHandle(FindElement.java:73)\n\tat io.appium.uiautomator2.handler.request.SafeRequestHandler.handle(SafeRequestHandler.java:41)\n\tat io.appium.uiautomator2.server.AppiumServlet.handleRequest(AppiumServlet.java:257)\n\tat io.appium.uiautomator2.server.AppiumServlet.handleHttpRequest(AppiumServlet.java:247)\n\tat io.appium.uiautomator2.http.ServerHandler.channelRead(ServerHandler.java:50)\n\tat io.netty.channel.AbstractChannelHandlerContext.invokeChannelRead(AbstractChannelHandlerContext.java:366)\n\tat io.netty.channel.AbstractChannelHandlerContext.invokeChannelRead(AbstractChannelHandlerContext.java:352)\n\tat io.netty.chann...
[debug] &amp#27;[35m[W3C]&amp#27;[39m Matched W3C error code 'no such element' to NoSuchElementError
[debug] &amp#27;[35m[BaseDriver]&amp#27;[39m Waited for 61 ms so far
[debug] &amp#27;[35m[WD Proxy]&amp#27;[39m Matched '/element' to command name 'findElement'
[debug] &amp#27;[35m[WD Proxy]&amp#27;[39m Proxying [POST /element] to [POST http://127.0.0.1:8226/wd/hub/session/5accc398-ac09-4c96-a794-097885321799/element] with body: {"strategy":"id","selector":"com.android.permissioncontroller:id/permission_allow_foreground_only_button","context":"","multiple":false}
&amp#27;[35m[WD Proxy]&amp#27;[39m Got response with status 404: {"sessionId":"5accc398-ac09-4c96-a794-097885321799","value":{"error":"no such element","message":"An element could not be located on the page using the given search parameters","stacktrace":"io.appium.uiautomator2.common.exceptions.ElementNotFoundException: An element could not be located on the page using the given search parameters\n\tat io.appium.uiautomator2.handler.FindElement.safeHandle(FindElement.java:73)\n\tat io.appium.uiautomator2.handler.request.SafeRequestHandler.handle(SafeRequestHandler.java:41)\n\tat io.appium.uiautomator2.server.AppiumServlet.handleRequest(AppiumServlet.java:257)\n\tat io.appium.uiautomator2.server.AppiumServlet.handleHttpRequest(AppiumServlet.java:247)\n\tat io.appium.uiautomator2.http.ServerHandler.channelRead(ServerHandler.java:50)\n\tat io.netty.channel.AbstractChannelHandlerContext.invokeChannelRead(AbstractChannelHandlerContext.java:366)\n\tat io.netty.channel.AbstractChannelHandlerContext.invokeChannelRead(AbstractChannelHandlerContext.java:352)\n\tat io.netty.chann...
[debug] &amp#27;[35m[W3C]&amp#27;[39m Matched W3C error code 'no such element' to NoSuchElementError
[debug] &amp#27;[35m[BaseDriver]&amp#27;[39m Waited for 609 ms so far
[debug] &amp#27;[35m[WD Proxy]&amp#27;[39m Matched '/element' to command name 'findElement'
[debug] &amp#27;[35m[WD Proxy]&amp#27;[39m Proxying [POST /element] to [POST http://127.0.0.1:8226/wd/hub/session/5accc398-ac09-4c96-a794-097885321799/element] with body: {"strategy":"id","selector":"com.android.permissioncontroller:id/permission_allow_foreground_only_button","context":"","multiple":false}
&amp#27;[35m[WD Proxy]&amp#27;[39m Got response with status 404: {"sessionId":"5accc398-ac09-4c96-a794-097885321799","value":{"error":"no such element","message":"An element could not be located on the page using the given search parameters","stacktrace":"io.appium.uiautomator2.common.exceptions.ElementNotFoundException: An element could not be located on the page using the given search parameters\n\tat io.appium.uiautomator2.handler.FindElement.safeHandle(FindElement.java:73)\n\tat io.appium.uiautomator2.handler.request.SafeRequestHandler.handle(SafeRequestHandler.java:41)\n\tat io.appium.uiautomator2.server.AppiumServlet.handleRequest(AppiumServlet.java:257)\n\tat io.appium.uiautomator2.server.AppiumServlet.handleHttpRequest(AppiumServlet.java:247)\n\tat io.appium.uiautomator2.http.ServerHandler.channelRead(ServerHandler.java:50)\n\tat io.netty.channel.AbstractChannelHandlerContext.invokeChannelRead(AbstractChannelHandlerContext.java:366)\n\tat io.netty.channel.AbstractChannelHandlerContext.invokeChannelRead(AbstractChannelHandlerContext.java:352)\n\tat io.netty.chann...
[debug] &amp#27;[35m[W3C]&amp#27;[39m Matched W3C error code 'no such element' to NoSuchElementError
[debug] &amp#27;[35m[BaseDriver]&amp#27;[39m Waited for 1254 ms so far
[debug] &amp#27;[35m[WD Proxy]&amp#27;[39m Matched '/element' to command name 'findElement'
[debug] &amp#27;[35m[WD Proxy]&amp#27;[39m Proxying [POST /element] to [POST http://127.0.0.1:8226/wd/hub/session/5accc398-ac09-4c96-a794-097885321799/element] with body: {"strategy":"id","selector":"com.android.permissioncontroller:id/permission_allow_foreground_only_button","context":"","multiple":false}
[debug] &amp#27;[35m[WD Proxy]&amp#27;[39m Got response with status 200: {"sessionId":"5accc398-ac09-4c96-a794-097885321799","value":{"ELEMENT":"2ee4eafa-9884-4182-b33c-f44b14d96239","element-6066-11e4-a52e-4f735466cecf":"2ee4eafa-9884-4182-b33c-f44b14d96239"}}
[debug] &amp#27;[35m[W3C (017e9dc9)]&amp#27;[39m Responding to client with driver.findElement() result: {"element-6066-11e4-a52e-4f735466cecf":"2ee4eafa-9884-4182-b33c-f44b14d96239","ELEMENT":"2ee4eafa-9884-4182-b33c-f44b14d96239"}
&amp#27;[35m[HTTP]&amp#27;[39m &amp#27;[37m<-- POST /wd/hub/session/017e9dc9-c3a3-4605-bd13-432c775751ca/element &amp#27;[39m&amp#27;[32m200&amp#27;[39m &amp#27;[90m2329 ms - 137&amp#27;[39m
&amp#27;[35m[HTTP]&amp#27;[39m &amp#27;[90m&amp#27;[39m
&amp#27;[35m[HTTP]&amp#27;[39m &amp#27;[37m-->&amp#27;[39m &amp#27;[37mGET&amp#27;[39m &amp#27;[37m/wd/hub/session/017e9dc9-c3a3-4605-bd13-432c775751ca/element/2ee4eafa-9884-4182-b33c-f44b14d96239/displayed&amp#27;[39m
&amp#27;[35m[HTTP]&amp#27;[39m &amp#27;[90m{}&amp#27;[39m
[debug] &amp#27;[35m[W3C (017e9dc9)]&amp#27;[39m Calling AppiumDriver.elementDisplayed() with args: ["2ee4eafa-9884-4182-b33c-f44b14d96239","017e9dc9-c3a3-4605-bd13-432c775751ca"]
[debug] &amp#27;[35m[WD Proxy]&amp#27;[39m Matched '/element/2ee4eafa-9884-4182-b33c-f44b14d96239/attribute/displayed' to command name 'getAttribute'
[debug] &amp#27;[35m[WD Proxy]&amp#27;[39m Proxying [GET /element/2ee4eafa-9884-4182-b33c-f44b14d96239/attribute/displayed] to [GET http://127.0.0.1:8226/wd/hub/session/5accc398-ac09-4c96-a794-097885321799/element/2ee4eafa-9884-4182-b33c-f44b14d96239/attribute/displayed] with no body
[debug] &amp#27;[35m[WD Proxy]&amp#27;[39m Got response with status 200: {"sessionId":"5accc398-ac09-4c96-a794-097885321799","value":"true"}
[debug] &amp#27;[35m[W3C (017e9dc9)]&amp#27;[39m Responding to client with driver.elementDisplayed() result: true
&amp#27;[35m[HTTP]&amp#27;[39m &amp#27;[37m<-- GET /wd/hub/session/017e9dc9-c3a3-4605-bd13-432c775751ca/element/2ee4eafa-9884-4182-b33c-f44b14d96239/displayed &amp#27;[39m&amp#27;[32m200&amp#27;[39m &amp#27;[90m794 ms - 14&amp#27;[39m
&amp#27;[35m[HTTP]&amp#27;[39m &amp#27;[90m&amp#27;[39m
&amp#27;[35m[HTTP]&amp#27;[39m &amp#27;[37m-->&amp#27;[39m &amp#27;[37mGET&amp#27;[39m &amp#27;[37m/wd/hub/session/017e9dc9-c3a3-4605-bd13-432c775751ca/context&amp#27;[39m
&amp#27;[35m[HTTP]&amp#27;[39m &amp#27;[90m{}&amp#27;[39m
[debug] &amp#27;[35m[W3C (017e9dc9)]&amp#27;[39m Calling AppiumDriver.getCurrentContext() with args: ["017e9dc9-c3a3-4605-bd13-432c775751ca"]
[debug] &amp#27;[35m[W3C (017e9dc9)]&amp#27;[39m Responding to client with driver.getCurrentContext() result: "NATIVE_APP"
&amp#27;[35m[HTTP]&amp#27;[39m &amp#27;[37m<-- GET /wd/hub/session/017e9dc9-c3a3-4605-bd13-432c775751ca/context &amp#27;[39m&amp#27;[32m200&amp#27;[39m &amp#27;[90m2 ms - 22&amp#27;[39m
&amp#27;[35m[HTTP]&amp#27;[39m &amp#27;[90m&amp#27;[39m
&amp#27;[35m[HTTP]&amp#27;[39m &amp#27;[37m-->&amp#27;[39m &amp#27;[37mPOST&amp#27;[39m &amp#27;[37m/wd/hub/session/017e9dc9-c3a3-4605-bd13-432c775751ca/element&amp#27;[39m
&amp#27;[35m[HTTP]&amp#27;[39m &amp#27;[90m{"using":"id","value":"com.android.permissioncontroller:id/permission_allow_foreground_only_button"}&amp#27;[39m
[debug] &amp#27;[35m[W3C (017e9dc9)]&amp#27;[39m Calling AppiumDriver.findElement() with args: ["id","com.android.permissioncontroller:id/permission_allow_foreground_only_button","017e9dc9-c3a3-4605-bd13-432c775751ca"]
[debug] &amp#27;[35m[BaseDriver]&amp#27;[39m Valid locator strategies for this request: xpath, id, class name, accessibility id, -android uiautomator
[debug] &amp#27;[35m[BaseDriver]&amp#27;[39m Waiting up to 30000 ms for condition
[debug] &amp#27;[35m[WD Proxy]&amp#27;[39m Matched '/element' to command name 'findElement'
[debug] &amp#27;[35m[WD Proxy]&amp#27;[39m Proxying [POST /element] to [POST http://127.0.0.1:8226/wd/hub/session/5accc398-ac09-4c96-a794-097885321799/element] with body: {"strategy":"id","selector":"com.android.permissioncontroller:id/permission_allow_foreground_only_button","context":"","multiple":false}
[debug] &amp#27;[35m[WD Proxy]&amp#27;[39m Got response with status 200: {"sessionId":"5accc398-ac09-4c96-a794-097885321799","value":{"ELEMENT":"e051903e-d8a7-44cb-ae3b-a33c12b751a5","element-6066-11e4-a52e-4f735466cecf":"e051903e-d8a7-44cb-ae3b-a33c12b751a5"}}
[debug] &amp#27;[35m[W3C (017e9dc9)]&amp#27;[39m Responding to client with driver.findElement() result: {"element-6066-11e4-a52e-4f735466cecf":"e051903e-d8a7-44cb-ae3b-a33c12b751a5","ELEMENT":"e051903e-d8a7-44cb-ae3b-a33c12b751a5"}
&amp#27;[35m[HTTP]&amp#27;[39m &amp#27;[37m<-- POST /wd/hub/session/017e9dc9-c3a3-4605-bd13-432c775751ca/element &amp#27;[39m&amp#27;[32m200&amp#27;[39m &amp#27;[90m31 ms - 137&amp#27;[39m
&amp#27;[35m[HTTP]&amp#27;[39m &amp#27;[90m&amp#27;[39m
&amp#27;[35m[HTTP]&amp#27;[39m &amp#27;[37m-->&amp#27;[39m &amp#27;[37mGET&amp#27;[39m &amp#27;[37m/wd/hub/session/017e9dc9-c3a3-4605-bd13-432c775751ca/element/e051903e-d8a7-44cb-ae3b-a33c12b751a5/enabled&amp#27;[39m
&amp#27;[35m[HTTP]&amp#27;[39m &amp#27;[90m{}&amp#27;[39m
[debug] &amp#27;[35m[W3C (017e9dc9)]&amp#27;[39m Calling AppiumDriver.elementEnabled() with args: ["e051903e-d8a7-44cb-ae3b-a33c12b751a5","017e9dc9-c3a3-4605-bd13-432c775751ca"]
[debug] &amp#27;[35m[WD Proxy]&amp#27;[39m Matched '/element/e051903e-d8a7-44cb-ae3b-a33c12b751a5/attribute/enabled' to command name 'getAttribute'
[debug] &amp#27;[35m[WD Proxy]&amp#27;[39m Proxying [GET /element/e051903e-d8a7-44cb-ae3b-a33c12b751a5/attribute/enabled] to [GET http://127.0.0.1:8226/wd/hub/session/5accc398-ac09-4c96-a794-097885321799/element/e051903e-d8a7-44cb-ae3b-a33c12b751a5/attribute/enabled] with no body
[debug] &amp#27;[35m[WD Proxy]&amp#27;[39m Got response with status 200: {"sessionId":"5accc398-ac09-4c96-a794-097885321799","value":"true"}
[debug] &amp#27;[35m[W3C (017e9dc9)]&amp#27;[39m Responding to client with driver.elementEnabled() result: true
&amp#27;[35m[HTTP]&amp#27;[39m &amp#27;[37m<-- GET /wd/hub/session/017e9dc9-c3a3-4605-bd13-432c775751ca/element/e051903e-d8a7-44cb-ae3b-a33c12b751a5/enabled &amp#27;[39m&amp#27;[32m200&amp#27;[39m &amp#27;[90m19 ms - 14&amp#27;[39m
&amp#27;[35m[HTTP]&amp#27;[39m &amp#27;[90m&amp#27;[39m
&amp#27;[35m[HTTP]&amp#27;[39m &amp#27;[37m-->&amp#27;[39m &amp#27;[37mGET&amp#27;[39m &amp#27;[37m/wd/hub/session/017e9dc9-c3a3-4605-bd13-432c775751ca/context&amp#27;[39m
&amp#27;[35m[HTTP]&amp#27;[39m &amp#27;[90m{}&amp#27;[39m
[debug] &amp#27;[35m[W3C (017e9dc9)]&amp#27;[39m Calling AppiumDriver.getCurrentContext() with args: ["017e9dc9-c3a3-4605-bd13-432c775751ca"]
[debug] &amp#27;[35m[W3C (017e9dc9)]&amp#27;[39m Responding to client with driver.getCurrentContext() result: "NATIVE_APP"
&amp#27;[35m[HTTP]&amp#27;[39m &amp#27;[37m<-- GET /wd/hub/session/017e9dc9-c3a3-4605-bd13-432c775751ca/context &amp#27;[39m&amp#27;[32m200&amp#27;[39m &amp#27;[90m2 ms - 22&amp#27;[39m
&amp#27;[35m[HTTP]&amp#27;[39m &amp#27;[90m&amp#27;[39m
&amp#27;[35m[HTTP]&amp#27;[39m &amp#27;[37m-->&amp#27;[39m &amp#27;[37mPOST&amp#27;[39m &amp#27;[37m/wd/hub/session/017e9dc9-c3a3-4605-bd13-432c775751ca/element&amp#27;[39m
&amp#27;[35m[HTTP]&amp#27;[39m &amp#27;[90m{"using":"id","value":"com.android.permissioncontroller:id/permission_allow_foreground_only_button"}&amp#27;[39m
[debug] &amp#27;[35m[W3C (017e9dc9)]&amp#27;[39m Calling AppiumDriver.findElement() with args: ["id","com.android.permissioncontroller:id/permission_allow_foreground_only_button","017e9dc9-c3a3-4605-bd13-432c775751ca"]
[debug] &amp#27;[35m[BaseDriver]&amp#27;[39m Valid locator strategies for this request: xpath, id, class name, accessibility id, -android uiautomator
[debug] &amp#27;[35m[BaseDriver]&amp#27;[39m Waiting up to 30000 ms for condition
[debug] &amp#27;[35m[WD Proxy]&amp#27;[39m Matched '/element' to command name 'findElement'
[debug] &amp#27;[35m[WD Proxy]&amp#27;[39m Proxying [POST /element] to [POST http://127.0.0.1:8226/wd/hub/session/5accc398-ac09-4c96-a794-097885321799/element] with body: {"strategy":"id","selector":"com.android.permissioncontroller:id/permission_allow_foreground_only_button","context":"","multiple":false}
[debug] &amp#27;[35m[WD Proxy]&amp#27;[39m Got response with status 200: {"sessionId":"5accc398-ac09-4c96-a794-097885321799","value":{"ELEMENT":"b4bdb2e8-1643-42a9-be44-b507f66f8e7e","element-6066-11e4-a52e-4f735466cecf":"b4bdb2e8-1643-42a9-be44-b507f66f8e7e"}}
[debug] &amp#27;[35m[W3C (017e9dc9)]&amp#27;[39m Responding to client with driver.findElement() result: {"element-6066-11e4-a52e-4f735466cecf":"b4bdb2e8-1643-42a9-be44-b507f66f8e7e","ELEMENT":"b4bdb2e8-1643-42a9-be44-b507f66f8e7e"}
&amp#27;[35m[HTTP]&amp#27;[39m &amp#27;[37m<-- POST /wd/hub/session/017e9dc9-c3a3-4605-bd13-432c775751ca/element &amp#27;[39m&amp#27;[32m200&amp#27;[39m &amp#27;[90m22 ms - 137&amp#27;[39m
&amp#27;[35m[HTTP]&amp#27;[39m &amp#27;[90m&amp#27;[39m
&amp#27;[35m[HTTP]&amp#27;[39m &amp#27;[37m-->&amp#27;[39m &amp#27;[37mPOST&amp#27;[39m &amp#27;[37m/wd/hub/session/017e9dc9-c3a3-4605-bd13-432c775751ca/element/b4bdb2e8-1643-42a9-be44-b507f66f8e7e/click&amp#27;[39m
&amp#27;[35m[HTTP]&amp#27;[39m &amp#27;[90m{"id":"b4bdb2e8-1643-42a9-be44-b507f66f8e7e"}&amp#27;[39m
[debug] &amp#27;[35m[W3C (017e9dc9)]&amp#27;[39m Calling AppiumDriver.click() with args: ["b4bdb2e8-1643-42a9-be44-b507f66f8e7e","017e9dc9-c3a3-4605-bd13-432c775751ca"]
[debug] &amp#27;[35m[WD Proxy]&amp#27;[39m Matched '/element/b4bdb2e8-1643-42a9-be44-b507f66f8e7e/click' to command name 'click'
[debug] &amp#27;[35m[WD Proxy]&amp#27;[39m Proxying [POST /element/b4bdb2e8-1643-42a9-be44-b507f66f8e7e/click] to [POST http://127.0.0.1:8226/wd/hub/session/5accc398-ac09-4c96-a794-097885321799/element/b4bdb2e8-1643-42a9-be44-b507f66f8e7e/click] with body: {"element":"b4bdb2e8-1643-42a9-be44-b507f66f8e7e"}
[debug] &amp#27;[35m[WD Proxy]&amp#27;[39m Got response with status 200: {"sessionId":"5accc398-ac09-4c96-a794-097885321799","value":null}
[debug] &amp#27;[35m[W3C (017e9dc9)]&amp#27;[39m Responding to client with driver.click() resu INFO [main] (TC_Android_001.java:29)- Click allow access button
lt: null
&amp#27;[35m[HTTP]&amp#27;[39m &amp#27;[37m<-- POST /wd/hub/session/017e9dc9-c3a3-4605-bd13-432c775751ca/element/b4bdb2e8-1643-42a9-be44-b507f66f8e7e/click &amp#27;[39m&amp#27;[32m200&amp#27;[39m &amp#27;[90m185 ms - 14&amp#27;[39m
&amp#27;[35m[HTTP]&amp#27;[39m &amp#27;[90m&amp#27;[39m
&amp#27;[35m[HTTP]&amp#27;[39m &amp#27;[37m-->&amp#27;[39m &amp#27;[37mPOST&amp#27;[39m &amp#27;[37m/wd/hub/session/017e9dc9-c3a3-4605-bd13-432c775751ca/element&amp#27;[39m
&amp#27;[35m[HTTP]&amp#27;[39m &amp#27;[90m{"using":"id","value":"com.freshii.freshii:id/imgHome"}&amp#27;[39m
[debug] &amp#27;[35m[W3C (017e9dc9)]&amp#27;[39m Calling AppiumDriver.findElement() with args: ["id","com.freshii.freshii:id/imgHome","017e9dc9-c3a3-4605-bd13-432c775751ca"]
[debug] &amp#27;[35m[BaseDriver]&amp#27;[39m Valid locator strategies for this request: xpath, id, class name, accessibility id, -android uiautomator
[debug] &amp#27;[35m[BaseDriver]&amp#27;[39m Waiting up to 30000 ms for condition
[debug] &amp#27;[35m[WD Proxy]&amp#27;[39m Matched '/element' to command name 'findElement'
[debug] &amp#27;[35m[WD Proxy]&amp#27;[39m Proxying [POST /element] to [POST http://127.0.0.1:8226/wd/hub/session/5accc398-ac09-4c96-a794-097885321799/element] with body: {"strategy":"id","selector":"com.freshii.freshii:id/imgHome","context":"","multiple":false}
&amp#27;[35m[WD Proxy]&amp#27;[39m Got response with status 404: {"sessionId":"5accc398-ac09-4c96-a794-097885321799","value":{"error":"no such element","message":"An element could not be located on the page using the given search parameters","stacktrace":"io.appium.uiautomator2.common.exceptions.ElementNotFoundException: An element could not be located on the page using the given search parameters\n\tat io.appium.uiautomator2.handler.FindElement.safeHandle(FindElement.java:73)\n\tat io.appium.uiautomator2.handler.request.SafeRequestHandler.handle(SafeRequestHandler.java:41)\n\tat io.appium.uiautomator2.server.AppiumServlet.handleRequest(AppiumServlet.java:257)\n\tat io.appium.uiautomator2.server.AppiumServlet.handleHttpRequest(AppiumServlet.java:247)\n\tat io.appium.uiautomator2.http.ServerHandler.channelRead(ServerHandler.java:50)\n\tat io.netty.channel.AbstractChannelHandlerContext.invokeChannelRead(AbstractChannelHandlerContext.java:366)\n\tat io.netty.channel.AbstractChannelHandlerContext.invokeChannelRead(AbstractChannelHandlerContext.java:352)\n\tat io.netty.chann...
[debug] &amp#27;[35m[W3C]&amp#27;[39m Matched W3C error code 'no such element' to NoSuchElementError
[debug] &amp#27;[35m[BaseDriver]&amp#27;[39m Waited for 5383 ms so far
[debug] &amp#27;[35m[WD Proxy]&amp#27;[39m Matched '/element' to command name 'findElement'
[debug] &amp#27;[35m[WD Proxy]&amp#27;[39m Proxying [POST /element] to [POST http://127.0.0.1:8226/wd/hub/session/5accc398-ac09-4c96-a794-097885321799/element] with body: {"strategy":"id","selector":"com.freshii.freshii:id/imgHome","context":"","multiple":false}
&amp#27;[35m[WD Proxy]&amp#27;[39m Got response with status 404: {"sessionId":"5accc398-ac09-4c96-a794-097885321799","value":{"error":"no such element","message":"An element could not be located on the page using the given search parameters","stacktrace":"io.appium.uiautomator2.common.exceptions.ElementNotFoundException: An element could not be located on the page using the given search parameters\n\tat io.appium.uiautomator2.handler.FindElement.safeHandle(FindElement.java:73)\n\tat io.appium.uiautomator2.handler.request.SafeRequestHandler.handle(SafeRequestHandler.java:41)\n\tat io.appium.uiautomator2.server.AppiumServlet.handleRequest(AppiumServlet.java:257)\n\tat io.appium.uiautomator2.server.AppiumServlet.handleHttpRequest(AppiumServlet.java:247)\n\tat io.appium.uiautomator2.http.ServerHandler.channelRead(ServerHandler.java:50)\n\tat io.netty.channel.AbstractChannelHandlerContext.invokeChannelRead(AbstractChannelHandlerContext.java:366)\n\tat io.netty.channel.AbstractChannelHandlerContext.invokeChannelRead(AbstractChannelHandlerContext.java:352)\n\tat io.netty.chann...
[debug] &amp#27;[35m[W3C]&amp#27;[39m Matched W3C error code 'no such element' to NoSuchElementError
[debug] &amp#27;[35m[BaseDriver]&amp#27;[39m Waited for 5968 ms so far
[debug] &amp#27;[35m[WD Proxy]&amp#27;[39m Matched '/element' to command name 'findElement'
[debug] &amp#27;[35m[WD Proxy]&amp#27;[39m Proxying [POST /element] to [POST http://127.0.0.1:8226/wd/hub/session/5accc398-ac09-4c96-a794-097885321799/element] with body: {"strategy":"id","selector":"com.freshii.freshii:id/imgHome","context":"","multiple":false}
&amp#27;[35m[WD Proxy]&amp#27;[39m Got response with status 404: {"sessionId":"5accc398-ac09-4c96-a794-097885321799","value":{"error":"no such element","message":"An element could not be located on the page using the given search parameters","stacktrace":"io.appium.uiautomator2.common.exceptions.ElementNotFoundException: An element could not be located on the page using the given search parameters\n\tat io.appium.uiautomator2.handler.FindElement.safeHandle(FindElement.java:73)\n\tat io.appium.uiautomator2.handler.request.SafeRequestHandler.handle(SafeRequestHandler.java:41)\n\tat io.appium.uiautomator2.server.AppiumServlet.handleRequest(AppiumServlet.java:257)\n\tat io.appium.uiautomator2.server.AppiumServlet.handleHttpRequest(AppiumServlet.java:247)\n\tat io.appium.uiautomator2.http.ServerHandler.channelRead(ServerHandler.java:50)\n\tat io.netty.channel.AbstractChannelHandlerContext.invokeChannelRead(AbstractChannelHandlerContext.java:366)\n\tat io.netty.channel.AbstractChannelHandlerContext.invokeChannelRead(AbstractChannelHandlerContext.java:352)\n\tat io.netty.chann...
[debug] &amp#27;[35m[W3C]&amp#27;[39m Matched W3C error code 'no such element' to NoSuchElementError
[debug] &amp#27;[35m[BaseDriver]&amp#27;[39m Waited for 6580 ms so far
[debug] &amp#27;[35m[WD Proxy]&amp#27;[39m Matched '/element' to command name 'findElement'
[debug] &amp#27;[35m[WD Proxy]&amp#27;[39m Proxying [POST /element] to [POST http://127.0.0.1:8226/wd/hub/session/5accc398-ac09-4c96-a794-097885321799/element] with body: {"strategy":"id","selector":"com.freshii.freshii:id/imgHome","context":"","multiple":false}
&amp#27;[35m[WD Proxy]&amp#27;[39m Got response with status 404: {"sessionId":"5accc398-ac09-4c96-a794-097885321799","value":{"error":"no such element","message":"An element could not be located on the page using the given search parameters","stacktrace":"io.appium.uiautomator2.common.exceptions.ElementNotFoundException: An element could not be located on the page using the given search parameters\n\tat io.appium.uiautomator2.handler.FindElement.safeHandle(FindElement.java:73)\n\tat io.appium.uiautomator2.handler.request.SafeRequestHandler.handle(SafeRequestHandler.java:41)\n\tat io.appium.uiautomator2.server.AppiumServlet.handleRequest(AppiumServlet.java:257)\n\tat io.appium.uiautomator2.server.AppiumServlet.handleHttpRequest(AppiumServlet.java:247)\n\tat io.appium.uiautomator2.http.ServerHandler.channelRead(ServerHandler.java:50)\n\tat io.netty.channel.AbstractChannelHandlerContext.invokeChannelRead(AbstractChannelHandlerContext.java:366)\n\tat io.netty.channel.AbstractChannelHandlerContext.invokeChannelRead(AbstractChannelHandlerContext.java:352)\n\tat io.netty.chann...
[debug] &amp#27;[35m[W3C]&amp#27;[39m Matched W3C error code 'no such element' to NoSuchElementError
[debug] &amp#27;[35m[BaseDriver]&amp#27;[39m Waited for 7136 ms so far
[debug] &amp#27;[35m[WD Proxy]&amp#27;[39m Matched '/element' to command name 'findElement'
[debug] &amp#27;[35m[WD Proxy]&amp#27;[39m Proxying [POST /element] to [POST http://127.0.0.1:8226/wd/hub/session/5accc398-ac09-4c96-a794-097885321799/element] with body: {"strategy":"id","selector":"com.freshii.freshii:id/imgHome","context":"","multiple":false}
&amp#27;[35m[WD Proxy]&amp#27;[39m Got response with status 404: {"sessionId":"5accc398-ac09-4c96-a794-097885321799","value":{"error":"no such element","message":"An element could not be located on the page using the given search parameters","stacktrace":"io.appium.uiautomator2.common.exceptions.ElementNotFoundException: An element could not be located on the page using the given search parameters\n\tat io.appium.uiautomator2.handler.FindElement.safeHandle(FindElement.java:73)\n\tat io.appium.uiautomator2.handler.request.SafeRequestHandler.handle(SafeRequestHandler.java:41)\n\tat io.appium.uiautomator2.server.AppiumServlet.handleRequest(AppiumServlet.java:257)\n\tat io.appium.uiautomator2.server.AppiumServlet.handleHttpRequest(AppiumServlet.java:247)\n\tat io.appium.uiautomator2.http.ServerHandler.channelRead(ServerHandler.java:50)\n\tat io.netty.channel.AbstractChannelHandlerContext.invokeChannelRead(AbstractChannelHandlerContext.java:366)\n\tat io.netty.channel.AbstractChannelHandlerContext.invokeChannelRead(AbstractChannelHandlerContext.java:352)\n\tat io.netty.chann...
[debug] &amp#27;[35m[W3C]&amp#27;[39m Matched W3C error code 'no such element' to NoSuchElementError
[debug] &amp#27;[35m[BaseDriver]&amp#27;[39m Waited for 7690 ms so far
[debug] &amp#27;[35m[WD Proxy]&amp#27;[39m Matched '/element' to command name 'findElement'
[debug] &amp#27;[35m[WD Proxy]&amp#27;[39m Proxying [POST /element] to [POST http://127.0.0.1:8226/wd/hub/session/5accc398-ac09-4c96-a794-097885321799/element] with body: {"strategy":"id","selector":"com.freshii.freshii:id/imgHome","context":"","multiple":false}
&amp#27;[35m[WD Proxy]&amp#27;[39m Got response with status 404: {"sessionId":"5accc398-ac09-4c96-a794-097885321799","value":{"error":"no such element","message":"An element could not be located on the page using the given search parameters","stacktrace":"io.appium.uiautomator2.common.exceptions.ElementNotFoundException: An element could not be located on the page using the given search parameters\n\tat io.appium.uiautomator2.handler.FindElement.safeHandle(FindElement.java:73)\n\tat io.appium.uiautomator2.handler.request.SafeRequestHandler.handle(SafeRequestHandler.java:41)\n\tat io.appium.uiautomator2.server.AppiumServlet.handleRequest(AppiumServlet.java:257)\n\tat io.appium.uiautomator2.server.AppiumServlet.handleHttpRequest(AppiumServlet.java:247)\n\tat io.appium.uiautomator2.http.ServerHandler.channelRead(ServerHandler.java:50)\n\tat io.netty.channel.AbstractChannelHandlerContext.invokeChannelRead(AbstractChannelHandlerContext.java:366)\n\tat io.netty.channel.AbstractChannelHandlerContext.invokeChannelRead(AbstractChannelHandlerContext.java:352)\n\tat io.netty.chann...
[debug] &amp#27;[35m[W3C]&amp#27;[39m Matched W3C error code 'no such element' to NoSuchElementError
[debug] &amp#27;[35m[BaseDriver]&amp#27;[39m Waited for 8230 ms so far
[debug] &amp#27;[35m[WD Proxy]&amp#27;[39m Matched '/element' to command name 'findElement'
[debug] &amp#27;[35m[WD Proxy]&amp#27;[39m Proxying [POST /element] to [POST http://127.0.0.1:8226/wd/hub/session/5accc398-ac09-4c96-a794-097885321799/element] with body: {"strategy":"id","selector":"com.freshii.freshii:id/imgHome","context":"","multiple":false}
&amp#27;[35m[WD Proxy]&amp#27;[39m Got response with status 404: {"sessionId":"5accc398-ac09-4c96-a794-097885321799","value":{"error":"no such element","message":"An element could not be located on the page using the given search parameters","stacktrace":"io.appium.uiautomator2.common.exceptions.ElementNotFoundException: An element could not be located on the page using the given search parameters\n\tat io.appium.uiautomator2.handler.FindElement.safeHandle(FindElement.java:73)\n\tat io.appium.uiautomator2.handler.request.SafeRequestHandler.handle(SafeRequestHandler.java:41)\n\tat io.appium.uiautomator2.server.AppiumServlet.handleRequest(AppiumServlet.java:257)\n\tat io.appium.uiautomator2.server.AppiumServlet.handleHttpRequest(AppiumServlet.java:247)\n\tat io.appium.uiautomator2.http.ServerHandler.channelRead(ServerHandler.java:50)\n\tat io.netty.channel.AbstractChannelHandlerContext.invokeChannelRead(AbstractChannelHandlerContext.java:366)\n\tat io.netty.channel.AbstractChannelHandlerContext.invokeChannelRead(AbstractChannelHandlerContext.java:352)\n\tat io.netty.chann...
[debug] &amp#27;[35m[W3C]&amp#27;[39m Matched W3C error code 'no such element' to NoSuchElementError
[debug] &amp#27;[35m[BaseDriver]&amp#27;[39m Waited for 8794 ms so far
[debug] &amp#27;[35m[WD Proxy]&amp#27;[39m Matched '/element' to command name 'findElement'
[debug] &amp#27;[35m[WD Proxy]&amp#27;[39m Proxying [POST /element] to [POST http://127.0.0.1:8226/wd/hub/session/5accc398-ac09-4c96-a794-097885321799/element] with body: {"strategy":"id","selector":"com.freshii.freshii:id/imgHome","context":"","multiple":false}
&amp#27;[35m[WD Proxy]&amp#27;[39m Got response with status 404: {"sessionId":"5accc398-ac09-4c96-a794-097885321799","value":{"error":"no such element","message":"An element could not be located on the page using the given search parameters","stacktrace":"io.appium.uiautomator2.common.exceptions.ElementNotFoundException: An element could not be located on the page using the given search parameters\n\tat io.appium.uiautomator2.handler.FindElement.safeHandle(FindElement.java:73)\n\tat io.appium.uiautomator2.handler.request.SafeRequestHandler.handle(SafeRequestHandler.java:41)\n\tat io.appium.uiautomator2.server.AppiumServlet.handleRequest(AppiumServlet.java:257)\n\tat io.appium.uiautomator2.server.AppiumServlet.handleHttpRequest(AppiumServlet.java:247)\n\tat io.appium.uiautomator2.http.ServerHandler.channelRead(ServerHandler.java:50)\n\tat io.netty.channel.AbstractChannelHandlerContext.invokeChannelRead(AbstractChannelHandlerContext.java:366)\n\tat io.netty.channel.AbstractChannelHandlerContext.invokeChannelRead(AbstractChannelHandlerContext.java:352)\n\tat io.netty.chann...
[debug] &amp#27;[35m[W3C]&amp#27;[39m Matched W3C error code 'no such element' to NoSuchElementError
[debug] &amp#27;[35m[BaseDriver]&amp#27;[39m Waited for 9333 ms so far
[debug] &amp#27;[35m[WD Proxy]&amp#27;[39m Matched '/element' to command name 'findElement'
[debug] &amp#27;[35m[WD Proxy]&amp#27;[39m Proxying [POST /element] to [POST http://127.0.0.1:8226/wd/hub/session/5accc398-ac09-4c96-a794-097885321799/element] with body: {"strategy":"id","selector":"com.freshii.freshii:id/imgHome","context":"","multiple":false}
&amp#27;[35m[WD Proxy]&amp#27;[39m Got response with status 404: {"sessionId":"5accc398-ac09-4c96-a794-097885321799","value":{"error":"no such element","message":"An element could not be located on the page using the given search parameters","stacktrace":"io.appium.uiautomator2.common.exceptions.ElementNotFoundException: An element could not be located on the page using the given search parameters\n\tat io.appium.uiautomator2.handler.FindElement.safeHandle(FindElement.java:73)\n\tat io.appium.uiautomator2.handler.request.SafeRequestHandler.handle(SafeRequestHandler.java:41)\n\tat io.appium.uiautomator2.server.AppiumServlet.handleRequest(AppiumServlet.java:257)\n\tat io.appium.uiautomator2.server.AppiumServlet.handleHttpRequest(AppiumServlet.java:247)\n\tat io.appium.uiautomator2.http.ServerHandler.channelRead(ServerHandler.java:50)\n\tat io.netty.channel.AbstractChannelHandlerContext.invokeChannelRead(AbstractChannelHandlerContext.java:366)\n\tat io.netty.channel.AbstractChannelHandlerContext.invokeChannelRead(AbstractChannelHandlerContext.java:352)\n\tat io.netty.chann...
[debug] &amp#27;[35m[W3C]&amp#27;[39m Matched W3C error code 'no such element' to NoSuchElementError
[debug] &amp#27;[35m[BaseDriver]&amp#27;[39m Waited for 9888 ms so far
[debug] &amp#27;[35m[WD Proxy]&amp#27;[39m Matched '/element' to command name 'findElement'
[debug] &amp#27;[35m[WD Proxy]&amp#27;[39m Proxying [POST /element] to [POST http://127.0.0.1:8226/wd/hub/session/5accc398-ac09-4c96-a794-097885321799/element] with body: {"strategy":"id","selector":"com.freshii.freshii:id/imgHome","context":"","multiple":false}
&amp#27;[35m[WD Proxy]&amp#27;[39m Got response with status 404: {"sessionId":"5accc398-ac09-4c96-a794-097885321799","value":{"error":"no such element","message":"An element could not be located on the page using the given search parameters","stacktrace":"io.appium.uiautomator2.common.exceptions.ElementNotFoundException: An element could not be located on the page using the given search parameters\n\tat io.appium.uiautomator2.handler.FindElement.safeHandle(FindElement.java:73)\n\tat io.appium.uiautomator2.handler.request.SafeRequestHandler.handle(SafeRequestHandler.java:41)\n\tat io.appium.uiautomator2.server.AppiumServlet.handleRequest(AppiumServlet.java:257)\n\tat io.appium.uiautomator2.server.AppiumServlet.handleHttpRequest(AppiumServlet.java:247)\n\tat io.appium.uiautomator2.http.ServerHandler.channelRead(ServerHandler.java:50)\n\tat io.netty.channel.AbstractChannelHandlerContext.invokeChannelRead(AbstractChannelHandlerContext.java:366)\n\tat io.netty.channel.AbstractChannelHandlerContext.invokeChannelRead(AbstractChannelHandlerContext.java:352)\n\tat io.netty.chann...
[debug] &amp#27;[35m[W3C]&amp#27;[39m Matched W3C error code 'no such element' to NoSuchElementError
[debug] &amp#27;[35m[BaseDriver]&amp#27;[39m Waited for 10451 ms so far
[debug] &amp#27;[35m[WD Proxy]&amp#27;[39m Matched '/element' to command name 'findElement'
[debug] &amp#27;[35m[WD Proxy]&amp#27;[39m Proxying [POST /element] to [POST http://127.0.0.1:8226/wd/hub/session/5accc398-ac09-4c96-a794-097885321799/element] with body: {"strategy":"id","selector":"com.freshii.freshii:id/imgHome","context":"","multiple":false}
&amp#27;[35m[WD Proxy]&amp#27;[39m Got response with status 404: {"sessionId":"5accc398-ac09-4c96-a794-097885321799","value":{"error":"no such element","message":"An element could not be located on the page using the given search parameters","stacktrace":"io.appium.uiautomator2.common.exceptions.ElementNotFoundException: An element could not be located on the page using the given search parameters\n\tat io.appium.uiautomator2.handler.FindElement.safeHandle(FindElement.java:73)\n\tat io.appium.uiautomator2.handler.request.SafeRequestHandler.handle(SafeRequestHandler.java:41)\n\tat io.appium.uiautomator2.server.AppiumServlet.handleRequest(AppiumServlet.java:257)\n\tat io.appium.uiautomator2.server.AppiumServlet.handleHttpRequest(AppiumServlet.java:247)\n\tat io.appium.uiautomator2.http.ServerHandler.channelRead(ServerHandler.java:50)\n\tat io.netty.channel.AbstractChannelHandlerContext.invokeChannelRead(AbstractChannelHandlerContext.java:366)\n\tat io.netty.channel.AbstractChannelHandlerContext.invokeChannelRead(AbstractChannelHandlerContext.java:352)\n\tat io.netty.chann...
[debug] &amp#27;[35m[W3C]&amp#27;[39m Matched W3C error code 'no such element' to NoSuchElementError
[debug] &amp#27;[35m[BaseDriver]&amp#27;[39m Waited for 11006 ms so far
[debug] &amp#27;[35m[WD Proxy]&amp#27;[39m Matched '/element' to command name 'findElement'
[debug] &amp#27;[35m[WD Proxy]&amp#27;[39m Proxying [POST /element] to [POST http://127.0.0.1:8226/wd/hub/session/5accc398-ac09-4c96-a794-097885321799/element] with body: {"strategy":"id","selector":"com.freshii.freshii:id/imgHome","context":"","multiple":false}
&amp#27;[35m[WD Proxy]&amp#27;[39m Got response with status 404: {"sessionId":"5accc398-ac09-4c96-a794-097885321799","value":{"error":"no such element","message":"An element could not be located on the page using the given search parameters","stacktrace":"io.appium.uiautomator2.common.exceptions.ElementNotFoundException: An element could not be located on the page using the given search parameters\n\tat io.appium.uiautomator2.handler.FindElement.safeHandle(FindElement.java:73)\n\tat io.appium.uiautomator2.handler.request.SafeRequestHandler.handle(SafeRequestHandler.java:41)\n\tat io.appium.uiautomator2.server.AppiumServlet.handleRequest(AppiumServlet.java:257)\n\tat io.appium.uiautomator2.server.AppiumServlet.handleHttpRequest(AppiumServlet.java:247)\n\tat io.appium.uiautomator2.http.ServerHandler.channelRead(ServerHandler.java:50)\n\tat io.netty.channel.AbstractChannelHandlerContext.invokeChannelRead(AbstractChannelHandlerContext.java:366)\n\tat io.netty.channel.AbstractChannelHandlerContext.invokeChannelRead(AbstractChannelHandlerContext.java:352)\n\tat io.netty.chann...
[debug] &amp#27;[35m[W3C]&amp#27;[39m Matched W3C error code 'no such element' to NoSuchElementError
[debug] &amp#27;[35m[BaseDriver]&amp#27;[39m Waited for 11553 ms so far
[debug] &amp#27;[35m[WD Proxy]&amp#27;[39m Matched '/element' to command name 'findElement'
[debug] &amp#27;[35m[WD Proxy]&amp#27;[39m Proxying [POST /element] to [POST http://127.0.0.1:8226/wd/hub/session/5accc398-ac09-4c96-a794-097885321799/element] with body: {"strategy":"id","selector":"com.freshii.freshii:id/imgHome","context":"","multiple":false}
&amp#27;[35m[WD Proxy]&amp#27;[39m Got response with status 404: {"sessionId":"5accc398-ac09-4c96-a794-097885321799","value":{"error":"no such element","message":"An element could not be located on the page using the given search parameters","stacktrace":"io.appium.uiautomator2.common.exceptions.ElementNotFoundException: An element could not be located on the page using the given search parameters\n\tat io.appium.uiautomator2.handler.FindElement.safeHandle(FindElement.java:73)\n\tat io.appium.uiautomator2.handler.request.SafeRequestHandler.handle(SafeRequestHandler.java:41)\n\tat io.appium.uiautomator2.server.AppiumServlet.handleRequest(AppiumServlet.java:257)\n\tat io.appium.uiautomator2.server.AppiumServlet.handleHttpRequest(AppiumServlet.java:247)\n\tat io.appium.uiautomator2.http.ServerHandler.channelRead(ServerHandler.java:50)\n\tat io.netty.channel.AbstractChannelHandlerContext.invokeChannelRead(AbstractChannelHandlerContext.java:366)\n\tat io.netty.channel.AbstractChannelHandlerContext.invokeChannelRead(AbstractChannelHandlerContext.java:352)\n\tat io.netty.chann...
[debug] &amp#27;[35m[W3C]&amp#27;[39m Matched W3C error code 'no such element' to NoSuchElementError
[debug] &amp#27;[35m[BaseDriver]&amp#27;[39m Waited for 12105 ms so far
[debug] &amp#27;[35m[WD Proxy]&amp#27;[39m Matched '/element' to command name 'findElement'
[debug] &amp#27;[35m[WD Proxy]&amp#27;[39m Proxying [POST /element] to [POST http://127.0.0.1:8226/wd/hub/session/5accc398-ac09-4c96-a794-097885321799/element] with body: {"strategy":"id","selector":"com.freshii.freshii:id/imgHome","context":"","multiple":false}
&amp#27;[35m[WD Proxy]&amp#27;[39m Got response with status 404: {"sessionId":"5accc398-ac09-4c96-a794-097885321799","value":{"error":"no such element","message":"An element could not be located on the page using the given search parameters","stacktrace":"io.appium.uiautomator2.common.exceptions.ElementNotFoundException: An element could not be located on the page using the given search parameters\n\tat io.appium.uiautomator2.handler.FindElement.safeHandle(FindElement.java:73)\n\tat io.appium.uiautomator2.handler.request.SafeRequestHandler.handle(SafeRequestHandler.java:41)\n\tat io.appium.uiautomator2.server.AppiumServlet.handleRequest(AppiumServlet.java:257)\n\tat io.appium.uiautomator2.server.AppiumServlet.handleHttpRequest(AppiumServlet.java:247)\n\tat io.appium.uiautomator2.http.ServerHandler.channelRead(ServerHandler.java:50)\n\tat io.netty.channel.AbstractChannelHandlerContext.invokeChannelRead(AbstractChannelHandlerContext.java:366)\n\tat io.netty.channel.AbstractChannelHandlerContext.invokeChannelRead(AbstractChannelHandlerContext.java:352)\n\tat io.netty.chann...
[debug] &amp#27;[35m[W3C]&amp#27;[39m Matched W3C error code 'no such element' to NoSuchElementError
[debug] &amp#27;[35m[BaseDriver]&amp#27;[39m Waited for 12646 ms so far
[debug] &amp#27;[35m[WD Proxy]&amp#27;[39m Matched '/element' to command name 'findElement'
[debug] &amp#27;[35m[WD Proxy]&amp#27;[39m Proxying [POST /element] to [POST http://127.0.0.1:8226/wd/hub/session/5accc398-ac09-4c96-a794-097885321799/element] with body: {"strategy":"id","selector":"com.freshii.freshii:id/imgHome","context":"","multiple":false}
&amp#27;[35m[WD Proxy]&amp#27;[39m Got response with status 404: {"sessionId":"5accc398-ac09-4c96-a794-097885321799","value":{"error":"no such element","message":"An element could not be located on the page using the given search parameters","stacktrace":"io.appium.uiautomator2.common.exceptions.ElementNotFoundException: An element could not be located on the page using the given search parameters\n\tat io.appium.uiautomator2.handler.FindElement.safeHandle(FindElement.java:73)\n\tat io.appium.uiautomator2.handler.request.SafeRequestHandler.handle(SafeRequestHandler.java:41)\n\tat io.appium.uiautomator2.server.AppiumServlet.handleRequest(AppiumServlet.java:257)\n\tat io.appium.uiautomator2.server.AppiumServlet.handleHttpRequest(AppiumServlet.java:247)\n\tat io.appium.uiautomator2.http.ServerHandler.channelRead(ServerHandler.java:50)\n\tat io.netty.channel.AbstractChannelHandlerContext.invokeChannelRead(AbstractChannelHandlerContext.java:366)\n\tat io.netty.channel.AbstractChannelHandlerContext.invokeChannelRead(AbstractChannelHandlerContext.java:352)\n\tat io.netty.chann...
[debug] &amp#27;[35m[W3C]&amp#27;[39m Matched W3C error code 'no such element' to NoSuchElementError
[debug] &amp#27;[35m[BaseDriver]&amp#27;[39m Waited for 13178 ms so far
[debug] &amp#27;[35m[WD Proxy]&amp#27;[39m Matched '/element' to command name 'findElement'
[debug] &amp#27;[35m[WD Proxy]&amp#27;[39m Proxying [POST /element] to [POST http://127.0.0.1:8226/wd/hub/session/5accc398-ac09-4c96-a794-097885321799/element] with body: {"strategy":"id","selector":"com.freshii.freshii:id/imgHome","context":"","multiple":false}
&amp#27;[35m[WD Proxy]&amp#27;[39m Got response with status 404: {"sessionId":"5accc398-ac09-4c96-a794-097885321799","value":{"error":"no such element","message":"An element could not be located on the page using the given search parameters","stacktrace":"io.appium.uiautomator2.common.exceptions.ElementNotFoundException: An element could not be located on the page using the given search parameters\n\tat io.appium.uiautomator2.handler.FindElement.safeHandle(FindElement.java:73)\n\tat io.appium.uiautomator2.handler.request.SafeRequestHandler.handle(SafeRequestHandler.java:41)\n\tat io.appium.uiautomator2.server.AppiumServlet.handleRequest(AppiumServlet.java:257)\n\tat io.appium.uiautomator2.server.AppiumServlet.handleHttpRequest(AppiumServlet.java:247)\n\tat io.appium.uiautomator2.http.ServerHandler.channelRead(ServerHandler.java:50)\n\tat io.netty.channel.AbstractChannelHandlerContext.invokeChannelRead(AbstractChannelHandlerContext.java:366)\n\tat io.netty.channel.AbstractChannelHandlerContext.invokeChannelRead(AbstractChannelHandlerContext.java:352)\n\tat io.netty.chann...
[debug] &amp#27;[35m[W3C]&amp#27;[39m Matched W3C error code 'no such element' to NoSuchElementError
[debug] &amp#27;[35m[BaseDriver]&amp#27;[39m Waited for 13720 ms so far
[debug] &amp#27;[35m[WD Proxy]&amp#27;[39m Matched '/element' to command name 'findElement'
[debug] &amp#27;[35m[WD Proxy]&amp#27;[39m Proxying [POST /element] to [POST http://127.0.0.1:8226/wd/hub/session/5accc398-ac09-4c96-a794-097885321799/element] with body: {"strategy":"id","selector":"com.freshii.freshii:id/imgHome","context":"","multiple":false}
&amp#27;[35m[WD Proxy]&amp#27;[39m Got response with status 404: {"sessionId":"5accc398-ac09-4c96-a794-097885321799","value":{"error":"no such element","message":"An element could not be located on the page using the given search parameters","stacktrace":"io.appium.uiautomator2.common.exceptions.ElementNotFoundException: An element could not be located on the page using the given search parameters\n\tat io.appium.uiautomator2.handler.FindElement.safeHandle(FindElement.java:73)\n\tat io.appium.uiautomator2.handler.request.SafeRequestHandler.handle(SafeRequestHandler.java:41)\n\tat io.appium.uiautomator2.server.AppiumServlet.handleRequest(AppiumServlet.java:257)\n\tat io.appium.uiautomator2.server.AppiumServlet.handleHttpRequest(AppiumServlet.java:247)\n\tat io.appium.uiautomator2.http.ServerHandler.channelRead(ServerHandler.java:50)\n\tat io.netty.channel.AbstractChannelHandlerContext.invokeChannelRead(AbstractChannelHandlerContext.java:366)\n\tat io.netty.channel.AbstractChannelHandlerContext.invokeChannelRead(AbstractChannelHandlerContext.java:352)\n\tat io.netty.chann...
[debug] &amp#27;[35m[W3C]&amp#27;[39m Matched W3C error code 'no such element' to NoSuchElementError
[debug] &amp#27;[35m[BaseDriver]&amp#27;[39m Waited for 14272 ms so far
[debug] &amp#27;[35m[WD Proxy]&amp#27;[39m Matched '/element' to command name 'findElement'
[debug] &amp#27;[35m[WD Proxy]&amp#27;[39m Proxying [POST /element] to [POST http://127.0.0.1:8226/wd/hub/session/5accc398-ac09-4c96-a794-097885321799/element] with body: {"strategy":"id","selector":"com.freshii.freshii:id/imgHome","context":"","multiple":false}
&amp#27;[35m[WD Proxy]&amp#27;[39m Got response with status 404: {"sessionId":"5accc398-ac09-4c96-a794-097885321799","value":{"error":"no such element","message":"An element could not be located on the page using the given search parameters","stacktrace":"io.appium.uiautomator2.common.exceptions.ElementNotFoundException: An element could not be located on the page using the given search parameters\n\tat io.appium.uiautomator2.handler.FindElement.safeHandle(FindElement.java:73)\n\tat io.appium.uiautomator2.handler.request.SafeRequestHandler.handle(SafeRequestHandler.java:41)\n\tat io.appium.uiautomator2.server.AppiumServlet.handleRequest(AppiumServlet.java:257)\n\tat io.appium.uiautomator2.server.AppiumServlet.handleHttpRequest(AppiumServlet.java:247)\n\tat io.appium.uiautomator2.http.ServerHandler.channelRead(ServerHandler.java:50)\n\tat io.netty.channel.AbstractChannelHandlerContext.invokeChannelRead(AbstractChannelHandlerContext.java:366)\n\tat io.netty.channel.AbstractChannelHandlerContext.invokeChannelRead(AbstractChannelHandlerContext.java:352)\n\tat io.netty.chann...
[debug] &amp#27;[35m[W3C]&amp#27;[39m Matched W3C error code 'no such element' to NoSuchElementError
[debug] &amp#27;[35m[BaseDriver]&amp#27;[39m Waited for 14808 ms so far
[debug] &amp#27;[35m[WD Proxy]&amp#27;[39m Matched '/element' to command name 'findElement'
[debug] &amp#27;[35m[WD Proxy]&amp#27;[39m Proxying [POST /element] to [POST http://127.0.0.1:8226/wd/hub/session/5accc398-ac09-4c96-a794-097885321799/element] with body: {"strategy":"id","selector":"com.freshii.freshii:id/imgHome","context":"","multiple":false}
&amp#27;[35m[WD Proxy]&amp#27;[39m Got response with status 404: {"sessionId":"5accc398-ac09-4c96-a794-097885321799","value":{"error":"no such element","message":"An element could not be located on the page using the given search parameters","stacktrace":"io.appium.uiautomator2.common.exceptions.ElementNotFoundException: An element could not be located on the page using the given search parameters\n\tat io.appium.uiautomator2.handler.FindElement.safeHandle(FindElement.java:73)\n\tat io.appium.uiautomator2.handler.request.SafeRequestHandler.handle(SafeRequestHandler.java:41)\n\tat io.appium.uiautomator2.server.AppiumServlet.handleRequest(AppiumServlet.java:257)\n\tat io.appium.uiautomator2.server.AppiumServlet.handleHttpRequest(AppiumServlet.java:247)\n\tat io.appium.uiautomator2.http.ServerHandler.channelRead(ServerHandler.java:50)\n\tat io.netty.channel.AbstractChannelHandlerContext.invokeChannelRead(AbstractChannelHandlerContext.java:366)\n\tat io.netty.channel.AbstractChannelHandlerContext.invokeChannelRead(AbstractChannelHandlerContext.java:352)\n\tat io.netty.chann...
[debug] &amp#27;[35m[W3C]&amp#27;[39m Matched W3C error code 'no such element' to NoSuchElementError
[debug] &amp#27;[35m[BaseDriver]&amp#27;[39m Waited for 15356 ms so far
[debug] &amp#27;[35m[WD Proxy]&amp#27;[39m Matched '/element' to command name 'findElement'
[debug] &amp#27;[35m[WD Proxy]&amp#27;[39m Proxying [POST /element] to [POST http://127.0.0.1:8226/wd/hub/session/5accc398-ac09-4c96-a794-097885321799/element] with body: {"strategy":"id","selector":"com.freshii.freshii:id/imgHome","context":"","multiple":false}
&amp#27;[35m[WD Proxy]&amp#27;[39m Got response with status 404: {"sessionId":"5accc398-ac09-4c96-a794-097885321799","value":{"error":"no such element","message":"An element could not be located on the page using the given search parameters","stacktrace":"io.appium.uiautomator2.common.exceptions.ElementNotFoundException: An element could not be located on the page using the given search parameters\n\tat io.appium.uiautomator2.handler.FindElement.safeHandle(FindElement.java:73)\n\tat io.appium.uiautomator2.handler.request.SafeRequestHandler.handle(SafeRequestHandler.java:41)\n\tat io.appium.uiautomator2.server.AppiumServlet.handleRequest(AppiumServlet.java:257)\n\tat io.appium.uiautomator2.server.AppiumServlet.handleHttpRequest(AppiumServlet.java:247)\n\tat io.appium.uiautomator2.http.ServerHandler.channelRead(ServerHandler.java:50)\n\tat io.netty.channel.AbstractChannelHandlerContext.invokeChannelRead(AbstractChannelHandlerContext.java:366)\n\tat io.netty.channel.AbstractChannelHandlerContext.invokeChannelRead(AbstractChannelHandlerContext.java:352)\n\tat io.netty.chann...
[debug] &amp#27;[35m[W3C]&amp#27;[39m Matched W3C error code 'no such element' to NoSuchElementError
[debug] &amp#27;[35m[BaseDriver]&amp#27;[39m Waited for 15898 ms so far
[debug] &amp#27;[35m[WD Proxy]&amp#27;[39m Matched '/element' to command name 'findElement'
[debug] &amp#27;[35m[WD Proxy]&amp#27;[39m Proxying [POST /element] to [POST http://127.0.0.1:8226/wd/hub/session/5accc398-ac09-4c96-a794-097885321799/element] with body: {"strategy":"id","selector":"com.freshii.freshii:id/imgHome","context":"","multiple":false}
&amp#27;[35m[WD Proxy]&amp#27;[39m Got response with status 404: {"sessionId":"5accc398-ac09-4c96-a794-097885321799","value":{"error":"no such element","message":"An element could not be located on the page using the given search parameters","stacktrace":"io.appium.uiautomator2.common.exceptions.ElementNotFoundException: An element could not be located on the page using the given search parameters\n\tat io.appium.uiautomator2.handler.FindElement.safeHandle(FindElement.java:73)\n\tat io.appium.uiautomator2.handler.request.SafeRequestHandler.handle(SafeRequestHandler.java:41)\n\tat io.appium.uiautomator2.server.AppiumServlet.handleRequest(AppiumServlet.java:257)\n\tat io.appium.uiautomator2.server.AppiumServlet.handleHttpRequest(AppiumServlet.java:247)\n\tat io.appium.uiautomator2.http.ServerHandler.channelRead(ServerHandler.java:50)\n\tat io.netty.channel.AbstractChannelHandlerContext.invokeChannelRead(AbstractChannelHandlerContext.java:366)\n\tat io.netty.channel.AbstractChannelHandlerContext.invokeChannelRead(AbstractChannelHandlerContext.java:352)\n\tat io.netty.chann...
[debug] &amp#27;[35m[W3C]&amp#27;[39m Matched W3C error code 'no such element' to NoSuchElementError
[debug] &amp#27;[35m[BaseDriver]&amp#27;[39m Waited for 16452 ms so far
[debug] &amp#27;[35m[WD Proxy]&amp#27;[39m Matched '/element' to command name 'findElement'
[debug] &amp#27;[35m[WD Proxy]&amp#27;[39m Proxying [POST /element] to [POST http://127.0.0.1:8226/wd/hub/session/5accc398-ac09-4c96-a794-097885321799/element] with body: {"strategy":"id","selector":"com.freshii.freshii:id/imgHome","context":"","multiple":false}
&amp#27;[35m[WD Proxy]&amp#27;[39m Got response with status 404: {"sessionId":"5accc398-ac09-4c96-a794-097885321799","value":{"error":"no such element","message":"An element could not be located on the page using the given search parameters","stacktrace":"io.appium.uiautomator2.common.exceptions.ElementNotFoundException: An element could not be located on the page using the given search parameters\n\tat io.appium.uiautomator2.handler.FindElement.safeHandle(FindElement.java:73)\n\tat io.appium.uiautomator2.handler.request.SafeRequestHandler.handle(SafeRequestHandler.java:41)\n\tat io.appium.uiautomator2.server.AppiumServlet.handleRequest(AppiumServlet.java:257)\n\tat io.appium.uiautomator2.server.AppiumServlet.handleHttpRequest(AppiumServlet.java:247)\n\tat io.appium.uiautomator2.http.ServerHandler.channelRead(ServerHandler.java:50)\n\tat io.netty.channel.AbstractChannelHandlerContext.invokeChannelRead(AbstractChannelHandlerContext.java:366)\n\tat io.netty.channel.AbstractChannelHandlerContext.invokeChannelRead(AbstractChannelHandlerContext.java:352)\n\tat io.netty.chann...
[debug] &amp#27;[35m[W3C]&amp#27;[39m Matched W3C error code 'no such element' to NoSuchElementError
[debug] &amp#27;[35m[BaseDriver]&amp#27;[39m Waited for 16993 ms so far
[debug] &amp#27;[35m[WD Proxy]&amp#27;[39m Matched '/element' to command name 'findElement'
[debug] &amp#27;[35m[WD Proxy]&amp#27;[39m Proxying [POST /element] to [POST http://127.0.0.1:8226/wd/hub/session/5accc398-ac09-4c96-a794-097885321799/element] with body: {"strategy":"id","selector":"com.freshii.freshii:id/imgHome","context":"","multiple":false}
&amp#27;[35m[WD Proxy]&amp#27;[39m Got response with status 404: {"sessionId":"5accc398-ac09-4c96-a794-097885321799","value":{"error":"no such element","message":"An element could not be located on the page using the given search parameters","stacktrace":"io.appium.uiautomator2.common.exceptions.ElementNotFoundException: An element could not be located on the page using the given search parameters\n\tat io.appium.uiautomator2.handler.FindElement.safeHandle(FindElement.java:73)\n\tat io.appium.uiautomator2.handler.request.SafeRequestHandler.handle(SafeRequestHandler.java:41)\n\tat io.appium.uiautomator2.server.AppiumServlet.handleRequest(AppiumServlet.java:257)\n\tat io.appium.uiautomator2.server.AppiumServlet.handleHttpRequest(AppiumServlet.java:247)\n\tat io.appium.uiautomator2.http.ServerHandler.channelRead(ServerHandler.java:50)\n\tat io.netty.channel.AbstractChannelHandlerContext.invokeChannelRead(AbstractChannelHandlerContext.java:366)\n\tat io.netty.channel.AbstractChannelHandlerContext.invokeChannelRead(AbstractChannelHandlerContext.java:352)\n\tat io.netty.chann...
[debug] &amp#27;[35m[W3C]&amp#27;[39m Matched W3C error code 'no such element' to NoSuchElementError
[debug] &amp#27;[35m[BaseDriver]&amp#27;[39m Waited for 17542 ms so far
[debug] &amp#27;[35m[WD Proxy]&amp#27;[39m Matched '/element' to command name 'findElement'
[debug] &amp#27;[35m[WD Proxy]&amp#27;[39m Proxying [POST /element] to [POST http://127.0.0.1:8226/wd/hub/session/5accc398-ac09-4c96-a794-097885321799/element] with body: {"strategy":"id","selector":"com.freshii.freshii:id/imgHome","context":"","multiple":false}
&amp#27;[35m[WD Proxy]&amp#27;[39m Got response with status 404: {"sessionId":"5accc398-ac09-4c96-a794-097885321799","value":{"error":"no such element","message":"An element could not be located on the page using the given search parameters","stacktrace":"io.appium.uiautomator2.common.exceptions.ElementNotFoundException: An element could not be located on the page using the given search parameters\n\tat io.appium.uiautomator2.handler.FindElement.safeHandle(FindElement.java:73)\n\tat io.appium.uiautomator2.handler.request.SafeRequestHandler.handle(SafeRequestHandler.java:41)\n\tat io.appium.uiautomator2.server.AppiumServlet.handleRequest(AppiumServlet.java:257)\n\tat io.appium.uiautomator2.server.AppiumServlet.handleHttpRequest(AppiumServlet.java:247)\n\tat io.appium.uiautomator2.http.ServerHandler.channelRead(ServerHandler.java:50)\n\tat io.netty.channel.AbstractChannelHandlerContext.invokeChannelRead(AbstractChannelHandlerContext.java:366)\n\tat io.netty.channel.AbstractChannelHandlerContext.invokeChannelRead(AbstractChannelHandlerContext.java:352)\n\tat io.netty.chann...
[debug] &amp#27;[35m[W3C]&amp#27;[39m Matched W3C error code 'no such element' to NoSuchElementError
[debug] &amp#27;[35m[BaseDriver]&amp#27;[39m Waited for 18087 ms so far
[debug] &amp#27;[35m[WD Proxy]&amp#27;[39m Matched '/element' to command name 'findElement'
[debug] &amp#27;[35m[WD Proxy]&amp#27;[39m Proxying [POST /element] to [POST http://127.0.0.1:8226/wd/hub/session/5accc398-ac09-4c96-a794-097885321799/element] with body: {"strategy":"id","selector":"com.freshii.freshii:id/imgHome","context":"","multiple":false}
&amp#27;[35m[WD Proxy]&amp#27;[39m Got response with status 404: {"sessionId":"5accc398-ac09-4c96-a794-097885321799","value":{"error":"no such element","message":"An element could not be located on the page using the given search parameters","stacktrace":"io.appium.uiautomator2.common.exceptions.ElementNotFoundException: An element could not be located on the page using the given search parameters\n\tat io.appium.uiautomator2.handler.FindElement.safeHandle(FindElement.java:73)\n\tat io.appium.uiautomator2.handler.request.SafeRequestHandler.handle(SafeRequestHandler.java:41)\n\tat io.appium.uiautomator2.server.AppiumServlet.handleRequest(AppiumServlet.java:257)\n\tat io.appium.uiautomator2.server.AppiumServlet.handleHttpRequest(AppiumServlet.java:247)\n\tat io.appium.uiautomator2.http.ServerHandler.channelRead(ServerHandler.java:50)\n\tat io.netty.channel.AbstractChannelHandlerContext.invokeChannelRead(AbstractChannelHandlerContext.java:366)\n\tat io.netty.channel.AbstractChannelHandlerContext.invokeChannelRead(AbstractChannelHandlerContext.java:352)\n\tat io.netty.chann...
[debug] &amp#27;[35m[W3C]&amp#27;[39m Matched W3C error code 'no such element' to NoSuchElementError
[debug] &amp#27;[35m[BaseDriver]&amp#27;[39m Waited for 18633 ms so far
[debug] &amp#27;[35m[WD Proxy]&amp#27;[39m Matched '/element' to command name 'findElement'
[debug] &amp#27;[35m[WD Proxy]&amp#27;[39m Proxying [POST /element] to [POST http://127.0.0.1:8226/wd/hub/session/5accc398-ac09-4c96-a794-097885321799/element] with body: {"strategy":"id","selector":"com.freshii.freshii:id/imgHome","context":"","multiple":false}
&amp#27;[35m[WD Proxy]&amp#27;[39m Got response with status 404: {"sessionId":"5accc398-ac09-4c96-a794-097885321799","value":{"error":"no such element","message":"An element could not be located on the page using the given search parameters","stacktrace":"io.appium.uiautomator2.common.exceptions.ElementNotFoundException: An element could not be located on the page using the given search parameters\n\tat io.appium.uiautomator2.handler.FindElement.safeHandle(FindElement.java:73)\n\tat io.appium.uiautomator2.handler.request.SafeRequestHandler.handle(SafeRequestHandler.java:41)\n\tat io.appium.uiautomator2.server.AppiumServlet.handleRequest(AppiumServlet.java:257)\n\tat io.appium.uiautomator2.server.AppiumServlet.handleHttpRequest(AppiumServlet.java:247)\n\tat io.appium.uiautomator2.http.ServerHandler.channelRead(ServerHandler.java:50)\n\tat io.netty.channel.AbstractChannelHandlerContext.invokeChannelRead(AbstractChannelHandlerContext.java:366)\n\tat io.netty.channel.AbstractChannelHandlerContext.invokeChannelRead(AbstractChannelHandlerContext.java:352)\n\tat io.netty.chann...
[debug] &amp#27;[35m[W3C]&amp#27;[39m Matched W3C error code 'no such element' to NoSuchElementError
[debug] &amp#27;[35m[BaseDriver]&amp#27;[39m Waited for 19181 ms so far
[debug] &amp#27;[35m[WD Proxy]&amp#27;[39m Matched '/element' to command name 'findElement'
[debug] &amp#27;[35m[WD Proxy]&amp#27;[39m Proxying [POST /element] to [POST http://127.0.0.1:8226/wd/hub/session/5accc398-ac09-4c96-a794-097885321799/element] with body: {"strategy":"id","selector":"com.freshii.freshii:id/imgHome","context":"","multiple":false}
&amp#27;[35m[WD Proxy]&amp#27;[39m Got response with status 404: {"sessionId":"5accc398-ac09-4c96-a794-097885321799","value":{"error":"no such element","message":"An element could not be located on the page using the given search parameters","stacktrace":"io.appium.uiautomator2.common.exceptions.ElementNotFoundException: An element could not be located on the page using the given search parameters\n\tat io.appium.uiautomator2.handler.FindElement.safeHandle(FindElement.java:73)\n\tat io.appium.uiautomator2.handler.request.SafeRequestHandler.handle(SafeRequestHandler.java:41)\n\tat io.appium.uiautomator2.server.AppiumServlet.handleRequest(AppiumServlet.java:257)\n\tat io.appium.uiautomator2.server.AppiumServlet.handleHttpRequest(AppiumServlet.java:247)\n\tat io.appium.uiautomator2.http.ServerHandler.channelRead(ServerHandler.java:50)\n\tat io.netty.channel.AbstractChannelHandlerContext.invokeChannelRead(AbstractChannelHandlerContext.java:366)\n\tat io.netty.channel.AbstractChannelHandlerContext.invokeChannelRead(AbstractChannelHandlerContext.java:352)\n\tat io.netty.chann...
[debug] &amp#27;[35m[W3C]&amp#27;[39m Matched W3C error code 'no such element' to NoSuchElementError
[debug] &amp#27;[35m[BaseDriver]&amp#27;[39m Waited for 19735 ms so far
[debug] &amp#27;[35m[WD Proxy]&amp#27;[39m Matched '/element' to command name 'findElement'
[debug] &amp#27;[35m[WD Proxy]&amp#27;[39m Proxying [POST /element] to [POST http://127.0.0.1:8226/wd/hub/session/5accc398-ac09-4c96-a794-097885321799/element] with body: {"strategy":"id","selector":"com.freshii.freshii:id/imgHome","context":"","multiple":false}
&amp#27;[35m[WD Proxy]&amp#27;[39m Got response with status 404: {"sessionId":"5accc398-ac09-4c96-a794-097885321799","value":{"error":"no such element","message":"An element could not be located on the page using the given search parameters","stacktrace":"io.appium.uiautomator2.common.exceptions.ElementNotFoundException: An element could not be located on the page using the given search parameters\n\tat io.appium.uiautomator2.handler.FindElement.safeHandle(FindElement.java:73)\n\tat io.appium.uiautomator2.handler.request.SafeRequestHandler.handle(SafeRequestHandler.java:41)\n\tat io.appium.uiautomator2.server.AppiumServlet.handleRequest(AppiumServlet.java:257)\n\tat io.appium.uiautomator2.server.AppiumServlet.handleHttpRequest(AppiumServlet.java:247)\n\tat io.appium.uiautomator2.http.ServerHandler.channelRead(ServerHandler.java:50)\n\tat io.netty.channel.AbstractChannelHandlerContext.invokeChannelRead(AbstractChannelHandlerContext.java:366)\n\tat io.netty.channel.AbstractChannelHandlerContext.invokeChannelRead(AbstractChannelHandlerContext.java:352)\n\tat io.netty.chann...
[debug] &amp#27;[35m[W3C]&amp#27;[39m Matched W3C error code 'no such element' to NoSuchElementError
[debug] &amp#27;[35m[BaseDriver]&amp#27;[39m Waited for 20295 ms so far
[debug] &amp#27;[35m[WD Proxy]&amp#27;[39m Matched '/element' to command name 'findElement'
[debug] &amp#27;[35m[WD Proxy]&amp#27;[39m Proxying [POST /element] to [POST http://127.0.0.1:8226/wd/hub/session/5accc398-ac09-4c96-a794-097885321799/element] with body: {"strategy":"id","selector":"com.freshii.freshii:id/imgHome","context":"","multiple":false}
&amp#27;[35m[WD Proxy]&amp#27;[39m Got response with status 404: {"sessionId":"5accc398-ac09-4c96-a794-097885321799","value":{"error":"no such element","message":"An element could not be located on the page using the given search parameters","stacktrace":"io.appium.uiautomator2.common.exceptions.ElementNotFoundException: An element could not be located on the page using the given search parameters\n\tat io.appium.uiautomator2.handler.FindElement.safeHandle(FindElement.java:73)\n\tat io.appium.uiautomator2.handler.request.SafeRequestHandler.handle(SafeRequestHandler.java:41)\n\tat io.appium.uiautomator2.server.AppiumServlet.handleRequest(AppiumServlet.java:257)\n\tat io.appium.uiautomator2.server.AppiumServlet.handleHttpRequest(AppiumServlet.java:247)\n\tat io.appium.uiautomator2.http.ServerHandler.channelRead(ServerHandler.java:50)\n\tat io.netty.channel.AbstractChannelHandlerContext.invokeChannelRead(AbstractChannelHandlerContext.java:366)\n\tat io.netty.channel.AbstractChannelHandlerContext.invokeChannelRead(AbstractChannelHandlerContext.java:352)\n\tat io.netty.chann...
[debug] &amp#27;[35m[W3C]&amp#27;[39m Matched W3C error code 'no such element' to NoSuchElementError
[debug] &amp#27;[35m[BaseDriver]&amp#27;[39m Waited for 20827 ms so far
[debug] &amp#27;[35m[WD Proxy]&amp#27;[39m Matched '/element' to command name 'findElement'
[debug] &amp#27;[35m[WD Proxy]&amp#27;[39m Proxying [POST /element] to [POST http://127.0.0.1:8226/wd/hub/session/5accc398-ac09-4c96-a794-097885321799/element] with body: {"strategy":"id","selector":"com.freshii.freshii:id/imgHome","context":"","multiple":false}
&amp#27;[35m[WD Proxy]&amp#27;[39m Got response with status 404: {"sessionId":"5accc398-ac09-4c96-a794-097885321799","value":{"error":"no such element","message":"An element could not be located on the page using the given search parameters","stacktrace":"io.appium.uiautomator2.common.exceptions.ElementNotFoundException: An element could not be located on the page using the given search parameters\n\tat io.appium.uiautomator2.handler.FindElement.safeHandle(FindElement.java:73)\n\tat io.appium.uiautomator2.handler.request.SafeRequestHandler.handle(SafeRequestHandler.java:41)\n\tat io.appium.uiautomator2.server.AppiumServlet.handleRequest(AppiumServlet.java:257)\n\tat io.appium.uiautomator2.server.AppiumServlet.handleHttpRequest(AppiumServlet.java:247)\n\tat io.appium.uiautomator2.http.ServerHandler.channelRead(ServerHandler.java:50)\n\tat io.netty.channel.AbstractChannelHandlerContext.invokeChannelRead(AbstractChannelHandlerContext.java:366)\n\tat io.netty.channel.AbstractChannelHandlerContext.invokeChannelRead(AbstractChannelHandlerContext.java:352)\n\tat io.netty.chann...
[debug] &amp#27;[35m[W3C]&amp#27;[39m Matched W3C error code 'no such element' to NoSuchElementError
[debug] &amp#27;[35m[BaseDriver]&amp#27;[39m Waited for 21365 ms so far
[debug] &amp#27;[35m[WD Proxy]&amp#27;[39m Matched '/element' to command name 'findElement'
[debug] &amp#27;[35m[WD Proxy]&amp#27;[39m Proxying [POST /element] to [POST http://127.0.0.1:8226/wd/hub/session/5accc398-ac09-4c96-a794-097885321799/element] with body: {"strategy":"id","selector":"com.freshii.freshii:id/imgHome","context":"","multiple":false}
&amp#27;[35m[WD Proxy]&amp#27;[39m Got response with status 404: {"sessionId":"5accc398-ac09-4c96-a794-097885321799","value":{"error":"no such element","message":"An element could not be located on the page using the given search parameters","stacktrace":"io.appium.uiautomator2.common.exceptions.ElementNotFoundException: An element could not be located on the page using the given search parameters\n\tat io.appium.uiautomator2.handler.FindElement.safeHandle(FindElement.java:73)\n\tat io.appium.uiautomator2.handler.request.SafeRequestHandler.handle(SafeRequestHandler.java:41)\n\tat io.appium.uiautomator2.server.AppiumServlet.handleRequest(AppiumServlet.java:257)\n\tat io.appium.uiautomator2.server.AppiumServlet.handleHttpRequest(AppiumServlet.java:247)\n\tat io.appium.uiautomator2.http.ServerHandler.channelRead(ServerHandler.java:50)\n\tat io.netty.channel.AbstractChannelHandlerContext.invokeChannelRead(AbstractChannelHandlerContext.java:366)\n\tat io.netty.channel.AbstractChannelHandlerContext.invokeChannelRead(AbstractChannelHandlerContext.java:352)\n\tat io.netty.chann...
[debug] &amp#27;[35m[W3C]&amp#27;[39m Matched W3C error code 'no such element' to NoSuchElementError
[debug] &amp#27;[35m[BaseDriver]&amp#27;[39m Waited for 21896 ms so far
[debug] &amp#27;[35m[WD Proxy]&amp#27;[39m Matched '/element' to command name 'findElement'
[debug] &amp#27;[35m[WD Proxy]&amp#27;[39m Proxying [POST /element] to [POST http://127.0.0.1:8226/wd/hub/session/5accc398-ac09-4c96-a794-097885321799/element] with body: {"strategy":"id","selector":"com.freshii.freshii:id/imgHome","context":"","multiple":false}
&amp#27;[35m[WD Proxy]&amp#27;[39m Got response with status 404: {"sessionId":"5accc398-ac09-4c96-a794-097885321799","value":{"error":"no such element","message":"An element could not be located on the page using the given search parameters","stacktrace":"io.appium.uiautomator2.common.exceptions.ElementNotFoundException: An element could not be located on the page using the given search parameters\n\tat io.appium.uiautomator2.handler.FindElement.safeHandle(FindElement.java:73)\n\tat io.appium.uiautomator2.handler.request.SafeRequestHandler.handle(SafeRequestHandler.java:41)\n\tat io.appium.uiautomator2.server.AppiumServlet.handleRequest(AppiumServlet.java:257)\n\tat io.appium.uiautomator2.server.AppiumServlet.handleHttpRequest(AppiumServlet.java:247)\n\tat io.appium.uiautomator2.http.ServerHandler.channelRead(ServerHandler.java:50)\n\tat io.netty.channel.AbstractChannelHandlerContext.invokeChannelRead(AbstractChannelHandlerContext.java:366)\n\tat io.netty.channel.AbstractChannelHandlerContext.invokeChannelRead(AbstractChannelHandlerContext.java:352)\n\tat io.netty.chann...
[debug] &amp#27;[35m[W3C]&amp#27;[39m Matched W3C error code 'no such element' to NoSuchElementError
[debug] &amp#27;[35m[BaseDriver]&amp#27;[39m Waited for 22443 ms so far
[debug] &amp#27;[35m[WD Proxy]&amp#27;[39m Matched '/element' to command name 'findElement'
[debug] &amp#27;[35m[WD Proxy]&amp#27;[39m Proxying [POST /element] to [POST http://127.0.0.1:8226/wd/hub/session/5accc398-ac09-4c96-a794-097885321799/element] with body: {"strategy":"id","selector":"com.freshii.freshii:id/imgHome","context":"","multiple":false}
&amp#27;[35m[WD Proxy]&amp#27;[39m Got response with status 404: {"sessionId":"5accc398-ac09-4c96-a794-097885321799","value":{"error":"no such element","message":"An element could not be located on the page using the given search parameters","stacktrace":"io.appium.uiautomator2.common.exceptions.ElementNotFoundException: An element could not be located on the page using the given search parameters\n\tat io.appium.uiautomator2.handler.FindElement.safeHandle(FindElement.java:73)\n\tat io.appium.uiautomator2.handler.request.SafeRequestHandler.handle(SafeRequestHandler.java:41)\n\tat io.appium.uiautomator2.server.AppiumServlet.handleRequest(AppiumServlet.java:257)\n\tat io.appium.uiautomator2.server.AppiumServlet.handleHttpRequest(AppiumServlet.java:247)\n\tat io.appium.uiautomator2.http.ServerHandler.channelRead(ServerHandler.java:50)\n\tat io.netty.channel.AbstractChannelHandlerContext.invokeChannelRead(AbstractChannelHandlerContext.java:366)\n\tat io.netty.channel.AbstractChannelHandlerContext.invokeChannelRead(AbstractChannelHandlerContext.java:352)\n\tat io.netty.chann...
[debug] &amp#27;[35m[W3C]&amp#27;[39m Matched W3C error code 'no such element' to NoSuchElementError
[debug] &amp#27;[35m[BaseDriver]&amp#27;[39m Waited for 22991 ms so far
[debug] &amp#27;[35m[WD Proxy]&amp#27;[39m Matched '/element' to command name 'findElement'
[debug] &amp#27;[35m[WD Proxy]&amp#27;[39m Proxying [POST /element] to [POST http://127.0.0.1:8226/wd/hub/session/5accc398-ac09-4c96-a794-097885321799/element] with body: {"strategy":"id","selector":"com.freshii.freshii:id/imgHome","context":"","multiple":false}
&amp#27;[35m[WD Proxy]&amp#27;[39m Got response with status 404: {"sessionId":"5accc398-ac09-4c96-a794-097885321799","value":{"error":"no such element","message":"An element could not be located on the page using the given search parameters","stacktrace":"io.appium.uiautomator2.common.exceptions.ElementNotFoundException: An element could not be located on the page using the given search parameters\n\tat io.appium.uiautomator2.handler.FindElement.safeHandle(FindElement.java:73)\n\tat io.appium.uiautomator2.handler.request.SafeRequestHandler.handle(SafeRequestHandler.java:41)\n\tat io.appium.uiautomator2.server.AppiumServlet.handleRequest(AppiumServlet.java:257)\n\tat io.appium.uiautomator2.server.AppiumServlet.handleHttpRequest(AppiumServlet.java:247)\n\tat io.appium.uiautomator2.http.ServerHandler.channelRead(ServerHandler.java:50)\n\tat io.netty.channel.AbstractChannelHandlerContext.invokeChannelRead(AbstractChannelHandlerContext.java:366)\n\tat io.netty.channel.AbstractChannelHandlerContext.invokeChannelRead(AbstractChannelHandlerContext.java:352)\n\tat io.netty.chann...
[debug] &amp#27;[35m[W3C]&amp#27;[39m Matched W3C error code 'no such element' to NoSuchElementError
[debug] &amp#27;[35m[BaseDriver]&amp#27;[39m Waited for 23543 ms so far
[debug] &amp#27;[35m[WD Proxy]&amp#27;[39m Matched '/element' to command name 'findElement'
[debug] &amp#27;[35m[WD Proxy]&amp#27;[39m Proxying [POST /element] to [POST http://127.0.0.1:8226/wd/hub/session/5accc398-ac09-4c96-a794-097885321799/element] with body: {"strategy":"id","selector":"com.freshii.freshii:id/imgHome","context":"","multiple":false}
&amp#27;[35m[WD Proxy]&amp#27;[39m Got response with status 404: {"sessionId":"5accc398-ac09-4c96-a794-097885321799","value":{"error":"no such element","message":"An element could not be located on the page using the given search parameters","stacktrace":"io.appium.uiautomator2.common.exceptions.ElementNotFoundException: An element could not be located on the page using the given search parameters\n\tat io.appium.uiautomator2.handler.FindElement.safeHandle(FindElement.java:73)\n\tat io.appium.uiautomator2.handler.request.SafeRequestHandler.handle(SafeRequestHandler.java:41)\n\tat io.appium.uiautomator2.server.AppiumServlet.handleRequest(AppiumServlet.java:257)\n\tat io.appium.uiautomator2.server.AppiumServlet.handleHttpRequest(AppiumServlet.java:247)\n\tat io.appium.uiautomator2.http.ServerHandler.channelRead(ServerHandler.java:50)\n\tat io.netty.channel.AbstractChannelHandlerContext.invokeChannelRead(AbstractChannelHandlerContext.java:366)\n\tat io.netty.channel.AbstractChannelHandlerContext.invokeChannelRead(AbstractChannelHandlerContext.java:352)\n\tat io.netty.chann...
[debug] &amp#27;[35m[W3C]&amp#27;[39m Matched W3C error code 'no such element' to NoSuchElementError
[debug] &amp#27;[35m[BaseDriver]&amp#27;[39m Waited for 24091 ms so far
[debug] &amp#27;[35m[WD Proxy]&amp#27;[39m Matched '/element' to command name 'findElement'
[debug] &amp#27;[35m[WD Proxy]&amp#27;[39m Proxying [POST /element] to [POST http://127.0.0.1:8226/wd/hub/session/5accc398-ac09-4c96-a794-097885321799/element] with body: {"strategy":"id","selector":"com.freshii.freshii:id/imgHome","context":"","multiple":false}
&amp#27;[35m[WD Proxy]&amp#27;[39m Got response with status 404: {"sessionId":"5accc398-ac09-4c96-a794-097885321799","value":{"error":"no such element","message":"An element could not be located on the page using the given search parameters","stacktrace":"io.appium.uiautomator2.common.exceptions.ElementNotFoundException: An element could not be located on the page using the given search parameters\n\tat io.appium.uiautomator2.handler.FindElement.safeHandle(FindElement.java:73)\n\tat io.appium.uiautomator2.handler.request.SafeRequestHandler.handle(SafeRequestHandler.java:41)\n\tat io.appium.uiautomator2.server.AppiumServlet.handleRequest(AppiumServlet.java:257)\n\tat io.appium.uiautomator2.server.AppiumServlet.handleHttpRequest(AppiumServlet.java:247)\n\tat io.appium.uiautomator2.http.ServerHandler.channelRead(ServerHandler.java:50)\n\tat io.netty.channel.AbstractChannelHandlerContext.invokeChannelRead(AbstractChannelHandlerContext.java:366)\n\tat io.netty.channel.AbstractChannelHandlerContext.invokeChannelRead(AbstractChannelHandlerContext.java:352)\n\tat io.netty.chann...
[debug] &amp#27;[35m[W3C]&amp#27;[39m Matched W3C error code 'no such element' to NoSuchElementError
[debug] &amp#27;[35m[BaseDriver]&amp#27;[39m Waited for 24644 ms so far
[debug] &amp#27;[35m[WD Proxy]&amp#27;[39m Matched '/element' to command name 'findElement'
[debug] &amp#27;[35m[WD Proxy]&amp#27;[39m Proxying [POST /element] to [POST http://127.0.0.1:8226/wd/hub/session/5accc398-ac09-4c96-a794-097885321799/element] with body: {"strategy":"id","selector":"com.freshii.freshii:id/imgHome","context":"","multiple":false}
&amp#27;[35m[WD Proxy]&amp#27;[39m Got response with status 404: {"sessionId":"5accc398-ac09-4c96-a794-097885321799","value":{"error":"no such element","message":"An element could not be located on the page using the given search parameters","stacktrace":"io.appium.uiautomator2.common.exceptions.ElementNotFoundException: An element could not be located on the page using the given search parameters\n\tat io.appium.uiautomator2.handler.FindElement.safeHandle(FindElement.java:73)\n\tat io.appium.uiautomator2.handler.request.SafeRequestHandler.handle(SafeRequestHandler.java:41)\n\tat io.appium.uiautomator2.server.AppiumServlet.handleRequest(AppiumServlet.java:257)\n\tat io.appium.uiautomator2.server.AppiumServlet.handleHttpRequest(AppiumServlet.java:247)\n\tat io.appium.uiautomator2.http.ServerHandler.channelRead(ServerHandler.java:50)\n\tat io.netty.channel.AbstractChannelHandlerContext.invokeChannelRead(AbstractChannelHandlerContext.java:366)\n\tat io.netty.channel.AbstractChannelHandlerContext.invokeChannelRead(AbstractChannelHandlerContext.java:352)\n\tat io.netty.chann...
[debug] &amp#27;[35m[W3C]&amp#27;[39m Matched W3C error code 'no such element' to NoSuchElementError
[debug] &amp#27;[35m[BaseDriver]&amp#27;[39m Waited for 25171 ms so far
[debug] &amp#27;[35m[WD Proxy]&amp#27;[39m Matched '/element' to command name 'findElement'
[debug] &amp#27;[35m[WD Proxy]&amp#27;[39m Proxying [POST /element] to [POST http://127.0.0.1:8226/wd/hub/session/5accc398-ac09-4c96-a794-097885321799/element] with body: {"strategy":"id","selector":"com.freshii.freshii:id/imgHome","context":"","multiple":false}
&amp#27;[35m[WD Proxy]&amp#27;[39m Got response with status 404: {"sessionId":"5accc398-ac09-4c96-a794-097885321799","value":{"error":"no such element","message":"An element could not be located on the page using the given search parameters","stacktrace":"io.appium.uiautomator2.common.exceptions.ElementNotFoundException: An element could not be located on the page using the given search parameters\n\tat io.appium.uiautomator2.handler.FindElement.safeHandle(FindElement.java:73)\n\tat io.appium.uiautomator2.handler.request.SafeRequestHandler.handle(SafeRequestHandler.java:41)\n\tat io.appium.uiautomator2.server.AppiumServlet.handleRequest(AppiumServlet.java:257)\n\tat io.appium.uiautomator2.server.AppiumServlet.handleHttpRequest(AppiumServlet.java:247)\n\tat io.appium.uiautomator2.http.ServerHandler.channelRead(ServerHandler.java:50)\n\tat io.netty.channel.AbstractChannelHandlerContext.invokeChannelRead(AbstractChannelHandlerContext.java:366)\n\tat io.netty.channel.AbstractChannelHandlerContext.invokeChannelRead(AbstractChannelHandlerContext.java:352)\n\tat io.netty.chann...
[debug] &amp#27;[35m[W3C]&amp#27;[39m Matched W3C error code 'no such element' to NoSuchElementError
[debug] &amp#27;[35m[BaseDriver]&amp#27;[39m Waited for 25720 ms so far
[debug] &amp#27;[35m[WD Proxy]&amp#27;[39m Matched '/element' to command name 'findElement'
[debug] &amp#27;[35m[WD Proxy]&amp#27;[39m Proxying [POST /element] to [POST http://127.0.0.1:8226/wd/hub/session/5accc398-ac09-4c96-a794-097885321799/element] with body: {"strategy":"id","selector":"com.freshii.freshii:id/imgHome","context":"","multiple":false}
&amp#27;[35m[WD Proxy]&amp#27;[39m Got response with status 404: {"sessionId":"5accc398-ac09-4c96-a794-097885321799","value":{"error":"no such element","message":"An element could not be located on the page using the given search parameters","stacktrace":"io.appium.uiautomator2.common.exceptions.ElementNotFoundException: An element could not be located on the page using the given search parameters\n\tat io.appium.uiautomator2.handler.FindElement.safeHandle(FindElement.java:73)\n\tat io.appium.uiautomator2.handler.request.SafeRequestHandler.handle(SafeRequestHandler.java:41)\n\tat io.appium.uiautomator2.server.AppiumServlet.handleRequest(AppiumServlet.java:257)\n\tat io.appium.uiautomator2.server.AppiumServlet.handleHttpRequest(AppiumServlet.java:247)\n\tat io.appium.uiautomator2.http.ServerHandler.channelRead(ServerHandler.java:50)\n\tat io.netty.channel.AbstractChannelHandlerContext.invokeChannelRead(AbstractChannelHandlerContext.java:366)\n\tat io.netty.channel.AbstractChannelHandlerContext.invokeChannelRead(AbstractChannelHandlerContext.java:352)\n\tat io.netty.chann...
[debug] &amp#27;[35m[W3C]&amp#27;[39m Matched W3C error code 'no such element' to NoSuchElementError
[debug] &amp#27;[35m[BaseDriver]&amp#27;[39m Waited for 26270 ms so far
[debug] &amp#27;[35m[WD Proxy]&amp#27;[39m Matched '/element' to command name 'findElement'
[debug] &amp#27;[35m[WD Proxy]&amp#27;[39m Proxying [POST /element] to [POST http://127.0.0.1:8226/wd/hub/session/5accc398-ac09-4c96-a794-097885321799/element] with body: {"strategy":"id","selector":"com.freshii.freshii:id/imgHome","context":"","multiple":false}
&amp#27;[35m[WD Proxy]&amp#27;[39m Got response with status 404: {"sessionId":"5accc398-ac09-4c96-a794-097885321799","value":{"error":"no such element","message":"An element could not be located on the page using the given search parameters","stacktrace":"io.appium.uiautomator2.common.exceptions.ElementNotFoundException: An element could not be located on the page using the given search parameters\n\tat io.appium.uiautomator2.handler.FindElement.safeHandle(FindElement.java:73)\n\tat io.appium.uiautomator2.handler.request.SafeRequestHandler.handle(SafeRequestHandler.java:41)\n\tat io.appium.uiautomator2.server.AppiumServlet.handleRequest(AppiumServlet.java:257)\n\tat io.appium.uiautomator2.server.AppiumServlet.handleHttpRequest(AppiumServlet.java:247)\n\tat io.appium.uiautomator2.http.ServerHandler.channelRead(ServerHandler.java:50)\n\tat io.netty.channel.AbstractChannelHandlerContext.invokeChannelRead(AbstractChannelHandlerContext.java:366)\n\tat io.netty.channel.AbstractChannelHandlerContext.invokeChannelRead(AbstractChannelHandlerContext.java:352)\n\tat io.netty.chann...
[debug] &amp#27;[35m[W3C]&amp#27;[39m Matched W3C error code 'no such element' to NoSuchElementError
[debug] &amp#27;[35m[BaseDriver]&amp#27;[39m Waited for 26803 ms so far
[debug] &amp#27;[35m[WD Proxy]&amp#27;[39m Matched '/element' to command name 'findElement'
[debug] &amp#27;[35m[WD Proxy]&amp#27;[39m Proxying [POST /element] to [POST http://127.0.0.1:8226/wd/hub/session/5accc398-ac09-4c96-a794-097885321799/element] with body: {"strategy":"id","selector":"com.freshii.freshii:id/imgHome","context":"","multiple":false}
&amp#27;[35m[WD Proxy]&amp#27;[39m Got response with status 404: {"sessionId":"5accc398-ac09-4c96-a794-097885321799","value":{"error":"no such element","message":"An element could not be located on the page using the given search parameters","stacktrace":"io.appium.uiautomator2.common.exceptions.ElementNotFoundException: An element could not be located on the page using the given search parameters\n\tat io.appium.uiautomator2.handler.FindElement.safeHandle(FindElement.java:73)\n\tat io.appium.uiautomator2.handler.request.SafeRequestHandler.handle(SafeRequestHandler.java:41)\n\tat io.appium.uiautomator2.server.AppiumServlet.handleRequest(AppiumServlet.java:257)\n\tat io.appium.uiautomator2.server.AppiumServlet.handleHttpRequest(AppiumServlet.java:247)\n\tat io.appium.uiautomator2.http.ServerHandler.channelRead(ServerHandler.java:50)\n\tat io.netty.channel.AbstractChannelHandlerContext.invokeChannelRead(AbstractChannelHandlerContext.java:366)\n\tat io.netty.channel.AbstractChannelHandlerContext.invokeChannelRead(AbstractChannelHandlerContext.java:352)\n\tat io.netty.chann...
[debug] &amp#27;[35m[W3C]&amp#27;[39m Matched W3C error code 'no such element' to NoSuchElementError
[debug] &amp#27;[35m[BaseDriver]&amp#27;[39m Waited for 27337 ms so far
[debug] &amp#27;[35m[WD Proxy]&amp#27;[39m Matched '/element' to command name 'findElement'
[debug] &amp#27;[35m[WD Proxy]&amp#27;[39m Proxying [POST /element] to [POST http://127.0.0.1:8226/wd/hub/session/5accc398-ac09-4c96-a794-097885321799/element] with body: {"strategy":"id","selector":"com.freshii.freshii:id/imgHome","context":"","multiple":false}
&amp#27;[35m[WD Proxy]&amp#27;[39m Got response with status 404: {"sessionId":"5accc398-ac09-4c96-a794-097885321799","value":{"error":"no such element","message":"An element could not be located on the page using the given search parameters","stacktrace":"io.appium.uiautomator2.common.exceptions.ElementNotFoundException: An element could not be located on the page using the given search parameters\n\tat io.appium.uiautomator2.handler.FindElement.safeHandle(FindElement.java:73)\n\tat io.appium.uiautomator2.handler.request.SafeRequestHandler.handle(SafeRequestHandler.java:41)\n\tat io.appium.uiautomator2.server.AppiumServlet.handleRequest(AppiumServlet.java:257)\n\tat io.appium.uiautomator2.server.AppiumServlet.handleHttpRequest(AppiumServlet.java:247)\n\tat io.appium.uiautomator2.http.ServerHandler.channelRead(ServerHandler.java:50)\n\tat io.netty.channel.AbstractChannelHandlerContext.invokeChannelRead(AbstractChannelHandlerContext.java:366)\n\tat io.netty.channel.AbstractChannelHandlerContext.invokeChannelRead(AbstractChannelHandlerContext.java:352)\n\tat io.netty.chann...
[debug] &amp#27;[35m[W3C]&amp#27;[39m Matched W3C error code 'no such element' to NoSuchElementError
[debug] &amp#27;[35m[BaseDriver]&amp#27;[39m Waited for 27880 ms so far
[debug] &amp#27;[35m[WD Proxy]&amp#27;[39m Matched '/element' to command name 'findElement'
[debug] &amp#27;[35m[WD Proxy]&amp#27;[39m Proxying [POST /element] to [POST http://127.0.0.1:8226/wd/hub/session/5accc398-ac09-4c96-a794-097885321799/element] with body: {"strategy":"id","selector":"com.freshii.freshii:id/imgHome","context":"","multiple":false}
&amp#27;[35m[WD Proxy]&amp#27;[39m Got response with status 404: {"sessionId":"5accc398-ac09-4c96-a794-097885321799","value":{"error":"no such element","message":"An element could not be located on the page using the given search parameters","stacktrace":"io.appium.uiautomator2.common.exceptions.ElementNotFoundException: An element could not be located on the page using the given search parameters\n\tat io.appium.uiautomator2.handler.FindElement.safeHandle(FindElement.java:73)\n\tat io.appium.uiautomator2.handler.request.SafeRequestHandler.handle(SafeRequestHandler.java:41)\n\tat io.appium.uiautomator2.server.AppiumServlet.handleRequest(AppiumServlet.java:257)\n\tat io.appium.uiautomator2.server.AppiumServlet.handleHttpRequest(AppiumServlet.java:247)\n\tat io.appium.uiautomator2.http.ServerHandler.channelRead(ServerHandler.java:50)\n\tat io.netty.channel.AbstractChannelHandlerContext.invokeChannelRead(AbstractChannelHandlerContext.java:366)\n\tat io.netty.channel.AbstractChannelHandlerContext.invokeChannelRead(AbstractChannelHandlerContext.java:352)\n\tat io.netty.chann...
[debug] &amp#27;[35m[W3C]&amp#27;[39m Matched W3C error code 'no such element' to NoSuchElementError
[debug] &amp#27;[35m[BaseDriver]&amp#27;[39m Waited for 28416 ms so far
[debug] &amp#27;[35m[WD Proxy]&amp#27;[39m Matched '/element' to command name 'findElement'
[debug] &amp#27;[35m[WD Proxy]&amp#27;[39m Proxying [POST /element] to [POST http://127.0.0.1:8226/wd/hub/session/5accc398-ac09-4c96-a794-097885321799/element] with body: {"strategy":"id","selector":"com.freshii.freshii:id/imgHome","context":"","multiple":false}
&amp#27;[35m[WD Proxy]&amp#27;[39m Got response with status 404: {"sessionId":"5accc398-ac09-4c96-a794-097885321799","value":{"error":"no such element","message":"An element could not be located on the page using the given search parameters","stacktrace":"io.appium.uiautomator2.common.exceptions.ElementNotFoundException: An element could not be located on the page using the given search parameters\n\tat io.appium.uiautomator2.handler.FindElement.safeHandle(FindElement.java:73)\n\tat io.appium.uiautomator2.handler.request.SafeRequestHandler.handle(SafeRequestHandler.java:41)\n\tat io.appium.uiautomator2.server.AppiumServlet.handleRequest(AppiumServlet.java:257)\n\tat io.appium.uiautomator2.server.AppiumServlet.handleHttpRequest(AppiumServlet.java:247)\n\tat io.appium.uiautomator2.http.ServerHandler.channelRead(ServerHandler.java:50)\n\tat io.netty.channel.AbstractChannelHandlerContext.invokeChannelRead(AbstractChannelHandlerContext.java:366)\n\tat io.netty.channel.AbstractChannelHandlerContext.invokeChannelRead(AbstractChannelHandlerContext.java:352)\n\tat io.netty.chann...
[debug] &amp#27;[35m[W3C]&amp#27;[39m Matched W3C error code 'no such element' to NoSuchElementError
[debug] &amp#27;[35m[BaseDriver]&amp#27;[39m Waited for 28947 ms so far
[debug] &amp#27;[35m[WD Proxy]&amp#27;[39m Matched '/element' to command name 'findElement'
[debug] &amp#27;[35m[WD Proxy]&amp#27;[39m Proxying [POST /element] to [POST http://127.0.0.1:8226/wd/hub/session/5accc398-ac09-4c96-a794-097885321799/element] with body: {"strategy":"id","selector":"com.freshii.freshii:id/imgHome","context":"","multiple":false}
&amp#27;[35m[WD Proxy]&amp#27;[39m Got response with status 404: {"sessionId":"5accc398-ac09-4c96-a794-097885321799","value":{"error":"no such element","message":"An element could not be located on the page using the given search parameters","stacktrace":"io.appium.uiautomator2.common.exceptions.ElementNotFoundException: An element could not be located on the page using the given search parameters\n\tat io.appium.uiautomator2.handler.FindElement.safeHandle(FindElement.java:73)\n\tat io.appium.uiautomator2.handler.request.SafeRequestHandler.handle(SafeRequestHandler.java:41)\n\tat io.appium.uiautomator2.server.AppiumServlet.handleRequest(AppiumServlet.java:257)\n\tat io.appium.uiautomator2.server.AppiumServlet.handleHttpRequest(AppiumServlet.java:247)\n\tat io.appium.uiautomator2.http.ServerHandler.channelRead(ServerHandler.java:50)\n\tat io.netty.channel.AbstractChannelHandlerContext.invokeChannelRead(AbstractChannelHandlerContext.java:366)\n\tat io.netty.channel.AbstractChannelHandlerContext.invokeChannelRead(AbstractChannelHandlerContext.java:352)\n\tat io.netty.chann...
[debug] &amp#27;[35m[W3C]&amp#27;[39m Matched W3C error code 'no such element' to NoSuchElementError
[debug] &amp#27;[35m[BaseDriver]&amp#27;[39m Waited for 29482 ms so far
[debug] &amp#27;[35m[WD Proxy]&amp#27;[39m Matched '/element' to command name 'findElement'
[debug] &amp#27;[35m[WD Proxy]&amp#27;[39m Proxying [POST /element] to [POST http://127.0.0.1:8226/wd/hub/session/5accc398-ac09-4c96-a794-097885321799/element] with body: {"strategy":"id","selector":"com.freshii.freshii:id/imgHome","context":"","multiple":false}
&amp#27;[35m[WD Proxy]&amp#27;[39m Got response with status 404: {"sessionId":"5accc398-ac09-4c96-a794-097885321799","value":{"error":"no such element","message":"An element could not be located on the page using the given search parameters","stacktrace":"io.appium.uiautomator2.common.exceptions.ElementNotFoundException: An element could not be located on the page using the given search parameters\n\tat io.appium.uiautomator2.handler.FindElement.safeHandle(FindElement.java:73)\n\tat io.appium.uiautomator2.handler.request.SafeRequestHandler.handle(SafeRequestHandler.java:41)\n\tat io.appium.uiautomator2.server.AppiumServlet.handleRequest(AppiumServlet.java:257)\n\tat io.appium.uiautomator2.server.AppiumServlet.handleHttpRequest(AppiumServlet.java:247)\n\tat io.appium.uiautomator2.http.ServerHandler.channelRead(ServerHandler.java:50)\n\tat io.netty.channel.AbstractChannelHandlerContext.invokeChannelRead(AbstractChannelHandlerContext.java:366)\n\tat io.netty.channel.AbstractChannelHandlerContext.invokeChannelRead(AbstractChannelHandlerContext.java:352)\n\tat io.netty.chann...
[debug] &amp#27;[35m[W3C]&amp#27;[39m Matched W3C error code 'no such element' to NoSuchElementError
[debug] &amp#27;[35m[W3C (017e9dc9)]&amp#27;[39m Encountered internal error running command: NoSuchElementError: An element could not be located on the page using the given search parameters.
[debug] &amp#27;[35m[W3C (017e9dc9)]&amp#27;[39m     at AndroidUiautomator2Driver.findElOrEls (C:\Users\shuhang\AppData\Roaming\npm\node_modules\appium\node_modules\appium-android-driver\lib\commands\find.js:75:11)
[debug] &amp#27;[35m[W3C (017e9dc9)]&amp#27;[39m     at processTicksAndRejections (internal/process/task_queues.js:97:5)
&amp#27;[35m[HTTP]&amp#27;[39m &amp#27;[37m<-- POST /wd/hub/session/017e9dc9-c3a3-4605-bd13-432c775751ca/element &amp#27;[39m&amp#27;[33m404&amp#27;[39m &amp#27;[90m30049 ms - 494&amp#27;[39m
&amp#27;Failed Test
[35m[HTTP]&amp#27;[39m &amp#27;[90m&amp#27;[39m
&amp#27;[35m[HTTP]&amp#27;[39m &amp#27;[37m-->&amp#27;[39m &amp#27;[37mGET&amp#27;[39m &amp#27;[37m/wd/hub/session/017e9dc9-c3a3-4605-bd13-432c775751ca/screenshot&amp#27;[39m
&amp#27;[35m[HTTP]&amp#27;[39m &amp#27;[90m{}&amp#27;[39m
[debug] &amp#27;[35m[W3C (017e9dc9)]&amp#27;[39m Calling AppiumDriver.getScreenshot() with args: ["017e9dc9-c3a3-4605-bd13-432c775751ca"]
[debug] &amp#27;[35m[WD Proxy]&amp#27;[39m Matched '/screenshot' to command name 'getScreenshot'
[debug] &amp#27;[35m[WD Proxy]&amp#27;[39m Proxying [GET /screenshot] to [GET http://127.0.0.1:8226/wd/hub/session/5accc398-ac09-4c96-a794-097885321799/screenshot] with no body
[debug] &amp#27;[35m[WD Proxy]&amp#27;[39m Got response with status 200: {"sessionId":"5accc398-ac09-4c96-a794-097885321799","value":"iVBORw0KGgoAAAANSUhEUgAABDgAAAisCAYAAACtR1KuAAAAAXNSR0IArs4c6QAAAARzQklUCAgI\nCHwIZIgAACAASURBVHic7N13eFPn3T7w++hoeRvbeICx8QAMBBswe69MSBMSmqQtJWlImqZ92+bt\n7tu+nen8NU3bN6NpSdqsppCk2ZAEkrA3GMywjffA4ImnJEs65/z+cCQkW7YlW9Pcn+vKFUs+OueR\nvHhufZ/vI/R0GxUBAgRBgCAAAKCgj353EBERjZAQ6AEQERER0WiiFj5NNXr/9+nHfRMN/iOUiIiI\niIiIiIKYWhAECAB6gw5bksFEg4iIiIiIiIhCh7p3eQogQGCuQURE/sUlkERERETkJWpAgaL0hhvM\nN4iIyK/4h4eIiIiIvETV++aZAr6NRkREREREREShShXoARARERERERERjZRDwME6YSIiIiIiIiIK\nTazgICIiIiIiIqKQpw70AEYFti8hIiIiIiIiCihWcBARERERERFRyGMFhzewfQkRERERERFRQLGC\ng4iIiIiIiIhCHis4iMiJoihoam7Cro8+wvnz59HS2uLyOFEUkZycgnlz52LRgoWIiIiAIIR2OZOi\nKDCbzTCbzZBlGbIsQ1EUCIIAlUoFtVoNrVYLjUYT6KESEREREVEfgsXYowgABEEI+ckJka8pigKL\nxYLGpka0tLQidfx4xMTEQK0O/azQYrHgX/9+BcePH4dVskJR3O+eKwgCwvRhWLduHVYuXxFSv0us\nVitMJhN6enpgMBpQWVmFuot16OzsgsFogMVigV6vR0R4BGJjYzAxfSImTEhFmD4M4eHhEEUx0E+B\niIiIiIjAgIOGqaenB1ar1eXnBEGAVqsdFZN+R0ajERWVlTh46BAuXCiBwWhA3Jg4zJo1C/mzZyN1\nfGpITnZlWcYTTz+FoqLzHoUa...
[debug] &amp#27;[35m[W3C (017e9dc9)]&amp#27;[39m Responding to client with driver.getScreenshot() result: "iVBORw0KGgoAAAANSUhEUgAABDgAAAisCAYAAACtR1KuAAAAAXNSR0IArs4c6QAAAARzQklUCAgI\nCHwIZIgAACAASURBVHic7N13eFPn3T7w++hoeRvbeICx8QAMBBswe69MSBMSmqQtJWlImqZ92+bt\n7tu+nen8NU3bN6NpSdqsppCk2ZAEkrA3GMywjffA4ImnJEs65/z+cCQkW7YlW9Pcn+vKFUs+OueR\nvHhufZ/vI/R0GxUBAgRBgCAAAKCgj353EBERjZAQ6AEQERER0WiiFj5NNXr/9+nHfRMN/iOUiIiI\niIiIiIKYWhAECAB6gw5bksFEg4iIiIiIiIhCh7p3eQogQGCuQURE/sUlkERERETkJWpAgaL0hhvM\nN4iIyK/4h4eIiIiIvETV++aZAr6NRkREREREREShShXoARARERERERERjZRDwME6YSIiIiIiIiIK\nTazgICIiIiIiIqKQpw70AEYFti8hIiIiIiIiCihWcBARERERERFRyGMFhzewfQkRERERERFRQLGC\ng4iIiIiIiIhCHis4iMiJoihoam7Cro8+wvnz59HS2uLyOFEUkZycgnlz52LRgoWIiIiAIIR2OZOi\nKDCbzTCbzZBlGbIsQ1EUCIIAlUoFtVoNrVYLjUYT6KESEREREVEfgsXYowgABEEI+ckJka8pigKL\nxYLGpka0tLQidfx4xMTEQK0O/azQYrHgX/9+BcePH4dVskJR3O+eKwgCwvRhWLduHVYuXxFSv0us\nVitMJhN6enpgMBpQWVmFuot16OzsgsFogMVigV6vR0R4BGJjYzAxfSImTEhFmD4M4eHhEEUx0E+B\niIiIiIjAgIOGqaenB1ar1eXnBEGAVqsdFZN+R0ajERWVlTh46BAuXCiBwWhA3Jg4zJo1C/mzZyN1\nfGpITnZlWcYTTz+FoqLzHoUarth+hzz5lyegUgX3CjhFUdDV1YW6ixdx5uwZlFdUoP7iRVislkEf\np1KpEB...
&amp#27;[35m[HTTP]&amp#27;[39m &amp#27;[37m<-- GET /wd/hub/session/017e9dc9-c3a3-4605-bd13-432c775751ca/screenshot &amp#27;[39m&amp#27;[32m200&amp#27;[39m &amp#27;[90m629 ms - 549068&amp#27;[39m
&amp#27;[35m[HTTP]&amp#27;[39m &amp#27;[90m&amp#27;[39m
]]></system-out>
    <system-err><![CDATA[Aug 14, 2020 5:35:50 PM io.appium.java_client.remote.AppiumCommandExecutor$1 lambda$0
INFO: Detected dialect: W3C
]]></system-err>
  </testcase>
</testsuite>