<?xml version="1.0" encoding="UTF-8"?>
<!-- Generated by org.testng.reporters.JUnitReportReporter -->
<testsuite skipped="0" hostname="DESKTOP-8UCFDRT" name="com.testCases.TA_016" tests="1" failures="0" timestamp="12 Aug 2020 22:08:37 GMT" time="9.184" errors="0">
  <testcase name="SignUpPositive" time="9.184" classname="com.testCases.TA_016"/>
</testsuite> <!-- com.testCases.TA_016 -->
